{"/Users/rshoemake/Documents/cursor/cursor-test/frontend/src/components/ExecutionStatusBadge.tsx": {"path":"/Users/rshoemake/Documents/cursor/cursor-test/frontend/src/components/ExecutionStatusBadge.tsx","statementMap":{"0":{"start":{"line":14,"column":8},"end":{"line":14,"column":null}},"1":{"start":{"line":15,"column":23},"end":{"line":17,"column":null}},"2":{"start":{"line":19,"column":2},"end":{"line":22,"column":null}}},"fnMap":{"0":{"name":"ExecutionStatusBadge","decl":{"start":{"line":9,"column":24},"end":{"line":9,"column":45}},"loc":{"start":{"line":13,"column":30},"end":{"line":24,"column":null}},"line":13}},"branchMap":{"0":{"loc":{"start":{"line":11,"column":2},"end":{"line":11,"column":null}},"type":"default-arg","locations":[{"start":{"line":11,"column":12},"end":{"line":11,"column":null}}],"line":11},"1":{"loc":{"start":{"line":12,"column":2},"end":{"line":12,"column":null}},"type":"default-arg","locations":[{"start":{"line":12,"column":14},"end":{"line":12,"column":null}}],"line":12},"2":{"loc":{"start":{"line":14,"column":8},"end":{"line":14,"column":null}},"type":"cond-expr","locations":[{"start":{"line":14,"column":60},"end":{"line":14,"column":69}},{"start":{"line":14,"column":69},"end":{"line":14,"column":null}}],"line":14},"3":{"loc":{"start":{"line":15,"column":23},"end":{"line":17,"column":null}},"type":"cond-expr","locations":[{"start":{"line":15,"column":35},"end":{"line":16,"column":null}},{"start":{"line":16,"column":51},"end":{"line":17,"column":null}}],"line":15}},"s":{"0":10,"1":10,"2":10},"f":{"0":10},"b":{"0":[10],"1":[10],"2":[9,1],"3":[1,9]},"meta":{"lastBranch":4,"lastFunction":1,"lastStatement":3,"seen":{"f:9:24:9:45":0,"b:11:12:11:Infinity":0,"b:12:14:12:Infinity":1,"s:14:8:14:Infinity":0,"b:14:60:14:69:14:69:14:Infinity":2,"s:15:23:17:Infinity":1,"b:15:35:16:Infinity:16:51:17:Infinity":3,"s:19:2:22:Infinity":2}}}
,"/Users/rshoemake/Documents/cursor/cursor-test/frontend/src/components/LogLevelBadge.tsx": {"path":"/Users/rshoemake/Documents/cursor/cursor-test/frontend/src/components/LogLevelBadge.tsx","statementMap":{"0":{"start":{"line":14,"column":8},"end":{"line":14,"column":null}},"1":{"start":{"line":15,"column":23},"end":{"line":17,"column":null}},"2":{"start":{"line":18,"column":8},"end":{"line":18,"column":null}},"3":{"start":{"line":20,"column":2},"end":{"line":23,"column":null}}},"fnMap":{"0":{"name":"LogLevelBadge","decl":{"start":{"line":9,"column":24},"end":{"line":9,"column":38}},"loc":{"start":{"line":13,"column":23},"end":{"line":25,"column":null}},"line":13}},"branchMap":{"0":{"loc":{"start":{"line":11,"column":2},"end":{"line":11,"column":null}},"type":"default-arg","locations":[{"start":{"line":11,"column":19},"end":{"line":11,"column":null}}],"line":11},"1":{"loc":{"start":{"line":12,"column":2},"end":{"line":12,"column":null}},"type":"default-arg","locations":[{"start":{"line":12,"column":14},"end":{"line":12,"column":null}}],"line":12},"2":{"loc":{"start":{"line":14,"column":8},"end":{"line":14,"column":null}},"type":"cond-expr","locations":[{"start":{"line":14,"column":51},"end":{"line":14,"column":59}},{"start":{"line":14,"column":59},"end":{"line":14,"column":null}}],"line":14},"3":{"loc":{"start":{"line":15,"column":23},"end":{"line":17,"column":null}},"type":"cond-expr","locations":[{"start":{"line":15,"column":23},"end":{"line":16,"column":null}},{"start":{"line":17,"column":6},"end":{"line":17,"column":null}}],"line":15},"4":{"loc":{"start":{"line":21,"column":38},"end":{"line":21,"column":79}},"type":"cond-expr","locations":[{"start":{"line":21,"column":55},"end":{"line":21,"column":70}},{"start":{"line":21,"column":70},"end":{"line":21,"column":79}}],"line":21}},"s":{"0":10,"1":10,"2":10,"3":10},"f":{"0":10},"b":{"0":[10],"1":[10],"2":[9,1],"3":[8,2],"4":[8,2]},"meta":{"lastBranch":5,"lastFunction":1,"lastStatement":4,"seen":{"f:9:24:9:38":0,"b:11:19:11:Infinity":0,"b:12:14:12:Infinity":1,"s:14:8:14:Infinity":0,"b:14:51:14:59:14:59:14:Infinity":2,"s:15:23:17:Infinity":1,"b:15:23:16:Infinity:17:6:17:Infinity":3,"s:18:8:18:Infinity":2,"s:20:2:23:Infinity":3,"b:21:55:21:70:21:70:21:79":4}}}
,"/Users/rshoemake/Documents/cursor/cursor-test/frontend/src/components/editors/AgentNodeEditor.tsx": {"path":"/Users/rshoemake/Documents/cursor/cursor-test/frontend/src/components/editors/AgentNodeEditor.tsx","statementMap":{"0":{"start":{"line":23,"column":8},"end":{"line":23,"column":null}},"1":{"start":{"line":24,"column":8},"end":{"line":24,"column":null}},"2":{"start":{"line":26,"column":48},"end":{"line":26,"column":null}},"3":{"start":{"line":27,"column":42},"end":{"line":27,"column":null}},"4":{"start":{"line":30,"column":2},"end":{"line":39,"column":null}},"5":{"start":{"line":31,"column":24},"end":{"line":31,"column":null}},"6":{"start":{"line":33,"column":4},"end":{"line":35,"column":null}},"7":{"start":{"line":34,"column":6},"end":{"line":34,"column":null}},"8":{"start":{"line":36,"column":4},"end":{"line":38,"column":null}},"9":{"start":{"line":37,"column":6},"end":{"line":37,"column":null}},"10":{"start":{"line":41,"column":22},"end":{"line":41,"column":null}},"11":{"start":{"line":42,"column":23},"end":{"line":42,"column":null}},"12":{"start":{"line":44,"column":2},"end":{"line":187,"column":null}},"13":{"start":{"line":60,"column":12},"end":{"line":63,"column":null}},"14":{"start":{"line":70,"column":14},"end":{"line":72,"column":null}},"15":{"start":{"line":103,"column":29},"end":{"line":103,"column":null}},"16":{"start":{"line":104,"column":12},"end":{"line":104,"column":null}},"17":{"start":{"line":105,"column":12},"end":{"line":105,"column":null}},"18":{"start":{"line":134,"column":12},"end":{"line":137,"column":null}},"19":{"start":{"line":165,"column":29},"end":{"line":165,"column":null}},"20":{"start":{"line":166,"column":12},"end":{"line":166,"column":null}},"21":{"start":{"line":167,"column":12},"end":{"line":167,"column":null}}},"fnMap":{"0":{"name":"AgentNodeEditor","decl":{"start":{"line":17,"column":24},"end":{"line":17,"column":40}},"loc":{"start":{"line":22,"column":25},"end":{"line":189,"column":null}},"line":22},"1":{"name":"(anonymous_1)","decl":{"start":{"line":30,"column":12},"end":{"line":30,"column":18}},"loc":{"start":{"line":30,"column":18},"end":{"line":39,"column":5}},"line":30},"2":{"name":"(anonymous_2)","decl":{"start":{"line":59,"column":20},"end":{"line":59,"column":21}},"loc":{"start":{"line":60,"column":12},"end":{"line":63,"column":null}},"line":60},"3":{"name":"(anonymous_3)","decl":{"start":{"line":69,"column":32},"end":{"line":69,"column":33}},"loc":{"start":{"line":70,"column":14},"end":{"line":72,"column":null}},"line":70},"4":{"name":"(anonymous_4)","decl":{"start":{"line":102,"column":20},"end":{"line":102,"column":21}},"loc":{"start":{"line":102,"column":27},"end":{"line":106,"column":null}},"line":102},"5":{"name":"(anonymous_5)","decl":{"start":{"line":133,"column":20},"end":{"line":133,"column":21}},"loc":{"start":{"line":134,"column":12},"end":{"line":137,"column":null}},"line":134},"6":{"name":"(anonymous_6)","decl":{"start":{"line":164,"column":20},"end":{"line":164,"column":21}},"loc":{"start":{"line":164,"column":27},"end":{"line":168,"column":null}},"line":164}},"branchMap":{"0":{"loc":{"start":{"line":31,"column":24},"end":{"line":31,"column":null}},"type":"binary-expr","locations":[{"start":{"line":31,"column":24},"end":{"line":31,"column":50}},{"start":{"line":31,"column":50},"end":{"line":31,"column":null}}],"line":31},"1":{"loc":{"start":{"line":33,"column":4},"end":{"line":35,"column":null}},"type":"if","locations":[{"start":{"line":33,"column":4},"end":{"line":35,"column":null}},{"start":{},"end":{}}],"line":33},"2":{"loc":{"start":{"line":34,"column":27},"end":{"line":34,"column":58}},"type":"binary-expr","locations":[{"start":{"line":34,"column":27},"end":{"line":34,"column":56}},{"start":{"line":34,"column":56},"end":{"line":34,"column":58}}],"line":34},"3":{"loc":{"start":{"line":36,"column":4},"end":{"line":38,"column":null}},"type":"if","locations":[{"start":{"line":36,"column":4},"end":{"line":38,"column":null}},{"start":{},"end":{}}],"line":36},"4":{"loc":{"start":{"line":37,"column":24},"end":{"line":37,"column":52}},"type":"binary-expr","locations":[{"start":{"line":37,"column":24},"end":{"line":37,"column":50}},{"start":{"line":37,"column":50},"end":{"line":37,"column":52}}],"line":37},"5":{"loc":{"start":{"line":41,"column":22},"end":{"line":41,"column":null}},"type":"binary-expr","locations":[{"start":{"line":41,"column":22},"end":{"line":41,"column":48}},{"start":{"line":41,"column":48},"end":{"line":41,"column":null}}],"line":41},"6":{"loc":{"start":{"line":42,"column":23},"end":{"line":42,"column":null}},"type":"binary-expr","locations":[{"start":{"line":42,"column":23},"end":{"line":42,"column":45}},{"start":{"line":42,"column":45},"end":{"line":42,"column":null}}],"line":42},"7":{"loc":{"start":{"line":42,"column":45},"end":{"line":42,"column":null}},"type":"cond-expr","locations":[{"start":{"line":42,"column":74},"end":{"line":42,"column":101}},{"start":{"line":42,"column":101},"end":{"line":42,"column":null}}],"line":42},"8":{"loc":{"start":{"line":68,"column":11},"end":{"line":80,"column":null}},"type":"cond-expr","locations":[{"start":{"line":69,"column":12},"end":{"line":73,"column":null}},{"start":{"line":75,"column":12},"end":{"line":80,"column":null}}],"line":68},"9":{"loc":{"start":{"line":84,"column":11},"end":{"line":86,"column":null}},"type":"cond-expr","locations":[{"start":{"line":85,"column":14},"end":{"line":85,"column":null}},{"start":{"line":86,"column":14},"end":{"line":86,"column":null}}],"line":84},"10":{"loc":{"start":{"line":124,"column":24},"end":{"line":124,"column":null}},"type":"binary-expr","locations":[{"start":{"line":124,"column":24},"end":{"line":124,"column":63}},{"start":{"line":124,"column":63},"end":{"line":124,"column":null}}],"line":124},"11":{"loc":{"start":{"line":132,"column":17},"end":{"line":132,"column":null}},"type":"binary-expr","locations":[{"start":{"line":132,"column":17},"end":{"line":132,"column":44}},{"start":{"line":132,"column":44},"end":{"line":132,"column":null}}],"line":132},"12":{"loc":{"start":{"line":143,"column":25},"end":{"line":143,"column":null}},"type":"binary-expr","locations":[{"start":{"line":143,"column":25},"end":{"line":143,"column":52}},{"start":{"line":143,"column":52},"end":{"line":143,"column":null}}],"line":143},"13":{"loc":{"start":{"line":165,"column":29},"end":{"line":165,"column":null}},"type":"cond-expr","locations":[{"start":{"line":165,"column":46},"end":{"line":165,"column":73}},{"start":{"line":165,"column":73},"end":{"line":165,"column":null}}],"line":165}},"s":{"0":73,"1":73,"2":73,"3":73,"4":73,"5":30,"6":30,"7":28,"8":30,"9":29,"10":73,"11":73,"12":73,"13":1,"14":130,"15":11,"16":11,"17":11,"18":1,"19":6,"20":6,"21":6},"f":{"0":73,"1":30,"2":1,"3":130,"4":11,"5":1,"6":6},"b":{"0":[30,1],"1":[28,2],"2":[28,2],"3":[29,1],"4":[29,4],"5":[73,1],"6":[73,7],"7":[3,4],"8":[65,8],"9":[65,8],"10":[73,7],"11":[73,9],"12":[73,9],"13":[4,2]},"meta":{"lastBranch":14,"lastFunction":7,"lastStatement":22,"seen":{"f:17:24:17:40":0,"s:23:8:23:Infinity":0,"s:24:8:24:Infinity":1,"s:26:48:26:Infinity":2,"s:27:42:27:Infinity":3,"s:30:2:39:Infinity":4,"f:30:12:30:18":1,"s:31:24:31:Infinity":5,"b:31:24:31:50:31:50:31:Infinity":0,"b:33:4:35:Infinity:undefined:undefined:undefined:undefined":1,"s:33:4:35:Infinity":6,"s:34:6:34:Infinity":7,"b:34:27:34:56:34:56:34:58":2,"b:36:4:38:Infinity:undefined:undefined:undefined:undefined":3,"s:36:4:38:Infinity":8,"s:37:6:37:Infinity":9,"b:37:24:37:50:37:50:37:52":4,"s:41:22:41:Infinity":10,"b:41:22:41:48:41:48:41:Infinity":5,"s:42:23:42:Infinity":11,"b:42:23:42:45:42:45:42:Infinity":6,"b:42:74:42:101:42:101:42:Infinity":7,"s:44:2:187:Infinity":12,"f:59:20:59:21":2,"s:60:12:63:Infinity":13,"b:69:12:73:Infinity:75:12:80:Infinity":8,"f:69:32:69:33":3,"s:70:14:72:Infinity":14,"b:85:14:85:Infinity:86:14:86:Infinity":9,"f:102:20:102:21":4,"s:103:29:103:Infinity":15,"s:104:12:104:Infinity":16,"s:105:12:105:Infinity":17,"b:124:24:124:63:124:63:124:Infinity":10,"b:132:17:132:44:132:44:132:Infinity":11,"f:133:20:133:21":5,"s:134:12:137:Infinity":18,"b:143:25:143:52:143:52:143:Infinity":12,"f:164:20:164:21":6,"s:165:29:165:Infinity":19,"b:165:46:165:73:165:73:165:Infinity":13,"s:166:12:166:Infinity":20,"s:167:12:167:Infinity":21}}}
,"/Users/rshoemake/Documents/cursor/cursor-test/frontend/src/components/editors/ConditionNodeEditor.tsx": {"path":"/Users/rshoemake/Documents/cursor/cursor-test/frontend/src/components/editors/ConditionNodeEditor.tsx","statementMap":{"0":{"start":{"line":19,"column":8},"end":{"line":19,"column":null}},"1":{"start":{"line":20,"column":8},"end":{"line":20,"column":null}},"2":{"start":{"line":22,"column":52},"end":{"line":22,"column":null}},"3":{"start":{"line":23,"column":52},"end":{"line":23,"column":null}},"4":{"start":{"line":26,"column":2},"end":{"line":35,"column":null}},"5":{"start":{"line":27,"column":28},"end":{"line":27,"column":null}},"6":{"start":{"line":29,"column":4},"end":{"line":31,"column":null}},"7":{"start":{"line":30,"column":6},"end":{"line":30,"column":null}},"8":{"start":{"line":32,"column":4},"end":{"line":34,"column":null}},"9":{"start":{"line":33,"column":6},"end":{"line":33,"column":null}},"10":{"start":{"line":37,"column":26},"end":{"line":37,"column":null}},"11":{"start":{"line":38,"column":24},"end":{"line":38,"column":null}},"12":{"start":{"line":39,"column":25},"end":{"line":39,"column":null}},"13":{"start":{"line":41,"column":2},"end":{"line":123,"column":null}},"14":{"start":{"line":55,"column":12},"end":{"line":55,"column":null}},"15":{"start":{"line":88,"column":29},"end":{"line":88,"column":null}},"16":{"start":{"line":89,"column":12},"end":{"line":89,"column":null}},"17":{"start":{"line":90,"column":12},"end":{"line":90,"column":null}},"18":{"start":{"line":113,"column":31},"end":{"line":113,"column":null}},"19":{"start":{"line":114,"column":14},"end":{"line":114,"column":null}},"20":{"start":{"line":115,"column":14},"end":{"line":115,"column":null}}},"fnMap":{"0":{"name":"ConditionNodeEditor","decl":{"start":{"line":15,"column":24},"end":{"line":15,"column":44}},"loc":{"start":{"line":18,"column":29},"end":{"line":125,"column":null}},"line":18},"1":{"name":"(anonymous_1)","decl":{"start":{"line":26,"column":12},"end":{"line":26,"column":18}},"loc":{"start":{"line":26,"column":18},"end":{"line":35,"column":5}},"line":26},"2":{"name":"(anonymous_2)","decl":{"start":{"line":54,"column":20},"end":{"line":54,"column":21}},"loc":{"start":{"line":55,"column":12},"end":{"line":55,"column":null}},"line":55},"3":{"name":"(anonymous_3)","decl":{"start":{"line":87,"column":20},"end":{"line":87,"column":21}},"loc":{"start":{"line":87,"column":27},"end":{"line":91,"column":null}},"line":87},"4":{"name":"(anonymous_4)","decl":{"start":{"line":112,"column":22},"end":{"line":112,"column":23}},"loc":{"start":{"line":112,"column":29},"end":{"line":116,"column":null}},"line":112}},"branchMap":{"0":{"loc":{"start":{"line":27,"column":28},"end":{"line":27,"column":null}},"type":"binary-expr","locations":[{"start":{"line":27,"column":28},"end":{"line":27,"column":58}},{"start":{"line":27,"column":58},"end":{"line":27,"column":null}}],"line":27},"1":{"loc":{"start":{"line":29,"column":4},"end":{"line":31,"column":null}},"type":"if","locations":[{"start":{"line":29,"column":4},"end":{"line":31,"column":null}},{"start":{},"end":{}}],"line":29},"2":{"loc":{"start":{"line":30,"column":29},"end":{"line":30,"column":56}},"type":"binary-expr","locations":[{"start":{"line":30,"column":29},"end":{"line":30,"column":54}},{"start":{"line":30,"column":54},"end":{"line":30,"column":56}}],"line":30},"3":{"loc":{"start":{"line":32,"column":4},"end":{"line":34,"column":null}},"type":"if","locations":[{"start":{"line":32,"column":4},"end":{"line":34,"column":null}},{"start":{},"end":{}}],"line":32},"4":{"loc":{"start":{"line":33,"column":29},"end":{"line":33,"column":56}},"type":"binary-expr","locations":[{"start":{"line":33,"column":29},"end":{"line":33,"column":54}},{"start":{"line":33,"column":54},"end":{"line":33,"column":56}}],"line":33},"5":{"loc":{"start":{"line":37,"column":26},"end":{"line":37,"column":null}},"type":"binary-expr","locations":[{"start":{"line":37,"column":26},"end":{"line":37,"column":56}},{"start":{"line":37,"column":56},"end":{"line":37,"column":null}}],"line":37},"6":{"loc":{"start":{"line":38,"column":24},"end":{"line":38,"column":null}},"type":"binary-expr","locations":[{"start":{"line":38,"column":24},"end":{"line":38,"column":58}},{"start":{"line":38,"column":58},"end":{"line":38,"column":null}}],"line":38},"7":{"loc":{"start":{"line":39,"column":25},"end":{"line":39,"column":null}},"type":"binary-expr","locations":[{"start":{"line":39,"column":25},"end":{"line":39,"column":54}},{"start":{"line":39,"column":54},"end":{"line":39,"column":null}}],"line":39},"8":{"loc":{"start":{"line":99,"column":7},"end":{"line":121,"column":null}},"type":"binary-expr","locations":[{"start":{"line":99,"column":7},"end":{"line":99,"column":null}},{"start":{"line":100,"column":8},"end":{"line":121,"column":null}}],"line":99}},"s":{"0":32,"1":32,"2":32,"3":32,"4":32,"5":7,"6":7,"7":7,"8":7,"9":7,"10":32,"11":32,"12":32,"13":32,"14":1,"15":9,"16":9,"17":9,"18":9,"19":9,"20":9},"f":{"0":32,"1":7,"2":1,"3":9,"4":9},"b":{"0":[7,0],"1":[7,0],"2":[7,0],"3":[7,0],"4":[7,1],"5":[32,0],"6":[32,0],"7":[32,30],"8":[32,30]},"meta":{"lastBranch":9,"lastFunction":5,"lastStatement":21,"seen":{"f:15:24:15:44":0,"s:19:8:19:Infinity":0,"s:20:8:20:Infinity":1,"s:22:52:22:Infinity":2,"s:23:52:23:Infinity":3,"s:26:2:35:Infinity":4,"f:26:12:26:18":1,"s:27:28:27:Infinity":5,"b:27:28:27:58:27:58:27:Infinity":0,"b:29:4:31:Infinity:undefined:undefined:undefined:undefined":1,"s:29:4:31:Infinity":6,"s:30:6:30:Infinity":7,"b:30:29:30:54:30:54:30:56":2,"b:32:4:34:Infinity:undefined:undefined:undefined:undefined":3,"s:32:4:34:Infinity":8,"s:33:6:33:Infinity":9,"b:33:29:33:54:33:54:33:56":4,"s:37:26:37:Infinity":10,"b:37:26:37:56:37:56:37:Infinity":5,"s:38:24:38:Infinity":11,"b:38:24:38:58:38:58:38:Infinity":6,"s:39:25:39:Infinity":12,"b:39:25:39:54:39:54:39:Infinity":7,"s:41:2:123:Infinity":13,"f:54:20:54:21":2,"s:55:12:55:Infinity":14,"f:87:20:87:21":3,"s:88:29:88:Infinity":15,"s:89:12:89:Infinity":16,"s:90:12:90:Infinity":17,"b:99:7:99:Infinity:100:8:121:Infinity":8,"f:112:22:112:23":4,"s:113:31:113:Infinity":18,"s:114:14:114:Infinity":19,"s:115:14:115:Infinity":20}}}
,"/Users/rshoemake/Documents/cursor/cursor-test/frontend/src/components/editors/InputNodeEditor.tsx": {"path":"/Users/rshoemake/Documents/cursor/cursor-test/frontend/src/components/editors/InputNodeEditor.tsx","statementMap":{"0":{"start":{"line":19,"column":22},"end":{"line":19,"column":null}},"1":{"start":{"line":22,"column":8},"end":{"line":22,"column":null}},"2":{"start":{"line":23,"column":8},"end":{"line":23,"column":null}},"3":{"start":{"line":24,"column":8},"end":{"line":24,"column":null}},"4":{"start":{"line":25,"column":8},"end":{"line":25,"column":null}},"5":{"start":{"line":26,"column":8},"end":{"line":26,"column":null}},"6":{"start":{"line":27,"column":8},"end":{"line":27,"column":null}},"7":{"start":{"line":28,"column":8},"end":{"line":28,"column":null}},"8":{"start":{"line":31,"column":8},"end":{"line":31,"column":null}},"9":{"start":{"line":32,"column":8},"end":{"line":32,"column":null}},"10":{"start":{"line":33,"column":8},"end":{"line":33,"column":null}},"11":{"start":{"line":36,"column":8},"end":{"line":36,"column":null}},"12":{"start":{"line":37,"column":8},"end":{"line":37,"column":null}},"13":{"start":{"line":40,"column":44},"end":{"line":40,"column":null}},"14":{"start":{"line":41,"column":44},"end":{"line":41,"column":null}},"15":{"start":{"line":42,"column":52},"end":{"line":42,"column":null}},"16":{"start":{"line":43,"column":42},"end":{"line":43,"column":null}},"17":{"start":{"line":44,"column":46},"end":{"line":44,"column":null}},"18":{"start":{"line":45,"column":42},"end":{"line":45,"column":null}},"19":{"start":{"line":46,"column":36},"end":{"line":46,"column":null}},"20":{"start":{"line":47,"column":42},"end":{"line":47,"column":null}},"21":{"start":{"line":48,"column":42},"end":{"line":48,"column":null}},"22":{"start":{"line":49,"column":56},"end":{"line":49,"column":null}},"23":{"start":{"line":50,"column":40},"end":{"line":50,"column":null}},"24":{"start":{"line":51,"column":46},"end":{"line":51,"column":null}},"25":{"start":{"line":52,"column":32},"end":{"line":52,"column":null}},"26":{"start":{"line":53,"column":42},"end":{"line":53,"column":null}},"27":{"start":{"line":56,"column":2},"end":{"line":95,"column":null}},"28":{"start":{"line":57,"column":4},"end":{"line":59,"column":null}},"29":{"start":{"line":58,"column":6},"end":{"line":58,"column":null}},"30":{"start":{"line":60,"column":4},"end":{"line":62,"column":null}},"31":{"start":{"line":61,"column":6},"end":{"line":61,"column":null}},"32":{"start":{"line":63,"column":4},"end":{"line":65,"column":null}},"33":{"start":{"line":64,"column":6},"end":{"line":64,"column":null}},"34":{"start":{"line":66,"column":4},"end":{"line":68,"column":null}},"35":{"start":{"line":67,"column":6},"end":{"line":67,"column":null}},"36":{"start":{"line":69,"column":4},"end":{"line":71,"column":null}},"37":{"start":{"line":70,"column":6},"end":{"line":70,"column":null}},"38":{"start":{"line":72,"column":4},"end":{"line":74,"column":null}},"39":{"start":{"line":73,"column":6},"end":{"line":73,"column":null}},"40":{"start":{"line":75,"column":4},"end":{"line":77,"column":null}},"41":{"start":{"line":76,"column":6},"end":{"line":76,"column":null}},"42":{"start":{"line":78,"column":4},"end":{"line":80,"column":null}},"43":{"start":{"line":79,"column":6},"end":{"line":79,"column":null}},"44":{"start":{"line":81,"column":4},"end":{"line":83,"column":null}},"45":{"start":{"line":82,"column":6},"end":{"line":82,"column":null}},"46":{"start":{"line":84,"column":4},"end":{"line":86,"column":null}},"47":{"start":{"line":85,"column":6},"end":{"line":85,"column":null}},"48":{"start":{"line":87,"column":4},"end":{"line":89,"column":null}},"49":{"start":{"line":88,"column":6},"end":{"line":88,"column":null}},"50":{"start":{"line":90,"column":4},"end":{"line":92,"column":null}},"51":{"start":{"line":91,"column":6},"end":{"line":91,"column":null}},"52":{"start":{"line":93,"column":4},"end":{"line":93,"column":null}},"53":{"start":{"line":94,"column":4},"end":{"line":94,"column":null}},"54":{"start":{"line":98,"column":2},"end":{"line":178,"column":null}},"55":{"start":{"line":99,"column":4},"end":{"line":176,"column":null}},"56":{"start":{"line":108,"column":31},"end":{"line":108,"column":null}},"57":{"start":{"line":109,"column":14},"end":{"line":109,"column":null}},"58":{"start":{"line":110,"column":14},"end":{"line":110,"column":null}},"59":{"start":{"line":130,"column":31},"end":{"line":130,"column":null}},"60":{"start":{"line":131,"column":14},"end":{"line":131,"column":null}},"61":{"start":{"line":132,"column":14},"end":{"line":132,"column":null}},"62":{"start":{"line":147,"column":31},"end":{"line":147,"column":null}},"63":{"start":{"line":148,"column":14},"end":{"line":148,"column":null}},"64":{"start":{"line":149,"column":14},"end":{"line":149,"column":null}},"65":{"start":{"line":163,"column":31},"end":{"line":163,"column":null}},"66":{"start":{"line":164,"column":14},"end":{"line":164,"column":null}},"67":{"start":{"line":165,"column":14},"end":{"line":165,"column":null}},"68":{"start":{"line":181,"column":2},"end":{"line":292,"column":null}},"69":{"start":{"line":182,"column":4},"end":{"line":290,"column":null}},"70":{"start":{"line":191,"column":31},"end":{"line":191,"column":null}},"71":{"start":{"line":192,"column":14},"end":{"line":192,"column":null}},"72":{"start":{"line":193,"column":14},"end":{"line":193,"column":null}},"73":{"start":{"line":213,"column":31},"end":{"line":213,"column":null}},"74":{"start":{"line":214,"column":14},"end":{"line":214,"column":null}},"75":{"start":{"line":215,"column":14},"end":{"line":215,"column":null}},"76":{"start":{"line":230,"column":31},"end":{"line":230,"column":null}},"77":{"start":{"line":231,"column":14},"end":{"line":231,"column":null}},"78":{"start":{"line":232,"column":14},"end":{"line":232,"column":null}},"79":{"start":{"line":247,"column":31},"end":{"line":247,"column":null}},"80":{"start":{"line":248,"column":14},"end":{"line":248,"column":null}},"81":{"start":{"line":249,"column":14},"end":{"line":249,"column":null}},"82":{"start":{"line":264,"column":31},"end":{"line":264,"column":null}},"83":{"start":{"line":265,"column":14},"end":{"line":265,"column":null}},"84":{"start":{"line":266,"column":14},"end":{"line":266,"column":null}},"85":{"start":{"line":281,"column":31},"end":{"line":281,"column":null}},"86":{"start":{"line":282,"column":14},"end":{"line":282,"column":null}},"87":{"start":{"line":283,"column":14},"end":{"line":283,"column":null}},"88":{"start":{"line":295,"column":2},"end":{"line":389,"column":null}},"89":{"start":{"line":296,"column":4},"end":{"line":387,"column":null}},"90":{"start":{"line":305,"column":31},"end":{"line":305,"column":null}},"91":{"start":{"line":306,"column":14},"end":{"line":306,"column":null}},"92":{"start":{"line":307,"column":14},"end":{"line":307,"column":null}},"93":{"start":{"line":327,"column":31},"end":{"line":327,"column":null}},"94":{"start":{"line":328,"column":14},"end":{"line":328,"column":null}},"95":{"start":{"line":329,"column":14},"end":{"line":329,"column":null}},"96":{"start":{"line":344,"column":31},"end":{"line":344,"column":null}},"97":{"start":{"line":345,"column":14},"end":{"line":345,"column":null}},"98":{"start":{"line":346,"column":14},"end":{"line":346,"column":null}},"99":{"start":{"line":361,"column":31},"end":{"line":361,"column":null}},"100":{"start":{"line":362,"column":14},"end":{"line":362,"column":null}},"101":{"start":{"line":363,"column":14},"end":{"line":363,"column":null}},"102":{"start":{"line":377,"column":31},"end":{"line":377,"column":null}},"103":{"start":{"line":378,"column":14},"end":{"line":378,"column":null}},"104":{"start":{"line":379,"column":14},"end":{"line":379,"column":null}},"105":{"start":{"line":392,"column":2},"end":{"line":470,"column":null}},"106":{"start":{"line":393,"column":4},"end":{"line":468,"column":null}},"107":{"start":{"line":402,"column":31},"end":{"line":402,"column":null}},"108":{"start":{"line":403,"column":14},"end":{"line":403,"column":null}},"109":{"start":{"line":404,"column":14},"end":{"line":404,"column":null}},"110":{"start":{"line":421,"column":31},"end":{"line":421,"column":null}},"111":{"start":{"line":422,"column":14},"end":{"line":422,"column":null}},"112":{"start":{"line":423,"column":14},"end":{"line":423,"column":null}},"113":{"start":{"line":439,"column":33},"end":{"line":439,"column":null}},"114":{"start":{"line":440,"column":16},"end":{"line":440,"column":null}},"115":{"start":{"line":441,"column":16},"end":{"line":441,"column":null}},"116":{"start":{"line":457,"column":35},"end":{"line":457,"column":null}},"117":{"start":{"line":458,"column":18},"end":{"line":458,"column":null}},"118":{"start":{"line":459,"column":18},"end":{"line":459,"column":null}},"119":{"start":{"line":474,"column":2},"end":{"line":485,"column":null}}},"fnMap":{"0":{"name":"InputNodeEditor","decl":{"start":{"line":15,"column":24},"end":{"line":15,"column":40}},"loc":{"start":{"line":18,"column":25},"end":{"line":487,"column":null}},"line":18},"1":{"name":"(anonymous_1)","decl":{"start":{"line":56,"column":12},"end":{"line":56,"column":18}},"loc":{"start":{"line":56,"column":18},"end":{"line":95,"column":5}},"line":56},"2":{"name":"(anonymous_2)","decl":{"start":{"line":107,"column":22},"end":{"line":107,"column":23}},"loc":{"start":{"line":107,"column":29},"end":{"line":111,"column":null}},"line":107},"3":{"name":"(anonymous_3)","decl":{"start":{"line":129,"column":22},"end":{"line":129,"column":23}},"loc":{"start":{"line":129,"column":29},"end":{"line":133,"column":null}},"line":129},"4":{"name":"(anonymous_4)","decl":{"start":{"line":146,"column":22},"end":{"line":146,"column":23}},"loc":{"start":{"line":146,"column":29},"end":{"line":150,"column":null}},"line":146},"5":{"name":"(anonymous_5)","decl":{"start":{"line":162,"column":22},"end":{"line":162,"column":23}},"loc":{"start":{"line":162,"column":29},"end":{"line":166,"column":null}},"line":162},"6":{"name":"(anonymous_6)","decl":{"start":{"line":190,"column":22},"end":{"line":190,"column":23}},"loc":{"start":{"line":190,"column":29},"end":{"line":194,"column":null}},"line":190},"7":{"name":"(anonymous_7)","decl":{"start":{"line":212,"column":22},"end":{"line":212,"column":23}},"loc":{"start":{"line":212,"column":29},"end":{"line":216,"column":null}},"line":212},"8":{"name":"(anonymous_8)","decl":{"start":{"line":229,"column":22},"end":{"line":229,"column":23}},"loc":{"start":{"line":229,"column":29},"end":{"line":233,"column":null}},"line":229},"9":{"name":"(anonymous_9)","decl":{"start":{"line":246,"column":22},"end":{"line":246,"column":23}},"loc":{"start":{"line":246,"column":29},"end":{"line":250,"column":null}},"line":246},"10":{"name":"(anonymous_10)","decl":{"start":{"line":263,"column":22},"end":{"line":263,"column":23}},"loc":{"start":{"line":263,"column":29},"end":{"line":267,"column":null}},"line":263},"11":{"name":"(anonymous_11)","decl":{"start":{"line":280,"column":22},"end":{"line":280,"column":23}},"loc":{"start":{"line":280,"column":29},"end":{"line":284,"column":null}},"line":280},"12":{"name":"(anonymous_12)","decl":{"start":{"line":304,"column":22},"end":{"line":304,"column":23}},"loc":{"start":{"line":304,"column":29},"end":{"line":308,"column":null}},"line":304},"13":{"name":"(anonymous_13)","decl":{"start":{"line":326,"column":22},"end":{"line":326,"column":23}},"loc":{"start":{"line":326,"column":29},"end":{"line":330,"column":null}},"line":326},"14":{"name":"(anonymous_14)","decl":{"start":{"line":343,"column":22},"end":{"line":343,"column":23}},"loc":{"start":{"line":343,"column":29},"end":{"line":347,"column":null}},"line":343},"15":{"name":"(anonymous_15)","decl":{"start":{"line":360,"column":22},"end":{"line":360,"column":23}},"loc":{"start":{"line":360,"column":29},"end":{"line":364,"column":null}},"line":360},"16":{"name":"(anonymous_16)","decl":{"start":{"line":376,"column":22},"end":{"line":376,"column":23}},"loc":{"start":{"line":376,"column":29},"end":{"line":380,"column":null}},"line":376},"17":{"name":"(anonymous_17)","decl":{"start":{"line":401,"column":22},"end":{"line":401,"column":23}},"loc":{"start":{"line":401,"column":29},"end":{"line":405,"column":null}},"line":401},"18":{"name":"(anonymous_18)","decl":{"start":{"line":420,"column":22},"end":{"line":420,"column":23}},"loc":{"start":{"line":420,"column":29},"end":{"line":424,"column":null}},"line":420},"19":{"name":"(anonymous_19)","decl":{"start":{"line":438,"column":24},"end":{"line":438,"column":25}},"loc":{"start":{"line":438,"column":31},"end":{"line":442,"column":null}},"line":438},"20":{"name":"(anonymous_20)","decl":{"start":{"line":456,"column":26},"end":{"line":456,"column":27}},"loc":{"start":{"line":456,"column":33},"end":{"line":460,"column":null}},"line":456}},"branchMap":{"0":{"loc":{"start":{"line":19,"column":22},"end":{"line":19,"column":null}},"type":"binary-expr","locations":[{"start":{"line":19,"column":22},"end":{"line":19,"column":48}},{"start":{"line":19,"column":48},"end":{"line":19,"column":null}}],"line":19},"1":{"loc":{"start":{"line":57,"column":4},"end":{"line":59,"column":null}},"type":"if","locations":[{"start":{"line":57,"column":4},"end":{"line":59,"column":null}},{"start":{},"end":{}}],"line":57},"2":{"loc":{"start":{"line":58,"column":25},"end":{"line":58,"column":54}},"type":"binary-expr","locations":[{"start":{"line":58,"column":25},"end":{"line":58,"column":52}},{"start":{"line":58,"column":52},"end":{"line":58,"column":54}}],"line":58},"3":{"loc":{"start":{"line":60,"column":4},"end":{"line":62,"column":null}},"type":"if","locations":[{"start":{"line":60,"column":4},"end":{"line":62,"column":null}},{"start":{},"end":{}}],"line":60},"4":{"loc":{"start":{"line":61,"column":25},"end":{"line":61,"column":54}},"type":"binary-expr","locations":[{"start":{"line":61,"column":25},"end":{"line":61,"column":52}},{"start":{"line":61,"column":52},"end":{"line":61,"column":54}}],"line":61},"5":{"loc":{"start":{"line":63,"column":4},"end":{"line":65,"column":null}},"type":"if","locations":[{"start":{"line":63,"column":4},"end":{"line":65,"column":null}},{"start":{},"end":{}}],"line":63},"6":{"loc":{"start":{"line":64,"column":29},"end":{"line":64,"column":58}},"type":"binary-expr","locations":[{"start":{"line":64,"column":29},"end":{"line":64,"column":56}},{"start":{"line":64,"column":56},"end":{"line":64,"column":58}}],"line":64},"7":{"loc":{"start":{"line":66,"column":4},"end":{"line":68,"column":null}},"type":"if","locations":[{"start":{"line":66,"column":4},"end":{"line":68,"column":null}},{"start":{},"end":{}}],"line":66},"8":{"loc":{"start":{"line":67,"column":24},"end":{"line":67,"column":52}},"type":"binary-expr","locations":[{"start":{"line":67,"column":24},"end":{"line":67,"column":50}},{"start":{"line":67,"column":50},"end":{"line":67,"column":52}}],"line":67},"9":{"loc":{"start":{"line":69,"column":4},"end":{"line":71,"column":null}},"type":"if","locations":[{"start":{"line":69,"column":4},"end":{"line":71,"column":null}},{"start":{},"end":{}}],"line":69},"10":{"loc":{"start":{"line":70,"column":26},"end":{"line":70,"column":57}},"type":"binary-expr","locations":[{"start":{"line":70,"column":26},"end":{"line":70,"column":55}},{"start":{"line":70,"column":55},"end":{"line":70,"column":57}}],"line":70},"11":{"loc":{"start":{"line":72,"column":4},"end":{"line":74,"column":null}},"type":"if","locations":[{"start":{"line":72,"column":4},"end":{"line":74,"column":null}},{"start":{},"end":{}}],"line":72},"12":{"loc":{"start":{"line":73,"column":24},"end":{"line":73,"column":59}},"type":"binary-expr","locations":[{"start":{"line":73,"column":24},"end":{"line":73,"column":57}},{"start":{"line":73,"column":57},"end":{"line":73,"column":59}}],"line":73},"13":{"loc":{"start":{"line":75,"column":4},"end":{"line":77,"column":null}},"type":"if","locations":[{"start":{"line":75,"column":4},"end":{"line":77,"column":null}},{"start":{},"end":{}}],"line":75},"14":{"loc":{"start":{"line":76,"column":21},"end":{"line":76,"column":54}},"type":"binary-expr","locations":[{"start":{"line":76,"column":21},"end":{"line":76,"column":43}},{"start":{"line":76,"column":43},"end":{"line":76,"column":54}}],"line":76},"15":{"loc":{"start":{"line":78,"column":4},"end":{"line":80,"column":null}},"type":"if","locations":[{"start":{"line":78,"column":4},"end":{"line":80,"column":null}},{"start":{},"end":{}}],"line":78},"16":{"loc":{"start":{"line":79,"column":24},"end":{"line":79,"column":52}},"type":"binary-expr","locations":[{"start":{"line":79,"column":24},"end":{"line":79,"column":50}},{"start":{"line":79,"column":50},"end":{"line":79,"column":52}}],"line":79},"17":{"loc":{"start":{"line":81,"column":4},"end":{"line":83,"column":null}},"type":"if","locations":[{"start":{"line":81,"column":4},"end":{"line":83,"column":null}},{"start":{},"end":{}}],"line":81},"18":{"loc":{"start":{"line":82,"column":24},"end":{"line":82,"column":52}},"type":"binary-expr","locations":[{"start":{"line":82,"column":24},"end":{"line":82,"column":50}},{"start":{"line":82,"column":50},"end":{"line":82,"column":52}}],"line":82},"19":{"loc":{"start":{"line":84,"column":4},"end":{"line":86,"column":null}},"type":"if","locations":[{"start":{"line":84,"column":4},"end":{"line":86,"column":null}},{"start":{},"end":{}}],"line":84},"20":{"loc":{"start":{"line":85,"column":31},"end":{"line":85,"column":66}},"type":"binary-expr","locations":[{"start":{"line":85,"column":31},"end":{"line":85,"column":64}},{"start":{"line":85,"column":64},"end":{"line":85,"column":66}}],"line":85},"21":{"loc":{"start":{"line":87,"column":4},"end":{"line":89,"column":null}},"type":"if","locations":[{"start":{"line":87,"column":4},"end":{"line":89,"column":null}},{"start":{},"end":{}}],"line":87},"22":{"loc":{"start":{"line":88,"column":23},"end":{"line":88,"column":50}},"type":"binary-expr","locations":[{"start":{"line":88,"column":23},"end":{"line":88,"column":48}},{"start":{"line":88,"column":48},"end":{"line":88,"column":50}}],"line":88},"23":{"loc":{"start":{"line":90,"column":4},"end":{"line":92,"column":null}},"type":"if","locations":[{"start":{"line":90,"column":4},"end":{"line":92,"column":null}},{"start":{},"end":{}}],"line":90},"24":{"loc":{"start":{"line":91,"column":26},"end":{"line":91,"column":56}},"type":"binary-expr","locations":[{"start":{"line":91,"column":26},"end":{"line":91,"column":54}},{"start":{"line":91,"column":54},"end":{"line":91,"column":56}}],"line":91},"25":{"loc":{"start":{"line":93,"column":17},"end":{"line":93,"column":43}},"type":"binary-expr","locations":[{"start":{"line":93,"column":17},"end":{"line":93,"column":37}},{"start":{"line":93,"column":37},"end":{"line":93,"column":43}}],"line":93},"26":{"loc":{"start":{"line":94,"column":22},"end":{"line":94,"column":51}},"type":"binary-expr","locations":[{"start":{"line":94,"column":22},"end":{"line":94,"column":47}},{"start":{"line":94,"column":47},"end":{"line":94,"column":51}}],"line":94},"27":{"loc":{"start":{"line":98,"column":2},"end":{"line":178,"column":null}},"type":"if","locations":[{"start":{"line":98,"column":2},"end":{"line":178,"column":null}},{"start":{},"end":{}}],"line":98},"28":{"loc":{"start":{"line":181,"column":2},"end":{"line":292,"column":null}},"type":"if","locations":[{"start":{"line":181,"column":2},"end":{"line":292,"column":null}},{"start":{},"end":{}}],"line":181},"29":{"loc":{"start":{"line":295,"column":2},"end":{"line":389,"column":null}},"type":"if","locations":[{"start":{"line":295,"column":2},"end":{"line":389,"column":null}},{"start":{},"end":{}}],"line":295},"30":{"loc":{"start":{"line":392,"column":2},"end":{"line":470,"column":null}},"type":"if","locations":[{"start":{"line":392,"column":2},"end":{"line":470,"column":null}},{"start":{},"end":{}}],"line":392},"31":{"loc":{"start":{"line":430,"column":9},"end":{"line":447,"column":null}},"type":"binary-expr","locations":[{"start":{"line":430,"column":9},"end":{"line":430,"column":null}},{"start":{"line":431,"column":10},"end":{"line":447,"column":null}}],"line":430},"32":{"loc":{"start":{"line":449,"column":9},"end":{"line":466,"column":null}},"type":"binary-expr","locations":[{"start":{"line":449,"column":9},"end":{"line":449,"column":null}},{"start":{"line":450,"column":10},"end":{"line":466,"column":null}}],"line":449},"33":{"loc":{"start":{"line":477,"column":9},"end":{"line":477,"column":null}},"type":"binary-expr","locations":[{"start":{"line":477,"column":9},"end":{"line":477,"column":37}},{"start":{"line":477,"column":37},"end":{"line":477,"column":null}}],"line":477},"34":{"loc":{"start":{"line":478,"column":9},"end":{"line":478,"column":null}},"type":"binary-expr","locations":[{"start":{"line":478,"column":9},"end":{"line":478,"column":37}},{"start":{"line":478,"column":37},"end":{"line":478,"column":null}}],"line":478},"35":{"loc":{"start":{"line":479,"column":9},"end":{"line":479,"column":null}},"type":"binary-expr","locations":[{"start":{"line":479,"column":9},"end":{"line":479,"column":37}},{"start":{"line":479,"column":37},"end":{"line":479,"column":null}}],"line":479}},"s":{"0":61,"1":61,"2":61,"3":61,"4":61,"5":61,"6":61,"7":61,"8":61,"9":61,"10":61,"11":61,"12":61,"13":61,"14":61,"15":61,"16":61,"17":61,"18":61,"19":61,"20":61,"21":61,"22":61,"23":61,"24":61,"25":61,"26":61,"27":61,"28":28,"29":27,"30":28,"31":28,"32":28,"33":28,"34":28,"35":28,"36":28,"37":28,"38":28,"39":28,"40":28,"41":28,"42":28,"43":28,"44":28,"45":28,"46":28,"47":28,"48":28,"49":28,"50":28,"51":28,"52":28,"53":28,"54":61,"55":27,"56":1,"57":1,"58":1,"59":1,"60":1,"61":1,"62":1,"63":1,"64":1,"65":1,"66":1,"67":1,"68":34,"69":9,"70":0,"71":0,"72":0,"73":0,"74":0,"75":0,"76":0,"77":0,"78":0,"79":1,"80":1,"81":1,"82":0,"83":0,"84":0,"85":0,"86":0,"87":0,"88":25,"89":8,"90":1,"91":1,"92":1,"93":0,"94":0,"95":0,"96":1,"97":1,"98":1,"99":0,"100":0,"101":0,"102":0,"103":0,"104":0,"105":17,"106":14,"107":0,"108":0,"109":0,"110":1,"111":1,"112":1,"113":0,"114":0,"115":0,"116":1,"117":1,"118":1,"119":3},"f":{"0":61,"1":28,"2":1,"3":1,"4":1,"5":1,"6":0,"7":0,"8":0,"9":1,"10":0,"11":0,"12":1,"13":0,"14":1,"15":0,"16":0,"17":0,"18":1,"19":0,"20":1},"b":{"0":[61,3],"1":[27,1],"2":[27,12],"3":[28,0],"4":[28,21],"5":[28,0],"6":[28,18],"7":[28,0],"8":[28,25],"9":[28,0],"10":[28,25],"11":[28,0],"12":[28,25],"13":[28,0],"14":[28,25],"15":[28,0],"16":[28,25],"17":[28,0],"18":[28,25],"19":[28,0],"20":[28,25],"21":[28,0],"22":[28,22],"23":[28,0],"24":[28,23],"25":[28,9],"26":[28,23],"27":[27,34],"28":[9,25],"29":[8,17],"30":[14,3],"31":[14,10],"32":[14,4],"33":[3,1],"34":[61,1],"35":[61,1]},"meta":{"lastBranch":36,"lastFunction":21,"lastStatement":120,"seen":{"f:15:24:15:40":0,"s:19:22:19:Infinity":0,"b:19:22:19:48:19:48:19:Infinity":0,"s:22:8:22:Infinity":1,"s:23:8:23:Infinity":2,"s:24:8:24:Infinity":3,"s:25:8:25:Infinity":4,"s:26:8:26:Infinity":5,"s:27:8:27:Infinity":6,"s:28:8:28:Infinity":7,"s:31:8:31:Infinity":8,"s:32:8:32:Infinity":9,"s:33:8:33:Infinity":10,"s:36:8:36:Infinity":11,"s:37:8:37:Infinity":12,"s:40:44:40:Infinity":13,"s:41:44:41:Infinity":14,"s:42:52:42:Infinity":15,"s:43:42:43:Infinity":16,"s:44:46:44:Infinity":17,"s:45:42:45:Infinity":18,"s:46:36:46:Infinity":19,"s:47:42:47:Infinity":20,"s:48:42:48:Infinity":21,"s:49:56:49:Infinity":22,"s:50:40:50:Infinity":23,"s:51:46:51:Infinity":24,"s:52:32:52:Infinity":25,"s:53:42:53:Infinity":26,"s:56:2:95:Infinity":27,"f:56:12:56:18":1,"b:57:4:59:Infinity:undefined:undefined:undefined:undefined":1,"s:57:4:59:Infinity":28,"s:58:6:58:Infinity":29,"b:58:25:58:52:58:52:58:54":2,"b:60:4:62:Infinity:undefined:undefined:undefined:undefined":3,"s:60:4:62:Infinity":30,"s:61:6:61:Infinity":31,"b:61:25:61:52:61:52:61:54":4,"b:63:4:65:Infinity:undefined:undefined:undefined:undefined":5,"s:63:4:65:Infinity":32,"s:64:6:64:Infinity":33,"b:64:29:64:56:64:56:64:58":6,"b:66:4:68:Infinity:undefined:undefined:undefined:undefined":7,"s:66:4:68:Infinity":34,"s:67:6:67:Infinity":35,"b:67:24:67:50:67:50:67:52":8,"b:69:4:71:Infinity:undefined:undefined:undefined:undefined":9,"s:69:4:71:Infinity":36,"s:70:6:70:Infinity":37,"b:70:26:70:55:70:55:70:57":10,"b:72:4:74:Infinity:undefined:undefined:undefined:undefined":11,"s:72:4:74:Infinity":38,"s:73:6:73:Infinity":39,"b:73:24:73:57:73:57:73:59":12,"b:75:4:77:Infinity:undefined:undefined:undefined:undefined":13,"s:75:4:77:Infinity":40,"s:76:6:76:Infinity":41,"b:76:21:76:43:76:43:76:54":14,"b:78:4:80:Infinity:undefined:undefined:undefined:undefined":15,"s:78:4:80:Infinity":42,"s:79:6:79:Infinity":43,"b:79:24:79:50:79:50:79:52":16,"b:81:4:83:Infinity:undefined:undefined:undefined:undefined":17,"s:81:4:83:Infinity":44,"s:82:6:82:Infinity":45,"b:82:24:82:50:82:50:82:52":18,"b:84:4:86:Infinity:undefined:undefined:undefined:undefined":19,"s:84:4:86:Infinity":46,"s:85:6:85:Infinity":47,"b:85:31:85:64:85:64:85:66":20,"b:87:4:89:Infinity:undefined:undefined:undefined:undefined":21,"s:87:4:89:Infinity":48,"s:88:6:88:Infinity":49,"b:88:23:88:48:88:48:88:50":22,"b:90:4:92:Infinity:undefined:undefined:undefined:undefined":23,"s:90:4:92:Infinity":50,"s:91:6:91:Infinity":51,"b:91:26:91:54:91:54:91:56":24,"s:93:4:93:Infinity":52,"b:93:17:93:37:93:37:93:43":25,"s:94:4:94:Infinity":53,"b:94:22:94:47:94:47:94:51":26,"b:98:2:178:Infinity:undefined:undefined:undefined:undefined":27,"s:98:2:178:Infinity":54,"s:99:4:176:Infinity":55,"f:107:22:107:23":2,"s:108:31:108:Infinity":56,"s:109:14:109:Infinity":57,"s:110:14:110:Infinity":58,"f:129:22:129:23":3,"s:130:31:130:Infinity":59,"s:131:14:131:Infinity":60,"s:132:14:132:Infinity":61,"f:146:22:146:23":4,"s:147:31:147:Infinity":62,"s:148:14:148:Infinity":63,"s:149:14:149:Infinity":64,"f:162:22:162:23":5,"s:163:31:163:Infinity":65,"s:164:14:164:Infinity":66,"s:165:14:165:Infinity":67,"b:181:2:292:Infinity:undefined:undefined:undefined:undefined":28,"s:181:2:292:Infinity":68,"s:182:4:290:Infinity":69,"f:190:22:190:23":6,"s:191:31:191:Infinity":70,"s:192:14:192:Infinity":71,"s:193:14:193:Infinity":72,"f:212:22:212:23":7,"s:213:31:213:Infinity":73,"s:214:14:214:Infinity":74,"s:215:14:215:Infinity":75,"f:229:22:229:23":8,"s:230:31:230:Infinity":76,"s:231:14:231:Infinity":77,"s:232:14:232:Infinity":78,"f:246:22:246:23":9,"s:247:31:247:Infinity":79,"s:248:14:248:Infinity":80,"s:249:14:249:Infinity":81,"f:263:22:263:23":10,"s:264:31:264:Infinity":82,"s:265:14:265:Infinity":83,"s:266:14:266:Infinity":84,"f:280:22:280:23":11,"s:281:31:281:Infinity":85,"s:282:14:282:Infinity":86,"s:283:14:283:Infinity":87,"b:295:2:389:Infinity:undefined:undefined:undefined:undefined":29,"s:295:2:389:Infinity":88,"s:296:4:387:Infinity":89,"f:304:22:304:23":12,"s:305:31:305:Infinity":90,"s:306:14:306:Infinity":91,"s:307:14:307:Infinity":92,"f:326:22:326:23":13,"s:327:31:327:Infinity":93,"s:328:14:328:Infinity":94,"s:329:14:329:Infinity":95,"f:343:22:343:23":14,"s:344:31:344:Infinity":96,"s:345:14:345:Infinity":97,"s:346:14:346:Infinity":98,"f:360:22:360:23":15,"s:361:31:361:Infinity":99,"s:362:14:362:Infinity":100,"s:363:14:363:Infinity":101,"f:376:22:376:23":16,"s:377:31:377:Infinity":102,"s:378:14:378:Infinity":103,"s:379:14:379:Infinity":104,"b:392:2:470:Infinity:undefined:undefined:undefined:undefined":30,"s:392:2:470:Infinity":105,"s:393:4:468:Infinity":106,"f:401:22:401:23":17,"s:402:31:402:Infinity":107,"s:403:14:403:Infinity":108,"s:404:14:404:Infinity":109,"f:420:22:420:23":18,"s:421:31:421:Infinity":110,"s:422:14:422:Infinity":111,"s:423:14:423:Infinity":112,"b:430:9:430:Infinity:431:10:447:Infinity":31,"f:438:24:438:25":19,"s:439:33:439:Infinity":113,"s:440:16:440:Infinity":114,"s:441:16:441:Infinity":115,"b:449:9:449:Infinity:450:10:466:Infinity":32,"f:456:26:456:27":20,"s:457:35:457:Infinity":116,"s:458:18:458:Infinity":117,"s:459:18:459:Infinity":118,"s:474:2:485:Infinity":119,"b:477:9:477:37:477:37:477:Infinity":33,"b:478:9:478:37:478:37:478:Infinity":34,"b:479:9:479:37:479:37:479:Infinity":35}}}
,"/Users/rshoemake/Documents/cursor/cursor-test/frontend/src/components/editors/LoopNodeEditor.tsx": {"path":"/Users/rshoemake/Documents/cursor/cursor-test/frontend/src/components/editors/LoopNodeEditor.tsx","statementMap":{"0":{"start":{"line":21,"column":8},"end":{"line":21,"column":null}},"1":{"start":{"line":22,"column":58},"end":{"line":22,"column":null}},"2":{"start":{"line":25,"column":2},"end":{"line":31,"column":null}},"3":{"start":{"line":26,"column":23},"end":{"line":26,"column":null}},"4":{"start":{"line":28,"column":4},"end":{"line":30,"column":null}},"5":{"start":{"line":29,"column":6},"end":{"line":29,"column":null}},"6":{"start":{"line":33,"column":21},"end":{"line":33,"column":null}},"7":{"start":{"line":34,"column":19},"end":{"line":34,"column":null}},"8":{"start":{"line":36,"column":2},"end":{"line":94,"column":null}},"9":{"start":{"line":50,"column":38},"end":{"line":50,"column":null}},"10":{"start":{"line":51,"column":12},"end":{"line":56,"column":null}},"11":{"start":{"line":82,"column":29},"end":{"line":82,"column":null}},"12":{"start":{"line":83,"column":12},"end":{"line":83,"column":null}},"13":{"start":{"line":84,"column":12},"end":{"line":84,"column":null}}},"fnMap":{"0":{"name":"LoopNodeEditor","decl":{"start":{"line":16,"column":24},"end":{"line":16,"column":39}},"loc":{"start":{"line":20,"column":24},"end":{"line":96,"column":null}},"line":20},"1":{"name":"(anonymous_1)","decl":{"start":{"line":25,"column":12},"end":{"line":25,"column":18}},"loc":{"start":{"line":25,"column":18},"end":{"line":31,"column":5}},"line":25},"2":{"name":"(anonymous_2)","decl":{"start":{"line":49,"column":20},"end":{"line":49,"column":21}},"loc":{"start":{"line":49,"column":27},"end":{"line":57,"column":null}},"line":49},"3":{"name":"(anonymous_3)","decl":{"start":{"line":81,"column":20},"end":{"line":81,"column":21}},"loc":{"start":{"line":81,"column":27},"end":{"line":85,"column":null}},"line":81}},"branchMap":{"0":{"loc":{"start":{"line":26,"column":23},"end":{"line":26,"column":null}},"type":"binary-expr","locations":[{"start":{"line":26,"column":23},"end":{"line":26,"column":48}},{"start":{"line":26,"column":48},"end":{"line":26,"column":null}}],"line":26},"1":{"loc":{"start":{"line":28,"column":4},"end":{"line":30,"column":null}},"type":"if","locations":[{"start":{"line":28,"column":4},"end":{"line":30,"column":null}},{"start":{},"end":{}}],"line":28},"2":{"loc":{"start":{"line":29,"column":32},"end":{"line":29,"column":62}},"type":"binary-expr","locations":[{"start":{"line":29,"column":32},"end":{"line":29,"column":61}},{"start":{"line":29,"column":61},"end":{"line":29,"column":62}}],"line":29},"3":{"loc":{"start":{"line":33,"column":21},"end":{"line":33,"column":null}},"type":"binary-expr","locations":[{"start":{"line":33,"column":21},"end":{"line":33,"column":46}},{"start":{"line":33,"column":46},"end":{"line":33,"column":null}}],"line":33},"4":{"loc":{"start":{"line":34,"column":19},"end":{"line":34,"column":null}},"type":"binary-expr","locations":[{"start":{"line":34,"column":19},"end":{"line":34,"column":43}},{"start":{"line":34,"column":43},"end":{"line":34,"column":null}}],"line":34},"5":{"loc":{"start":{"line":53,"column":30},"end":{"line":53,"column":null}},"type":"binary-expr","locations":[{"start":{"line":53,"column":30},"end":{"line":53,"column":66}},{"start":{"line":53,"column":66},"end":{"line":53,"column":null}}],"line":53},"6":{"loc":{"start":{"line":82,"column":29},"end":{"line":82,"column":null}},"type":"binary-expr","locations":[{"start":{"line":82,"column":29},"end":{"line":82,"column":57}},{"start":{"line":82,"column":57},"end":{"line":82,"column":null}}],"line":82}},"s":{"0":24,"1":24,"2":24,"3":12,"4":12,"5":11,"6":24,"7":24,"8":24,"9":1,"10":1,"11":6,"12":6,"13":6},"f":{"0":24,"1":12,"2":1,"3":6},"b":{"0":[12,0],"1":[11,1],"2":[11,1],"3":[24,0],"4":[24,0],"5":[1,0],"6":[6,4]},"meta":{"lastBranch":7,"lastFunction":4,"lastStatement":14,"seen":{"f:16:24:16:39":0,"s:21:8:21:Infinity":0,"s:22:58:22:Infinity":1,"s:25:2:31:Infinity":2,"f:25:12:25:18":1,"s:26:23:26:Infinity":3,"b:26:23:26:48:26:48:26:Infinity":0,"b:28:4:30:Infinity:undefined:undefined:undefined:undefined":1,"s:28:4:30:Infinity":4,"s:29:6:29:Infinity":5,"b:29:32:29:61:29:61:29:62":2,"s:33:21:33:Infinity":6,"b:33:21:33:46:33:46:33:Infinity":3,"s:34:19:34:Infinity":7,"b:34:19:34:43:34:43:34:Infinity":4,"s:36:2:94:Infinity":8,"f:49:20:49:21":2,"s:50:38:50:Infinity":9,"s:51:12:56:Infinity":10,"b:53:30:53:66:53:66:53:Infinity":5,"f:81:20:81:21":3,"s:82:29:82:Infinity":11,"b:82:29:82:57:82:57:82:Infinity":6,"s:83:12:83:Infinity":12,"s:84:12:84:Infinity":13}}}
,"/Users/rshoemake/Documents/cursor/cursor-test/frontend/src/hooks/useLocalStorage.ts": {"path":"/Users/rshoemake/Documents/cursor/cursor-test/frontend/src/hooks/useLocalStorage.ts","statementMap":{"0":{"start":{"line":13,"column":36},"end":{"line":25,"column":null}},"1":{"start":{"line":14,"column":4},"end":{"line":16,"column":null}},"2":{"start":{"line":15,"column":6},"end":{"line":15,"column":null}},"3":{"start":{"line":18,"column":4},"end":{"line":24,"column":null}},"4":{"start":{"line":19,"column":19},"end":{"line":19,"column":null}},"5":{"start":{"line":20,"column":6},"end":{"line":20,"column":null}},"6":{"start":{"line":22,"column":6},"end":{"line":22,"column":null}},"7":{"start":{"line":23,"column":6},"end":{"line":23,"column":null}},"8":{"start":{"line":29,"column":8},"end":{"line":47,"column":null}},"9":{"start":{"line":31,"column":6},"end":{"line":44,"column":null}},"10":{"start":{"line":33,"column":29},"end":{"line":33,"column":null}},"11":{"start":{"line":36,"column":8},"end":{"line":36,"column":null}},"12":{"start":{"line":39,"column":8},"end":{"line":41,"column":null}},"13":{"start":{"line":40,"column":10},"end":{"line":40,"column":null}},"14":{"start":{"line":43,"column":8},"end":{"line":43,"column":null}},"15":{"start":{"line":50,"column":8},"end":{"line":59,"column":null}},"16":{"start":{"line":51,"column":4},"end":{"line":58,"column":null}},"17":{"start":{"line":52,"column":6},"end":{"line":52,"column":null}},"18":{"start":{"line":53,"column":6},"end":{"line":55,"column":null}},"19":{"start":{"line":54,"column":8},"end":{"line":54,"column":null}},"20":{"start":{"line":57,"column":6},"end":{"line":57,"column":null}},"21":{"start":{"line":62,"column":2},"end":{"line":79,"column":null}},"22":{"start":{"line":63,"column":4},"end":{"line":65,"column":null}},"23":{"start":{"line":64,"column":6},"end":{"line":64,"column":null}},"24":{"start":{"line":67,"column":32},"end":{"line":75,"column":null}},"25":{"start":{"line":68,"column":6},"end":{"line":74,"column":null}},"26":{"start":{"line":69,"column":8},"end":{"line":73,"column":null}},"27":{"start":{"line":70,"column":10},"end":{"line":70,"column":null}},"28":{"start":{"line":72,"column":10},"end":{"line":72,"column":null}},"29":{"start":{"line":77,"column":4},"end":{"line":77,"column":null}},"30":{"start":{"line":78,"column":4},"end":{"line":78,"column":null}},"31":{"start":{"line":78,"column":17},"end":{"line":78,"column":null}},"32":{"start":{"line":81,"column":2},"end":{"line":81,"column":null}},"33":{"start":{"line":89,"column":2},"end":{"line":91,"column":null}},"34":{"start":{"line":90,"column":4},"end":{"line":90,"column":null}},"35":{"start":{"line":93,"column":2},"end":{"line":127,"column":null}},"36":{"start":{"line":94,"column":17},"end":{"line":94,"column":null}},"37":{"start":{"line":95,"column":4},"end":{"line":97,"column":null}},"38":{"start":{"line":96,"column":6},"end":{"line":96,"column":null}},"39":{"start":{"line":100,"column":4},"end":{"line":123,"column":null}},"40":{"start":{"line":101,"column":6},"end":{"line":101,"column":null}},"41":{"start":{"line":106,"column":28},"end":{"line":106,"column":null}},"42":{"start":{"line":108,"column":6},"end":{"line":112,"column":null}},"43":{"start":{"line":110,"column":8},"end":{"line":110,"column":null}},"44":{"start":{"line":111,"column":8},"end":{"line":111,"column":null}},"45":{"start":{"line":116,"column":6},"end":{"line":118,"column":null}},"46":{"start":{"line":117,"column":8},"end":{"line":117,"column":null}},"47":{"start":{"line":121,"column":6},"end":{"line":121,"column":null}},"48":{"start":{"line":122,"column":6},"end":{"line":122,"column":null}},"49":{"start":{"line":125,"column":4},"end":{"line":125,"column":null}},"50":{"start":{"line":126,"column":4},"end":{"line":126,"column":null}},"51":{"start":{"line":134,"column":2},"end":{"line":136,"column":null}},"52":{"start":{"line":135,"column":4},"end":{"line":135,"column":null}},"53":{"start":{"line":138,"column":2},"end":{"line":144,"column":null}},"54":{"start":{"line":139,"column":4},"end":{"line":139,"column":null}},"55":{"start":{"line":140,"column":4},"end":{"line":140,"column":null}},"56":{"start":{"line":142,"column":4},"end":{"line":142,"column":null}},"57":{"start":{"line":143,"column":4},"end":{"line":143,"column":null}},"58":{"start":{"line":151,"column":2},"end":{"line":153,"column":null}},"59":{"start":{"line":152,"column":4},"end":{"line":152,"column":null}},"60":{"start":{"line":155,"column":2},"end":{"line":161,"column":null}},"61":{"start":{"line":156,"column":4},"end":{"line":156,"column":null}},"62":{"start":{"line":157,"column":4},"end":{"line":157,"column":null}},"63":{"start":{"line":159,"column":4},"end":{"line":159,"column":null}},"64":{"start":{"line":160,"column":4},"end":{"line":160,"column":null}}},"fnMap":{"0":{"name":"useLocalStorage","decl":{"start":{"line":8,"column":16},"end":{"line":8,"column":null}},"loc":{"start":{"line":11,"column":57},"end":{"line":82,"column":null}},"line":11},"1":{"name":"(anonymous_1)","decl":{"start":{"line":13,"column":52},"end":{"line":13,"column":58}},"loc":{"start":{"line":13,"column":58},"end":{"line":25,"column":3}},"line":13},"2":{"name":"(anonymous_2)","decl":{"start":{"line":30,"column":4},"end":{"line":30,"column":5}},"loc":{"start":{"line":30,"column":36},"end":{"line":45,"column":null}},"line":30},"3":{"name":"(anonymous_3)","decl":{"start":{"line":50,"column":34},"end":{"line":50,"column":40}},"loc":{"start":{"line":50,"column":40},"end":{"line":59,"column":5}},"line":50},"4":{"name":"(anonymous_4)","decl":{"start":{"line":62,"column":12},"end":{"line":62,"column":18}},"loc":{"start":{"line":62,"column":18},"end":{"line":79,"column":5}},"line":62},"5":{"name":"(anonymous_5)","decl":{"start":{"line":67,"column":32},"end":{"line":67,"column":33}},"loc":{"start":{"line":67,"column":53},"end":{"line":75,"column":null}},"line":67},"6":{"name":"(anonymous_6)","decl":{"start":{"line":78,"column":11},"end":{"line":78,"column":17}},"loc":{"start":{"line":78,"column":17},"end":{"line":78,"column":null}},"line":78},"7":{"name":"getLocalStorageItem","decl":{"start":{"line":88,"column":16},"end":{"line":88,"column":39}},"loc":{"start":{"line":88,"column":72},"end":{"line":128,"column":null}},"line":88},"8":{"name":"setLocalStorageItem","decl":{"start":{"line":133,"column":16},"end":{"line":133,"column":39}},"loc":{"start":{"line":133,"column":71},"end":{"line":145,"column":null}},"line":133},"9":{"name":"removeLocalStorageItem","decl":{"start":{"line":150,"column":16},"end":{"line":150,"column":39}},"loc":{"start":{"line":150,"column":61},"end":{"line":162,"column":null}},"line":150}},"branchMap":{"0":{"loc":{"start":{"line":14,"column":4},"end":{"line":16,"column":null}},"type":"if","locations":[{"start":{"line":14,"column":4},"end":{"line":16,"column":null}},{"start":{},"end":{}}],"line":14},"1":{"loc":{"start":{"line":20,"column":13},"end":{"line":20,"column":null}},"type":"cond-expr","locations":[{"start":{"line":20,"column":20},"end":{"line":20,"column":39}},{"start":{"line":20,"column":39},"end":{"line":20,"column":null}}],"line":20},"2":{"loc":{"start":{"line":33,"column":29},"end":{"line":33,"column":null}},"type":"cond-expr","locations":[{"start":{"line":33,"column":57},"end":{"line":33,"column":78}},{"start":{"line":33,"column":78},"end":{"line":33,"column":null}}],"line":33},"3":{"loc":{"start":{"line":39,"column":8},"end":{"line":41,"column":null}},"type":"if","locations":[{"start":{"line":39,"column":8},"end":{"line":41,"column":null}},{"start":{},"end":{}}],"line":39},"4":{"loc":{"start":{"line":53,"column":6},"end":{"line":55,"column":null}},"type":"if","locations":[{"start":{"line":53,"column":6},"end":{"line":55,"column":null}},{"start":{},"end":{}}],"line":53},"5":{"loc":{"start":{"line":63,"column":4},"end":{"line":65,"column":null}},"type":"if","locations":[{"start":{"line":63,"column":4},"end":{"line":65,"column":null}},{"start":{},"end":{}}],"line":63},"6":{"loc":{"start":{"line":68,"column":6},"end":{"line":74,"column":null}},"type":"if","locations":[{"start":{"line":68,"column":6},"end":{"line":74,"column":null}},{"start":{},"end":{}}],"line":68},"7":{"loc":{"start":{"line":68,"column":10},"end":{"line":68,"column":39}},"type":"binary-expr","locations":[{"start":{"line":68,"column":10},"end":{"line":68,"column":27}},{"start":{"line":68,"column":27},"end":{"line":68,"column":39}}],"line":68},"8":{"loc":{"start":{"line":89,"column":2},"end":{"line":91,"column":null}},"type":"if","locations":[{"start":{"line":89,"column":2},"end":{"line":91,"column":null}},{"start":{},"end":{}}],"line":89},"9":{"loc":{"start":{"line":95,"column":4},"end":{"line":97,"column":null}},"type":"if","locations":[{"start":{"line":95,"column":4},"end":{"line":97,"column":null}},{"start":{},"end":{}}],"line":95},"10":{"loc":{"start":{"line":106,"column":28},"end":{"line":106,"column":null}},"type":"binary-expr","locations":[{"start":{"line":106,"column":28},"end":{"line":106,"column":59}},{"start":{"line":106,"column":59},"end":{"line":106,"column":null}}],"line":106},"11":{"loc":{"start":{"line":108,"column":6},"end":{"line":112,"column":null}},"type":"if","locations":[{"start":{"line":108,"column":6},"end":{"line":112,"column":null}},{"start":{},"end":{}}],"line":108},"12":{"loc":{"start":{"line":116,"column":6},"end":{"line":118,"column":null}},"type":"if","locations":[{"start":{"line":116,"column":6},"end":{"line":118,"column":null}},{"start":{},"end":{}}],"line":116},"13":{"loc":{"start":{"line":116,"column":10},"end":{"line":116,"column":69}},"type":"binary-expr","locations":[{"start":{"line":116,"column":10},"end":{"line":116,"column":46}},{"start":{"line":116,"column":46},"end":{"line":116,"column":69}}],"line":116},"14":{"loc":{"start":{"line":134,"column":2},"end":{"line":136,"column":null}},"type":"if","locations":[{"start":{"line":134,"column":2},"end":{"line":136,"column":null}},{"start":{},"end":{}}],"line":134},"15":{"loc":{"start":{"line":151,"column":2},"end":{"line":153,"column":null}},"type":"if","locations":[{"start":{"line":151,"column":2},"end":{"line":153,"column":null}},{"start":{},"end":{}}],"line":151}},"s":{"0":26,"1":18,"2":0,"3":18,"4":18,"5":18,"6":0,"7":0,"8":26,"9":11,"10":11,"11":11,"12":11,"13":11,"14":2,"15":26,"16":1,"17":1,"18":1,"19":1,"20":0,"21":26,"22":18,"23":0,"24":18,"25":4,"26":1,"27":1,"28":0,"29":18,"30":18,"31":18,"32":26,"33":11,"34":0,"35":11,"36":11,"37":11,"38":1,"39":9,"40":9,"41":8,"42":8,"43":5,"44":5,"45":3,"46":2,"47":1,"48":1,"49":1,"50":1,"51":3,"52":0,"53":3,"54":3,"55":3,"56":1,"57":1,"58":3,"59":0,"60":3,"61":3,"62":3,"63":1,"64":1},"f":{"0":26,"1":18,"2":11,"3":1,"4":18,"5":4,"6":18,"7":11,"8":3,"9":3},"b":{"0":[0,18],"1":[3,15],"2":[1,10],"3":[11,0],"4":[1,0],"5":[0,18],"6":[1,3],"7":[4,2],"8":[0,11],"9":[1,10],"10":[8,4],"11":[5,3],"12":[2,1],"13":[3,2],"14":[0,3],"15":[0,3]},"meta":{"lastBranch":16,"lastFunction":10,"lastStatement":65,"seen":{"f:8:16:8:Infinity":0,"s:13:36:25:Infinity":0,"f:13:52:13:58":1,"b:14:4:16:Infinity:undefined:undefined:undefined:undefined":0,"s:14:4:16:Infinity":1,"s:15:6:15:Infinity":2,"s:18:4:24:Infinity":3,"s:19:19:19:Infinity":4,"s:20:6:20:Infinity":5,"b:20:20:20:39:20:39:20:Infinity":1,"s:22:6:22:Infinity":6,"s:23:6:23:Infinity":7,"s:29:8:47:Infinity":8,"f:30:4:30:5":2,"s:31:6:44:Infinity":9,"s:33:29:33:Infinity":10,"b:33:57:33:78:33:78:33:Infinity":2,"s:36:8:36:Infinity":11,"b:39:8:41:Infinity:undefined:undefined:undefined:undefined":3,"s:39:8:41:Infinity":12,"s:40:10:40:Infinity":13,"s:43:8:43:Infinity":14,"s:50:8:59:Infinity":15,"f:50:34:50:40":3,"s:51:4:58:Infinity":16,"s:52:6:52:Infinity":17,"b:53:6:55:Infinity:undefined:undefined:undefined:undefined":4,"s:53:6:55:Infinity":18,"s:54:8:54:Infinity":19,"s:57:6:57:Infinity":20,"s:62:2:79:Infinity":21,"f:62:12:62:18":4,"b:63:4:65:Infinity:undefined:undefined:undefined:undefined":5,"s:63:4:65:Infinity":22,"s:64:6:64:Infinity":23,"s:67:32:75:Infinity":24,"f:67:32:67:33":5,"b:68:6:74:Infinity:undefined:undefined:undefined:undefined":6,"s:68:6:74:Infinity":25,"b:68:10:68:27:68:27:68:39":7,"s:69:8:73:Infinity":26,"s:70:10:70:Infinity":27,"s:72:10:72:Infinity":28,"s:77:4:77:Infinity":29,"s:78:4:78:Infinity":30,"f:78:11:78:17":6,"s:78:17:78:Infinity":31,"s:81:2:81:Infinity":32,"f:88:16:88:39":7,"b:89:2:91:Infinity:undefined:undefined:undefined:undefined":8,"s:89:2:91:Infinity":33,"s:90:4:90:Infinity":34,"s:93:2:127:Infinity":35,"s:94:17:94:Infinity":36,"b:95:4:97:Infinity:undefined:undefined:undefined:undefined":9,"s:95:4:97:Infinity":37,"s:96:6:96:Infinity":38,"s:100:4:123:Infinity":39,"s:101:6:101:Infinity":40,"s:106:28:106:Infinity":41,"b:106:28:106:59:106:59:106:Infinity":10,"b:108:6:112:Infinity:undefined:undefined:undefined:undefined":11,"s:108:6:112:Infinity":42,"s:110:8:110:Infinity":43,"s:111:8:111:Infinity":44,"b:116:6:118:Infinity:undefined:undefined:undefined:undefined":12,"s:116:6:118:Infinity":45,"b:116:10:116:46:116:46:116:69":13,"s:117:8:117:Infinity":46,"s:121:6:121:Infinity":47,"s:122:6:122:Infinity":48,"s:125:4:125:Infinity":49,"s:126:4:126:Infinity":50,"f:133:16:133:39":8,"b:134:2:136:Infinity:undefined:undefined:undefined:undefined":14,"s:134:2:136:Infinity":51,"s:135:4:135:Infinity":52,"s:138:2:144:Infinity":53,"s:139:4:139:Infinity":54,"s:140:4:140:Infinity":55,"s:142:4:142:Infinity":56,"s:143:4:143:Infinity":57,"f:150:16:150:39":9,"b:151:2:153:Infinity:undefined:undefined:undefined:undefined":15,"s:151:2:153:Infinity":58,"s:152:4:152:Infinity":59,"s:155:2:161:Infinity":60,"s:156:4:156:Infinity":61,"s:157:4:157:Infinity":62,"s:159:4:159:Infinity":63,"s:160:4:160:Infinity":64}}}
,"/Users/rshoemake/Documents/cursor/cursor-test/frontend/src/hooks/useWebSocket.ts": {"path":"/Users/rshoemake/Documents/cursor/cursor-test/frontend/src/hooks/useWebSocket.ts","statementMap":{"0":{"start":{"line":39,"column":36},"end":{"line":39,"column":null}},"1":{"start":{"line":40,"column":8},"end":{"line":40,"column":null}},"2":{"start":{"line":41,"column":8},"end":{"line":41,"column":null}},"3":{"start":{"line":42,"column":8},"end":{"line":42,"column":null}},"4":{"start":{"line":43,"column":31},"end":{"line":43,"column":null}},"5":{"start":{"line":44,"column":8},"end":{"line":44,"column":null}},"6":{"start":{"line":46,"column":8},"end":{"line":198,"column":null}},"7":{"start":{"line":47,"column":4},"end":{"line":49,"column":null}},"8":{"start":{"line":48,"column":6},"end":{"line":48,"column":null}},"9":{"start":{"line":52,"column":4},"end":{"line":55,"column":null}},"10":{"start":{"line":53,"column":6},"end":{"line":53,"column":null}},"11":{"start":{"line":54,"column":6},"end":{"line":54,"column":null}},"12":{"start":{"line":58,"column":26},"end":{"line":58,"column":null}},"13":{"start":{"line":59,"column":4},"end":{"line":62,"column":null}},"14":{"start":{"line":60,"column":6},"end":{"line":60,"column":null}},"15":{"start":{"line":61,"column":6},"end":{"line":61,"column":null}},"16":{"start":{"line":65,"column":4},"end":{"line":68,"column":null}},"17":{"start":{"line":66,"column":6},"end":{"line":66,"column":null}},"18":{"start":{"line":67,"column":6},"end":{"line":67,"column":null}},"19":{"start":{"line":72,"column":21},"end":{"line":72,"column":null}},"20":{"start":{"line":73,"column":17},"end":{"line":73,"column":null}},"21":{"start":{"line":74,"column":18},"end":{"line":74,"column":null}},"22":{"start":{"line":76,"column":4},"end":{"line":76,"column":null}},"23":{"start":{"line":78,"column":4},"end":{"line":197,"column":null}},"24":{"start":{"line":79,"column":17},"end":{"line":79,"column":null}},"25":{"start":{"line":80,"column":6},"end":{"line":80,"column":null}},"26":{"start":{"line":82,"column":6},"end":{"line":86,"column":null}},"27":{"start":{"line":83,"column":8},"end":{"line":83,"column":null}},"28":{"start":{"line":84,"column":8},"end":{"line":84,"column":null}},"29":{"start":{"line":85,"column":8},"end":{"line":85,"column":null}},"30":{"start":{"line":88,"column":6},"end":{"line":126,"column":null}},"31":{"start":{"line":89,"column":8},"end":{"line":125,"column":null}},"32":{"start":{"line":90,"column":44},"end":{"line":90,"column":null}},"33":{"start":{"line":92,"column":10},"end":{"line":122,"column":null}},"34":{"start":{"line":94,"column":14},"end":{"line":96,"column":null}},"35":{"start":{"line":95,"column":16},"end":{"line":95,"column":null}},"36":{"start":{"line":97,"column":14},"end":{"line":97,"column":null}},"37":{"start":{"line":99,"column":14},"end":{"line":101,"column":null}},"38":{"start":{"line":100,"column":16},"end":{"line":100,"column":null}},"39":{"start":{"line":102,"column":14},"end":{"line":102,"column":null}},"40":{"start":{"line":104,"column":14},"end":{"line":110,"column":null}},"41":{"start":{"line":106,"column":32},"end":{"line":106,"column":null}},"42":{"start":{"line":107,"column":16},"end":{"line":109,"column":null}},"43":{"start":{"line":108,"column":18},"end":{"line":108,"column":null}},"44":{"start":{"line":111,"column":14},"end":{"line":111,"column":null}},"45":{"start":{"line":113,"column":14},"end":{"line":115,"column":null}},"46":{"start":{"line":114,"column":16},"end":{"line":114,"column":null}},"47":{"start":{"line":116,"column":14},"end":{"line":116,"column":null}},"48":{"start":{"line":118,"column":14},"end":{"line":120,"column":null}},"49":{"start":{"line":119,"column":16},"end":{"line":119,"column":null}},"50":{"start":{"line":121,"column":14},"end":{"line":121,"column":null}},"51":{"start":{"line":124,"column":10},"end":{"line":124,"column":null}},"52":{"start":{"line":128,"column":6},"end":{"line":143,"column":null}},"53":{"start":{"line":130,"column":29},"end":{"line":130,"column":null}},"54":{"start":{"line":131,"column":24},"end":{"line":131,"column":null}},"55":{"start":{"line":132,"column":28},"end":{"line":135,"column":null}},"56":{"start":{"line":137,"column":8},"end":{"line":141,"column":null}},"57":{"start":{"line":142,"column":8},"end":{"line":142,"column":null}},"58":{"start":{"line":145,"column":6},"end":{"line":190,"column":null}},"59":{"start":{"line":146,"column":43},"end":{"line":146,"column":null}},"60":{"start":{"line":147,"column":8},"end":{"line":152,"column":null}},"61":{"start":{"line":153,"column":8},"end":{"line":153,"column":null}},"62":{"start":{"line":154,"column":8},"end":{"line":154,"column":null}},"63":{"start":{"line":157,"column":8},"end":{"line":160,"column":null}},"64":{"start":{"line":158,"column":10},"end":{"line":158,"column":null}},"65":{"start":{"line":159,"column":10},"end":{"line":159,"column":null}},"66":{"start":{"line":163,"column":30},"end":{"line":163,"column":null}},"67":{"start":{"line":164,"column":8},"end":{"line":167,"column":null}},"68":{"start":{"line":165,"column":10},"end":{"line":165,"column":null}},"69":{"start":{"line":166,"column":10},"end":{"line":166,"column":null}},"70":{"start":{"line":170,"column":8},"end":{"line":173,"column":null}},"71":{"start":{"line":171,"column":10},"end":{"line":171,"column":null}},"72":{"start":{"line":172,"column":10},"end":{"line":172,"column":null}},"73":{"start":{"line":176,"column":8},"end":{"line":189,"column":null}},"74":{"start":{"line":177,"column":10},"end":{"line":177,"column":null}},"75":{"start":{"line":178,"column":24},"end":{"line":178,"column":null}},"76":{"start":{"line":179,"column":10},"end":{"line":179,"column":null}},"77":{"start":{"line":181,"column":10},"end":{"line":183,"column":null}},"78":{"start":{"line":182,"column":12},"end":{"line":182,"column":null}},"79":{"start":{"line":184,"column":8},"end":{"line":189,"column":null}},"80":{"start":{"line":185,"column":10},"end":{"line":185,"column":null}},"81":{"start":{"line":186,"column":10},"end":{"line":188,"column":null}},"82":{"start":{"line":187,"column":12},"end":{"line":187,"column":null}},"83":{"start":{"line":192,"column":6},"end":{"line":192,"column":null}},"84":{"start":{"line":193,"column":6},"end":{"line":193,"column":null}},"85":{"start":{"line":194,"column":6},"end":{"line":196,"column":null}},"86":{"start":{"line":195,"column":8},"end":{"line":195,"column":null}},"87":{"start":{"line":201,"column":2},"end":{"line":220,"column":null}},"88":{"start":{"line":202,"column":4},"end":{"line":219,"column":null}},"89":{"start":{"line":203,"column":6},"end":{"line":203,"column":null}},"90":{"start":{"line":206,"column":6},"end":{"line":218,"column":null}},"91":{"start":{"line":207,"column":8},"end":{"line":211,"column":null}},"92":{"start":{"line":208,"column":10},"end":{"line":208,"column":null}},"93":{"start":{"line":209,"column":10},"end":{"line":209,"column":null}},"94":{"start":{"line":210,"column":10},"end":{"line":210,"column":null}},"95":{"start":{"line":212,"column":8},"end":{"line":212,"column":null}},"96":{"start":{"line":214,"column":8},"end":{"line":217,"column":null}},"97":{"start":{"line":215,"column":10},"end":{"line":215,"column":null}},"98":{"start":{"line":216,"column":10},"end":{"line":216,"column":null}},"99":{"start":{"line":222,"column":2},"end":{"line":272,"column":null}},"100":{"start":{"line":224,"column":4},"end":{"line":227,"column":null}},"101":{"start":{"line":225,"column":6},"end":{"line":225,"column":null}},"102":{"start":{"line":226,"column":6},"end":{"line":226,"column":null}},"103":{"start":{"line":230,"column":4},"end":{"line":230,"column":null}},"104":{"start":{"line":232,"column":4},"end":{"line":259,"column":null}},"105":{"start":{"line":234,"column":6},"end":{"line":242,"column":null}},"106":{"start":{"line":236,"column":8},"end":{"line":239,"column":null}},"107":{"start":{"line":237,"column":10},"end":{"line":237,"column":null}},"108":{"start":{"line":238,"column":10},"end":{"line":238,"column":null}},"109":{"start":{"line":240,"column":8},"end":{"line":240,"column":null}},"110":{"start":{"line":241,"column":8},"end":{"line":241,"column":null}},"111":{"start":{"line":245,"column":28},"end":{"line":245,"column":null}},"112":{"start":{"line":246,"column":6},"end":{"line":249,"column":null}},"113":{"start":{"line":247,"column":8},"end":{"line":247,"column":null}},"114":{"start":{"line":248,"column":8},"end":{"line":248,"column":null}},"115":{"start":{"line":251,"column":6},"end":{"line":251,"column":null}},"116":{"start":{"line":254,"column":6},"end":{"line":257,"column":null}},"117":{"start":{"line":255,"column":8},"end":{"line":255,"column":null}},"118":{"start":{"line":256,"column":8},"end":{"line":256,"column":null}},"119":{"start":{"line":258,"column":6},"end":{"line":258,"column":null}},"120":{"start":{"line":261,"column":4},"end":{"line":271,"column":null}},"121":{"start":{"line":262,"column":6},"end":{"line":265,"column":null}},"122":{"start":{"line":263,"column":8},"end":{"line":263,"column":null}},"123":{"start":{"line":264,"column":8},"end":{"line":264,"column":null}},"124":{"start":{"line":266,"column":6},"end":{"line":269,"column":null}},"125":{"start":{"line":267,"column":8},"end":{"line":267,"column":null}},"126":{"start":{"line":268,"column":8},"end":{"line":268,"column":null}},"127":{"start":{"line":270,"column":6},"end":{"line":270,"column":null}},"128":{"start":{"line":274,"column":2},"end":{"line":274,"column":null}}},"fnMap":{"0":{"name":"useWebSocket","decl":{"start":{"line":30,"column":16},"end":{"line":30,"column":29}},"loc":{"start":{"line":38,"column":24},"end":{"line":275,"column":null}},"line":38},"1":{"name":"(anonymous_1)","decl":{"start":{"line":46,"column":30},"end":{"line":46,"column":36}},"loc":{"start":{"line":46,"column":36},"end":{"line":198,"column":5}},"line":46},"2":{"name":"(anonymous_2)","decl":{"start":{"line":82,"column":18},"end":{"line":82,"column":24}},"loc":{"start":{"line":82,"column":24},"end":{"line":86,"column":null}},"line":82},"3":{"name":"(anonymous_3)","decl":{"start":{"line":88,"column":21},"end":{"line":88,"column":22}},"loc":{"start":{"line":88,"column":32},"end":{"line":126,"column":null}},"line":88},"4":{"name":"(anonymous_4)","decl":{"start":{"line":128,"column":19},"end":{"line":128,"column":20}},"loc":{"start":{"line":128,"column":30},"end":{"line":143,"column":null}},"line":128},"5":{"name":"(anonymous_5)","decl":{"start":{"line":145,"column":19},"end":{"line":145,"column":20}},"loc":{"start":{"line":145,"column":30},"end":{"line":190,"column":null}},"line":145},"6":{"name":"(anonymous_6)","decl":{"start":{"line":181,"column":51},"end":{"line":181,"column":57}},"loc":{"start":{"line":181,"column":57},"end":{"line":183,"column":13}},"line":181},"7":{"name":"(anonymous_7)","decl":{"start":{"line":201,"column":12},"end":{"line":201,"column":18}},"loc":{"start":{"line":201,"column":18},"end":{"line":220,"column":5}},"line":201},"8":{"name":"(anonymous_8)","decl":{"start":{"line":222,"column":12},"end":{"line":222,"column":18}},"loc":{"start":{"line":222,"column":18},"end":{"line":272,"column":5}},"line":222},"9":{"name":"(anonymous_9)","decl":{"start":{"line":261,"column":11},"end":{"line":261,"column":17}},"loc":{"start":{"line":261,"column":17},"end":{"line":271,"column":null}},"line":261}},"branchMap":{"0":{"loc":{"start":{"line":47,"column":4},"end":{"line":49,"column":null}},"type":"if","locations":[{"start":{"line":47,"column":4},"end":{"line":49,"column":null}},{"start":{},"end":{}}],"line":47},"1":{"loc":{"start":{"line":52,"column":4},"end":{"line":55,"column":null}},"type":"if","locations":[{"start":{"line":52,"column":4},"end":{"line":55,"column":null}},{"start":{},"end":{}}],"line":52},"2":{"loc":{"start":{"line":58,"column":26},"end":{"line":58,"column":null}},"type":"binary-expr","locations":[{"start":{"line":58,"column":26},"end":{"line":58,"column":45}},{"start":{"line":58,"column":45},"end":{"line":58,"column":null}}],"line":58},"3":{"loc":{"start":{"line":59,"column":4},"end":{"line":62,"column":null}},"type":"if","locations":[{"start":{"line":59,"column":4},"end":{"line":62,"column":null}},{"start":{},"end":{}}],"line":59},"4":{"loc":{"start":{"line":59,"column":8},"end":{"line":59,"column":69}},"type":"binary-expr","locations":[{"start":{"line":59,"column":8},"end":{"line":59,"column":41}},{"start":{"line":59,"column":41},"end":{"line":59,"column":69}}],"line":59},"5":{"loc":{"start":{"line":65,"column":4},"end":{"line":68,"column":null}},"type":"if","locations":[{"start":{"line":65,"column":4},"end":{"line":68,"column":null}},{"start":{},"end":{}}],"line":65},"6":{"loc":{"start":{"line":72,"column":21},"end":{"line":72,"column":null}},"type":"cond-expr","locations":[{"start":{"line":72,"column":61},"end":{"line":72,"column":70}},{"start":{"line":72,"column":70},"end":{"line":72,"column":null}}],"line":72},"7":{"loc":{"start":{"line":92,"column":10},"end":{"line":122,"column":null}},"type":"switch","locations":[{"start":{"line":93,"column":12},"end":{"line":97,"column":null}},{"start":{"line":98,"column":12},"end":{"line":102,"column":null}},{"start":{"line":103,"column":12},"end":{"line":111,"column":null}},{"start":{"line":112,"column":12},"end":{"line":116,"column":null}},{"start":{"line":117,"column":12},"end":{"line":121,"column":null}}],"line":92},"8":{"loc":{"start":{"line":94,"column":14},"end":{"line":96,"column":null}},"type":"if","locations":[{"start":{"line":94,"column":14},"end":{"line":96,"column":null}},{"start":{},"end":{}}],"line":94},"9":{"loc":{"start":{"line":94,"column":18},"end":{"line":94,"column":40}},"type":"binary-expr","locations":[{"start":{"line":94,"column":18},"end":{"line":94,"column":33}},{"start":{"line":94,"column":33},"end":{"line":94,"column":40}}],"line":94},"10":{"loc":{"start":{"line":99,"column":14},"end":{"line":101,"column":null}},"type":"if","locations":[{"start":{"line":99,"column":14},"end":{"line":101,"column":null}},{"start":{},"end":{}}],"line":99},"11":{"loc":{"start":{"line":99,"column":18},"end":{"line":99,"column":46}},"type":"binary-expr","locations":[{"start":{"line":99,"column":18},"end":{"line":99,"column":36}},{"start":{"line":99,"column":36},"end":{"line":99,"column":46}}],"line":99},"12":{"loc":{"start":{"line":104,"column":14},"end":{"line":110,"column":null}},"type":"if","locations":[{"start":{"line":104,"column":14},"end":{"line":110,"column":null}},{"start":{},"end":{}}],"line":104},"13":{"loc":{"start":{"line":104,"column":18},"end":{"line":104,"column":54}},"type":"binary-expr","locations":[{"start":{"line":104,"column":18},"end":{"line":104,"column":40}},{"start":{"line":104,"column":40},"end":{"line":104,"column":54}}],"line":104},"14":{"loc":{"start":{"line":106,"column":32},"end":{"line":106,"column":null}},"type":"binary-expr","locations":[{"start":{"line":106,"column":32},"end":{"line":106,"column":59}},{"start":{"line":106,"column":59},"end":{"line":106,"column":89}},{"start":{"line":106,"column":89},"end":{"line":106,"column":null}}],"line":106},"15":{"loc":{"start":{"line":107,"column":16},"end":{"line":109,"column":null}},"type":"if","locations":[{"start":{"line":107,"column":16},"end":{"line":109,"column":null}},{"start":{},"end":{}}],"line":107},"16":{"loc":{"start":{"l
[...]
umn":null}},"32":{"start":{"line":129,"column":4},"end":{"line":129,"column":null}},"33":{"start":{"line":132,"column":23},"end":{"line":132,"column":null}},"34":{"start":{"line":133,"column":4},"end":{"line":133,"column":null}},"35":{"start":{"line":134,"column":26},"end":{"line":138,"column":null}},"36":{"start":{"line":139,"column":19},"end":{"line":139,"column":null}},"37":{"start":{"line":140,"column":4},"end":{"line":143,"column":null}},"38":{"start":{"line":151,"column":4},"end":{"line":153,"column":null}},"39":{"start":{"line":152,"column":6},"end":{"line":152,"column":null}},"40":{"start":{"line":154,"column":4},"end":{"line":156,"column":null}},"41":{"start":{"line":155,"column":6},"end":{"line":155,"column":null}},"42":{"start":{"line":157,"column":4},"end":{"line":160,"column":null}},"43":{"start":{"line":158,"column":6},"end":{"line":158,"column":null}},"44":{"start":{"line":159,"column":6},"end":{"line":159,"column":null}},"45":{"start":{"line":161,"column":4},"end":{"line":161,"column":null}},"46":{"start":{"line":164,"column":4},"end":{"line":169,"column":null}},"47":{"start":{"line":165,"column":6},"end":{"line":168,"column":null}},"48":{"start":{"line":166,"column":8},"end":{"line":166,"column":null}},"49":{"start":{"line":167,"column":8},"end":{"line":167,"column":null}},"50":{"start":{"line":172,"column":4},"end":{"line":172,"column":null}},"51":{"start":{"line":173,"column":4},"end":{"line":173,"column":null}},"52":{"start":{"line":174,"column":4},"end":{"line":174,"column":null}},"53":{"start":{"line":177,"column":4},"end":{"line":177,"column":null}}},"fnMap":{"0":{"name":"showConfirm","decl":{"start":{"line":5,"column":16},"end":{"line":5,"column":null}},"loc":{"start":{"line":13,"column":20},"end":{"line":179,"column":null}},"line":13},"1":{"name":"(anonymous_1)","decl":{"start":{"line":21,"column":21},"end":{"line":21,"column":22}},"loc":{"start":{"line":21,"column":34},"end":{"line":178,"column":3}},"line":21},"2":{"name":"(anonymous_2)","decl":{"start":{"line":119,"column":28},"end":{"line":119,"column":34}},"loc":{"start":{"line":119,"column":34},"end":{"line":121,"column":null}},"line":119},"3":{"name":"(anonymous_3)","decl":{"start":{"line":122,"column":27},"end":{"line":122,"column":33}},"loc":{"start":{"line":122,"column":33},"end":{"line":124,"column":null}},"line":122},"4":{"name":"(anonymous_4)","decl":{"start":{"line":125,"column":24},"end":{"line":125,"column":30}},"loc":{"start":{"line":125,"column":30},"end":{"line":128,"column":null}},"line":125},"5":{"name":"(anonymous_5)","decl":{"start":{"line":151,"column":29},"end":{"line":151,"column":35}},"loc":{"start":{"line":151,"column":35},"end":{"line":153,"column":null}},"line":151},"6":{"name":"(anonymous_6)","decl":{"start":{"line":154,"column":28},"end":{"line":154,"column":34}},"loc":{"start":{"line":154,"column":34},"end":{"line":156,"column":null}},"line":154},"7":{"name":"(anonymous_7)","decl":{"start":{"line":157,"column":25},"end":{"line":157,"column":31}},"loc":{"start":{"line":157,"column":31},"end":{"line":160,"column":null}},"line":157},"8":{"name":"(anonymous_8)","decl":{"start":{"line":164,"column":22},"end":{"line":164,"column":23}},"loc":{"start":{"line":164,"column":29},"end":{"line":169,"column":null}},"line":164}},"branchMap":{"0":{"loc":{"start":{"line":7,"column":2},"end":{"line":12,"column":null}},"type":"default-arg","locations":[{"start":{"line":12,"column":6},"end":{"line":12,"column":null}}],"line":7},"1":{"loc":{"start":{"line":15,"column":4},"end":{"line":15,"column":null}},"type":"default-arg","locations":[{"start":{"line":15,"column":12},"end":{"line":15,"column":null}}],"line":15},"2":{"loc":{"start":{"line":16,"column":4},"end":{"line":16,"column":null}},"type":"default-arg","locations":[{"start":{"line":16,"column":18},"end":{"line":16,"column":null}}],"line":16},"3":{"loc":{"start":{"line":17,"column":4},"end":{"line":17,"column":null}},"type":"default-arg","locations":[{"start":{"line":17,"column":17},"end":{"line":17,"column":null}}],"line":17},"4":{"loc":{"start":{"line":18,"column":4},"end":{"line":18,"column":null}},"type":"default-arg","locations":[{"start":{"line":18,"column":11},"end":{"line":18,"column":null}}],"line":18},"5":{"loc":{"start":{"line":52,"column":4},"end":{"line":72,"column":null}},"type":"if","locations":[{"start":{"line":52,"column":4},"end":{"line":72,"column":null}},{"start":{},"end":{}}],"line":52},"6":{"loc":{"start":{"line":165,"column":6},"end":{"line":168,"column":null}},"type":"if","locations":[{"start":{"line":165,"column":6},"end":{"line":168,"column":null}},{"start":{},"end":{}}],"line":165}},"s":{"0":28,"1":28,"2":28,"3":28,"4":28,"5":28,"6":28,"7":27,"8":27,"9":27,"10":27,"11":28,"12":28,"13":28,"14":28,"15":28,"16":28,"17":28,"18":28,"19":28,"20":28,"21":28,"22":28,"23":28,"24":28,"25":28,"26":1,"27":28,"28":1,"29":28,"30":17,"31":17,"32":28,"33":28,"34":28,"35":28,"36":28,"37":28,"38":28,"39":1,"40":28,"41":1,"42":28,"43":10,"44":10,"45":28,"46":28,"47":28,"48":1,"49":1,"50":28,"51":28,"52":28,"53":28},"f":{"0":28,"1":28,"2":1,"3":1,"4":17,"5":1,"6":1,"7":10,"8":28},"b":{"0":[28],"1":[28],"2":[28],"3":[28],"4":[28],"5":[27,1],"6":[1,27]},"meta":{"lastBranch":7,"lastFunction":9,"lastStatement":54,"seen":{"f:5:16:5:Infinity":0,"b:12:6:12:Infinity":0,"s:19:6:19:Infinity":0,"b:15:12:15:Infinity":1,"b:16:18:16:Infinity":2,"b:17:17:17:Infinity":3,"b:18:11:18:Infinity":4,"s:21:2:178:Infinity":1,"f:21:21:21:22":1,"s:23:20:23:Infinity":2,"s:24:4:24:Infinity":3,"s:39:19:39:Infinity":4,"s:40:4:40:Infinity":5,"b:52:4:72:Infinity:undefined:undefined:undefined:undefined":5,"s:52:4:72:Infinity":6,"s:53:20:53:Infinity":7,"s:54:6:54:Infinity":8,"s:55:6:55:Infinity":9,"s:71:6:71:Infinity":10,"s:75:20:75:Infinity":11,"s:76:4:76:Infinity":12,"s:77:4:77:Infinity":13,"s:83:4:83:Infinity":14,"s:86:22:86:Infinity":15,"s:87:4:87:Infinity":16,"s:88:4:88:Infinity":17,"s:94:4:94:Infinity":18,"s:97:29:97:Infinity":19,"s:98:4:98:Infinity":20,"s:103:4:103:Infinity":21,"s:106:22:106:Infinity":22,"s:107:4:107:Infinity":23,"s:108:4:108:Infinity":24,"s:119:4:121:Infinity":25,"f:119:28:119:34":2,"s:120:6:120:Infinity":26,"s:122:4:124:Infinity":27,"f:122:27:122:33":3,"s:123:6:123:Infinity":28,"s:125:4:128:Infinity":29,"f:125:24:125:30":4,"s:126:6:126:Infinity":30,"s:127:6:127:Infinity":31,"s:129:4:129:Infinity":32,"s:132:23:132:Infinity":33,"s:133:4:133:Infinity":34,"s:134:26:138:Infinity":35,"s:139:19:139:Infinity":36,"s:140:4:143:Infinity":37,"s:151:4:153:Infinity":38,"f:151:29:151:35":5,"s:152:6:152:Infinity":39,"s:154:4:156:Infinity":40,"f:154:28:154:34":6,"s:155:6:155:Infinity":41,"s:157:4:160:Infinity":42,"f:157:25:157:31":7,"s:158:6:158:Infinity":43,"s:159:6:159:Infinity":44,"s:161:4:161:Infinity":45,"s:164:4:169:Infinity":46,"f:164:22:164:23":8,"b:165:6:168:Infinity:undefined:undefined:undefined:undefined":6,"s:165:6:168:Infinity":47,"s:166:8:166:Infinity":48,"s:167:8:167:Infinity":49,"s:172:4:172:Infinity":50,"s:173:4:173:Infinity":51,"s:174:4:174:Infinity":52,"s:177:4:177:Infinity":53}}}
,"/Users/rshoemake/Documents/cursor/cursor-test/frontend/src/utils/executionStatus.ts": {"path":"/Users/rshoemake/Documents/cursor/cursor-test/frontend/src/utils/executionStatus.ts","statementMap":{"0":{"start":{"line":6,"column":39},"end":{"line":15,"column":null}},"1":{"start":{"line":7,"column":44},"end":{"line":13,"column":null}},"2":{"start":{"line":14,"column":2},"end":{"line":14,"column":null}},"3":{"start":{"line":20,"column":44},"end":{"line":29,"column":null}},"4":{"start":{"line":21,"column":44},"end":{"line":27,"column":null}},"5":{"start":{"line":28,"column":2},"end":{"line":28,"column":null}},"6":{"start":{"line":34,"column":38},"end":{"line":36,"column":null}},"7":{"start":{"line":35,"column":2},"end":{"line":35,"column":null}}},"fnMap":{"0":{"name":"(anonymous_0)","decl":{"start":{"line":6,"column":39},"end":{"line":6,"column":40}},"loc":{"start":{"line":6,"column":67},"end":{"line":15,"column":null}},"line":6},"1":{"name":"(anonymous_1)","decl":{"start":{"line":20,"column":44},"end":{"line":20,"column":45}},"loc":{"start":{"line":20,"column":72},"end":{"line":29,"column":null}},"line":20},"2":{"name":"(anonymous_2)","decl":{"start":{"line":34,"column":38},"end":{"line":34,"column":39}},"loc":{"start":{"line":34,"column":85},"end":{"line":36,"column":null}},"line":34}},"branchMap":{"0":{"loc":{"start":{"line":14,"column":9},"end":{"line":14,"column":null}},"type":"binary-expr","locations":[{"start":{"line":14,"column":9},"end":{"line":14,"column":30}},{"start":{"line":14,"column":30},"end":{"line":14,"column":null}}],"line":14},"1":{"loc":{"start":{"line":28,"column":9},"end":{"line":28,"column":null}},"type":"binary-expr","locations":[{"start":{"line":28,"column":9},"end":{"line":28,"column":30}},{"start":{"line":28,"column":30},"end":{"line":28,"column":null}}],"line":28}},"s":{"0":2,"1":15,"2":15,"3":2,"4":7,"5":7,"6":2,"7":22},"f":{"0":15,"1":7,"2":22},"b":{"0":[15,1],"1":[7,1]},"meta":{"lastBranch":2,"lastFunction":3,"lastStatement":8,"seen":{"s:6:39:15:Infinity":0,"f:6:39:6:40":0,"s:7:44:13:Infinity":1,"s:14:2:14:Infinity":2,"b:14:9:14:30:14:30:14:Infinity":0,"s:20:44:29:Infinity":3,"f:20:44:20:45":1,"s:21:44:27:Infinity":4,"s:28:2:28:Infinity":5,"b:28:9:28:30:28:30:28:Infinity":1,"s:34:38:36:Infinity":6,"f:34:38:34:39":2,"s:35:2:35:Infinity":7}}}
,"/Users/rshoemake/Documents/cursor/cursor-test/frontend/src/utils/logLevel.ts": {"path":"/Users/rshoemake/Documents/cursor/cursor-test/frontend/src/utils/logLevel.ts","statementMap":{"0":{"start":{"line":6,"column":32},"end":{"line":14,"column":null}},"1":{"start":{"line":7,"column":43},"end":{"line":12,"column":null}},"2":{"start":{"line":13,"column":2},"end":{"line":13,"column":null}},"3":{"start":{"line":19,"column":36},"end":{"line":27,"column":null}},"4":{"start":{"line":20,"column":43},"end":{"line":25,"column":null}},"5":{"start":{"line":26,"column":2},"end":{"line":26,"column":null}},"6":{"start":{"line":32,"column":31},"end":{"line":34,"column":null}},"7":{"start":{"line":33,"column":2},"end":{"line":33,"column":null}}},"fnMap":{"0":{"name":"(anonymous_0)","decl":{"start":{"line":6,"column":32},"end":{"line":6,"column":33}},"loc":{"start":{"line":6,"column":59},"end":{"line":14,"column":null}},"line":6},"1":{"name":"(anonymous_1)","decl":{"start":{"line":19,"column":36},"end":{"line":19,"column":37}},"loc":{"start":{"line":19,"column":63},"end":{"line":27,"column":null}},"line":19},"2":{"name":"(anonymous_2)","decl":{"start":{"line":32,"column":31},"end":{"line":32,"column":32}},"loc":{"start":{"line":32,"column":69},"end":{"line":34,"column":null}},"line":32}},"branchMap":{"0":{"loc":{"start":{"line":13,"column":9},"end":{"line":13,"column":null}},"type":"binary-expr","locations":[{"start":{"line":13,"column":9},"end":{"line":13,"column":28}},{"start":{"line":13,"column":28},"end":{"line":13,"column":null}}],"line":13},"1":{"loc":{"start":{"line":26,"column":9},"end":{"line":26,"column":null}},"type":"binary-expr","locations":[{"start":{"line":26,"column":9},"end":{"line":26,"column":28}},{"start":{"line":26,"column":28},"end":{"line":26,"column":null}}],"line":26}},"s":{"0":2,"1":13,"2":13,"3":2,"4":15,"5":15,"6":2,"7":21},"f":{"0":13,"1":15,"2":21},"b":{"0":[13,1],"1":[15,1]},"meta":{"lastBranch":2,"lastFunction":3,"lastStatement":8,"seen":{"s:6:32:14:Infinity":0,"f:6:32:6:33":0,"s:7:43:12:Infinity":1,"s:13:2:13:Infinity":2,"b:13:9:13:28:13:28:13:Infinity":0,"s:19:36:27:Infinity":3,"f:19:36:19:37":1,"s:20:43:25:Infinity":4,"s:26:2:26:Infinity":5,"b:26:9:26:28:26:28:26:Infinity":1,"s:32:31:34:Infinity":6,"f:32:31:32:32":2,"s:33:2:33:Infinity":7}}}
,"/Users/rshoemake/Documents/cursor/cursor-test/frontend/src/utils/logger.ts": {"path":"/Users/rshoemake/Documents/cursor/cursor-test/frontend/src/utils/logger.ts","statementMap":{"0":{"start":{"line":1,"column":14},"end":{"line":1,"column":null}},"1":{"start":{"line":3,"column":22},"end":{"line":29,"column":null}},"2":{"start":{"line":5,"column":4},"end":{"line":7,"column":null}},"3":{"start":{"line":6,"column":6},"end":{"line":6,"column":null}},"4":{"start":{"line":11,"column":4},"end":{"line":13,"column":null}},"5":{"start":{"line":12,"column":6},"end":{"line":12,"column":null}},"6":{"start":{"line":17,"column":4},"end":{"line":17,"column":null}},"7":{"start":{"line":21,"column":4},"end":{"line":21,"column":null}},"8":{"start":{"line":25,"column":4},"end":{"line":27,"column":null}},"9":{"start":{"line":26,"column":6},"end":{"line":26,"column":null}}},"fnMap":{"0":{"name":"(anonymous_0)","decl":{"start":{"line":4,"column":9},"end":{"line":4,"column":13}},"loc":{"start":{"line":4,"column":29},"end":{"line":8,"column":null}},"line":4},"1":{"name":"(anonymous_1)","decl":{"start":{"line":10,"column":8},"end":{"line":10,"column":12}},"loc":{"start":{"line":10,"column":28},"end":{"line":14,"column":null}},"line":10},"2":{"name":"(anonymous_2)","decl":{"start":{"line":16,"column":8},"end":{"line":16,"column":12}},"loc":{"start":{"line":16,"column":28},"end":{"line":18,"column":null}},"line":16},"3":{"name":"(anonymous_3)","decl":{"start":{"line":20,"column":9},"end":{"line":20,"column":13}},"loc":{"start":{"line":20,"column":29},"end":{"line":22,"column":null}},"line":20},"4":{"name":"(anonymous_4)","decl":{"start":{"line":24,"column":7},"end":{"line":24,"column":11}},"loc":{"start":{"line":24,"column":27},"end":{"line":28,"column":null}},"line":24}},"branchMap":{"0":{"loc":{"start":{"line":1,"column":14},"end":{"line":1,"column":null}},"type":"binary-expr","locations":[{"start":{"line":1,"column":14},"end":{"line":1,"column":37}},{"start":{"line":1,"column":37},"end":{"line":1,"column":null}}],"line":1},"1":{"loc":{"start":{"line":5,"column":4},"end":{"line":7,"column":null}},"type":"if","locations":[{"start":{"line":5,"column":4},"end":{"line":7,"column":null}},{"start":{},"end":{}}],"line":5},"2":{"loc":{"start":{"line":11,"column":4},"end":{"line":13,"column":null}},"type":"if","locations":[{"start":{"line":11,"column":4},"end":{"line":13,"column":null}},{"start":{},"end":{}}],"line":11},"3":{"loc":{"start":{"line":25,"column":4},"end":{"line":27,"column":null}},"type":"if","locations":[{"start":{"line":25,"column":4},"end":{"line":27,"column":null}},{"start":{},"end":{}}],"line":25}},"s":{"0":2,"1":2,"2":9,"3":9,"4":7,"5":7,"6":9,"7":7,"8":8,"9":8},"f":{"0":9,"1":7,"2":9,"3":7,"4":8},"b":{"0":[2,0],"1":[9,0],"2":[7,0],"3":[8,0]},"meta":{"lastBranch":4,"lastFunction":5,"lastStatement":10,"seen":{"s:1:14:1:Infinity":0,"b:1:14:1:37:1:37:1:Infinity":0,"s:3:22:29:Infinity":1,"f:4:9:4:13":0,"b:5:4:7:Infinity:undefined:undefined:undefined:undefined":1,"s:5:4:7:Infinity":2,"s:6:6:6:Infinity":3,"f:10:8:10:12":1,"b:11:4:13:Infinity:undefined:undefined:undefined:undefined":2,"s:11:4:13:Infinity":4,"s:12:6:12:Infinity":5,"f:16:8:16:12":2,"s:17:4:17:Infinity":6,"f:20:9:20:13":3,"s:21:4:21:Infinity":7,"f:24:7:24:11":4,"b:25:4:27:Infinity:undefined:undefined:undefined:undefined":3,"s:25:4:27:Infinity":8,"s:26:6:26:Infinity":9}}}
,"/Users/rshoemake/Documents/cursor/cursor-test/frontend/src/utils/notifications.ts": {"path":"/Users/rshoemake/Documents/cursor/cursor-test/frontend/src/utils/notifications.ts","statementMap":{"0":{"start":{"line":12,"column":45},"end":{"line":12,"column":null}},"1":{"start":{"line":14,"column":17},"end":{"line":19,"column":null}},"2":{"start":{"line":21,"column":16},"end":{"line":21,"column":null}},"3":{"start":{"line":23,"column":23},"end":{"line":23,"column":null}},"4":{"start":{"line":24,"column":2},"end":{"line":29,"column":null}},"5":{"start":{"line":41,"column":2},"end":{"line":57,"column":null}},"6":{"start":{"line":42,"column":18},"end":{"line":42,"column":null}},"7":{"start":{"line":43,"column":4},"end":{"line":43,"column":null}},"8":{"start":{"line":44,"column":4},"end":{"line":44,"column":null}},"9":{"start":{"line":56,"column":4},"end":{"line":56,"column":null}},"10":{"start":{"line":59,"column":2},"end":{"line":59,"column":null}},"11":{"start":{"line":60,"column":2},"end":{"line":60,"column":null}},"12":{"start":{"line":63,"column":2},"end":{"line":68,"column":null}},"13":{"start":{"line":64,"column":4},"end":{"line":64,"column":null}},"14":{"start":{"line":65,"column":4},"end":{"line":65,"column":null}},"15":{"start":{"line":66,"column":4},"end":{"line":66,"column":null}},"16":{"start":{"line":67,"column":4},"end":{"line":67,"column":null}},"17":{"start":{"line":67,"column":21},"end":{"line":67,"column":44}},"18":{"start":{"line":70,"column":2},"end":{"line":70,"column":null}},"19":{"start":{"line":77,"column":2},"end":{"line":77,"column":null}},"20":{"start":{"line":84,"column":2},"end":{"line":84,"column":null}},"21":{"start":{"line":91,"column":2},"end":{"line":91,"column":null}},"22":{"start":{"line":98,"column":2},"end":{"line":98,"column":null}}},"fnMap":{"0":{"name":"showNotification","decl":{"start":{"line":11,"column":16},"end":{"line":11,"column":33}},"loc":{"start":{"line":11,"column":85},"end":{"line":71,"column":null}},"line":11},"1":{"name":"(anonymous_1)","decl":{"start":{"line":63,"column":13},"end":{"line":63,"column":19}},"loc":{"start":{"line":63,"column":19},"end":{"line":68,"column":5}},"line":63},"2":{"name":"(anonymous_2)","decl":{"start":{"line":67,"column":15},"end":{"line":67,"column":21}},"loc":{"start":{"line":67,"column":21},"end":{"line":67,"column":44}},"line":67},"3":{"name":"showSuccess","decl":{"start":{"line":76,"column":16},"end":{"line":76,"column":28}},"loc":{"start":{"line":76,"column":64},"end":{"line":78,"column":null}},"line":76},"4":{"name":"showError","decl":{"start":{"line":83,"column":16},"end":{"line":83,"column":26}},"loc":{"start":{"line":83,"column":62},"end":{"line":85,"column":null}},"line":83},"5":{"name":"showInfo","decl":{"start":{"line":90,"column":16},"end":{"line":90,"column":25}},"loc":{"start":{"line":90,"column":61},"end":{"line":92,"column":null}},"line":90},"6":{"name":"showWarning","decl":{"start":{"line":97,"column":16},"end":{"line":97,"column":28}},"loc":{"start":{"line":97,"column":64},"end":{"line":99,"column":null}},"line":97}},"branchMap":{"0":{"loc":{"start":{"line":11,"column":50},"end":{"line":11,"column":85}},"type":"default-arg","locations":[{"start":{"line":11,"column":81},"end":{"line":11,"column":85}}],"line":11},"1":{"loc":{"start":{"line":12,"column":10},"end":{"line":12,"column":27}},"type":"default-arg","locations":[{"start":{"line":12,"column":21},"end":{"line":12,"column":27}}],"line":12},"2":{"loc":{"start":{"line":12,"column":27},"end":{"line":12,"column":41}},"type":"default-arg","locations":[{"start":{"line":12,"column":34},"end":{"line":12,"column":41}}],"line":12},"3":{"loc":{"start":{"line":41,"column":2},"end":{"line":57,"column":null}},"type":"if","locations":[{"start":{"line":41,"column":2},"end":{"line":57,"column":null}},{"start":{},"end":{}}],"line":41}},"s":{"0":29,"1":29,"2":29,"3":29,"4":29,"5":29,"6":28,"7":28,"8":28,"9":28,"10":29,"11":29,"12":29,"13":9,"14":9,"15":9,"16":9,"17":2,"18":29,"19":2,"20":2,"21":2,"22":2},"f":{"0":29,"1":9,"2":2,"3":2,"4":2,"5":2,"6":2},"b":{"0":[29],"1":[29],"2":[29],"3":[28,1]},"meta":{"lastBranch":4,"lastFunction":7,"lastStatement":23,"seen":{"f:11:16:11:33":0,"b:11:81:11:85":0,"s:12:45:12:Infinity":0,"b:12:21:12:27":1,"b:12:34:12:41":2,"s:14:17:19:Infinity":1,"s:21:16:21:Infinity":2,"s:23:23:23:Infinity":3,"s:24:2:29:Infinity":4,"b:41:2:57:Infinity:undefined:undefined:undefined:undefined":3,"s:41:2:57:Infinity":5,"s:42:18:42:Infinity":6,"s:43:4:43:Infinity":7,"s:44:4:44:Infinity":8,"s:56:4:56:Infinity":9,"s:59:2:59:Infinity":10,"s:60:2:60:Infinity":11,"s:63:2:68:Infinity":12,"f:63:13:63:19":1,"s:64:4:64:Infinity":13,"s:65:4:65:Infinity":14,"s:66:4:66:Infinity":15,"s:67:4:67:Infinity":16,"f:67:15:67:21":2,"s:67:21:67:44":17,"s:70:2:70:Infinity":18,"f:76:16:76:28":3,"s:77:2:77:Infinity":19,"f:83:16:83:26":4,"s:84:2:84:Infinity":20,"f:90:16:90:25":5,"s:91:2:91:Infinity":21,"f:97:16:97:28":6,"s:98:2:98:Infinity":22}}}
}
