{"total": {"lines":{"total":13838,"covered":9604,"skipped":0,"pct":69.4},"statements":{"total":13838,"covered":9604,"skipped":0,"pct":69.4},"functions":{"total":471,"covered":304,"skipped":0,"pct":64.54},"branches":{"total":1711,"covered":1466,"skipped":0,"pct":85.68},"branchesTrue":{"total":0,"covered":0,"skipped":0,"pct":100}}
,"/Users/rshoemake/Documents/cursor/cursor-test/frontend/src/App.tsx": {"lines":{"total":237,"covered":190,"skipped":0,"pct":80.16},"functions":{"total":10,"covered":7,"skipped":0,"pct":70},"statements":{"total":237,"covered":190,"skipped":0,"pct":80.16},"branches":{"total":24,"covered":18,"skipped":0,"pct":75}}
,"/Users/rshoemake/Documents/cursor/cursor-test/frontend/src/main.tsx": {"lines":{"total":10,"covered":0,"skipped":0,"pct":0},"functions":{"total":1,"covered":0,"skipped":0,"pct":0},"statements":{"total":10,"covered":0,"skipped":0,"pct":0},"branches":{"total":1,"covered":0,"skipped":0,"pct":0}}
,"/Users/rshoemake/Documents/cursor/cursor-test/frontend/src/api/client.ts": {"lines":{"total":196,"covered":106,"skipped":0,"pct":54.08},"functions":{"total":14,"covered":2,"skipped":0,"pct":14.28},"statements":{"total":196,"covered":106,"skipped":0,"pct":54.08},"branches":{"total":6,"covered":3,"skipped":0,"pct":50}}
,"/Users/rshoemake/Documents/cursor/cursor-test/frontend/src/components/ExecutionConsole.tsx": {"lines":{"total":316,"covered":211,"skipped":0,"pct":66.77},"functions":{"total":13,"covered":2,"skipped":0,"pct":15.38},"statements":{"total":316,"covered":211,"skipped":0,"pct":66.77},"branches":{"total":31,"covered":22,"skipped":0,"pct":70.96}}
,"/Users/rshoemake/Documents/cursor/cursor-test/frontend/src/components/ExecutionInputDialog.tsx": {"lines":{"total":158,"covered":158,"skipped":0,"pct":100},"functions":{"total":5,"covered":5,"skipped":0,"pct":100},"statements":{"total":158,"covered":158,"skipped":0,"pct":100},"branches":{"total":38,"covered":37,"skipped":0,"pct":97.36}}
,"/Users/rshoemake/Documents/cursor/cursor-test/frontend/src/components/ExecutionStatusBadge.tsx": {"lines":{"total":24,"covered":24,"skipped":0,"pct":100},"functions":{"total":1,"covered":1,"skipped":0,"pct":100},"statements":{"total":24,"covered":24,"skipped":0,"pct":100},"branches":{"total":5,"covered":5,"skipped":0,"pct":100}}
,"/Users/rshoemake/Documents/cursor/cursor-test/frontend/src/components/ExecutionViewer.tsx": {"lines":{"total":272,"covered":272,"skipped":0,"pct":100},"functions":{"total":4,"covered":4,"skipped":0,"pct":100},"statements":{"total":272,"covered":272,"skipped":0,"pct":100},"branches":{"total":54,"covered":54,"skipped":0,"pct":100}}
,"/Users/rshoemake/Documents/cursor/cursor-test/frontend/src/components/LogLevelBadge.tsx": {"lines":{"total":25,"covered":25,"skipped":0,"pct":100},"functions":{"total":1,"covered":1,"skipped":0,"pct":100},"statements":{"total":25,"covered":25,"skipped":0,"pct":100},"branches":{"total":7,"covered":7,"skipped":0,"pct":100}}
,"/Users/rshoemake/Documents/cursor/cursor-test/frontend/src/components/MarketplaceDialog.tsx": {"lines":{"total":408,"covered":408,"skipped":0,"pct":100},"functions":{"total":16,"covered":11,"skipped":0,"pct":68.75},"statements":{"total":408,"covered":408,"skipped":0,"pct":100},"branches":{"total":68,"covered":65,"skipped":0,"pct":95.58}}
,"/Users/rshoemake/Documents/cursor/cursor-test/frontend/src/components/NodeContextMenu.tsx": {"lines":{"total":151,"covered":151,"skipped":0,"pct":100},"functions":{"total":8,"covered":8,"skipped":0,"pct":100},"statements":{"total":151,"covered":151,"skipped":0,"pct":100},"branches":{"total":23,"covered":23,"skipped":0,"pct":100}}
,"/Users/rshoemake/Documents/cursor/cursor-test/frontend/src/components/NodePanel.tsx": {"lines":{"total":262,"covered":262,"skipped":0,"pct":100},"functions":{"total":12,"covered":11,"skipped":0,"pct":91.66},"statements":{"total":262,"covered":262,"skipped":0,"pct":100},"branches":{"total":43,"covered":43,"skipped":0,"pct":100}}
,"/Users/rshoemake/Documents/cursor/cursor-test/frontend/src/components/PropertyPanel.tsx": {"lines":{"total":1644,"covered":567,"skipped":0,"pct":34.48},"functions":{"total":62,"covered":5,"skipped":0,"pct":8.06},"statements":{"total":1644,"covered":567,"skipped":0,"pct":34.48},"branches":{"total":103,"covered":79,"skipped":0,"pct":76.69}}
,"/Users/rshoemake/Documents/cursor/cursor-test/frontend/src/components/WorkflowBuilder.tsx": {"lines":{"total":1487,"covered":97,"skipped":0,"pct":6.52},"functions":{"total":3,"covered":0,"skipped":0,"pct":0},"statements":{"total":1487,"covered":97,"skipped":0,"pct":6.52},"branches":{"total":0,"covered":0,"skipped":0,"pct":100}}
,"/Users/rshoemake/Documents/cursor/cursor-test/frontend/src/components/WorkflowChat.tsx": {"lines":{"total":229,"covered":229,"skipped":0,"pct":100},"functions":{"total":5,"covered":5,"skipped":0,"pct":100},"statements":{"total":229,"covered":229,"skipped":0,"pct":100},"branches":{"total":35,"covered":34,"skipped":0,"pct":97.14}}
,"/Users/rshoemake/Documents/cursor/cursor-test/frontend/src/components/WorkflowList.tsx": {"lines":{"total":505,"covered":462,"skipped":0,"pct":91.48},"functions":{"total":24,"covered":15,"skipped":0,"pct":62.5},"statements":{"total":505,"covered":462,"skipped":0,"pct":91.48},"branches":{"total":80,"covered":67,"skipped":0,"pct":83.75}}
,"/Users/rshoemake/Documents/cursor/cursor-test/frontend/src/components/WorkflowTabs.tsx": {"lines":{"total":978,"covered":646,"skipped":0,"pct":66.05},"functions":{"total":29,"covered":12,"skipped":0,"pct":41.37},"statements":{"total":978,"covered":646,"skipped":0,"pct":66.05},"branches":{"total":110,"covered":84,"skipped":0,"pct":76.36}}
,"/Users/rshoemake/Documents/cursor/cursor-test/frontend/src/components/editors/AgentNodeEditor.tsx": {"lines":{"total":189,"covered":189,"skipped":0,"pct":100},"functions":{"total":5,"covered":5,"skipped":0,"pct":100},"statements":{"total":189,"covered":189,"skipped":0,"pct":100},"branches":{"total":26,"covered":26,"skipped":0,"pct":100}}
,"/Users/rshoemake/Documents/cursor/cursor-test/frontend/src/components/editors/ConditionNodeEditor.tsx": {"lines":{"total":125,"covered":125,"skipped":0,"pct":100},"functions":{"total":4,"covered":4,"skipped":0,"pct":100},"statements":{"total":125,"covered":125,"skipped":0,"pct":100},"branches":{"total":14,"covered":14,"skipped":0,"pct":100}}
,"/Users/rshoemake/Documents/cursor/cursor-test/frontend/src/components/editors/InputNodeEditor.tsx": {"lines":{"total":487,"covered":487,"skipped":0,"pct":100},"functions":{"total":20,"covered":20,"skipped":0,"pct":100},"statements":{"total":487,"covered":487,"skipped":0,"pct":100},"branches":{"total":57,"covered":57,"skipped":0,"pct":100}}
,"/Users/rshoemake/Documents/cursor/cursor-test/frontend/src/components/editors/LoopNodeEditor.tsx": {"lines":{"total":96,"covered":96,"skipped":0,"pct":100},"functions":{"total":3,"covered":3,"skipped":0,"pct":100},"statements":{"total":96,"covered":96,"skipped":0,"pct":100},"branches":{"total":11,"covered":10,"skipped":0,"pct":90.9}}
,"/Users/rshoemake/Documents/cursor/cursor-test/frontend/src/components/forms/FormField.tsx": {"lines":{"total":155,"covered":74,"skipped":0,"pct":47.74},"functions":{"total":2,"covered":1,"skipped":0,"pct":50},"statements":{"total":155,"covered":74,"skipped":0,"pct":47.74},"branches":{"total":14,"covered":4,"skipped":0,"pct":28.57}}
,"/Users/rshoemake/Documents/cursor/cursor-test/frontend/src/components/nodes/AWSS3Node.tsx": {"lines":{"total":58,"covered":57,"skipped":0,"pct":98.27},"functions":{"total":2,"covered":2,"skipped":0,"pct":100},"statements":{"total":58,"covered":57,"skipped":0,"pct":98.27},"branches":{"total":18,"covered":14,"skipped":0,"pct":77.77}}
,"/Users/rshoemake/Documents/cursor/cursor-test/frontend/src/components/nodes/AgentNode.tsx": {"lines":{"total":40,"covered":40,"skipped":0,"pct":100},"functions":{"total":1,"covered":1,"skipped":0,"pct":100},"statements":{"total":40,"covered":40,"skipped":0,"pct":100},"branches":{"total":9,"covered":9,"skipped":0,"pct":100}}
,"/Users/rshoemake/Documents/cursor/cursor-test/frontend/src/components/nodes/BigQueryNode.tsx": {"lines":{"total":58,"covered":57,"skipped":0,"pct":98.27},"functions":{"total":1,"covered":1,"skipped":0,"pct":100},"statements":{"total":58,"covered":57,"skipped":0,"pct":98.27},"branches":{"total":13,"covered":11,"skipped":0,"pct":84.61}}
,"/Users/rshoemake/Documents/cursor/cursor-test/frontend/src/components/nodes/ConditionNode.tsx": {"lines":{"total":63,"covered":63,"skipped":0,"pct":100},"functions":{"total":1,"covered":1,"skipped":0,"pct":100},"statements":{"total":63,"covered":63,"skipped":0,"pct":100},"branches":{"total":9,"covered":8,"skipped":0,"pct":88.88}}
,"/Users/rshoemake/Documents/cursor/cursor-test/frontend/src/components/nodes/DatabaseNode.tsx": {"lines":{"total":52,"covered":51,"skipped":0,"pct":98.07},"functions":{"total":1,"covered":1,"skipped":0,"pct":100},"statements":{"total":52,"covered":51,"skipped":0,"pct":98.07},"branches":{"total":12,"covered":10,"skipped":0,"pct":83.33}}
,"/Users/rshoemake/Documents/cursor/cursor-test/frontend/src/components/nodes/EndNode.tsx": {"lines":{"total":19,"covered":19,"skipped":0,"pct":100},"functions":{"total":1,"covered":1,"skipped":0,"pct":100},"statements":{"total":19,"covered":19,"skipped":0,"pct":100},"branches":{"total":3,"covered":3,"skipped":0,"pct":100}}
,"/Users/rshoemake/Documents/cursor/cursor-test/frontend/src/components/nodes/FirebaseNode.tsx": {"lines":{"total":52,"covered":51,"skipped":0,"pct":98.07},"functions":{"total":1,"covered":1,"skipped":0,"pct":100},"statements":{"total":52,"covered":51,"skipped":0,"pct":98.07},"branches":{"total":12,"covered":10,"skipped":0,"pct":83.33}}
,"/Users/rshoemake/Documents/cursor/cursor-test/frontend/src/components/nodes/GCPBucketNode.tsx": {"lines":{"total":58,"covered":57,"skipped":0,"pct":98.27},"functions":{"total":2,"covered":2,"skipped":0,"pct":100},"statements":{"total":58,"covered":57,"skipped":0,"pct":98.27},"branches":{"total":18,"covered":14,"skipped":0,"pct":77.77}}
,"/Users/rshoemake/Documents/cursor/cursor-test/frontend/src/components/nodes/GCPPubSubNode.tsx": {"lines":{"total":51,"covered":50,"skipped":0,"pct":98.03},"functions":{"total":1,"covered":1,"skipped":0,"pct":100},"statements":{"total":51,"covered":50,"skipped":0,"pct":98.03},"branches":{"total":15,"covered":14,"skipped":0,"pct":93.33}}
,"/Users/rshoemake/Documents/cursor/cursor-test/frontend/src/components/nodes/LocalFileSystemNode.tsx": {"lines":{"total":63,"covered":62,"skipped":0,"pct":98.41},"functions":{"total":2,"covered":2,"skipped":0,"pct":100},"statements":{"total":63,"covered":62,"skipped":0,"pct":98.41},"branches":{"total":19,"covered":15,"skipped":0,"pct":78.94}}
,"/Users/rshoemake/Documents/cursor/cursor-test/frontend/src/components/nodes/LoopNode.tsx": {"lines":{"total":41,"covered":41,"skipped":0,"pct":100},"functions":{"total":1,"covered":1,"skipped":0,"pct":100},"statements":{"total":41,"covered":41,"skipped":0,"pct":100},"branches":{"total":10,"covered":9,"skipped":0,"pct":90}}
,"/Users/rshoemake/Documents/cursor/cursor-test/frontend/src/components/nodes/StartNode.tsx": {"lines":{"total":19,"covered":19,"skipped":0,"pct":100},"functions":{"total":1,"covered":1,"skipped":0,"pct":100},"statements":{"total":19,"covered":19,"skipped":0,"pct":100},"branches":{"total":3,"covered":3,"skipped":0,"pct":100}}
,"/Users/rshoemake/Documents/cursor/cursor-test/frontend/src/components/nodes/index.ts": {"lines":{"total":39,"covered":0,"skipped":0,"pct":0},"functions":{"total":1,"covered":0,"skipped":0,"pct":0},"statements":{"total":39,"covered":0,"skipped":0,"pct":0},"branches":{"total":1,"covered":0,"skipped":0,"pct":0}}
,"/Users/rshoemake/Documents/cursor/cursor-test/frontend/src/config/constants.ts": {"lines":{"total":104,"covered":104,"skipped":0,"pct":100},"functions":{"total":2,"covered":2,"skipped":0,"pct":100},"statements":{"total":104,"covered":104,"skipped":0,"pct":100},"branches":{"total":6,"covered":6,"skipped":0,"pct":100}}
,"/Users/rshoemake/Documents/cursor/cursor-test/frontend/src/contexts/AuthContext.tsx": {"lines":{"total":172,"covered":172,"skipped":0,"pct":100},"functions":{"total":5,"covered":5,"skipped":0,"pct":100},"statements":{"total":172,"covered":172,"skipped":0,"pct":100},"branches":{"total":35,"covered":34,"skipped":0,"pct":97.14}}
,"/Users/rshoemake/Documents/cursor/cursor-test/frontend/src/hooks/useAuthenticatedApi.ts": {"lines":{"total":107,"covered":107,"skipped":0,"pct":100},"functions":{"total":1,"covered":1,"skipped":0,"pct":100},"statements":{"total":107,"covered":107,"skipped":0,"pct":100},"branches":{"total":11,"covered":11,"skipped":0,"pct":100}}
,"/Users/rshoemake/Documents/cursor/cursor-test/frontend/src/hooks/useFormField.ts": {"lines":{"total":110,"covered":110,"skipped":0,"pct":100},"functions":{"total":3,"covered":3,"skipped":0,"pct":100},"statements":{"total":110,"covered":110,"skipped":0,"pct":100},"branches":{"total":29,"covered":28,"skipped":0,"pct":96.55}}
,"/Users/rshoemake/Documents/cursor/cursor-test/frontend/src/hooks/useLocalStorage.ts": {"lines":{"total":206,"covered":196,"skipped":0,"pct":95.14},"functions":{"total":5,"covered":5,"skipped":0,"pct":100},"statements":{"total":206,"covered":196,"skipped":0,"pct":95.14},"branches":{"total":49,"covered":36,"skipped":0,"pct":73.46}}
,"/Users/rshoemake/Documents/cursor/cursor-test/frontend/src/hooks/useWebSocket.ts": {"lines":{"total":285,"covered":250,"skipped":0,"pct":87.71},"functions":{"total":5,"covered":5,"skipped":0,"pct":100},"statements":{"total":285,"covered":250,"skipped":0,"pct":87.71},"branches":{"total":79,"covered":67,"skipped":0,"pct":84.81}}
,"/Users/rshoemake/Documents/cursor/cursor-test/frontend/src/hooks/useWorkflowAPI.ts": {"lines":{"total":108,"covered":108,"skipped":0,"pct":100},"functions":{"total":1,"covered":1,"skipped":0,"pct":100},"statements":{"total":108,"covered":108,"skipped":0,"pct":100},"branches":{"total":16,"covered":16,"skipped":0,"pct":100}}
,"/Users/rshoemake/Documents/cursor/cursor-test/frontend/src/pages/AuthPage.tsx": {"lines":{"total":197,"covered":197,"skipped":0,"pct":100},"functions":{"total":12,"covered":10,"skipped":0,"pct":83.33},"statements":{"total":197,"covered":197,"skipped":0,"pct":100},"branches":{"total":35,"covered":35,"skipped":0,"pct":100}}
,"/Users/rshoemake/Documents/cursor/cursor-test/frontend/src/pages/ForgotPasswordPage.tsx": {"lines":{"total":154,"covered":154,"skipped":0,"pct":100},"functions":{"total":7,"covered":5,"skipped":0,"pct":71.42},"statements":{"total":154,"covered":154,"skipped":0,"pct":100},"branches":{"total":15,"covered":14,"skipped":0,"pct":93.33}}
,"/Users/rshoemake/Documents/cursor/cursor-test/frontend/src/pages/MarketplacePage.tsx": {"lines":{"total":1408,"covered":910,"skipped":0,"pct":64.63},"functions":{"total":32,"covered":21,"skipped":0,"pct":65.62},"statements":{"total":1408,"covered":910,"skipped":0,"pct":64.63},"branches":{"total":230,"covered":161,"skipped":0,"pct":70}}
,"/Users/rshoemake/Documents/cursor/cursor-test/frontend/src/pages/ResetPasswordPage.tsx": {"lines":{"total":199,"covered":192,"skipped":0,"pct":96.48},"functions":{"total":8,"covered":6,"skipped":0,"pct":75},"statements":{"total":199,"covered":192,"skipped":0,"pct":96.48},"branches":{"total":34,"covered":32,"skipped":0,"pct":94.11}}
,"/Users/rshoemake/Documents/cursor/cursor-test/frontend/src/pages/SettingsPage.tsx": {"lines":{"total":842,"covered":529,"skipped":0,"pct":62.82},"functions":{"total":30,"covered":8,"skipped":0,"pct":26.66},"statements":{"total":842,"covered":529,"skipped":0,"pct":62.82},"branches":{"total":68,"covered":54,"skipped":0,"pct":79.41}}
,"/Users/rshoemake/Documents/cursor/cursor-test/frontend/src/registry/NodeEditorRegistry.ts": {"lines":{"total":80,"covered":80,"skipped":0,"pct":100},"functions":{"total":6,"covered":6,"skipped":0,"pct":100},"statements":{"total":80,"covered":80,"skipped":0,"pct":100},"branches":{"total":7,"covered":7,"skipped":0,"pct":100}}
,"/Users/rshoemake/Documents/cursor/cursor-test/frontend/src/store/workflowStore.ts": {"lines":{"total":139,"covered":139,"skipped":0,"pct":100},"functions":{"total":16,"covered":16,"skipped":0,"pct":100},"statements":{"total":139,"covered":139,"skipped":0,"pct":100},"branches":{"total":41,"covered":41,"skipped":0,"pct":100}}
,"/Users/rshoemake/Documents/cursor/cursor-test/frontend/src/types/adapters.ts": {"lines":{"total":259,"covered":240,"skipped":0,"pct":92.66},"functions":{"total":40,"covered":35,"skipped":0,"pct":87.5},"statements":{"total":259,"covered":240,"skipped":0,"pct":92.66},"branches":{"total":50,"covered":41,"skipped":0,"pct":82}}
,"/Users/rshoemake/Documents/cursor/cursor-test/frontend/src/types/nodeData.ts": {"lines":{"total":108,"covered":108,"skipped":0,"pct":100},"functions":{"total":6,"covered":6,"skipped":0,"pct":100},"statements":{"total":108,"covered":108,"skipped":0,"pct":100},"branches":{"total":13,"covered":12,"skipped":0,"pct":92.3}}
,"/Users/rshoemake/Documents/cursor/cursor-test/frontend/src/types/workflow.ts": {"lines":{"total":99,"covered":0,"skipped":0,"pct":0},"functions":{"total":1,"covered":0,"skipped":0,"pct":0},"statements":{"total":99,"covered":0,"skipped":0,"pct":0},"branches":{"total":1,"covered":0,"skipped":0,"pct":0}}
,"/Users/rshoemake/Documents/cursor/cursor-test/frontend/src/types/workflowBuilder.ts": {"lines":{"total":32,"covered":0,"skipped":0,"pct":0},"functions":{"total":1,"covered":0,"skipped":0,"pct":0},"statements":{"total":32,"covered":0,"skipped":0,"pct":0},"branches":{"total":1,"covered":0,"skipped":0,"pct":0}}
,"/Users/rshoemake/Documents/cursor/cursor-test/frontend/src/utils/confirm.tsx": {"lines":{"total":197,"covered":197,"skipped":0,"pct":100},"functions":{"total":8,"covered":8,"skipped":0,"pct":100},"statements":{"total":197,"covered":197,"skipped":0,"pct":100},"branches":{"total":15,"covered":15,"skipped":0,"pct":100}}
,"/Users/rshoemake/Documents/cursor/cursor-test/frontend/src/utils/errorHandler.ts": {"lines":{"total":109,"covered":109,"skipped":0,"pct":100},"functions":{"total":3,"covered":3,"skipped":0,"pct":100},"statements":{"total":109,"covered":109,"skipped":0,"pct":100},"branches":{"total":29,"covered":29,"skipped":0,"pct":100}}
,"/Users/rshoemake/Documents/cursor/cursor-test/frontend/src/utils/executionStatus.ts": {"lines":{"total":36,"covered":36,"skipped":0,"pct":100},"functions":{"total":3,"covered":3,"skipped":0,"pct":100},"statements":{"total":36,"covered":36,"skipped":0,"pct":100},"branches":{"total":5,"covered":5,"skipped":0,"pct":100}}
,"/Users/rshoemake/Documents/cursor/cursor-test/frontend/src/utils/logLevel.ts": {"lines":{"total":34,"covered":34,"skipped":0,"pct":100},"functions":{"total":3,"covered":3,"skipped":0,"pct":100},"statements":{"total":34,"covered":34,"skipped":0,"pct":100},"branches":{"total":5,"covered":5,"skipped":0,"pct":100}}
,"/Users/rshoemake/Documents/cursor/cursor-test/frontend/src/utils/logger.ts": {"lines":{"total":31,"covered":31,"skipped":0,"pct":100},"functions":{"total":5,"covered":5,"skipped":0,"pct":100},"statements":{"total":31,"covered":31,"skipped":0,"pct":100},"branches":{"total":6,"covered":6,"skipped":0,"pct":100}}
,"/Users/rshoemake/Documents/cursor/cursor-test/frontend/src/utils/notifications.ts": {"lines":{"total":120,"covered":120,"skipped":0,"pct":100},"functions":{"total":5,"covered":5,"skipped":0,"pct":100},"statements":{"total":120,"covered":120,"skipped":0,"pct":100},"branches":{"total":12,"covered":12,"skipped":0,"pct":100}}
,"/Users/rshoemake/Documents/cursor/cursor-test/frontend/src/utils/storageHelpers.ts": {"lines":{"total":135,"covered":135,"skipped":0,"pct":100},"functions":{"total":5,"covered":5,"skipped":0,"pct":100},"statements":{"total":135,"covered":135,"skipped":0,"pct":100},"branches":{"total":27,"covered":27,"skipped":0,"pct":100}}
}
