{"/Users/rshoemake/Documents/cursor/cursor-test/frontend/src/components/PropertyPanel.tsx": {"path":"/Users/rshoemake/Documents/cursor/cursor-test/frontend/src/components/PropertyPanel.tsx","all":false,"statementMap":{"0":{"start":{"line":1,"column":0},"end":{"line":1,"column":59}},"1":{"start":{"line":2,"column":0},"end":{"line":2,"column":32}},"2":{"start":{"line":3,"column":0},"end":{"line":3,"column":89}},"3":{"start":{"line":4,"column":0},"end":{"line":4,"column":55}},"4":{"start":{"line":5,"column":0},"end":{"line":5,"column":63}},"5":{"start":{"line":6,"column":0},"end":{"line":6,"column":53}},"6":{"start":{"line":7,"column":0},"end":{"line":7,"column":55}},"7":{"start":{"line":8,"column":0},"end":{"line":8,"column":61}},"8":{"start":{"line":9,"column":0},"end":{"line":9,"column":61}},"9":{"start":{"line":10,"column":0},"end":{"line":10,"column":61}},"10":{"start":{"line":11,"column":0},"end":{"line":11,"column":55}},"11":{"start":{"line":12,"column":0},"end":{"line":12,"column":51}},"12":{"start":{"line":13,"column":0},"end":{"line":13,"column":50}},"13":{"start":{"line":14,"column":0},"end":{"line":14,"column":58}},"14":{"start":{"line":15,"column":0},"end":{"line":15,"column":54}},"15":{"start":{"line":16,"column":0},"end":{"line":16,"column":62}},"16":{"start":{"line":17,"column":0},"end":{"line":17,"column":54}},"17":{"start":{"line":18,"column":0},"end":{"line":18,"column":0}},"18":{"start":{"line":19,"column":0},"end":{"line":19,"column":30}},"19":{"start":{"line":20,"column":0},"end":{"line":20,"column":31}},"20":{"start":{"line":21,"column":0},"end":{"line":21,"column":48}},"21":{"start":{"line":22,"column":0},"end":{"line":22,"column":61}},"22":{"start":{"line":23,"column":0},"end":{"line":23,"column":59}},"23":{"start":{"line":24,"column":0},"end":{"line":24,"column":63}},"24":{"start":{"line":25,"column":0},"end":{"line":25,"column":87}},"25":{"start":{"line":26,"column":0},"end":{"line":26,"column":25}},"26":{"start":{"line":27,"column":0},"end":{"line":27,"column":33}},"27":{"start":{"line":28,"column":0},"end":{"line":28,"column":1}},"28":{"start":{"line":29,"column":0},"end":{"line":29,"column":0}},"29":{"start":{"line":30,"column":0},"end":{"line":30,"column":0}},"30":{"start":{"line":31,"column":0},"end":{"line":31,"column":58}},"31":{"start":{"line":32,"column":0},"end":{"line":32,"column":49}},"32":{"start":{"line":33,"column":0},"end":{"line":33,"column":0}},"33":{"start":{"line":34,"column":0},"end":{"line":34,"column":212}},"34":{"start":{"line":35,"column":0},"end":{"line":35,"column":39}},"35":{"start":{"line":36,"column":0},"end":{"line":36,"column":75}},"36":{"start":{"line":37,"column":0},"end":{"line":37,"column":57}},"37":{"start":{"line":38,"column":0},"end":{"line":38,"column":0}},"38":{"start":{"line":39,"column":0},"end":{"line":39,"column":24}},"39":{"start":{"line":40,"column":0},"end":{"line":40,"column":44}},"40":{"start":{"line":41,"column":0},"end":{"line":41,"column":19}},"41":{"start":{"line":42,"column":0},"end":{"line":42,"column":14}},"42":{"start":{"line":43,"column":0},"end":{"line":43,"column":4}},"43":{"start":{"line":44,"column":0},"end":{"line":44,"column":0}},"44":{"start":{"line":45,"column":0},"end":{"line":45,"column":21}},"45":{"start":{"line":46,"column":0},"end":{"line":46,"column":92}},"46":{"start":{"line":47,"column":0},"end":{"line":47,"column":17}},"47":{"start":{"line":48,"column":0},"end":{"line":48,"column":4}},"48":{"start":{"line":49,"column":0},"end":{"line":49,"column":0}},"49":{"start":{"line":50,"column":0},"end":{"line":50,"column":36}},"50":{"start":{"line":51,"column":0},"end":{"line":51,"column":33}},"51":{"start":{"line":52,"column":0},"end":{"line":52,"column":0}},"52":{"start":{"line":53,"column":0},"end":{"line":53,"column":25}},"53":{"start":{"line":54,"column":0},"end":{"line":54,"column":44}},"54":{"start":{"line":55,"column":0},"end":{"line":55,"column":17}},"55":{"start":{"line":56,"column":0},"end":{"line":56,"column":22}},"56":{"start":{"line":57,"column":0},"end":{"line":57,"column":11}},"57":{"start":{"line":58,"column":0},"end":{"line":58,"column":19}},"58":{"start":{"line":59,"column":0},"end":{"line":59,"column":4}},"59":{"start":{"line":60,"column":0},"end":{"line":60,"column":9}},"60":{"start":{"line":61,"column":0},"end":{"line":61,"column":17}},"61":{"start":{"line":62,"column":0},"end":{"line":62,"column":23}},"62":{"start":{"line":63,"column":0},"end":{"line":63,"column":17}},"63":{"start":{"line":64,"column":0},"end":{"line":64,"column":15}},"64":{"start":{"line":65,"column":0},"end":{"line":65,"column":44}},"65":{"start":{"line":66,"column":0},"end":{"line":66,"column":22}},"66":{"start":{"line":67,"column":0},"end":{"line":67,"column":22}},"67":{"start":{"line":68,"column":0},"end":{"line":68,"column":20}},"68":{"start":{"line":69,"column":0},"end":{"line":69,"column":0}},"69":{"start":{"line":70,"column":0},"end":{"line":70,"column":90}},"70":{"start":{"line":71,"column":0},"end":{"line":71,"column":32}},"71":{"start":{"line":72,"column":0},"end":{"line":72,"column":17}},"72":{"start":{"line":73,"column":0},"end":{"line":73,"column":27}},"73":{"start":{"line":74,"column":0},"end":{"line":74,"column":4}},"74":{"start":{"line":75,"column":0},"end":{"line":75,"column":128}},"75":{"start":{"line":76,"column":0},"end":{"line":76,"column":0}},"76":{"start":{"line":77,"column":0},"end":{"line":77,"column":58}},"77":{"start":{"line":78,"column":0},"end":{"line":78,"column":0}},"78":{"start":{"line":79,"column":0},"end":{"line":79,"column":41}},"79":{"start":{"line":80,"column":0},"end":{"line":80,"column":70}},"80":{"start":{"line":81,"column":0},"end":{"line":81,"column":2}},"81":{"start":{"line":82,"column":0},"end":{"line":82,"column":22}},"82":{"start":{"line":83,"column":0},"end":{"line":83,"column":15}},"83":{"start":{"line":84,"column":0},"end":{"line":84,"column":3}},"84":{"start":{"line":85,"column":0},"end":{"line":85,"column":0}},"85":{"start":{"line":86,"column":0},"end":{"line":86,"column":19}},"86":{"start":{"line":87,"column":0},"end":{"line":87,"column":12}},"87":{"start":{"line":88,"column":0},"end":{"line":88,"column":67}},"88":{"start":{"line":89,"column":0},"end":{"line":89,"column":15}},"89":{"start":{"line":90,"column":0},"end":{"line":90,"column":44}},"90":{"start":{"line":91,"column":0},"end":{"line":91,"column":130}},"91":{"start":{"line":92,"column":0},"end":{"line":92,"column":41}},"92":{"start":{"line":93,"column":0},"end":{"line":93,"column":9}},"93":{"start":{"line":94,"column":0},"end":{"line":94,"column":20}},"94":{"start":{"line":95,"column":0},"end":{"line":95,"column":17}},"95":{"start":{"line":96,"column":0},"end":{"line":96,"column":12}},"96":{"start":{"line":97,"column":0},"end":{"line":97,"column":5}},"97":{"start":{"line":98,"column":0},"end":{"line":98,"column":3}},"98":{"start":{"line":99,"column":0},"end":{"line":99,"column":0}},"99":{"start":{"line":100,"column":0},"end":{"line":100,"column":25}},"100":{"start":{"line":101,"column":0},"end":{"line":101,"column":12}},"101":{"start":{"line":102,"column":0},"end":{"line":102,"column":89}},"102":{"start":{"line":103,"column":0},"end":{"line":103,"column":80}},"103":{"start":{"line":104,"column":0},"end":{"line":104,"column":52}},"104":{"start":{"line":105,"column":0},"end":{"line":105,"column":83}},"105":{"start":{"line":106,"column":0},"end":{"line":106,"column":94}},"106":{"start":{"line":107,"column":0},"end":{"line":107,"column":105}},"107":{"start":{"line":108,"column":0},"end":{"line":108,"column":14}},"108":{"start":{"line":109,"column":0},"end":{"line":109,"column":12}},"109":{"start":{"line":110,"column":0},"end":{"line":110,"column":5}},"110":{"start":{"line":111,"column":0},"end":{"line":111,"column":3}},"111":{"start":{"line":112,"column":0},"end":{"line":112,"column":0}},"112":{"start":{"line":113,"column":0},"end":{"line":113,"column":29}},"113":{"start":{"line":114,"column":0},"end":{"line":114,"column":60}},"114":{"start":{"line":115,"column":0},"end":{"line":115,"column":27}},"115":{"start":{"line":116,"column":0},"end":{"line":116,"column":16}},"116":{"start":{"line":117,"column":0},"end":{"line":117,"column":3}},"117":{"start":{"line":118,"column":0},"end":{"line":118,"column":0}},"118":{"start":{"line":119,"column":0},"end":{"line":119,"column":41}},"119":{"start":{"line":120,"column":0},"end":{"line":120,"column":35}},"120":{"start":{"line":121,"column":0},"end":{"line":121,"column":3}},"121":{"start":{"line":122,"column":0},"end":{"line":122,"column":0}},"122":{"start":{"line":123,"column":0},"end":{"line":123,"column":90}},"123":{"start":{"line":124,"column":0},"end":{"line":124,"column":80}},"124":{"start":{"line":125,"column":0},"end":{"line":125,"column":3}},"125":{"start":{"line":126,"column":0},"end":{"line":126,"column":0}},"126":{"start":{"line":127,"column":0},"end":{"line":127,"column":10}},"127":{"start":{"line":128,"column":0},"end":{"line":128,"column":96}},"128":{"start":{"line":129,"column":0},"end":{"line":129,"column":13}},"129":{"start":{"line":130,"column":0},"end":{"line":130,"column":29}},"130":{"start":{"line":131,"column":0},"end":{"line":131,"column":109}},"131":{"start":{"line":132,"column":0},"end":{"line":132,"column":38}},"132":{"start":{"line":133,"column":0},"end":{"line":133,"column":7}},"133":{"start":{"line":134,"column":0},"end":{"line":134,"column":33}},"134":{"start":{"line":135,"column":0},"end":{"line":135,"column":15}},"135":{"start":{"line":136,"column":0},"end":{"line":136,"column":62}},"136":{"start":{"line":137,"column":0},"end":{"line":137,"column":75}},"137":{"start":{"line":138,"column":0},"end":{"line":138,"column":49}},"138":{"start":{"line":139,"column":0},"end":{"line":139,"column":17}},"139":{"start":{"line":140,"column":0},"end":{"line":140,"column":39}},"140":{"start":{"line":141,"column":0},"end":{"line":141,"column":46}},"141":{"start":{"line":142,"column":0},"end":{"line":142,"column":99}},"142":{"start":{"line":143,"column":0},"end":{"line":143,"column":36}},"143":{"start":{"line":144,"column":0},"end":{"line":144,"column":47}},"144":{"start":{"line":145,"column":0},"end":{"line":145,"column":41}},"145":{"start":{"line":146,"column":0},"end":{"line":146,"column":64}},"146":{"start":{"line":147,"column":0},"end":{"line":147,"column":66}},"147":{"start":{"line":148,"column":0},"end":{"line":148,"column":15}},"148":{"start":{"line":149,"column":0},"end":{"line":149,"column":32}},"149":{"start":{"line":150,"column":0},"end":{"line":150,"column":11}},"150":{"start":{"line":151,"column":0},"end":{"line":151,"column":39}},"151":{"start":{"line":152,"column":0},"end":{"line":152,"column":16}},"152":{"start":{"line":153,"column":0},"end":{"line":153,"column":45}},"153":{"start":{"line":154,"column":0},"end":{"line":154,"column":21}},"154":{"start":{"line":155,"column":0},"end":{"line":155,"column":17}},"155":{"start":{"line":156,"column":0},"end":{"line":156,"column":43}},"156":{"start":{"line":157,"column":0},"end":{"line":157,"column":16}},"157":{"start":{"line":158,"column":0},"end":{"line":158,"column":58}},"158":{"start":{"line":159,"column":0},"end":{"line":159,"column":25}},"159":{"start":{"line":160,"column":0},"end":{"line":160,"column":17}},"160":{"start":{"line":161,"column":0},"end":{"line":161,"column":17}},"161":{"start":{"line":162,"column":0},"end":{"line":162,"column":16}},"162":{"start":{"line":163,"column":0},"end":{"line":163,"column":44}},"163":{"start":{"line":164,"column":0},"end":{"line":164,"column":20}},"164":{"start":{"line":165,"column":0},"end":{"line":165,"column":17}},"165":{"start":{"line":166,"column":0},"end":{"line":166,"column":14}},"166":{"start":{"line":167,"column":0},"end":{"line":167,"column":19}},"167":{"start":{"line":168,"column":0},"end":{"line":168,"column":17}},"168":{"start":{"line":169,"column":0},"end":{"line":169,"column":34}},"169":{"start":{"line":170,"column":0},"end":{"line":170,"column":64}},"170":{"start":{"line":171,"column":0},"end":{"line":171,"column":31}},"171":{"start":{"line":172,"column":0},"end":{"line":172,"column":45}},"172":{"start":{"line":173,"column":0},"end":{"line":173,"column":11}},"173":{"start":{"line":174,"column":0},"end":{"line":174,"column":42}},"174":{"start":{"line":175,"column":0},"end":{"line":175,"column":19}},"175":{"start":{"line":176,"column":0},"end":{"line":176,"column":14}},"176":{"start":{"line":177,"column":0},"end":{"line":177,"column":12}},"177":{"start":{"line":178,"column":0},"end":{"line":178,"column":0}},"178":{"start":{"line":179,"column":0},"end":{"line":179,"column":33}},"179":{"start":{"line":180,"column":0},"end":{"line":180,"column":20}},"180":{"start":{"line":181,"column":0},"end":{"line":181,"column":13}},"181":{"start":{"line":182,"column":0},"end":{"line":182,"column":86}},"182":{"start":{"line":183,"column":0},"end":{"line":183,"column":16}},"183":{"start":{"line":184,"column":0},"end":{"line":184,"column":30}},"184":{"start":{"line":185,"column":0},"end":{"line":185,"column":23}},"185":{"start":{"line":186,"column":0},"end":{"line":186,"column":29}},"186":{"start":{"line":187,"column":0},"end":{"line":187,"column":62}},"187":{"start":{"line":188,"column":0},"end":{"line":188,"column":135}},"188":{"start":{"line":189,"column":0},"end":{"line":189,"column":12}},"189":{"start":{"line":190,"column":0},"end":{"line":190,"column":14}},"190":{"start":{"line":191,"column":0},"end":{"line":191,"column":0}},"191":{"start":{"line":192,"column":0},"end":{"line":192,"column":27}},"192":{"start":{"line":193,"column":0},"end":{"line":193,"column":13}},"193":{"start":{"line":194,"column":0},"end":{"line":194,"column":120}},"194":{"start":{"line":195,"column":0},"end":{"line":195,"column":19}},"195":{"start":{"line":196,"column":0},"end":{"line":196,"column":33}},"196":{"start":{"line":197,"column":0},"end":{"line":197,"column":37}},"197":{"start":{"line":198,"column":0},"end":{"line":198,"column":36}},"198":{"start":{"line":199,"column":0},"end":{"line":199,"column":69}},"199":{"start":{"line":200,"column":0},"end":{"line":200,"column":20}},"200":{"start":{"line":201,"column":0},"end":{"line":201,"column":135}},"201":{"start":{"line":202,"column":0},"end":{"line":202,"column":41}},"202":{"start":{"line":203,"column":0},"end":{"line":203,"column":12}},"203":{"start":{"line":204,"column":0},"end":{"line":204,"column":14}},"204":{"start":{"line":205,"column":0},"end":{"line":205,"column":0}},"205":{"start":{"line":206,"column":0},"end":{"line":206,"column":70}},"206":{"start":{"line":207,"column":0},"end":{"line":207,"column":74}},"207":{"start":{"line":208,"column":0},"end":{"line":208,"column":41}},"208":{"start":{"line":209,"column":0},"end":{"line":209,"column":68}},"209":{"start":{"line":210,"column":0},"end":{"line":210,"column":89}},"210":{"start":{"line":211,"column":0},"end":{"line":211,"column":21}},"211":{"start":{"line":212,"column":0},"end":{"line":212,"column":53}},"212":{"start":{"line":213,"column":0},"end":{"line":213,"column":130}},"213":{"start":{"line":214,"column":0},"end":{"line":214,"column":46}},"214":{"start":{"line":215,"column":0},"end":{"line":215,"column":15}},"215":{"start":{"line":216,"column":0},"end":{"line":216,"column":44}},"216":{"start":{"line":217,"column":0},"end":{"line":217,"column":25}},"217":{"start":{"line":218,"column":0},"end":{"line":218,"column":23}},"218":{"start":{"line":219,"column":0},"end":{"line":219,"column":18}},"219":{"start":{"line":220,"column":0},"end":{"line":220,"column":0}},"220":{"start":{"line":221,"column":0},"end":{"line":221,"column":40}},"221":{"start":{"line":222,"column":0},"end":{"line":222,"column":44}},"222":{"start":{"line":223,"column":0},"end":{"line":223,"column":84}},"223":{"start":{"line":224,"column":0},"end":{"line":224,"column":91}},"224":{"start":{"line":225,"column":0},"end":{"line":225,"column":74}},"225":{"start":{"line":226,"column":0},"end":{"line":226,"column":91}},"226":{"start":{"line":227,"column":0},"end":{"line":227,"column":27}},"227":{"start":{"line":228,"column":0},"end":{"line":228,"column":62}},"228":{"start":{"line":229,"column":0},"end":{"line":229,"column":74}},"229":{"start":{"line":230,"column":0},"end":{"line":230,"column":63}},"230":{"start":{"line":231,"column":0},"end":{"line":231,"column":21}},"231":{"start":{"line":232,"column":0},"end":{"line":232,"column":52}},"232":{"start":{"line":233,"column":0},"end":{"line":233,"column":29}},"233":{"start":{"line":234,"column":0},"end":{"line":234,"column":24}},"234":{"start":{"line":235,"column":0},"end":{"line":235,"column":53}},"235":{"start":{"line":236,"column":0},"end":{"line":236,"column":25}},"236":{"start":{"line":237,"column":0},"end":{"line":237,"column":73}},"237":{"start":{"line":238,"column":0},"end":{"line":238,"column":28}},"238":{"start":{"line":239,"column":0},"end":{"line":239,"column":35}},"239":{"start":{"line":240,"column":0},"end":{"line":240,"column":74}},"240":{"start":{"line":241,"column":0},"end":{"line":241,"column":110}},"241":{"start":{"line":242,"column":0},"end":{"line":242,"column":60}},"242":{"start":{"line":243,"column":0},"end":{"line":243,"column":80}},"243":{"start":{"line":244,"column":0},"end":{"line":244,"column":24}},"244":{"start":{"line":245,"column":0},"end":{"line":245,"column":26}},"245":{"start":{"line":246,"column":0},"end":{"line":246,"column":25}},"246":{"start":{"line":247,"column":0},"end":{"line":247,"column":74}},"247":{"start":{"line":248,"column":0},"end":{"line":248,"column":28}},"248":{"start":{"line":249,"column":0},"end":{"line":249,"column":35}},"249":{"start":{"line":250,"column":0},"end":{"line":250,"column":62}},"250":{"start":{"line":251,"column":0},"end":{"line":251,"column":98}},"251":{"start":{"line":252,"column":0},"end":{"line":252,"column":44}},"252":{"start":{"line":253,"column":0},"end":{"line":253,"column":80}},"253":{"start":{"line":254,"column":0},"end":{"line":254,"column":24}},"254":{"start":{"line":255,"column":0},"end":{"line":255,"column":26}},"255":{"start":{"line":256,"column":0},"end":{"line":256,"column":24}},"256":{"start":{"line":257,"column":0},"end":{"line":257,"column":22}},"257":{"start":{"line":258,"column":0},"end":{"line":258,"column":17}},"258":{"start":{"line":259,"column":0},"end":{"line":259,"column":18}},"259":{"start":{"line":260,"column":0},"end":{"line":260,"column":0}},"260":{"start":{"line":261,"column":0},"end":{"line":261,"column":35}},"261":{"start":{"line":262,"column":0},"end":{"line":262,"column":30}},"262":{"start":{"line":263,"column":0},"end":{"line":263,"column":19}},"263":{"start":{"line":264,"column":0},"end":{"line":264,"column":102}},"264":{"start":{"line":265,"column":0},"end":{"line":265,"column":29}},"265":{"start":{"line":266,"column":0},"end":{"line":266,"column":33}},"266":{"start":{"line":267,"column":0},"end":{"line":267,"column":49}},"267":{"start":{"line":268,"column":0},"end":{"line":268,"column":15}},"268":{"start":{"line":269,"column":0},"end":{"line":269,"column":62}},"269":{"start":{"line":270,"column":0},"end":{"line":270,"column":88}},"270":{"start":{"line":271,"column":0},"end":{"line":271,"column":23}},"271":{"start":{"line":272,"column":0},"end":{"line":272,"column":38}},"272":{"start":{"line":273,"column":0},"end":{"line":273,"column":40}},"273":{"start":{"line":274,"column":0},"end":{"line":274,"column":68}},"274":{"start":{"line":275,"column":0},"end":{"line":275,"column":37}},"275":{"start":{"line":276,"column":0},"end":{"line":276,"column":60}},"276":{"start":{"line":277,"column":0},"end":{"line":277,"column":61}},"277":{"start":{"line":278,"column":0},"end":{"line":278,"column":61}},"278":{"start":{"line":279,"column":0},"end":{"line":279,"column":23}},"279":{"start":{"line":280,"column":0},"end":{"line":280,"column":22}},"280":{"start":{"line":281,"column":0},"end":{"line":281,"column":19}},"281":{"start":{"line":282,"column":0},"end":{"line":282,"column":47}},"282":{"start":{"line":283,"column":0},"end":{"line":283,"column":27}},"283":{"start":{"line":284,"column":0},"end":{"line":284,"column":88}},"284":{"start":{"line":285,"column":0},"end":{"line":285,"column":38}},"285":{"start":{"line":286,"column":0},"end":{"line":286,"column":32}},"286":{"start":{"line":287,"column":0},"end":{"line":287,"column":30}},"287":{"start":{"line":288,"column":0},"end":{"line":288,"column":42}},"288":{"start":{"line":289,"column":0},"end":{"line":289,"column":37}},"289":{"start":{"line":290,"column":0},"end":{"line":290,"column":34}},"290":{"start":{"line":291,"column":0},"end":{"line":291,"column":63}},"291":{"start":{"line":292,"column":0},"end":{"line":292,"column":77}},"292":{"start":{"line":293,"column":0},"end":{"line":293,"column":26}},"293":{"start":{"line":294,"column":0},"end":{"line":294,"column":66}},"294":{"start":{"line":295,"column":0},"end":{"line":295,"column":69}},"295":{"start":{"line":296,"column":0},"end":{"line":296,"column":28}},"296":{"start":{"line":297,"column":0},"end":{"line":297,"column":28}},"297":{"start":{"line":298,"column":0},"end":{"line":298,"column":0}},"298":{"start":{"line":299,"column":0},"end":{"line":299,"column":27}},"299":{"start":{"line":300,"column":0},"end":{"line":300,"column":88}},"300":{"start":{"line":301,"column":0},"end":{"line":301,"column":51}},"301":{"start":{"line":302,"column":0},"end":{"line":302,"column":32}},"302":{"start":{"line":303,"column":0},"end":{"line":303,"column":30}},"303":{"start":{"line":304,"column":0},"end":{"line":304,"column":43}},"304":{"start":{"line":305,"column":0},"end":{"line":305,"column":37}},"305":{"start":{"line":306,"column":0},"end":{"line":306,"column":70}},"306":{"start":{"line":307,"column":0},"end":{"line":307,"column":77}},"307":{"start":{"line":308,"column":0},"end":{"line":308,"column":26}},"308":{"start":{"line":309,"column":0},"end":{"line":309,"column":66}},"309":{"start":{"line":310,"column":0},"end":{"line":310,"column":112}},"310":{"start":{"line":311,"column":0},"end":{"line":311,"column":28}},"311":{"start":{"line":312,"column":0},"end":{"line":312,"column":28}},"312":{"start":{"line":313,"column":0},"end":{"line":313,"column":0}},"313":{"start":{"line":314,"column":0},"end":{"line":314,"column":27}},"314":{"start":{"line":315,"column":0},"end":{"line":315,"column":88}},"315":{"start":{"line":316,"column":0},"end":{"line":316,"column":38}},"316":{"start":{"line":317,"column":0},"end":{"line":317,"column":32}},"317":{"start":{"line":318,"column":0},"end":{"line":318,"column":30}},"318":{"start":{"line":319,"column":0},"end":{"line":319,"column":44}},"319":{"start":{"line":320,"column":0},"end":{"line":320,"column":37}},"320":{"start":{"line":321,"column":0},"end":{"line":321,"column":47}},"321":{"start":{"line":322,"column":0},"end":{"line":322,"column":46}},"322":{"start":{"line":323,"column":0},"end":{"line":323,"column":77}},"323":{"start":{"line":324,"column":0},"end":{"line":324,"column":26}},"324":{"start":{"line":325,"column":0},"end":{"line":325,"column":66}},"325":{"start":{"line":326,"column":0},"end":{"line":326,"column":79}},"326":{"start":{"line":327,"column":0},"end":{"line":327,"column":28}},"327":{"start":{"line":328,"column":0},"end":{"line":328,"column":28}},"328":{"start":{"line":329,"column":0},"end":{"line":329,"column":26}},"329":{"start":{"line":330,"column":0},"end":{"line":330,"column":0}},"330":{"start":{"line":331,"column":0},"end":{"line":331,"column":65}},"331":{"start":{"line":332,"column":0},"end":{"line":332,"column":29}},"332":{"start":{"line":333,"column":0},"end":{"line":333,"column":37}},"333":{"start":{"line":334,"column":0},"end":{"line":334,"column":62}},"334":{"start":{"line":335,"column":0},"end":{"line":335,"column":93}},"335":{"start":{"line":336,"column":0},"end":{"line":336,"column":56}},"336":{"start":{"line":337,"column":0},"end":{"line":337,"column":23}},"337":{"start":{"line":338,"column":0},"end":{"line":338,"column":30}},"338":{"start":{"line":339,"column":0},"end":{"line":339,"column":31}},"339":{"start":{"line":340,"column":0},"end":{"line":340,"column":29}},"340":{"start":{"line":341,"column":0},"end":{"line":341,"column":37}},"341":{"start":{"line":342,"column":0},"end":{"line":342,"column":108}},"342":{"start":{"line":343,"column":0},"end":{"line":343,"column":54}},"343":{"start":{"line":344,"column":0},"end":{"line":344,"column":23}},"344":{"start":{"line":345,"column":0},"end":{"line":345,"column":33}},"345":{"start":{"line":346,"column":0},"end":{"line":346,"column":31}},"346":{"start":{"line":347,"column":0},"end":{"line":347,"column":26}},"347":{"start":{"line":348,"column":0},"end":{"line":348,"column":25}},"348":{"start":{"line":349,"column":0},"end":{"line":349,"column":22}},"349":{"start":{"line":350,"column":0},"end":{"line":350,"column":20}},"350":{"start":{"line":351,"column":0},"end":{"line":351,"column":14}},"351":{"start":{"line":352,"column":0},"end":{"line":352,"column":0}},"352":{"start":{"line":353,"column":0},"end":{"line":353,"column":74}},"353":{"start":{"line":354,"column":0},"end":{"line":354,"column":91}},"354":{"start":{"line":355,"column":0},"end":{"line":355,"column":18}},"355":{"start":{"line":356,"column":0},"end":{"line":356,"column":16}},"356":{"start":{"line":357,"column":0},"end":{"line":357,"column":10}},"357":{"start":{"line":358,"column":0},"end":{"line":358,"column":0}},"358":{"start":{"line":359,"column":0},"end":{"line":359,"column":41}},"359":{"start":{"line":360,"column":0},"end":{"line":360,"column":39}},"360":{"start":{"line":361,"column":0},"end":{"line":361,"column":26}},"361":{"start":{"line":362,"column":0},"end":{"line":362,"column":31}},"362":{"start":{"line":363,"column":0},"end":{"line":363,"column":45}},"363":{"start":{"line":364,"column":0},"end":{"line":364,"column":35}},"364":{"start":{"line":365,"column":0},"end":{"line":365,"column":47}},"365":{"start":{"line":366,"column":0},"end":{"line":366,"column":12}},"366":{"start":{"line":367,"column":0},"end":{"line":367,"column":10}},"367":{"start":{"line":368,"column":0},"end":{"line":368,"column":0}},"368":{"start":{"line":369,"column":0},"end":{"line":369,"column":45}},"369":{"start":{"line":370,"column":0},"end":{"line":370,"column":43}},"370":{"start":{"line":371,"column":0},"end":{"line":371,"column":30}},"371":{"start":{"line":372,"column":0},"end":{"line":372,"column":31}},"372":{"start":{"line":373,"column":0},"end":{"line":373,"column":47}},"373":{"start":{"line":374,"column":0},"end":{"line":374,"column":12}},"374":{"start":{"line":375,"column":0},"end":{"line":375,"column":10}},"375":{"start":{"line":376,"column":0},"end":{"line":376,"column":0}},"376":{"start":{"line":377,"column":0},"end":{"line":377,"column":40}},"377":{"start":{"line":378,"column":0},"end":{"line":378,"column":38}},"378":{"start":{"line":379,"column":0},"end":{"line":379,"column":25}},"379":{"start":{"line":380,"column":0},"end":{"line":380,"column":31}},"380":{"start":{"line":381,"column":0},"end":{"line":381,"column":35}},"381":{"start":{"line":382,"column":0},"end":{"line":382,"column":47}},"382":{"start":{"line":383,"column":0},"end":{"line":383,"column":12}},"383":{"start":{"line":384,"column":0},"end":{"line":384,"column":10}},"384":{"start":{"line":385,"column":0},"end":{"line":385,"column":0}},"385":{"start":{"line":386,"column":0},"end":{"line":386,"column":81}},"386":{"start":{"line":387,"column":0},"end":{"line":387,"column":129}},"387":{"start":{"line":388,"column":0},"end":{"line":388,"column":26}},"388":{"start":{"line":389,"column":0},"end":{"line":389,"column":31}},"389":{"start":{"line":390,"column":0},"end":{"line":390,"column":47}},"390":{"start":{"line":391,"column":0},"end":{"line":391,"column":12}},"391":{"start":{"line":392,"column":0},"end":{"line":392,"column":10}},"392":{"start":{"line":393,"column":0},"end":{"line":393,"column":0}},"393":{"start":{"line":394,"column":0},"end":{"line":394,"column":63}},"394":{"start":{"line":395,"column":0},"end":{"line":395,"column":46}},"395":{"start":{"line":396,"column":0},"end":{"line":396,"column":29}},"396":{"start":{"line":397,"column":0},"end":{"line":397,"column":31}},"397":{"start":{"line":398,"column":0},"end":{"line":398,"column":47}},"398":{"start":{"line":399,"column":0},"end":{"line":399,"column":12}},"399":{"start":{"line":400,"column":0},"end":{"line":400,"column":10}},"400":{"start":{"line":401,"column":0},"end":{"line":401,"column":0}},"401":{"start":{"line":402,"column":0},"end":{"line":402,"column":46}},"402":{"start":{"line":403,"column":0},"end":{"line":403,"column":29}},"403":{"start":{"line":404,"column":0},"end":{"line":404,"column":31}},"404":{"start":{"line":405,"column":0},"end":{"line":405,"column":47}},"405":{"start":{"line":406,"column":0},"end":{"line":406,"column":12}},"406":{"start":{"line":407,"column":0},"end":{"line":407,"column":10}},"407":{"start":{"line":408,"column":0},"end":{"line":408,"column":0}},"408":{"start":{"line":409,"column":0},"end":{"line":409,"column":46}},"409":{"start":{"line":410,"column":0},"end":{"line":410,"column":29}},"410":{"start":{"line":411,"column":0},"end":{"line":411,"column":31}},"411":{"start":{"line":412,"column":0},"end":{"line":412,"column":47}},"412":{"start":{"line":413,"column":0},"end":{"line":413,"column":12}},"413":{"start":{"line":414,"column":0},"end":{"line":414,"column":10}},"414":{"start":{"line":415,"column":0},"end":{"line":415,"column":12}},"415":{"start":{"line":416,"column":0},"end":{"line":416,"column":10}},"416":{"start":{"line":417,"column":0},"end":{"line":417,"column":3}},"417":{"start":{"line":418,"column":0},"end":{"line":418,"column":1}}},"s":{"0":1,"1":1,"2":1,"3":1,"4":1,"5":1,"6":1,"7":1,"8":1,"9":1,"10":1,"11":1,"12":1,"13":1,"14":1,"15":1,"16":1,"17":1,"18":1,"19":1,"20":1,"21":1,"22":1,"23":1,"24":1,"25":1,"26":1,"27":1,"28":1,"29":1,"30":1,"31":1,"32":1,"33":313,"34":313,"35":313,"36":313,"37":313,"38":313,"39":313,"40":313,"41":313,"42":313,"43":313,"44":313,"45":313,"46":313,"47":313,"48":313,"49":313,"50":313,"51":313,"52":313,"53":313,"54":313,"55":313,"56":313,"57":313,"58":313,"59":313,"60":313,"61":313,"62":313,"63":313,"64":313,"65":313,"66":313,"67":313,"68":313,"69":313,"70":313,"71":313,"72":313,"73":313,"74":313,"75":313,"76":313,"77":313,"78":313,"79":313,"80":313,"81":313,"82":28,"83":28,"84":284,"85":313,"86":6,"87":6,"88":6,"89":6,"90":6,"91":6,"92":6,"93":6,"94":6,"95":6,"96":6,"97":6,"98":278,"99":313,"100":6,"101":6,"102":6,"103":6,"104":6,"105":6,"106":6,"107":6,"108":6,"109":6,"110":6,"111":272,"112":272,"113":6,"114":6,"115":6,"116":6,"117":272,"118":272,"119":11,"120":10,"121":272,"122":272,"123":0,"124":0,"125":272,"126":272,"127":272,"128":272,"129":272,"130":272,"131":272,"132":272,"133":272,"134":272,"135":272,"136":272,"137":272,"138":272,"139":272,"140":272,"141":272,"142":272,"143":313,"144":313,"145":267,"146":267,"147":313,"148":313,"149":313,"150":313,"151":5,"152":5,"153":5,"154":5,"155":313,"156":11,"157":11,"158":11,"159":11,"160":267,"161":256,"162":256,"163":256,"164":256,"165":313,"166":313,"167":313,"168":313,"169":313,"170":313,"171":313,"172":313,"173":313,"174":313,"175":313,"176":313,"177":313,"178":313,"179":313,"180":313,"181":313,"182":313,"183":313,"184":313,"185":313,"186":313,"187":313,"188":313,"189":313,"190":313,"191":313,"192":313,"193":313,"194":313,"195":313,"196":313,"197":313,"198":313,"199":313,"200":313,"201":313,"202":313,"203":313,"204":313,"205":313,"206":313,"207":256,"208":256,"209":256,"210":256,"211":256,"212":256,"213":256,"214":256,"215":256,"216":256,"217":256,"218":256,"219":256,"220":256,"221":256,"222":256,"223":16,"224":16,"225":16,"226":16,"227":16,"228":16,"229":16,"230":16,"231":16,"232":16,"233":16,"234":16,"235":16,"236":16,"237":16,"238":16,"239":16,"240":16,"241":16,"242":16,"243":16,"244":16,"245":16,"246":16,"247":16,"248":16,"249":16,"250":16,"251":16,"252":16,"253":16,"254":16,"255":16,"256":16,"257":256,"258":256,"259":256,"260":256,"261":256,"262":5,"263":5,"264":5,"265":5,"266":5,"267":5,"268":5,"269":5,"270":5,"271":5,"272":0,"273":0,"274":0,"275":0,"276":0,"277":0,"278":0,"279":5,"280":5,"281":5,"282":5,"283":5,"284":5,"285":5,"286":5,"287":5,"288":5,"289":5,"290":5,"291":5,"292":5,"293":5,"294":5,"295":5,"296":5,"297":5,"298":5,"299":5,"300":5,"301":5,"302":5,"303":5,"304":5,"305":5,"306":5,"307":5,"308":5,"309":5,"310":5,"311":5,"312":5,"313":5,"314":5,"315":5,"316":5,"317":5,"318":5,"319":5,"320":5,"321":5,"322":5,"323":5,"324":5,"325":5,"326":5,"327":5,"328":5,"329":5,"330":5,"331":5,"332":5,"333":5,"334":5,"335":5,"336":5,"337":5,"338":5,"339":5,"340":5,"341":5,"342":5,"343":5,"344":5,"345":5,"346":5,"347":5,"348":5,"349":5,"350":256,"351":256,"352":256,"353":256,"354":256,"355":256,"356":313,"357":313,"358":313,"359":313,"360":205,"361":205,"362":205,"363":205,"364":205,"365":205,"366":313,"367":313,"368":313,"369":313,"370":10,"371":10,"372":10,"373":10,"374":313,"375":313,"376":313,"377":313,"378":6,"379":6,"380":6,"381":6,"382":6,"383":313,"384":313,"385":313,"386":313,"387":29,"388":29,"389":29,"390":29,"391":313,"392":313,"393":313,"394":313,"395":2,"396":2,"397":2,"398":2,"399":313,"400":313,"401":313,"402":2,"403":2,"404":2,"405":2,"406":313,"407":313,"408":313,"409":2,"410":2,"411":2,"412":2,"413":313,"414":313,"415":313,"416":313,"417":313},"branchMap":{"0":{"type":"branch","line":34,"loc":{"start":{"line":34,"column":0},"end":{"line":418,"column":1}},"locations":[{"start":{"line":34,"column":0},"end":{"line":418,"column":1}}]},"1":{"type":"branch","line":80,"loc":{"start":{"line":80,"column":42},"end":{"line":80,"column":70}},"locations":[{"start":{"line":80,"column":42},"end":{"line":80,"column":70}}]},"2":{"type":"branch","line":82,"loc":{"start":{"line":82,"column":21},"end":{"line":84,"column":3}},"locations":[{"start":{"line":82,"column":21},"end":{"line":84,"column":3}}]},"3":{"type":"branch","line":85,"loc":{"start":{"line":85,"column":-1},"end":{"line":86,"column":18}},"locations":[{"start":{"line":85,"column":-1},"end":{"line":86,"column":18}}]},"4":{"type":"branch","line":86,"loc":{"start":{"line":86,"column":18},"end":{"line":98,"column":3}},"locations":[{"start":{"line":86,"column":18},"end":{"line":98,"column":3}}]},"5":{"type":"branch","line":99,"loc":{"start":{"line":99,"column":-1},"end":{"line":100,"column":24}},"locations":[{"start":{"line":99,"column":-1},"end":{"line":100,"column":24}}]},"6":{"type":"branch","line":100,"loc":{"start":{"line":100,"column":24},"end":{"line":111,"column":3}},"locations":[{"start":{"line":100,"column":24},"end":{"line":111,"column":3}}]},"7":{"type":"branch","line":112,"loc":{"start":{"line":112,"column":-1},"end":{"line":144,"column":17}},"locations":[{"start":{"line":112,"column":-1},"end":{"line":144,"column":17}}]},"8":{"type":"branch","line":144,"loc":{"start":{"line":144,"column":16},"end":{"line":144,"column":47}},"locations":[{"start":{"line":144,"column":16},"end":{"line":144,"column":47}}]},"9":{"type":"branch","line":145,"loc":{"start":{"line":145,"column":16},"end":{"line":147,"column":66}},"locations":[{"start":{"line":145,"column":16},"end":{"line":147,"column":66}}]},"10":{"type":"branch","line":146,"loc":{"start":{"line":146,"column":16},"end":{"line":146,"column":64}},"locations":[{"start":{"line":146,"column":16},"end":{"line":146,"column":64}}]},"11":{"type":"branch","line":147,"loc":{"start":{"line":147,"column":16},"end":{"line":147,"column":66}},"locations":[{"start":{"line":147,"column":16},"end":{"line":147,"column":66}}]},"12":{"type":"branch","line":151,"loc":{"start":{"line":151,"column":36},"end":{"line":155,"column":17}},"locations":[{"start":{"line":151,"column":36},"end":{"line":155,"column":17}}]},"13":{"type":"branch","line":156,"loc":{"start":{"line":156,"column":14},"end":{"line":165,"column":17}},"locations":[{"start":{"line":156,"column":14},"end":{"line":165,"column":17}}]},"14":{"type":"branch","line":156,"loc":{"start":{"line":156,"column":40},"end":{"line":160,"column":17}},"locations":[{"start":{"line":156,"column":40},"end":{"line":160,"column":17}}]},"15":{"type":"branch","line":161,"loc":{"start":{"line":161,"column":14},"end":{"line":165,"column":17}},"locations":[{"start":{"line":161,"column":14},"end":{"line":165,"column":17}}]},"16":{"type":"branch","line":207,"loc":{"start":{"line":207,"column":38},"end":{"line":207,"column":69}},"locations":[{"start":{"line":207,"column":38},"end":{"line":207,"column":69}}]},"17":{"type":"branch","line":207,"loc":{"start":{"line":207,"column":69},"end":{"line":356,"column":16}},"locations":[{"start":{"line":207,"column":69},"end":{"line":356,"column":16}}]},"18":{"type":"branch","line":223,"loc":{"start":{"line":223,"column":40},"end":{"line":223,"column":46}},"locations":[{"start":{"line":223,"column":40},"end":{"line":223,"column":46}}]},"19":{"type":"branch","line":262,"loc":{"start":{"line":262,"column":25},"end":{"line":350,"column":20}},"locations":[{"start":{"line":262,"column":25},"end":{"line":350,"column":20}}]},"20":{"type":"branch","line":360,"loc":{"start":{"line":360,"column":34},"end":{"line":366,"column":12}},"locations":[{"start":{"line":360,"column":34},"end":{"line":366,"column":12}}]},"21":{"type":"branch","line":370,"loc":{"start":{"line":370,"column":38},"end":{"line":374,"column":12}},"locations":[{"start":{"line":370,"column":38},"end":{"line":374,"column":12}}]},"22":{"type":"branch","line":378,"loc":{"start":{"line":378,"column":33},"end":{"line":383,"column":12}},"locations":[{"start":{"line":378,"column":33},"end":{"line":383,"column":12}}]},"23":{"type":"branch","line":387,"loc":{"start":{"line":387,"column":34},"end":{"line":387,"column":124}},"locations":[{"start":{"line":387,"column":34},"end":{"line":387,"column":124}}]},"24":{"type":"branch","line":387,"loc":{"start":{"line":387,"column":124},"end":{"line":391,"column":12}},"locations":[{"start":{"line":387,"column":124},"end":{"line":391,"column":12}}]},"25":{"type":"branch","line":395,"loc":{"start":{"line":395,"column":41},"end":{"line":399,"column":12}},"locations":[{"start":{"line":395,"column":41},"end":{"line":399,"column":12}}]},"26":{"type":"branch","line":402,"loc":{"start":{"line":402,"column":41},"end":{"line":406,"column":12}},"locations":[{"start":{"line":402,"column":41},"end":{"line":406,"column":12}}]},"27":{"type":"branch","line":409,"loc":{"start":{"line":409,"column":41},"end":{"line":413,"column":12}},"locations":[{"start":{"line":409,"column":41},"end":{"line":413,"column":12}}]},"28":{"type":"branch","line":113,"loc":{"start":{"line":113,"column":22},"end":{"line":117,"column":3}},"locations":[{"start":{"line":113,"column":22},"end":{"line":117,"column":3}}]},"29":{"type":"branch","line":119,"loc":{"start":{"line":119,"column":28},"end":{"line":121,"column":3}},"locations":[{"start":{"line":119,"column":28},"end":{"line":121,"column":3}}]},"30":{"type":"branch","line":121,"loc":{"start":{"line":121,"column":-1},"end":{"line":121,"column":3}},"locations":[{"start":{"line":121,"column":-1},"end":{"line":121,"column":3}}]},"31":{"type":"branch","line":187,"loc":{"start":{"line":187,"column":22},"end":{"line":187,"column":61}},"locations":[{"start":{"line":187,"column":22},"end":{"line":187,"column":61}}]},"32":{"type":"branch","line":199,"loc":{"start":{"line":199,"column":22},"end":{"line":199,"column":68}},"locations":[{"start":{"line":199,"column":22},"end":{"line":199,"column":68}}]},"33":{"type":"branch","line":212,"loc":{"start":{"line":212,"column":25},"end":{"line":212,"column":52}},"locations":[{"start":{"line":212,"column":25},"end":{"line":212,"column":52}}]},"34":{"type":"branch","line":223,"loc":{"start":{"line":223,"column":52},"end":{"line":257,"column":22}},"locations":[{"start":{"line":223,"column":52},"end":{"line":257,"column":22}}]},"35":{"type":"branch","line":240,"loc":{"start":{"line":240,"column":48},"end":{"line":240,"column":73}},"locations":[{"start":{"line":240,"column":48},"end":{"line":240,"column":73}}]},"36":{"type":"branch","line":250,"loc":{"start":{"line":250,"column":49},"end":{"line":250,"column":61}},"locations":[{"start":{"line":250,"column":49},"end":{"line":250,"column":61}}]},"37":{"type":"branch","line":228,"loc":{"start":{"line":228,"column":31},"end":{"line":228,"column":61}},"locations":[{"start":{"line":228,"column":31},"end":{"line":228,"column":61}}]},"38":{"type":"branch","line":241,"loc":{"start":{"line":241,"column":34},"end":{"line":241,"column":109}},"locations":[{"start":{"line":241,"column":34},"end":{"line":241,"column":109}}]},"39":{"type":"branch","line":241,"loc":{"start":{"line":241,"column":95},"end":{"line":241,"column":108}},"locations":[{"start":{"line":241,"column":95},"end":{"line":241,"column":108}}]},"40":{"type":"branch","line":251,"loc":{"start":{"line":251,"column":34},"end":{"line":251,"column":97}},"locations":[{"start":{"line":251,"column":34},"end":{"line":251,"column":97}}]},"41":{"type":"branch","line":334,"loc":{"start":{"line":334,"column":33},"end":{"line":334,"column":61}},"locations":[{"start":{"line":334,"column":33},"end":{"line":334,"column":61}}]}},"b":{"0":[313],"1":[8],"2":[28],"3":[284],"4":[6],"5":[278],"6":[6],"7":[272],"8":[5],"9":[267],"10":[11],"11":[256],"12":[5],"13":[267],"14":[11],"15":[256],"16":[260],"17":[256],"18":[213],"19":[5],"20":[205],"21":[10],"22":[6],"23":[35],"24":[29],"25":[2],"26":[2],"27":[2],"28":[6],"29":[11],"30":[10],"31":[1],"32":[3],"33":[3],"34":[16],"35":[0],"36":[4],"37":[1],"38":[1],"39":[0],"40":[1],"41":[1]},"fnMap":{"0":{"name":"PropertyPanel","decl":{"start":{"line":34,"column":0},"end":{"line":418,"column":1}},"loc":{"start":{"line":34,"column":0},"end":{"line":418,"column":1}},"line":34},"1":{"name":"onClick","decl":{"start":{"line":90,"column":19},"end":{"line":90,"column":43}},"loc":{"start":{"line":90,"column":19},"end":{"line":90,"column":43}},"line":90},"2":{"name":"handleClose","decl":{"start":{"line":113,"column":22},"end":{"line":117,"column":3}},"loc":{"start":{"line":113,"column":22},"end":{"line":117,"column":3}},"line":113},"3":{"name":"handleSaveWrapper","decl":{"start":{"line":119,"column":28},"end":{"line":121,"column":3}},"loc":{"start":{"line":119,"column":28},"end":{"line":121,"column":3}},"line":119},"4":{"name":"handleAddInput","decl":{"start":{"line":123,"column":25},"end":{"line":125,"column":3}},"loc":{"start":{"line":123,"column":25},"end":{"line":125,"column":3}},"line":123},"5":{"name":"onChange","decl":{"start":{"line":187,"column":22},"end":{"line":187,"column":61}},"loc":{"start":{"line":187,"column":22},"end":{"line":187,"column":61}},"line":187},"6":{"name":"onChange","decl":{"start":{"line":199,"column":22},"end":{"line":199,"column":68}},"loc":{"start":{"line":199,"column":22},"end":{"line":199,"column":68}},"line":199},"7":{"name":"onClick","decl":{"start":{"line":212,"column":25},"end":{"line":212,"column":52}},"loc":{"start":{"line":212,"column":25},"end":{"line":212,"column":52}},"line":212},"8":{"name":"onClick","decl":{"start":{"line":228,"column":31},"end":{"line":228,"column":61}},"loc":{"start":{"line":228,"column":31},"end":{"line":228,"column":61}},"line":228},"9":{"name":"onChange","decl":{"start":{"line":241,"column":34},"end":{"line":241,"column":109}},"loc":{"start":{"line":241,"column":34},"end":{"line":241,"column":109}},"line":241},"10":{"name":"onChange","decl":{"start":{"line":251,"column":34},"end":{"line":251,"column":97}},"loc":{"start":{"line":251,"column":34},"end":{"line":251,"column":97}},"line":251},"11":{"name":"onSubmit","decl":{"start":{"line":272,"column":30},"end":{"line":280,"column":21}},"loc":{"start":{"line":272,"column":30},"end":{"line":280,"column":21}},"line":272},"12":{"name":"onClick","decl":{"start":{"line":334,"column":33},"end":{"line":334,"column":61}},"loc":{"start":{"line":334,"column":33},"end":{"line":334,"column":61}},"line":334}},"f":{"0":313,"1":0,"2":6,"3":11,"4":0,"5":1,"6":3,"7":3,"8":1,"9":1,"10":1,"11":0,"12":1}}
}
