TN:
SF:src/App.tsx
FN:1,(empty-report)
FNF:1
FNH:0
FNDA:0,(empty-report)
DA:1,0
DA:2,0
DA:3,0
DA:4,0
DA:5,0
DA:6,0
DA:7,0
DA:8,0
DA:9,0
DA:10,0
DA:11,0
DA:12,0
DA:13,0
DA:14,0
DA:15,0
DA:16,0
DA:17,0
DA:18,0
DA:19,0
DA:20,0
DA:21,0
DA:22,0
DA:23,0
DA:24,0
DA:25,0
DA:26,0
DA:27,0
DA:28,0
DA:29,0
DA:30,0
DA:31,0
DA:32,0
DA:33,0
DA:34,0
DA:35,0
DA:36,0
DA:37,0
DA:38,0
DA:39,0
DA:40,0
DA:41,0
DA:42,0
DA:43,0
DA:44,0
DA:45,0
DA:46,0
DA:47,0
DA:48,0
DA:49,0
DA:50,0
DA:51,0
DA:52,0
DA:53,0
DA:54,0
DA:55,0
DA:56,0
DA:57,0
DA:58,0
DA:59,0
DA:60,0
DA:61,0
DA:62,0
DA:63,0
DA:64,0
DA:65,0
DA:66,0
DA:67,0
DA:68,0
DA:69,0
DA:70,0
DA:71,0
DA:72,0
DA:73,0
DA:74,0
DA:75,0
DA:76,0
DA:77,0
DA:78,0
DA:79,0
DA:80,0
DA:81,0
DA:82,0
DA:83,0
DA:84,0
DA:85,0
DA:86,0
DA:87,0
DA:88,0
DA:89,0
DA:90,0
DA:91,0
DA:92,0
DA:93,0
DA:94,0
DA:95,0
DA:96,0
DA:97,0
DA:98,0
DA:99,0
DA:100,0
DA:101,0
DA:102,0
DA:103,0
DA:104,0
DA:105,0
DA:106,0
DA:107,0
DA:108,0
DA:109,0
DA:110,0
DA:111,0
DA:112,0
DA:113,0
DA:114,0
DA:115,0
DA:116,0
DA:117,0
DA:118,0
DA:119,0
DA:120,0
DA:121,0
DA:122,0
DA:123,0
DA:124,0
DA:125,0
DA:126,0
DA:127,0
DA:128,0
DA:129,0
DA:130,0
DA:131,0
DA:132,0
DA:133,0
DA:134,0
DA:135,0
DA:136,0
DA:137,0
DA:138,0
DA:139,0
DA:140,0
DA:141,0
DA:142,0
DA:143,0
DA:144,0
DA:145,0
DA:146,0
DA:147,0
DA:148,0
DA:149,0
DA:150,0
DA:151,0
DA:152,0
DA:153,0
DA:154,0
DA:155,0
DA:156,0
DA:157,0
DA:158,0
DA:159,0
DA:160,0
DA:161,0
DA:162,0
DA:163,0
DA:164,0
DA:165,0
DA:166,0
DA:167,0
DA:168,0
DA:169,0
DA:170,0
DA:171,0
DA:172,0
DA:173,0
DA:174,0
DA:175,0
DA:176,0
DA:177,0
DA:178,0
DA:179,0
DA:180,0
DA:181,0
DA:182,0
DA:183,0
DA:184,0
DA:185,0
DA:186,0
DA:187,0
DA:188,0
DA:189,0
DA:190,0
DA:191,0
DA:192,0
DA:193,0
DA:194,0
DA:195,0
DA:196,0
DA:197,0
DA:198,0
DA:199,0
DA:200,0
DA:201,0
DA:202,0
DA:203,0
DA:204,0
DA:205,0
DA:206,0
DA:207,0
DA:208,0
DA:209,0
DA:210,0
DA:211,0
DA:212,0
DA:213,0
DA:214,0
DA:215,0
DA:216,0
DA:217,0
DA:218,0
DA:219,0
DA:220,0
DA:221,0
DA:222,0
DA:223,0
DA:224,0
DA:225,0
DA:226,0
DA:227,0
DA:228,0
DA:229,0
DA:230,0
DA:231,0
DA:232,0
DA:233,0
DA:234,0
DA:235,0
DA:236,0
DA:237,0
DA:238,0
LF:238
LH:0
BRDA:1,0,0,0
BRF:1
BRH:0
end_of_record
TN:
SF:src/main.tsx
FN:1,(empty-report)
FNF:1
FNH:0
FNDA:0,(empty-report)
DA:1,0
DA:2,0
DA:3,0
DA:4,0
DA:5,0
DA:6,0
DA:7,0
DA:8,0
DA:9,0
DA:10,0
LF:10
LH:0
BRDA:1,0,0,0
BRF:1
BRH:0
end_of_record
TN:
SF:src/api/client.ts
FN:12,createAxiosInstance
FN:58,createApiClient
FN:78,getWorkflows
FN:83,getWorkflow
FN:88,createWorkflow
FN:93,updateWorkflow
FN:98,deleteWorkflow
FN:102,bulkDeleteWorkflows
FN:109,duplicateWorkflow
FN:123,publishWorkflow
FN:136,publishAgent
FN:152,deleteTemplate
FN:157,executeWorkflow
FN:189,getExecution
FN:195,getLLMSettings
FNF:15
FNH:14
FNDA:58,createAxiosInstance
FNDA:58,createApiClient
FNDA:2,getWorkflows
FNDA:2,getWorkflow
FNDA:2,createWorkflow
FNDA:2,updateWorkflow
FNDA:2,deleteWorkflow
FNDA:4,bulkDeleteWorkflows
FNDA:4,duplicateWorkflow
FNDA:3,publishWorkflow
FNDA:0,publishAgent
FNDA:2,deleteTemplate
FNDA:6,executeWorkflow
FNDA:2,getExecution
FNDA:8,getLLMSettings
DA:1,1
DA:2,1
DA:3,1
DA:4,1
DA:5,1
DA:6,1
DA:7,1
DA:8,1
DA:9,1
DA:10,1
DA:11,1
DA:12,58
DA:13,58
DA:14,58
DA:15,58
DA:16,58
DA:17,58
DA:18,58
DA:19,58
DA:20,58
DA:21,58
DA:22,58
DA:23,58
DA:24,58
DA:25,58
DA:26,58
DA:27,58
DA:28,58
DA:29,58
DA:30,58
DA:31,13
DA:32,13
DA:33,9
DA:34,9
DA:35,9
DA:36,9
DA:37,9
DA:38,7
DA:39,7
DA:40,9
DA:41,13
DA:42,13
DA:43,58
DA:44,58
DA:45,2
DA:46,2
DA:47,58
DA:48,58
DA:49,58
DA:50,58
DA:51,1
DA:52,1
DA:53,1
DA:54,1
DA:55,1
DA:56,1
DA:57,1
DA:58,58
DA:59,58
DA:60,58
DA:61,58
DA:62,58
DA:63,58
DA:64,58
DA:65,58
DA:66,58
DA:67,58
DA:68,58
DA:69,58
DA:70,58
DA:71,58
DA:72,58
DA:73,58
DA:74,58
DA:75,58
DA:76,58
DA:77,58
DA:78,58
DA:79,2
DA:80,1
DA:81,58
DA:82,58
DA:83,58
DA:84,2
DA:85,1
DA:86,58
DA:87,58
DA:88,58
DA:89,2
DA:90,1
DA:91,58
DA:92,58
DA:93,58
DA:94,2
DA:95,1
DA:96,58
DA:97,58
DA:98,58
DA:99,2
DA:100,58
DA:101,58
DA:102,58
DA:103,4
DA:104,4
DA:105,4
DA:106,3
DA:107,58
DA:108,58
DA:109,58
DA:110,4
DA:111,4
DA:112,3
DA:113,3
DA:114,3
DA:115,3
DA:116,3
DA:117,3
DA:118,3
DA:119,3
DA:120,2
DA:121,58
DA:122,58
DA:123,58
DA:124,3
DA:125,3
DA:126,3
DA:127,3
DA:128,3
DA:129,3
DA:130,3
DA:131,3
DA:132,3
DA:133,2
DA:134,58
DA:135,58
DA:136,58
DA:137,0
DA:138,0
DA:139,0
DA:140,0
DA:141,0
DA:142,0
DA:143,0
DA:144,0
DA:145,0
DA:146,0
DA:147,0
DA:148,0
DA:149,58
DA:150,58
DA:151,58
DA:152,58
DA:153,2
DA:154,58
DA:155,58
DA:156,58
DA:157,58
DA:158,6
DA:159,6
DA:160,6
DA:161,6
DA:162,6
DA:163,6
DA:164,6
DA:165,6
DA:166,6
DA:167,6
DA:168,6
DA:169,6
DA:170,6
DA:171,3
DA:172,3
DA:173,3
DA:174,3
DA:175,3
DA:176,3
DA:177,3
DA:178,3
DA:179,3
DA:180,3
DA:181,3
DA:182,3
DA:183,3
DA:184,3
DA:185,3
DA:186,3
DA:187,58
DA:188,58
DA:189,58
DA:190,2
DA:191,1
DA:192,58
DA:193,58
DA:194,58
DA:195,58
DA:196,8
DA:197,8
DA:198,1
DA:199,8
DA:200,7
DA:201,7
DA:202,2
DA:203,2
DA:204,5
DA:205,5
DA:206,58
DA:207,58
DA:208,58
DA:209,1
DA:210,1
DA:211,1
LF:211
LH:199
BRDA:12,0,0,58
BRDA:24,1,0,0
BRDA:26,2,0,57
BRDA:30,3,0,13
BRDA:32,4,0,10
BRDA:32,5,0,9
BRDA:34,6,0,4
BRDA:34,7,0,5
BRDA:37,8,0,7
BRDA:44,9,0,2
BRDA:58,10,0,58
BRDA:68,11,0,40
BRDA:71,12,0,18
BRDA:72,13,0,18
BRDA:73,14,0,18
BRDA:78,15,0,2
BRDA:80,16,0,1
BRDA:83,17,0,2
BRDA:85,18,0,1
BRDA:88,19,0,2
BRDA:90,20,0,1
BRDA:93,21,0,2
BRDA:95,22,0,1
BRDA:98,23,0,2
BRDA:100,24,0,1
BRDA:102,25,0,4
BRDA:106,26,0,3
BRDA:109,27,0,4
BRDA:112,28,0,3
BRDA:120,29,0,2
BRDA:123,30,0,3
BRDA:133,31,0,2
BRDA:152,32,0,2
BRDA:154,33,0,1
BRDA:157,34,0,6
BRDA:171,35,0,3
BRDA:181,36,0,1
BRDA:182,37,0,1
BRDA:183,38,0,1
BRDA:189,39,0,2
BRDA:191,40,0,1
BRDA:195,41,0,8
BRDA:198,42,0,1
BRDA:199,43,0,7
BRDA:201,44,0,6
BRDA:201,45,0,2
BRDA:204,46,0,5
BRF:47
BRH:46
end_of_record
TN:
SF:src/components/ExecutionConsole.tsx
FN:26,ExecutionConsole
FN:74,onLog
FN:80,onStatus
FN:86,onNodeUpdate
FN:92,onCompletion
FN:98,onError
FN:117,handleCloseExecutionTab
FN:133,handleMouseMove
FN:141,handleMouseUp
FN:162,handleMouseDown
FN:200,onClick
FN:231,onClick
FN:244,onClick
FNF:13
FNH:6
FNDA:27,ExecutionConsole
FNDA:2,onLog
FNDA:1,onStatus
FNDA:1,onNodeUpdate
FNDA:0,onCompletion
FNDA:1,onError
FNDA:0,handleCloseExecutionTab
FNDA:0,handleMouseMove
FNDA:0,handleMouseUp
FNDA:0,handleMouseDown
FNDA:5,onClick
FNDA:0,onClick
FNDA:0,onClick
DA:1,1
DA:2,1
DA:3,1
DA:4,1
DA:5,1
DA:6,1
DA:7,1
DA:8,1
DA:9,1
DA:10,1
DA:11,1
DA:12,1
DA:13,1
DA:14,1
DA:15,1
DA:16,1
DA:17,1
DA:18,1
DA:19,1
DA:20,1
DA:21,1
DA:22,1
DA:23,1
DA:24,1
DA:25,1
DA:26,27
DA:27,27
DA:28,27
DA:29,27
DA:30,27
DA:31,27
DA:32,27
DA:33,27
DA:34,27
DA:35,27
DA:36,27
DA:37,27
DA:38,27
DA:39,27
DA:40,27
DA:41,27
DA:42,27
DA:43,27
DA:44,27
DA:45,27
DA:46,15
DA:47,15
DA:48,10
DA:49,10
DA:50,10
DA:51,10
DA:52,15
DA:53,27
DA:54,27
DA:55,27
DA:56,27
DA:57,27
DA:58,27
DA:59,27
DA:60,27
DA:61,27
DA:62,27
DA:63,23
DA:64,15
DA:65,15
DA:66,15
DA:67,23
DA:68,27
DA:69,27
DA:70,27
DA:71,27
DA:72,27
DA:73,27
DA:74,27
DA:75,2
DA:76,1
DA:77,1
DA:78,1
DA:79,27
DA:80,27
DA:81,1
DA:82,1
DA:83,1
DA:84,1
DA:85,27
DA:86,27
DA:87,1
DA:88,1
DA:89,1
DA:90,1
DA:91,27
DA:92,27
DA:93,0
DA:94,0
DA:95,0
DA:96,0
DA:97,27
DA:98,27
DA:99,1
DA:100,1
DA:101,1
DA:102,1
DA:103,1
DA:104,27
DA:105,27
DA:106,27
DA:107,27
DA:108,15
DA:109,7
DA:110,7
DA:111,7
DA:112,7
DA:113,7
DA:114,27
DA:115,27
DA:116,27
DA:117,27
DA:118,0
DA:119,0
DA:120,0
DA:121,0
DA:122,0
DA:123,0
DA:124,0
DA:125,0
DA:126,0
DA:127,27
DA:128,27
DA:129,27
DA:130,27
DA:131,26
DA:132,26
DA:133,26
DA:134,0
DA:135,0
DA:136,0
DA:137,0
DA:138,0
DA:139,0
DA:140,26
DA:141,26
DA:142,0
DA:143,0
DA:144,0
DA:145,0
DA:146,0
DA:147,0
DA:148,26
DA:149,26
DA:150,26
DA:151,26
DA:152,26
DA:153,26
DA:154,26
DA:155,26
DA:156,26
DA:157,26
DA:158,26
DA:159,26
DA:160,27
DA:161,27
DA:162,27
DA:163,0
DA:164,0
DA:165,0
DA:166,0
DA:167,0
DA:168,0
DA:169,0
DA:170,0
DA:171,0
DA:172,0
DA:173,27
DA:174,27
DA:175,27
DA:176,27
DA:177,27
DA:178,27
DA:179,27
DA:180,27
DA:181,12
DA:182,12
DA:183,12
DA:184,12
DA:185,27
DA:186,27
DA:187,27
DA:188,27
DA:189,27
DA:190,27
DA:191,48
DA:192,48
DA:193,48
DA:194,48
DA:195,48
DA:196,48
DA:197,48
DA:198,48
DA:199,48
DA:200,48
DA:201,5
DA:202,3
DA:203,3
DA:204,5
DA:205,48
DA:206,48
DA:207,48
DA:208,48
DA:209,27
DA:210,27
DA:211,27
DA:212,27
DA:213,48
DA:214,21
DA:215,21
DA:216,21
DA:217,21
DA:218,21
DA:219,21
DA:220,21
DA:221,0
DA:222,21
DA:223,21
DA:224,0
DA:225,21
DA:226,21
DA:227,48
DA:228,48
DA:229,48
DA:230,21
DA:231,21
DA:232,21
DA:233,21
DA:234,21
DA:235,21
DA:236,21
DA:237,48
DA:238,48
DA:239,27
DA:240,27
DA:241,27
DA:242,27
DA:243,27
DA:244,27
DA:245,27
DA:246,27
DA:247,27
DA:248,27
DA:249,27
DA:250,27
DA:251,27
DA:252,27
DA:253,27
DA:254,12
DA:255,12
DA:256,4
DA:257,4
DA:258,4
DA:259,4
DA:260,12
DA:261,8
DA:262,8
DA:263,8
DA:264,8
DA:265,8
DA:266,8
DA:267,8
DA:268,8
DA:269,8
DA:270,8
DA:271,8
DA:272,8
DA:273,8
DA:274,7
DA:275,7
DA:276,7
DA:277,7
DA:278,7
DA:279,7
DA:280,7
DA:281,7
DA:282,7
DA:283,7
DA:284,7
DA:285,7
DA:286,7
DA:287,7
DA:288,7
DA:289,7
DA:290,7
DA:291,8
DA:292,1
DA:293,1
DA:294,1
DA:295,8
DA:296,8
DA:297,8
DA:298,8
DA:299,0
DA:300,0
DA:301,0
DA:302,0
DA:303,0
DA:304,12
DA:305,12
DA:306,27
DA:307,27
DA:308,27
DA:309,27
LF:309
LH:267
BRDA:26,0,0,27
BRDA:59,1,0,8
BRDA:59,2,0,19
BRDA:177,3,0,12
BRDA:177,4,0,15
BRDA:180,5,0,12
BRDA:247,6,0,12
BRDA:247,7,0,15
BRDA:253,8,0,12
BRDA:255,9,0,4
BRDA:260,10,0,8
BRDA:273,11,0,7
BRDA:291,12,0,1
BRDA:298,13,0,0
BRDA:45,14,0,15
BRDA:47,15,0,10
BRDA:56,16,0,23
BRDA:56,17,0,31
BRDA:62,18,0,23
BRDA:63,19,0,15
BRDA:65,20,0,14
BRDA:67,21,0,8
BRDA:67,22,0,1
BRDA:64,23,0,14
BRDA:74,24,0,2
BRDA:75,25,0,1
BRDA:75,26,0,1
BRDA:75,27,0,1
BRDA:80,28,0,1
BRDA:86,29,0,1
BRDA:98,30,0,1
BRDA:107,31,0,15
BRDA:108,32,0,8
BRDA:108,33,0,7
BRDA:130,34,0,26
BRDA:131,35,0,0
BRDA:154,36,0,26
BRDA:190,37,0,48
BRDA:195,38,0,27
BRDA:196,39,0,21
BRDA:208,40,0,27
BRDA:213,41,0,21
BRDA:220,42,0,0
BRDA:223,43,0,0
BRDA:229,44,0,21
BRDA:200,45,0,5
BRDA:201,46,0,3
BRDA:275,47,0,7
BRDA:278,48,0,0
BRDA:281,49,0,0
BRDA:284,50,0,0
BRDA:287,51,0,0
BRF:52
BRH:44
end_of_record
TN:
SF:src/components/ExecutionInputDialog.tsx
FN:17,ExecutionInputDialog
FN:54,handleSubmit
FN:60,handleInputChange
FN:108,onChange
FN:118,onChange
FNF:5
FNH:5
FNDA:72,ExecutionInputDialog
FNDA:3,handleSubmit
FNDA:6,handleInputChange
FNDA:1,onChange
FNDA:5,onChange
DA:1,1
DA:2,1
DA:3,1
DA:4,1
DA:5,1
DA:6,1
DA:7,1
DA:8,1
DA:9,1
DA:10,1
DA:11,1
DA:12,1
DA:13,1
DA:14,1
DA:15,1
DA:16,1
DA:17,72
DA:18,72
DA:19,72
DA:20,72
DA:21,72
DA:22,72
DA:23,72
DA:24,72
DA:25,72
DA:26,72
DA:27,72
DA:28,33
DA:29,31
DA:30,31
DA:31,31
DA:32,32
DA:33,25
DA:34,25
DA:35,24
DA:36,23
DA:37,24
DA:38,24
DA:39,25
DA:40,31
DA:41,31
DA:42,33
DA:43,2
DA:44,2
DA:45,72
DA:46,72
DA:47,72
DA:48,68
DA:49,68
DA:50,68
DA:51,70
DA:52,68
DA:53,68
DA:54,68
DA:55,3
DA:56,3
DA:57,3
DA:58,3
DA:59,68
DA:60,68
DA:61,6
DA:62,6
DA:63,68
DA:64,68
DA:65,68
DA:66,68
DA:67,68
DA:68,68
DA:69,72
DA:70,72
DA:71,72
DA:72,72
DA:73,72
DA:74,72
DA:75,72
DA:76,72
DA:77,72
DA:78,72
DA:79,72
DA:80,72
DA:81,72
DA:82,14
DA:83,14
DA:84,14
DA:85,72
DA:86,54
DA:87,54
DA:88,56
DA:89,56
DA:90,4
DA:91,4
DA:92,52
DA:93,52
DA:94,52
DA:95,52
DA:96,56
DA:97,56
DA:98,56
DA:99,56
DA:100,52
DA:101,52
DA:102,52
DA:103,52
DA:104,52
DA:105,52
DA:106,5
DA:107,5
DA:108,5
DA:109,5
DA:110,5
DA:111,5
DA:112,5
DA:113,5
DA:114,52
DA:115,47
DA:116,47
DA:117,47
DA:118,47
DA:119,5
DA:120,5
DA:121,47
DA:122,47
DA:123,47
DA:124,47
DA:125,47
DA:126,52
DA:127,52
DA:128,4
DA:129,52
DA:130,52
DA:131,56
DA:132,56
DA:133,56
DA:134,56
DA:135,54
DA:136,54
DA:137,72
DA:138,72
DA:139,72
DA:140,72
DA:141,72
DA:142,72
DA:143,72
DA:144,72
DA:145,72
DA:146,72
DA:147,72
DA:148,72
DA:149,72
DA:150,72
DA:151,72
DA:152,72
DA:153,72
DA:154,72
DA:155,72
DA:156,72
DA:157,72
DA:158,72
LF:158
LH:158
BRDA:17,0,0,72
BRDA:47,1,0,4
BRDA:48,2,0,68
BRDA:69,3,0,2
BRDA:69,4,0,66
BRDA:81,5,0,14
BRDA:85,6,0,54
BRDA:27,7,0,33
BRDA:28,8,0,31
BRDA:42,9,0,2
BRDA:31,10,0,32
BRDA:32,11,0,25
BRDA:34,12,0,24
BRDA:35,13,0,23
BRDA:36,14,0,20
BRDA:50,15,0,70
BRDA:54,16,0,3
BRDA:60,17,0,6
BRDA:61,18,0,6
BRDA:87,19,0,56
BRDA:89,20,0,54
BRDA:89,21,0,4
BRDA:92,22,0,52
BRDA:96,23,0,2
BRDA:99,24,0,52
BRDA:102,25,0,2
BRDA:103,26,0,6
BRDA:105,27,0,5
BRDA:107,28,0,4
BRDA:114,29,0,47
BRDA:116,30,0,0
BRDA:117,31,0,39
BRDA:124,32,0,43
BRDA:127,33,0,4
BRDA:108,34,0,1
BRDA:118,35,0,5
BRDA:120,36,0,2
BRDA:120,37,0,3
BRF:38
BRH:37
end_of_record
TN:
SF:src/components/ExecutionStatusBadge.tsx
FN:9,ExecutionStatusBadge
FNF:1
FNH:1
FNDA:41,ExecutionStatusBadge
DA:1,1
DA:2,1
DA:3,1
DA:4,1
DA:5,1
DA:6,1
DA:7,1
DA:8,1
DA:9,41
DA:10,41
DA:11,41
DA:12,41
DA:13,41
DA:14,41
DA:15,41
DA:16,41
DA:17,41
DA:18,41
DA:19,41
DA:20,41
DA:21,41
DA:22,41
DA:23,41
DA:24,41
LF:24
LH:24
BRDA:9,0,0,41
BRDA:14,1,0,36
BRDA:14,2,0,5
BRDA:16,3,0,9
BRDA:17,4,0,32
BRF:5
BRH:5
end_of_record
TN:
SF:src/components/ExecutionViewer.tsx
FN:13,ExecutionViewer
FN:34,loadExecution
FN:62,getStatusIcon
FN:76,getStatusColor
FNF:4
FNH:4
FNDA:88,ExecutionViewer
FNDA:60,loadExecution
FNDA:77,getStatusIcon
FNDA:77,getStatusColor
DA:1,1
DA:2,1
DA:3,1
DA:4,1
DA:5,1
DA:6,1
DA:7,1
DA:8,1
DA:9,1
DA:10,1
DA:11,1
DA:12,1
DA:13,88
DA:14,88
DA:15,88
DA:16,88
DA:17,88
DA:18,88
DA:19,88
DA:20,60
DA:21,60
DA:22,60
DA:23,1
DA:24,0
DA:25,0
DA:26,1
DA:27,1
DA:28,1
DA:29,60
DA:30,60
DA:31,60
DA:32,88
DA:33,88
DA:34,88
DA:35,60
DA:36,60
DA:37,57
DA:38,60
DA:39,60
DA:40,2
DA:41,60
DA:42,59
DA:43,59
DA:44,60
DA:45,88
DA:46,88
DA:47,30
DA:48,30
DA:49,30
DA:50,30
DA:51,30
DA:52,30
DA:53,58
DA:54,88
DA:55,1
DA:56,1
DA:57,1
DA:58,1
DA:59,1
DA:60,1
DA:61,57
DA:62,57
DA:63,77
DA:64,77
DA:65,42
DA:66,77
DA:67,10
DA:68,77
DA:69,17
DA:70,77
DA:71,8
DA:72,77
DA:73,77
DA:74,57
DA:75,57
DA:76,57
DA:77,57
DA:78,57
DA:79,57
DA:80,57
DA:81,57
DA:82,88
DA:83,17
DA:84,17
DA:85,17
DA:86,17
DA:87,17
DA:88,17
DA:89,17
DA:90,17
DA:91,17
DA:92,17
DA:93,17
DA:94,17
DA:95,17
DA:96,17
DA:97,17
DA:98,88
DA:99,88
DA:100,88
DA:101,88
DA:102,88
DA:103,88
DA:104,88
DA:105,88
DA:106,88
DA:107,88
DA:108,88
DA:109,88
DA:110,88
DA:111,88
DA:112,88
DA:113,88
DA:114,88
DA:115,88
DA:116,88
DA:117,88
DA:118,88
DA:119,88
DA:120,88
DA:121,88
DA:122,88
DA:123,88
DA:124,88
DA:125,88
DA:126,2
DA:127,2
DA:128,2
DA:129,2
DA:130,2
DA:131,2
DA:132,88
DA:133,88
DA:134,88
DA:135,88
DA:136,2
DA:137,2
DA:138,2
DA:139,2
DA:140,2
DA:141,88
DA:142,88
DA:143,88
DA:144,88
DA:145,88
DA:146,88
DA:147,88
DA:148,88
DA:149,14
DA:150,14
DA:151,14
DA:152,88
DA:153,88
DA:154,88
DA:155,88
DA:156,88
DA:157,14
DA:158,14
DA:159,14
DA:160,14
DA:161,14
DA:162,14
DA:163,14
DA:164,14
DA:165,14
DA:166,14
DA:167,88
DA:168,88
DA:169,88
DA:170,88
DA:171,20
DA:172,20
DA:173,20
DA:174,20
DA:175,20
DA:176,20
DA:177,20
DA:178,20
DA:179,20
DA:180,20
DA:181,20
DA:182,20
DA:183,20
DA:184,20
DA:185,20
DA:186,2
DA:187,2
DA:188,2
DA:189,2
DA:190,2
DA:191,2
DA:192,20
DA:193,20
DA:194,20
DA:195,6
DA:196,6
DA:197,6
DA:198,6
DA:199,6
DA:200,6
DA:201,6
DA:202,6
DA:203,6
DA:204,6
DA:205,6
DA:206,6
DA:207,6
DA:208,6
DA:209,6
DA:210,20
DA:211,20
DA:212,20
DA:213,2
DA:214,2
DA:215,2
DA:216,2
DA:217,20
DA:218,20
DA:219,88
DA:220,88
DA:221,88
DA:222,88
DA:223,88
DA:224,88
DA:225,88
DA:226,88
DA:227,88
DA:228,88
DA:229,8
DA:230,8
DA:231,8
DA:232,8
DA:233,8
DA:234,8
DA:235,6
DA:236,6
DA:237,8
DA:238,8
DA:239,8
DA:240,8
DA:241,8
DA:242,8
DA:243,8
DA:244,8
DA:245,6
DA:246,4
DA:247,8
DA:248,8
DA:249,8
DA:250,8
DA:251,8
DA:252,8
DA:253,8
DA:254,88
DA:255,88
DA:256,88
DA:257,88
DA:258,88
DA:259,88
DA:260,4
DA:261,4
DA:262,4
DA:263,4
DA:264,4
DA:265,4
DA:266,4
DA:267,4
DA:268,88
DA:269,88
DA:270,88
DA:271,88
DA:272,88
LF:272
LH:270
BRDA:13,0,0,88
BRDA:32,1,0,57
BRDA:46,2,0,30
BRDA:53,3,0,58
BRDA:54,4,0,1
BRDA:61,5,0,57
BRDA:82,6,0,17
BRDA:82,7,0,4
BRDA:82,8,0,17
BRDA:125,9,0,2
BRDA:135,10,0,2
BRDA:148,11,0,57
BRDA:148,12,0,14
BRDA:156,13,0,57
BRDA:156,14,0,14
BRDA:259,15,0,4
BRDA:264,16,0,2
BRDA:265,17,0,2
BRDA:19,18,0,60
BRDA:22,19,0,1
BRDA:23,20,0,0
BRDA:23,21,0,0
BRDA:23,22,0,0
BRDA:31,23,0,60
BRDA:34,24,0,60
BRDA:37,25,0,57
BRDA:38,26,0,45
BRDA:39,27,0,2
BRDA:41,28,0,59
BRDA:62,29,0,77
BRDA:64,30,0,42
BRDA:66,31,0,10
BRDA:68,32,0,17
BRDA:70,33,0,8
BRDA:76,34,0,77
BRDA:150,35,0,20
BRDA:162,36,0,20
BRDA:170,37,0,20
BRDA:185,38,0,2
BRDA:194,39,0,6
BRDA:205,40,0,4
BRDA:206,41,0,2
BRDA:212,42,0,2
BRDA:228,43,0,8
BRDA:233,44,0,2
BRDA:234,45,0,6
BRDA:235,46,0,2
BRDA:236,47,0,4
BRDA:244,48,0,2
BRDA:244,49,0,6
BRDA:245,50,0,2
BRDA:245,51,0,4
BRF:52
BRH:49
end_of_record
TN:
SF:src/components/KeyboardHandler.tsx
FN:20,KeyboardHandler
FNF:1
FNH:1
FNDA:4,KeyboardHandler
DA:1,1
DA:2,1
DA:3,1
DA:4,1
DA:5,1
DA:6,1
DA:7,1
DA:8,1
DA:9,1
DA:10,1
DA:11,1
DA:12,1
DA:13,1
DA:14,1
DA:15,1
DA:16,1
DA:17,1
DA:18,1
DA:19,1
DA:20,4
DA:21,4
DA:22,4
DA:23,4
DA:24,4
DA:25,4
DA:26,4
DA:27,4
DA:28,4
DA:29,4
DA:30,4
DA:31,4
DA:32,4
DA:33,4
DA:34,4
DA:35,4
DA:36,4
DA:37,4
DA:38,4
DA:39,4
DA:40,4
LF:40
LH:40
BRDA:20,0,0,4
BRF:1
BRH:1
end_of_record
TN:
SF:src/components/LogLevelBadge.tsx
FN:9,LogLevelBadge
FNF:1
FNH:1
FNDA:35,LogLevelBadge
DA:1,1
DA:2,1
DA:3,1
DA:4,1
DA:5,1
DA:6,1
DA:7,1
DA:8,1
DA:9,35
DA:10,35
DA:11,35
DA:12,35
DA:13,35
DA:14,35
DA:15,35
DA:16,35
DA:17,35
DA:18,35
DA:19,35
DA:20,35
DA:21,35
DA:22,35
DA:23,35
DA:24,35
DA:25,35
LF:25
LH:25
BRDA:9,0,0,35
BRDA:14,1,0,30
BRDA:14,2,0,5
BRDA:16,3,0,26
BRDA:17,4,0,9
BRDA:21,5,0,26
BRDA:21,6,0,9
BRF:7
BRH:7
end_of_record
TN:
SF:src/components/MarketplaceDialog.tsx
FN:28,MarketplaceDialog
FN:60,handlePublishAgent
FN:140,handlePublishWorkflow
FN:168,handlePublish
FN:200,onClick
FN:211,onClick
FN:234,onChange
FN:246,onChange
FN:259,onChange
FN:277,onChange
FN:290,onChange
FN:308,onChange
FN:338,onChange
FN:356,onChange
FN:369,onChange
FN:387,onChange
FNF:16
FNH:11
FNDA:99,MarketplaceDialog
FNDA:14,handlePublishAgent
FNDA:8,handlePublishWorkflow
FNDA:22,handlePublish
FNDA:0,onClick
FNDA:9,onClick
FNDA:1,onChange
FNDA:0,onChange
FNDA:1,onChange
FNDA:3,onChange
FNDA:1,onChange
FNDA:1,onChange
FNDA:0,onChange
FNDA:0,onChange
FNDA:0,onChange
FNDA:1,onChange
DA:1,1
DA:2,1
DA:3,1
DA:4,1
DA:5,1
DA:6,1
DA:7,1
DA:8,1
DA:9,1
DA:10,1
DA:11,1
DA:12,1
DA:13,1
DA:14,1
DA:15,1
DA:16,1
DA:17,1
DA:18,1
DA:19,1
DA:20,1
DA:21,1
DA:22,1
DA:23,1
DA:24,1
DA:25,1
DA:26,1
DA:27,1
DA:28,99
DA:29,99
DA:30,99
DA:31,99
DA:32,99
DA:33,99
DA:34,99
DA:35,99
DA:36,99
DA:37,99
DA:38,99
DA:39,99
DA:40,99
DA:41,99
DA:42,99
DA:43,99
DA:44,99
DA:45,39
DA:46,21
DA:47,21
DA:48,21
DA:49,21
DA:50,21
DA:51,21
DA:52,21
DA:53,21
DA:54,21
DA:55,39
DA:56,99
DA:57,99
DA:58,99
DA:59,98
DA:60,98
DA:61,14
DA:62,2
DA:63,2
DA:64,2
DA:65,12
DA:66,14
DA:67,2
DA:68,2
DA:69,2
DA:70,10
DA:71,10
DA:72,10
DA:73,10
DA:74,10
DA:75,10
DA:76,10
DA:77,10
DA:78,10
DA:79,10
DA:80,10
DA:81,10
DA:82,14
DA:83,14
DA:84,14
DA:85,0
DA:86,0
DA:87,0
DA:88,0
DA:89,0
DA:90,0
DA:91,0
DA:92,0
DA:93,0
DA:94,0
DA:95,0
DA:96,0
DA:97,0
DA:98,0
DA:99,0
DA:100,0
DA:101,0
DA:102,0
DA:103,0
DA:104,0
DA:105,0
DA:106,0
DA:107,0
DA:108,0
DA:109,0
DA:110,0
DA:111,0
DA:112,0
DA:113,0
DA:114,0
DA:115,0
DA:116,0
DA:117,0
DA:118,0
DA:119,0
DA:120,0
DA:121,0
DA:122,0
DA:123,0
DA:124,0
DA:125,0
DA:126,0
DA:127,0
DA:128,0
DA:129,0
DA:130,0
DA:131,0
DA:132,14
DA:133,10
DA:134,10
DA:135,10
DA:136,10
DA:137,10
DA:138,14
DA:139,98
DA:140,98
DA:141,8
DA:142,1
DA:143,1
DA:144,1
DA:145,7
DA:146,8
DA:147,1
DA:148,1
DA:149,1
DA:150,6
DA:151,6
DA:152,6
DA:153,6
DA:154,6
DA:155,6
DA:156,6
DA:157,8
DA:158,8
DA:159,4
DA:160,4
DA:161,8
DA:162,2
DA:163,8
DA:164,6
DA:165,6
DA:166,8
DA:167,98
DA:168,98
DA:169,22
DA:170,14
DA:171,22
DA:172,8
DA:173,8
DA:174,22
DA:175,98
DA:176,98
DA:177,98
DA:178,98
DA:179,98
DA:180,98
DA:181,98
DA:182,98
DA:183,98
DA:184,98
DA:185,98
DA:186,98
DA:187,98
DA:188,98
DA:189,98
DA:190,98
DA:191,98
DA:192,98
DA:193,98
DA:194,98
DA:195,98
DA:196,98
DA:197,98
DA:198,98
DA:199,98
DA:200,98
DA:201,98
DA:202,98
DA:203,99
DA:204,99
DA:205,99
DA:206,99
DA:207,99
DA:208,99
DA:209,99
DA:210,99
DA:211,99
DA:212,99
DA:213,99
DA:214,99
DA:215,99
DA:216,99
DA:217,99
DA:218,99
DA:219,99
DA:220,99
DA:221,99
DA:222,99
DA:223,99
DA:224,99
DA:225,99
DA:226,76
DA:227,76
DA:228,76
DA:229,76
DA:230,76
DA:231,76
DA:232,76
DA:233,76
DA:234,76
DA:235,76
DA:236,76
DA:237,76
DA:238,76
DA:239,76
DA:240,76
DA:241,76
DA:242,76
DA:243,76
DA:244,76
DA:245,76
DA:246,76
DA:247,76
DA:248,76
DA:249,76
DA:250,76
DA:251,76
DA:252,76
DA:253,76
DA:254,76
DA:255,76
DA:256,76
DA:257,76
DA:258,76
DA:259,76
DA:260,76
DA:261,76
DA:262,76
DA:263,608
DA:264,608
DA:265,608
DA:266,76
DA:267,76
DA:268,76
DA:269,76
DA:270,76
DA:271,76
DA:272,76
DA:273,76
DA:274,76
DA:275,76
DA:276,76
DA:277,76
DA:278,76
DA:279,76
DA:280,76
DA:281,76
DA:282,76
DA:283,76
DA:284,76
DA:285,76
DA:286,76
DA:287,76
DA:288,76
DA:289,76
DA:290,76
DA:291,76
DA:292,76
DA:293,76
DA:294,228
DA:295,228
DA:296,228
DA:297,76
DA:298,76
DA:299,76
DA:300,76
DA:301,76
DA:302,76
DA:303,76
DA:304,76
DA:305,76
DA:306,76
DA:307,76
DA:308,76
DA:309,76
DA:310,76
DA:311,76
DA:312,76
DA:313,76
DA:314,76
DA:315,99
DA:316,22
DA:317,22
DA:318,22
DA:319,22
DA:320,22
DA:321,22
DA:322,22
DA:323,22
DA:324,22
DA:325,22
DA:326,22
DA:327,22
DA:328,22
DA:329,22
DA:330,22
DA:331,22
DA:332,22
DA:333,22
DA:334,22
DA:335,22
DA:336,22
DA:337,22
DA:338,22
DA:339,22
DA:340,22
DA:341,22
DA:342,176
DA:343,176
DA:344,176
DA:345,22
DA:346,22
DA:347,22
DA:348,22
DA:349,22
DA:350,22
DA:351,22
DA:352,22
DA:353,22
DA:354,22
DA:355,22
DA:356,22
DA:357,22
DA:358,22
DA:359,22
DA:360,22
DA:361,22
DA:362,22
DA:363,22
DA:364,22
DA:365,22
DA:366,22
DA:367,22
DA:368,22
DA:369,22
DA:370,22
DA:371,22
DA:372,22
DA:373,66
DA:374,66
DA:375,66
DA:376,22
DA:377,22
DA:378,22
DA:379,22
DA:380,22
DA:381,22
DA:382,22
DA:383,22
DA:384,22
DA:385,22
DA:386,22
DA:387,22
DA:388,22
DA:389,22
DA:390,22
DA:391,22
DA:392,22
DA:393,22
DA:394,99
DA:395,99
DA:396,99
DA:397,99
DA:398,99
DA:399,99
DA:400,99
DA:401,99
DA:402,99
DA:403,99
DA:404,99
DA:405,99
DA:406,99
DA:407,99
DA:408,99
DA:409,99
DA:410,99
DA:411,6
DA:412,6
DA:413,6
DA:414,6
DA:415,99
DA:416,92
DA:417,92
DA:418,92
DA:419,92
DA:420,99
DA:421,99
DA:422,99
DA:423,99
DA:424,99
DA:425,99
DA:426,99
LF:426
LH:379
BRDA:28,0,0,99
BRDA:58,1,0,1
BRDA:59,2,0,98
BRDA:203,3,0,76
BRDA:204,4,0,22
BRDA:214,5,0,22
BRDA:215,6,0,76
BRDA:225,7,0,76
BRDA:315,8,0,22
BRDA:323,9,0,6
BRDA:407,10,0,92
BRDA:407,11,0,76
BRDA:410,12,0,6
BRDA:415,13,0,92
BRDA:44,14,0,39
BRDA:45,15,0,38
BRDA:45,16,0,21
BRDA:51,17,0,4
BRDA:51,18,0,3
BRDA:52,19,0,4
BRDA:60,20,0,14
BRDA:61,21,0,2
BRDA:65,22,0,12
BRDA:66,23,0,2
BRDA:70,24,0,10
BRDA:83,25,0,1
BRDA:85,26,0,0
BRDA:132,27,0,10
BRDA:133,28,0,0
BRDA:133,29,0,0
BRDA:74,30,0,14
BRDA:74,31,0,14
BRDA:140,32,0,8
BRDA:141,33,0,1
BRDA:145,34,0,7
BRDA:146,35,0,1
BRDA:150,36,0,6
BRDA:157,37,0,5
BRDA:159,38,0,4
BRDA:161,39,0,2
BRDA:162,40,0,0
BRDA:163,41,0,6
BRDA:155,42,0,6
BRDA:155,43,0,6
BRDA:168,44,0,22
BRDA:169,45,0,14
BRDA:171,46,0,8
BRDA:211,47,0,9
BRDA:234,48,0,1
BRDA:259,49,0,1
BRDA:262,50,0,608
BRDA:264,51,0,836
BRDA:277,52,0,3
BRDA:290,53,0,1
BRDA:293,54,0,228
BRDA:308,55,0,1
BRDA:341,56,0,176
BRDA:343,57,0,242
BRDA:372,58,0,66
BRDA:387,59,0,1
BRF:60
BRH:56
end_of_record
TN:
SF:src/components/NodeContextMenu.tsx
FN:20,ContextMenu
FN:37,handleDelete
FN:49,handleCopy
FN:56,handleCut
FN:63,handlePaste
FN:70,handleAddToAgentNodes
FN:77,handleSendToMarketplace
FN:94,onClick
FNF:8
FNH:8
FNDA:26,ContextMenu
FNDA:5,handleDelete
FNDA:3,handleCopy
FNDA:2,handleCut
FNDA:2,handlePaste
FNDA:1,handleAddToAgentNodes
FNDA:1,handleSendToMarketplace
FNDA:15,onClick
DA:1,1
DA:2,1
DA:3,1
DA:4,1
DA:5,1
DA:6,1
DA:7,1
DA:8,1
DA:9,1
DA:10,1
DA:11,1
DA:12,1
DA:13,1
DA:14,1
DA:15,1
DA:16,1
DA:17,1
DA:18,1
DA:19,1
DA:20,26
DA:21,26
DA:22,26
DA:23,26
DA:24,26
DA:25,26
DA:26,26
DA:27,26
DA:28,26
DA:29,26
DA:30,26
DA:31,26
DA:32,26
DA:33,26
DA:34,26
DA:35,26
DA:36,26
DA:37,26
DA:38,5
DA:39,3
DA:40,5
DA:41,1
DA:42,1
DA:43,5
DA:44,4
DA:45,4
DA:46,5
DA:47,5
DA:48,26
DA:49,26
DA:50,3
DA:51,1
DA:52,1
DA:53,3
DA:54,3
DA:55,26
DA:56,26
DA:57,2
DA:58,1
DA:59,1
DA:60,2
DA:61,2
DA:62,26
DA:63,26
DA:64,2
DA:65,1
DA:66,1
DA:67,2
DA:68,2
DA:69,26
DA:70,26
DA:71,1
DA:72,1
DA:73,1
DA:74,1
DA:75,1
DA:76,26
DA:77,26
DA:78,1
DA:79,1
DA:80,1
DA:81,1
DA:82,1
DA:83,26
DA:84,26
DA:85,26
DA:86,26
DA:87,26
DA:88,26
DA:89,26
DA:90,26
DA:91,26
DA:92,26
DA:93,26
DA:94,26
DA:95,26
DA:96,26
DA:97,23
DA:98,23
DA:99,23
DA:100,23
DA:101,23
DA:102,23
DA:103,23
DA:104,23
DA:105,23
DA:106,23
DA:107,23
DA:108,23
DA:109,23
DA:110,23
DA:111,23
DA:112,23
DA:113,3
DA:114,3
DA:115,3
DA:116,3
DA:117,3
DA:118,3
DA:119,3
DA:120,23
DA:121,23
DA:122,17
DA:123,17
DA:124,17
DA:125,17
DA:126,17
DA:127,17
DA:128,17
DA:129,17
DA:130,17
DA:131,17
DA:132,17
DA:133,17
DA:134,17
DA:135,17
DA:136,17
DA:137,17
DA:138,23
DA:139,23
DA:140,23
DA:141,26
DA:142,26
DA:143,26
DA:144,26
DA:145,26
DA:146,26
DA:147,26
DA:148,26
DA:149,26
DA:150,26
DA:151,26
LF:151
LH:151
BRDA:20,0,0,26
BRDA:84,1,0,19
BRDA:85,2,0,23
BRDA:85,3,0,3
BRDA:96,4,0,23
BRDA:112,5,0,3
BRDA:121,6,0,17
BRDA:37,7,0,5
BRDA:38,8,0,3
BRDA:40,9,0,2
BRDA:40,10,0,1
BRDA:43,11,0,4
BRDA:49,12,0,3
BRDA:50,13,0,2
BRDA:50,14,0,1
BRDA:56,15,0,2
BRDA:57,16,0,1
BRDA:57,17,0,1
BRDA:63,18,0,2
BRDA:64,19,0,1
BRDA:70,20,0,1
BRDA:77,21,0,1
BRDA:94,22,0,15
BRF:23
BRH:23
end_of_record
TN:
SF:src/components/NodePanel.tsx
FN:1,(empty-report)
FNF:1
FNH:0
FNDA:0,(empty-report)
DA:1,0
DA:2,0
DA:3,0
DA:4,0
DA:5,0
DA:6,0
DA:7,0
DA:8,0
DA:9,0
DA:10,0
DA:11,0
DA:12,0
DA:13,0
DA:14,0
DA:15,0
DA:16,0
DA:17,0
DA:18,0
DA:19,0
DA:20,0
DA:21,0
DA:22,0
DA:23,0
DA:24,0
DA:25,0
DA:26,0
DA:27,0
DA:28,0
DA:29,0
DA:30,0
DA:31,0
DA:32,0
DA:33,0
DA:34,0
DA:35,0
DA:36,0
DA:37,0
DA:38,0
DA:39,0
DA:40,0
DA:41,0
DA:42,0
DA:43,0
DA:44,0
DA:45,0
DA:46,0
DA:47,0
DA:48,0
DA:49,0
DA:50,0
DA:51,0
DA:52,0
DA:53,0
DA:54,0
DA:55,0
DA:56,0
DA:57,0
DA:58,0
DA:59,0
DA:60,0
DA:61,0
DA:62,0
DA:63,0
DA:64,0
DA:65,0
DA:66,0
DA:67,0
DA:68,0
DA:69,0
DA:70,0
DA:71,0
DA:72,0
DA:73,0
DA:74,0
DA:75,0
DA:76,0
DA:77,0
DA:78,0
DA:79,0
DA:80,0
DA:81,0
DA:82,0
DA:83,0
DA:84,0
DA:85,0
DA:86,0
DA:87,0
DA:88,0
DA:89,0
DA:90,0
DA:91,0
DA:92,0
DA:93,0
DA:94,0
DA:95,0
DA:96,0
DA:97,0
DA:98,0
DA:99,0
DA:100,0
DA:101,0
DA:102,0
DA:103,0
DA:104,0
DA:105,0
DA:106,0
DA:107,0
DA:108,0
DA:109,0
DA:110,0
DA:111,0
DA:112,0
DA:113,0
DA:114,0
DA:115,0
DA:116,0
DA:117,0
DA:118,0
DA:119,0
DA:120,0
DA:121,0
DA:122,0
DA:123,0
DA:124,0
DA:125,0
DA:126,0
DA:127,0
DA:128,0
DA:129,0
DA:130,0
DA:131,0
DA:132,0
DA:133,0
DA:134,0
DA:135,0
DA:136,0
DA:137,0
DA:138,0
DA:139,0
DA:140,0
DA:141,0
DA:142,0
DA:143,0
DA:144,0
DA:145,0
DA:146,0
DA:147,0
DA:148,0
DA:149,0
DA:150,0
DA:151,0
DA:152,0
DA:153,0
DA:154,0
DA:155,0
DA:156,0
DA:157,0
DA:158,0
DA:159,0
DA:160,0
DA:161,0
DA:162,0
DA:163,0
DA:164,0
DA:165,0
DA:166,0
DA:167,0
DA:168,0
DA:169,0
DA:170,0
DA:171,0
DA:172,0
DA:173,0
DA:174,0
DA:175,0
DA:176,0
DA:177,0
DA:178,0
DA:179,0
DA:180,0
DA:181,0
DA:182,0
DA:183,0
DA:184,0
DA:185,0
DA:186,0
DA:187,0
DA:188,0
DA:189,0
DA:190,0
DA:191,0
DA:192,0
DA:193,0
DA:194,0
DA:195,0
DA:196,0
DA:197,0
DA:198,0
DA:199,0
DA:200,0
DA:201,0
DA:202,0
DA:203,0
DA:204,0
DA:205,0
DA:206,0
DA:207,0
DA:208,0
DA:209,0
DA:210,0
DA:211,0
DA:212,0
DA:213,0
DA:214,0
DA:215,0
DA:216,0
DA:217,0
DA:218,0
DA:219,0
DA:220,0
DA:221,0
DA:222,0
DA:223,0
DA:224,0
DA:225,0
DA:226,0
DA:227,0
DA:228,0
DA:229,0
DA:230,0
DA:231,0
DA:232,0
DA:233,0
DA:234,0
DA:235,0
DA:236,0
DA:237,0
DA:238,0
DA:239,0
DA:240,0
DA:241,0
DA:242,0
DA:243,0
DA:244,0
DA:245,0
DA:246,0
DA:247,0
DA:248,0
DA:249,0
DA:250,0
DA:251,0
DA:252,0
DA:253,0
DA:254,0
DA:255,0
DA:256,0
DA:257,0
DA:258,0
DA:259,0
DA:260,0
DA:261,0
DA:262,0
DA:263,0
LF:263
LH:0
BRDA:1,0,0,0
BRF:1
BRH:0
end_of_record
TN:
SF:src/components/PropertyPanel.tsx
FN:34,PropertyPanel
FN:90,onClick
FN:113,handleClose
FN:119,handleSaveWrapper
FN:123,handleAddInput
FN:187,onChange
FN:199,onChange
FN:212,onClick
FN:228,onClick
FN:241,onChange
FN:251,onChange
FN:272,onSubmit
FN:334,onClick
FNF:13
FNH:10
FNDA:315,PropertyPanel
FNDA:0,onClick
FNDA:6,handleClose
FNDA:11,handleSaveWrapper
FNDA:0,handleAddInput
FNDA:1,onChange
FNDA:3,onChange
FNDA:3,onClick
FNDA:1,onClick
FNDA:1,onChange
FNDA:1,onChange
FNDA:0,onSubmit
FNDA:1,onClick
DA:1,1
DA:2,1
DA:3,1
DA:4,1
DA:5,1
DA:6,1
DA:7,1
DA:8,1
DA:9,1
DA:10,1
DA:11,1
DA:12,1
DA:13,1
DA:14,1
DA:15,1
DA:16,1
DA:17,1
DA:18,1
DA:19,1
DA:20,1
DA:21,1
DA:22,1
DA:23,1
DA:24,1
DA:25,1
DA:26,1
DA:27,1
DA:28,1
DA:29,1
DA:30,1
DA:31,1
DA:32,1
DA:33,1
DA:34,315
DA:35,315
DA:36,315
DA:37,315
DA:38,315
DA:39,315
DA:40,315
DA:41,315
DA:42,315
DA:43,315
DA:44,315
DA:45,315
DA:46,315
DA:47,315
DA:48,315
DA:49,315
DA:50,315
DA:51,315
DA:52,315
DA:53,315
DA:54,315
DA:55,315
DA:56,315
DA:57,315
DA:58,315
DA:59,315
DA:60,315
DA:61,315
DA:62,315
DA:63,315
DA:64,315
DA:65,315
DA:66,315
DA:67,315
DA:68,315
DA:69,315
DA:70,315
DA:71,315
DA:72,315
DA:73,315
DA:74,315
DA:75,315
DA:76,315
DA:77,315
DA:78,315
DA:79,315
DA:80,315
DA:81,315
DA:82,315
DA:83,28
DA:84,28
DA:85,286
DA:86,315
DA:87,6
DA:88,6
DA:89,6
DA:90,6
DA:91,6
DA:92,6
DA:93,6
DA:94,6
DA:95,6
DA:96,6
DA:97,6
DA:98,6
DA:99,280
DA:100,315
DA:101,6
DA:102,6
DA:103,6
DA:104,6
DA:105,6
DA:106,6
DA:107,6
DA:108,6
DA:109,6
DA:110,6
DA:111,6
DA:112,274
DA:113,274
DA:114,6
DA:115,6
DA:116,6
DA:117,6
DA:118,274
DA:119,274
DA:120,11
DA:121,10
DA:122,274
DA:123,274
DA:124,0
DA:125,0
DA:126,274
DA:127,274
DA:128,274
DA:129,274
DA:130,274
DA:131,274
DA:132,274
DA:133,274
DA:134,274
DA:135,274
DA:136,274
DA:137,274
DA:138,274
DA:139,274
DA:140,274
DA:141,274
DA:142,274
DA:143,274
DA:144,315
DA:145,315
DA:146,267
DA:147,267
DA:148,315
DA:149,315
DA:150,315
DA:151,315
DA:152,7
DA:153,7
DA:154,7
DA:155,7
DA:156,315
DA:157,11
DA:158,11
DA:159,11
DA:160,11
DA:161,267
DA:162,256
DA:163,256
DA:164,256
DA:165,256
DA:166,315
DA:167,315
DA:168,315
DA:169,315
DA:170,315
DA:171,315
DA:172,315
DA:173,315
DA:174,315
DA:175,315
DA:176,315
DA:177,315
DA:178,315
DA:179,315
DA:180,315
DA:181,315
DA:182,315
DA:183,315
DA:184,315
DA:185,315
DA:186,315
DA:187,315
DA:188,315
DA:189,315
DA:190,315
DA:191,315
DA:192,315
DA:193,315
DA:194,315
DA:195,315
DA:196,315
DA:197,315
DA:198,315
DA:199,315
DA:200,315
DA:201,315
DA:202,315
DA:203,315
DA:204,315
DA:205,315
DA:206,315
DA:207,315
DA:208,258
DA:209,258
DA:210,258
DA:211,258
DA:212,258
DA:213,258
DA:214,258
DA:215,258
DA:216,258
DA:217,258
DA:218,258
DA:219,258
DA:220,258
DA:221,258
DA:222,258
DA:223,258
DA:224,16
DA:225,16
DA:226,16
DA:227,16
DA:228,16
DA:229,16
DA:230,16
DA:231,16
DA:232,16
DA:233,16
DA:234,16
DA:235,16
DA:236,16
DA:237,16
DA:238,16
DA:239,16
DA:240,16
DA:241,16
DA:242,16
DA:243,16
DA:244,16
DA:245,16
DA:246,16
DA:247,16
DA:248,16
DA:249,16
DA:250,16
DA:251,16
DA:252,16
DA:253,16
DA:254,16
DA:255,16
DA:256,16
DA:257,16
DA:258,258
DA:259,258
DA:260,258
DA:261,258
DA:262,258
DA:263,5
DA:264,5
DA:265,5
DA:266,5
DA:267,5
DA:268,5
DA:269,5
DA:270,5
DA:271,5
DA:272,5
DA:273,0
DA:274,0
DA:275,0
DA:276,0
DA:277,0
DA:278,0
DA:279,0
DA:280,5
DA:281,5
DA:282,5
DA:283,5
DA:284,5
DA:285,5
DA:286,5
DA:287,5
DA:288,5
DA:289,5
DA:290,5
DA:291,5
DA:292,5
DA:293,5
DA:294,5
DA:295,5
DA:296,5
DA:297,5
DA:298,5
DA:299,5
DA:300,5
DA:301,5
DA:302,5
DA:303,5
DA:304,5
DA:305,5
DA:306,5
DA:307,5
DA:308,5
DA:309,5
DA:310,5
DA:311,5
DA:312,5
DA:313,5
DA:314,5
DA:315,5
DA:316,5
DA:317,5
DA:318,5
DA:319,5
DA:320,5
DA:321,5
DA:322,5
DA:323,5
DA:324,5
DA:325,5
DA:326,5
DA:327,5
DA:328,5
DA:329,5
DA:330,5
DA:331,5
DA:332,5
DA:333,5
DA:334,5
DA:335,5
DA:336,5
DA:337,5
DA:338,5
DA:339,5
DA:340,5
DA:341,5
DA:342,5
DA:343,5
DA:344,5
DA:345,5
DA:346,5
DA:347,5
DA:348,5
DA:349,5
DA:350,5
DA:351,258
DA:352,258
DA:353,258
DA:354,258
DA:355,258
DA:356,258
DA:357,315
DA:358,315
DA:359,315
DA:360,315
DA:361,207
DA:362,207
DA:363,207
DA:364,207
DA:365,207
DA:366,207
DA:367,315
DA:368,315
DA:369,315
DA:370,315
DA:371,10
DA:372,10
DA:373,10
DA:374,10
DA:375,315
DA:376,315
DA:377,315
DA:378,315
DA:379,6
DA:380,6
DA:381,6
DA:382,6
DA:383,6
DA:384,315
DA:385,315
DA:386,315
DA:387,315
DA:388,29
DA:389,29
DA:390,29
DA:391,29
DA:392,315
DA:393,315
DA:394,315
DA:395,315
DA:396,2
DA:397,2
DA:398,2
DA:399,2
DA:400,315
DA:401,315
DA:402,315
DA:403,2
DA:404,2
DA:405,2
DA:406,2
DA:407,315
DA:408,315
DA:409,315
DA:410,2
DA:411,2
DA:412,2
DA:413,2
DA:414,315
DA:415,315
DA:416,315
DA:417,315
DA:418,315
LF:418
LH:409
BRDA:34,0,0,315
BRDA:80,1,0,8
BRDA:82,2,0,28
BRDA:85,3,0,286
BRDA:86,4,0,6
BRDA:99,5,0,280
BRDA:100,6,0,6
BRDA:112,7,0,274
BRDA:144,8,0,7
BRDA:145,9,0,267
BRDA:146,10,0,11
BRDA:147,11,0,256
BRDA:151,12,0,7
BRDA:156,13,0,267
BRDA:156,14,0,11
BRDA:161,15,0,256
BRDA:207,16,0,262
BRDA:207,17,0,258
BRDA:223,18,0,215
BRDA:262,19,0,5
BRDA:360,20,0,207
BRDA:370,21,0,10
BRDA:378,22,0,6
BRDA:387,23,0,35
BRDA:387,24,0,29
BRDA:395,25,0,2
BRDA:402,26,0,2
BRDA:409,27,0,2
BRDA:113,28,0,6
BRDA:119,29,0,11
BRDA:121,30,0,10
BRDA:187,31,0,1
BRDA:199,32,0,3
BRDA:212,33,0,3
BRDA:223,34,0,16
BRDA:240,35,0,0
BRDA:250,36,0,4
BRDA:228,37,0,1
BRDA:241,38,0,1
BRDA:241,39,0,0
BRDA:251,40,0,1
BRDA:334,41,0,1
BRF:42
BRH:40
end_of_record
TN:
SF:src/components/PublishModal.tsx
FN:27,PublishModal
FN:40,onSubmit
FN:62,onChange
FN:72,onChange
FN:82,onChange
FN:96,onChange
FN:111,onChange
FN:123,onChange
FNF:8
FNH:8
FNDA:258,PublishModal
FNDA:10,onSubmit
FNDA:1,onChange
FNDA:1,onChange
FNDA:1,onChange
FNDA:1,onChange
FNDA:1,onChange
FNDA:2,onChange
DA:1,1
DA:2,1
DA:3,1
DA:4,1
DA:5,1
DA:6,1
DA:7,1
DA:8,1
DA:9,1
DA:10,1
DA:11,1
DA:12,1
DA:13,1
DA:14,1
DA:15,1
DA:16,1
DA:17,1
DA:18,1
DA:19,1
DA:20,1
DA:21,1
DA:22,1
DA:23,1
DA:24,1
DA:25,1
DA:26,1
DA:27,258
DA:28,258
DA:29,258
DA:30,258
DA:31,258
DA:32,258
DA:33,258
DA:34,258
DA:35,258
DA:36,40
DA:37,40
DA:38,40
DA:39,40
DA:40,40
DA:41,10
DA:42,10
DA:43,40
DA:44,40
DA:45,40
DA:46,40
DA:47,40
DA:48,40
DA:49,40
DA:50,40
DA:51,40
DA:52,40
DA:53,40
DA:54,40
DA:55,40
DA:56,40
DA:57,40
DA:58,40
DA:59,40
DA:60,40
DA:61,40
DA:62,40
DA:63,40
DA:64,40
DA:65,40
DA:66,40
DA:67,40
DA:68,40
DA:69,40
DA:70,40
DA:71,40
DA:72,40
DA:73,40
DA:74,40
DA:75,40
DA:76,40
DA:77,40
DA:78,40
DA:79,40
DA:80,40
DA:81,40
DA:82,40
DA:83,40
DA:84,40
DA:85,40
DA:86,320
DA:87,40
DA:88,40
DA:89,40
DA:90,40
DA:91,40
DA:92,40
DA:93,40
DA:94,40
DA:95,40
DA:96,40
DA:97,40
DA:98,40
DA:99,40
DA:100,120
DA:101,120
DA:102,120
DA:103,40
DA:104,40
DA:105,40
DA:106,40
DA:107,40
DA:108,40
DA:109,40
DA:110,40
DA:111,40
DA:112,40
DA:113,40
DA:114,40
DA:115,40
DA:116,40
DA:117,40
DA:118,40
DA:119,40
DA:120,40
DA:121,40
DA:122,40
DA:123,40
DA:124,40
DA:125,40
DA:126,40
DA:127,40
DA:128,40
DA:129,40
DA:130,40
DA:131,40
DA:132,40
DA:133,40
DA:134,40
DA:135,40
DA:136,40
DA:137,40
DA:138,40
DA:139,40
DA:140,40
DA:141,40
DA:142,258
DA:143,258
DA:144,258
DA:145,258
DA:146,258
DA:147,258
DA:148,258
LF:148
LH:148
BRDA:27,0,0,258
BRDA:35,1,0,218
BRDA:36,2,0,40
BRDA:142,3,0,9
BRDA:142,4,0,31
BRDA:40,5,0,10
BRDA:62,6,0,1
BRDA:72,7,0,1
BRDA:82,8,0,1
BRDA:85,9,0,320
BRDA:96,10,0,1
BRDA:99,11,0,120
BRDA:111,12,0,1
BRDA:123,13,0,2
BRF:14
BRH:14
end_of_record
TN:
SF:src/components/ReactFlowInstanceCapture.tsx
FN:14,ReactFlowInstanceCapture
FNF:1
FNH:1
FNDA:6,ReactFlowInstanceCapture
DA:1,1
DA:2,1
DA:3,1
DA:4,1
DA:5,1
DA:6,1
DA:7,1
DA:8,1
DA:9,1
DA:10,1
DA:11,1
DA:12,1
DA:13,1
DA:14,6
DA:15,6
DA:16,6
DA:17,6
DA:18,6
DA:19,6
DA:20,6
DA:21,6
DA:22,6
LF:22
LH:22
BRDA:14,0,0,6
BRDA:17,1,0,6
BRF:2
BRH:2
end_of_record
TN:
SF:src/components/TabBar.tsx
FN:28,TabBar
FN:53,onClick
FN:54,onDoubleClick
FN:72,onChange
FN:73,onBlur
FN:74,onKeyDown
FN:75,onClick
FN:84,onClick
FN:89,onKeyDown
FNF:9
FNH:9
FNDA:262,TabBar
FNDA:4,onClick
FNDA:8,onDoubleClick
FNDA:6,onChange
FNDA:5,onBlur
FNDA:3,onKeyDown
FNDA:1,onClick
FNDA:6,onClick
FNDA:2,onKeyDown
DA:1,1
DA:2,1
DA:3,1
DA:4,1
DA:5,1
DA:6,1
DA:7,1
DA:8,1
DA:9,1
DA:10,1
DA:11,1
DA:12,1
DA:13,1
DA:14,1
DA:15,1
DA:16,1
DA:17,1
DA:18,1
DA:19,1
DA:20,1
DA:21,1
DA:22,1
DA:23,1
DA:24,1
DA:25,1
DA:26,1
DA:27,1
DA:28,262
DA:29,262
DA:30,262
DA:31,262
DA:32,262
DA:33,262
DA:34,262
DA:35,262
DA:36,262
DA:37,262
DA:38,262
DA:39,262
DA:40,262
DA:41,262
DA:42,262
DA:43,262
DA:44,262
DA:45,262
DA:46,262
DA:47,262
DA:48,262
DA:49,262
DA:50,262
DA:51,227
DA:52,227
DA:53,227
DA:54,227
DA:55,227
DA:56,227
DA:57,227
DA:58,227
DA:59,227
DA:60,227
DA:61,227
DA:62,227
DA:63,227
DA:64,227
DA:65,139
DA:66,227
DA:67,227
DA:68,227
DA:69,19
DA:70,19
DA:71,19
DA:72,19
DA:73,19
DA:74,19
DA:75,19
DA:76,19
DA:77,19
DA:78,227
DA:79,208
DA:80,227
DA:81,227
DA:82,227
DA:83,86
DA:84,86
DA:85,86
DA:86,86
DA:87,86
DA:88,86
DA:89,86
DA:90,2
DA:91,2
DA:92,2
DA:93,2
DA:94,86
DA:95,86
DA:96,86
DA:97,86
DA:98,227
DA:99,227
DA:100,262
DA:101,262
DA:102,262
DA:103,262
DA:104,262
DA:105,262
DA:106,262
DA:107,262
DA:108,262
DA:109,262
DA:110,262
DA:111,262
DA:112,262
DA:113,262
DA:114,262
DA:115,262
DA:116,262
DA:117,262
DA:118,262
DA:119,262
DA:120,262
DA:121,262
DA:122,262
DA:123,262
DA:124,262
DA:125,262
DA:126,262
DA:127,262
DA:128,262
DA:129,262
DA:130,262
DA:131,262
DA:132,262
DA:133,262
DA:134,262
DA:135,262
DA:136,262
DA:137,262
DA:138,262
DA:139,262
DA:140,262
DA:141,262
DA:142,262
DA:143,262
LF:143
LH:143
BRDA:28,0,0,262
BRDA:50,1,0,227
BRDA:59,2,0,178
BRDA:60,3,0,49
BRDA:64,4,0,139
BRDA:68,5,0,19
BRDA:78,6,0,208
BRDA:82,7,0,86
BRDA:53,8,0,4
BRDA:54,9,0,8
BRDA:72,10,0,6
BRDA:73,11,0,5
BRDA:74,12,0,3
BRDA:75,13,0,1
BRDA:84,14,0,6
BRDA:89,15,0,2
BRDA:90,16,0,1
BRF:17
BRH:17
end_of_record
TN:
SF:src/components/TemplateCard.tsx
FN:19,TemplateCard
FN:34,onClick
FN:48,onChange
FN:53,onClick
FNF:4
FNH:4
FNDA:34,TemplateCard
FNDA:1,onClick
FNDA:2,onChange
FNDA:2,onClick
DA:1,1
DA:2,1
DA:3,1
DA:4,1
DA:5,1
DA:6,1
DA:7,1
DA:8,1
DA:9,1
DA:10,1
DA:11,1
DA:12,1
DA:13,1
DA:14,1
DA:15,1
DA:16,1
DA:17,1
DA:18,1
DA:19,34
DA:20,34
DA:21,34
DA:22,34
DA:23,34
DA:24,34
DA:25,34
DA:26,34
DA:27,34
DA:28,34
DA:29,34
DA:30,34
DA:31,34
DA:32,34
DA:33,34
DA:34,34
DA:35,34
DA:36,34
DA:37,34
DA:38,34
DA:39,34
DA:40,34
DA:41,34
DA:42,34
DA:43,34
DA:44,34
DA:45,34
DA:46,34
DA:47,34
DA:48,34
DA:49,2
DA:50,2
DA:51,34
DA:52,34
DA:53,34
DA:54,34
DA:55,34
DA:56,34
DA:57,34
DA:58,34
DA:59,34
DA:60,34
DA:61,5
DA:62,5
DA:63,5
DA:64,34
DA:65,34
DA:66,34
DA:67,34
DA:68,34
DA:69,34
DA:70,34
DA:71,34
DA:72,34
DA:73,34
DA:74,26
DA:75,26
DA:76,51
DA:77,51
DA:78,51
DA:79,51
DA:80,51
DA:81,51
DA:82,26
DA:83,26
DA:84,34
DA:85,34
DA:86,34
DA:87,34
DA:88,34
DA:89,12
DA:90,12
DA:91,12
DA:92,12
DA:93,12
DA:94,12
DA:95,11
DA:96,11
DA:97,11
DA:98,11
DA:99,11
DA:100,11
DA:101,12
DA:102,12
DA:103,34
DA:104,22
DA:105,22
DA:106,22
DA:107,22
DA:108,22
DA:109,22
DA:110,22
DA:111,22
DA:112,22
DA:113,22
DA:114,22
DA:115,22
DA:116,22
DA:117,22
DA:118,34
DA:119,34
DA:120,22
DA:121,22
DA:122,22
DA:123,22
DA:124,34
DA:125,34
DA:126,34
DA:127,34
DA:128,34
DA:129,34
DA:130,34
DA:131,34
DA:132,34
DA:133,34
DA:134,34
DA:135,34
DA:136,34
DA:137,34
DA:138,34
DA:139,34
DA:140,34
DA:141,34
DA:142,34
DA:143,34
DA:144,34
DA:145,34
DA:146,34
DA:147,25
DA:148,25
DA:149,34
DA:150,34
DA:151,34
DA:152,34
DA:153,34
DA:154,34
LF:154
LH:154
BRDA:19,0,0,34
BRDA:29,1,0,12
BRDA:29,2,0,22
BRDA:30,3,0,22
BRDA:30,4,0,12
BRDA:37,5,0,2
BRDA:38,6,0,32
BRDA:56,7,0,12
BRDA:56,8,0,1
BRDA:56,9,0,22
BRDA:60,10,0,5
BRDA:73,11,0,33
BRDA:73,12,0,26
BRDA:88,13,0,12
BRDA:92,14,0,1
BRDA:94,15,0,11
BRDA:103,16,0,22
BRDA:107,17,0,1
BRDA:111,18,0,1
BRDA:115,19,0,0
BRDA:119,20,0,22
BRDA:130,21,0,2
BRDA:133,22,0,2
BRDA:142,23,0,2
BRDA:143,24,0,32
BRDA:146,25,0,25
BRDA:148,26,0,2
BRDA:149,27,0,23
BRDA:34,28,0,1
BRDA:48,29,0,2
BRDA:53,30,0,2
BRDA:75,31,0,51
BRDA:98,32,0,15
BRF:33
BRH:32
end_of_record
TN:
SF:src/components/TemplateFilters.tsx
FN:36,TemplateFilters
FN:59,onChange
FN:82,onChange
FN:83,onKeyDown
FN:100,onChange
FNF:5
FNH:5
FNDA:92,TemplateFilters
FNDA:5,onChange
FNDA:4,onChange
FNDA:2,onKeyDown
FNDA:5,onChange
DA:1,1
DA:2,1
DA:3,1
DA:4,1
DA:5,1
DA:6,1
DA:7,1
DA:8,1
DA:9,1
DA:10,1
DA:11,1
DA:12,1
DA:13,1
DA:14,1
DA:15,1
DA:16,1
DA:17,1
DA:18,1
DA:19,1
DA:20,1
DA:21,1
DA:22,1
DA:23,1
DA:24,1
DA:25,1
DA:26,1
DA:27,1
DA:28,1
DA:29,1
DA:30,1
DA:31,1
DA:32,1
DA:33,1
DA:34,1
DA:35,1
DA:36,92
DA:37,92
DA:38,92
DA:39,92
DA:40,92
DA:41,92
DA:42,92
DA:43,92
DA:44,92
DA:45,92
DA:46,92
DA:47,92
DA:48,92
DA:49,92
DA:50,92
DA:51,92
DA:52,92
DA:53,92
DA:54,92
DA:55,92
DA:56,92
DA:57,92
DA:58,92
DA:59,92
DA:60,92
DA:61,92
DA:62,92
DA:63,828
DA:64,828
DA:65,828
DA:66,92
DA:67,92
DA:68,92
DA:69,92
DA:70,92
DA:71,92
DA:72,92
DA:73,92
DA:74,92
DA:75,92
DA:76,92
DA:77,92
DA:78,33
DA:79,33
DA:80,92
DA:81,92
DA:82,92
DA:83,92
DA:84,2
DA:85,1
DA:86,1
DA:87,92
DA:88,92
DA:89,92
DA:90,92
DA:91,92
DA:92,92
DA:93,92
DA:94,92
DA:95,92
DA:96,92
DA:97,92
DA:98,92
DA:99,92
DA:100,92
DA:101,92
DA:102,92
DA:103,92
DA:104,276
DA:105,276
DA:106,276
DA:107,92
DA:108,92
DA:109,92
DA:110,92
DA:111,92
DA:112,92
DA:113,92
DA:114,92
DA:115,92
DA:116,92
DA:117,92
DA:118,92
DA:119,92
DA:120,92
DA:121,92
DA:122,92
LF:122
LH:122
BRDA:36,0,0,92
BRDA:76,1,0,59
BRDA:77,2,0,33
BRDA:78,3,0,4
BRDA:79,4,0,29
BRDA:59,5,0,5
BRDA:62,6,0,828
BRDA:82,7,0,4
BRDA:83,8,0,2
BRDA:84,9,0,1
BRDA:100,10,0,5
BRDA:103,11,0,276
BRF:12
BRH:12
end_of_record
TN:
SF:src/components/TemplateGrid.tsx
FN:20,TemplateGrid
FNF:1
FNH:1
FNDA:87,TemplateGrid
DA:1,1
DA:2,1
DA:3,1
DA:4,1
DA:5,1
DA:6,1
DA:7,1
DA:8,1
DA:9,1
DA:10,1
DA:11,1
DA:12,1
DA:13,1
DA:14,1
DA:15,1
DA:16,1
DA:17,1
DA:18,1
DA:19,1
DA:20,87
DA:21,87
DA:22,87
DA:23,87
DA:24,87
DA:25,87
DA:26,87
DA:27,87
DA:28,87
DA:29,87
DA:30,87
DA:31,72
DA:32,72
DA:33,72
DA:34,72
DA:35,72
DA:36,72
DA:37,15
DA:38,15
DA:39,15
DA:40,15
DA:41,34
DA:42,34
DA:43,34
DA:44,34
DA:45,34
DA:46,34
DA:47,34
DA:48,34
DA:49,34
DA:50,34
DA:51,34
DA:52,34
DA:53,34
DA:54,15
DA:55,15
DA:56,15
DA:57,15
LF:57
LH:57
BRDA:20,0,0,87
BRDA:30,1,0,72
BRDA:37,2,0,15
BRDA:40,3,0,34
BRF:4
BRH:4
end_of_record
TN:
SF:src/components/WorkflowBuilder.tsx
FN:54,WorkflowBuilder
FNF:1
FNH:0
FNDA:0,WorkflowBuilder
DA:1,1
DA:2,1
DA:3,1
DA:4,1
DA:5,1
DA:6,1
DA:7,1
DA:8,1
DA:9,1
DA:10,1
DA:11,1
DA:12,1
DA:13,1
DA:14,1
DA:15,1
DA:16,1
DA:17,1
DA:18,1
DA:19,1
DA:20,1
DA:21,1
DA:22,1
DA:23,1
DA:24,1
DA:25,1
DA:26,1
DA:27,1
DA:28,1
DA:29,1
DA:30,1
DA:31,1
DA:32,1
DA:33,1
DA:34,1
DA:35,1
DA:36,1
DA:37,1
DA:38,1
DA:39,1
DA:40,1
DA:41,1
DA:42,1
DA:43,1
DA:44,1
DA:45,1
DA:46,1
DA:47,1
DA:48,1
DA:49,1
DA:50,1
DA:51,1
DA:52,1
DA:53,1
DA:54,1
DA:55,0
DA:56,0
DA:57,0
DA:58,0
DA:59,0
DA:60,0
DA:61,0
DA:62,0
DA:63,0
DA:64,0
DA:65,0
DA:66,0
DA:67,0
DA:68,0
DA:69,0
DA:70,0
DA:71,0
DA:72,0
DA:73,0
DA:74,0
DA:75,0
DA:76,0
DA:77,0
DA:78,0
DA:79,0
DA:80,0
DA:81,0
DA:82,0
DA:83,0
DA:84,0
DA:85,0
DA:86,0
DA:87,0
DA:88,0
DA:89,0
DA:90,0
DA:91,0
DA:92,0
DA:93,0
DA:94,0
DA:95,0
DA:96,0
DA:97,0
DA:98,0
DA:99,0
DA:100,0
DA:101,0
DA:102,0
DA:103,0
DA:104,0
DA:105,0
DA:106,0
DA:107,0
DA:108,0
DA:109,0
DA:110,0
DA:111,0
DA:112,0
DA:113,0
DA:114,0
DA:115,0
DA:116,0
DA:117,0
DA:118,0
DA:119,0
DA:120,0
DA:121,0
DA:122,0
DA:123,0
DA:124,0
DA:125,0
DA:126,0
DA:127,0
DA:128,0
DA:129,0
DA:130,0
DA:131,0
DA:132,0
DA:133,0
DA:134,0
DA:135,0
DA:136,0
DA:137,0
DA:138,0
DA:139,0
DA:140,0
DA:141,0
DA:142,0
DA:143,0
DA:144,0
DA:145,0
DA:146,0
DA:147,0
DA:148,0
DA:149,0
DA:150,0
DA:151,0
DA:152,0
DA:153,0
DA:154,0
DA:155,0
DA:156,0
DA:157,0
DA:158,0
DA:159,0
DA:160,0
DA:161,0
DA:162,0
DA:163,0
DA:164,0
DA:165,0
DA:166,0
DA:167,0
DA:168,0
DA:169,0
DA:170,0
DA:171,0
DA:172,0
DA:173,0
DA:174,0
DA:175,0
DA:176,0
DA:177,0
DA:178,0
DA:179,0
DA:180,0
DA:181,0
DA:182,0
DA:183,0
DA:184,0
DA:185,0
DA:186,0
DA:187,0
DA:188,0
DA:189,0
DA:190,0
DA:191,0
DA:192,0
DA:193,0
DA:194,0
DA:195,0
DA:196,0
DA:197,0
DA:198,0
DA:199,0
DA:200,0
DA:201,0
DA:202,0
DA:203,0
DA:204,0
DA:205,0
DA:206,0
DA:207,0
DA:208,0
DA:209,0
DA:210,0
DA:211,0
DA:212,0
DA:213,0
DA:214,0
DA:215,0
DA:216,0
DA:217,0
DA:218,0
DA:219,0
DA:220,0
DA:221,0
DA:222,0
DA:223,0
DA:224,0
DA:225,0
DA:226,0
DA:227,0
DA:228,0
DA:229,0
DA:230,0
DA:231,0
DA:232,0
DA:233,0
DA:234,0
DA:235,0
DA:236,0
DA:237,0
DA:238,0
DA:239,0
DA:240,0
DA:241,0
DA:242,0
DA:243,0
DA:244,0
DA:245,0
DA:246,0
DA:247,0
DA:248,0
DA:249,0
DA:250,0
DA:251,0
DA:252,0
DA:253,0
DA:254,0
DA:255,0
DA:256,0
DA:257,0
DA:258,0
DA:259,0
DA:260,0
DA:261,0
DA:262,0
DA:263,0
DA:264,0
DA:265,0
DA:266,0
DA:267,0
DA:268,0
DA:269,0
DA:270,0
DA:271,0
DA:272,0
DA:273,0
DA:274,0
DA:275,0
DA:276,0
DA:277,0
DA:278,0
DA:279,0
DA:280,0
DA:281,0
DA:282,0
DA:283,0
DA:284,0
DA:285,0
DA:286,0
DA:287,0
DA:288,0
DA:289,0
DA:290,0
DA:291,0
DA:292,0
DA:293,0
DA:294,0
DA:295,0
DA:296,0
DA:297,0
DA:298,0
DA:299,0
DA:300,0
DA:301,0
DA:302,0
DA:303,0
DA:304,0
DA:305,0
DA:306,0
DA:307,0
DA:308,0
DA:309,0
DA:310,0
DA:311,0
DA:312,0
DA:313,0
DA:314,0
DA:315,0
DA:316,0
DA:317,0
DA:318,0
DA:319,0
DA:320,0
DA:321,0
DA:322,0
DA:323,0
DA:324,0
DA:325,0
DA:326,0
DA:327,0
DA:328,0
DA:329,0
DA:330,0
DA:331,0
DA:332,0
DA:333,0
DA:334,0
DA:335,0
DA:336,0
DA:337,0
DA:338,0
DA:339,0
DA:340,0
DA:341,0
DA:342,0
DA:343,0
DA:344,0
DA:345,0
DA:346,0
DA:347,0
DA:348,0
DA:349,0
DA:350,0
DA:351,0
DA:352,0
DA:353,0
DA:354,0
DA:355,0
DA:356,0
DA:357,0
DA:358,0
DA:359,0
DA:360,0
DA:361,0
DA:362,0
DA:363,0
DA:364,0
DA:365,0
DA:366,0
DA:367,0
DA:368,0
DA:369,0
DA:370,0
DA:371,0
DA:372,0
DA:373,0
DA:374,0
DA:375,0
DA:376,0
DA:377,0
DA:378,0
DA:379,0
DA:380,0
DA:381,0
DA:382,0
DA:383,0
DA:384,0
DA:385,0
DA:386,0
DA:387,0
DA:388,0
DA:389,0
DA:390,0
DA:391,0
DA:392,0
DA:393,0
DA:394,0
DA:395,0
DA:396,0
DA:397,0
DA:398,0
DA:399,0
DA:400,0
DA:401,0
DA:402,0
DA:403,0
DA:404,0
DA:405,0
DA:406,0
DA:407,0
DA:408,1
DA:409,1
LF:409
LH:56
BRF:0
BRH:0
end_of_record
TN:
SF:src/components/WorkflowCanvas.tsx
FN:34,WorkflowCanvas
FN:72,onPaneClick
FN:91,nodeColor
FNF:3
FNH:1
FNDA:14,WorkflowCanvas
FNDA:0,onPaneClick
FNDA:0,nodeColor
DA:1,1
DA:2,1
DA:3,1
DA:4,1
DA:5,1
DA:6,1
DA:7,1
DA:8,1
DA:9,1
DA:10,1
DA:11,1
DA:12,1
DA:13,1
DA:14,1
DA:15,1
DA:16,1
DA:17,1
DA:18,1
DA:19,1
DA:20,1
DA:21,1
DA:22,1
DA:23,1
DA:24,1
DA:25,1
DA:26,1
DA:27,1
DA:28,1
DA:29,1
DA:30,1
DA:31,1
DA:32,1
DA:33,1
DA:34,14
DA:35,14
DA:36,14
DA:37,14
DA:38,14
DA:39,14
DA:40,14
DA:41,14
DA:42,14
DA:43,14
DA:44,14
DA:45,14
DA:46,14
DA:47,14
DA:48,14
DA:49,14
DA:50,14
DA:51,14
DA:52,23
DA:53,23
DA:54,23
DA:55,23
DA:56,23
DA:57,23
DA:58,23
DA:59,23
DA:60,23
DA:61,23
DA:62,14
DA:63,14
DA:64,14
DA:65,14
DA:66,14
DA:67,14
DA:68,14
DA:69,14
DA:70,14
DA:71,14
DA:72,14
DA:73,14
DA:74,14
DA:75,14
DA:76,14
DA:77,14
DA:78,14
DA:79,14
DA:80,14
DA:81,14
DA:82,14
DA:83,14
DA:84,14
DA:85,14
DA:86,14
DA:87,14
DA:88,14
DA:89,14
DA:90,14
DA:91,14
DA:92,0
DA:93,0
DA:94,0
DA:95,0
DA:96,0
DA:97,0
DA:98,0
DA:99,0
DA:100,0
DA:101,0
DA:102,0
DA:103,0
DA:104,0
DA:105,0
DA:106,0
DA:107,0
DA:108,0
DA:109,0
DA:110,0
DA:111,0
DA:112,0
DA:113,0
DA:114,14
DA:115,14
DA:116,14
DA:117,14
DA:118,14
DA:119,14
DA:120,14
LF:120
LH:98
BRDA:34,0,0,14
BRDA:51,1,0,23
BRDA:58,2,0,4
BRDA:59,3,0,4
BRF:4
BRH:4
end_of_record
TN:
SF:src/components/WorkflowChat.tsx
FN:26,WorkflowChat
FN:37,loadConversationHistory
FN:84,handleSend
FN:146,handleKeyPress
FN:204,onChange
FNF:5
FNH:5
FNDA:113,WorkflowChat
FNDA:62,loadConversationHistory
FNDA:17,handleSend
FNDA:2,handleKeyPress
FNDA:20,onChange
DA:1,1
DA:2,1
DA:3,1
DA:4,1
DA:5,1
DA:6,1
DA:7,1
DA:8,1
DA:9,1
DA:10,1
DA:11,1
DA:12,1
DA:13,1
DA:14,1
DA:15,1
DA:16,1
DA:17,1
DA:18,1
DA:19,1
DA:20,1
DA:21,1
DA:22,1
DA:23,1
DA:24,1
DA:25,1
DA:26,113
DA:27,113
DA:28,113
DA:29,113
DA:30,113
DA:31,113
DA:32,113
DA:33,113
DA:34,113
DA:35,113
DA:36,113
DA:37,113
DA:38,62
DA:39,62
DA:40,62
DA:41,62
DA:42,62
DA:43,62
DA:44,62
DA:45,62
DA:46,62
DA:47,31
DA:48,31
DA:49,31
DA:50,31
DA:51,31
DA:52,31
DA:53,31
DA:54,62
DA:55,62
DA:56,62
DA:57,62
DA:58,113
DA:59,113
DA:60,113
DA:61,113
DA:62,113
DA:63,113
DA:64,113
DA:65,113
DA:66,113
DA:67,111
DA:68,111
DA:69,111
DA:70,111
DA:71,113
DA:72,113
DA:73,113
DA:74,92
DA:75,113
DA:76,113
DA:77,113
DA:78,31
DA:79,31
DA:80,31
DA:81,31
DA:82,113
DA:83,113
DA:84,113
DA:85,17
DA:86,17
DA:87,17
DA:88,17
DA:89,17
DA:90,17
DA:91,17
DA:92,17
DA:93,17
DA:94,17
DA:95,17
DA:96,17
DA:97,17
DA:98,17
DA:99,17
DA:100,17
DA:101,17
DA:102,17
DA:103,17
DA:104,17
DA:105,17
DA:106,17
DA:107,17
DA:108,14
DA:109,17
DA:110,1
DA:111,1
DA:112,13
DA:113,13
DA:114,13
DA:115,13
DA:116,13
DA:117,13
DA:118,13
DA:119,13
DA:120,13
DA:121,13
DA:122,13
DA:123,17
DA:124,2
DA:125,2
DA:126,2
DA:127,2
DA:128,17
DA:129,17
DA:130,4
DA:131,4
DA:132,4
DA:133,4
DA:134,4
DA:135,4
DA:136,4
DA:137,4
DA:138,4
DA:139,4
DA:140,17
DA:141,17
DA:142,17
DA:143,17
DA:144,17
DA:145,113
DA:146,113
DA:147,2
DA:148,1
DA:149,1
DA:150,1
DA:151,2
DA:152,113
DA:153,113
DA:154,113
DA:155,113
DA:156,113
DA:157,113
DA:158,158
DA:159,158
DA:160,158
DA:161,158
DA:162,158
DA:163,158
DA:164,158
DA:165,119
DA:166,119
DA:167,119
DA:168,158
DA:169,158
DA:170,158
DA:171,158
DA:172,158
DA:173,158
DA:174,158
DA:175,158
DA:176,158
DA:177,158
DA:178,158
DA:179,39
DA:180,39
DA:181,39
DA:182,158
DA:183,158
DA:184,113
DA:185,113
DA:186,18
DA:187,18
DA:188,18
DA:189,18
DA:190,18
DA:191,18
DA:192,18
DA:193,18
DA:194,113
DA:195,113
DA:196,113
DA:197,113
DA:198,113
DA:199,113
DA:200,113
DA:201,113
DA:202,113
DA:203,113
DA:204,113
DA:205,113
DA:206,113
DA:207,113
DA:208,113
DA:209,113
DA:210,113
DA:211,113
DA:212,113
DA:213,113
DA:214,113
DA:215,113
DA:216,113
DA:217,18
DA:218,113
DA:219,94
DA:220,94
DA:221,94
DA:222,94
DA:223,113
DA:224,113
DA:225,113
DA:226,113
DA:227,113
DA:228,113
DA:229,113
LF:229
LH:229
BRDA:26,0,0,113
BRDA:185,1,0,18
BRDA:213,2,0,19
BRDA:216,3,0,18
BRDA:218,4,0,94
BRDA:37,5,0,62
BRDA:46,6,0,31
BRDA:54,7,0,30
BRDA:55,8,0,1
BRDA:59,9,0,31
BRDA:66,10,0,111
BRDA:73,11,0,92
BRDA:77,12,0,31
BRDA:84,13,0,17
BRDA:85,14,0,0
BRDA:108,15,0,14
BRDA:109,16,0,1
BRDA:112,17,0,13
BRDA:123,18,0,2
BRDA:123,19,0,2
BRDA:129,20,0,4
BRDA:92,21,0,17
BRDA:102,22,0,17
BRDA:120,23,0,9
BRDA:139,24,0,4
BRDA:146,25,0,2
BRDA:147,26,0,1
BRDA:157,27,0,158
BRDA:161,28,0,39
BRDA:161,29,0,119
BRDA:164,30,0,119
BRDA:172,31,0,39
BRDA:173,32,0,119
BRDA:178,33,0,39
BRDA:204,34,0,20
BRF:35
BRH:34
end_of_record
TN:
SF:src/components/WorkflowList.tsx
FN:16,WorkflowList
FN:37,loadWorkflows
FN:49,handleDelete
FN:70,handleBulkDuplicate
FN:109,handleToggleSelect
FN:121,handleSelectAll
FN:129,openPublishModal
FN:144,handlePublishFormChange
FN:148,handlePublish
FN:175,handleBulkDelete
FN:223,onClick
FN:258,onClick
FN:310,onClick
FN:322,onClick
FN:335,onClick
FN:350,onClick
FN:361,onClick
FN:375,onClick
FN:410,onClick
FN:424,onChange
FN:438,onChange
FN:453,onChange
FN:465,onChange
FN:474,onClick
FNF:24
FNH:15
FNDA:79,WorkflowList
FNDA:30,loadWorkflows
FNDA:5,handleDelete
FNDA:2,handleBulkDuplicate
FNDA:10,handleToggleSelect
FNDA:0,handleSelectAll
FNDA:4,openPublishModal
FNDA:1,handlePublishFormChange
FNDA:2,handlePublish
FNDA:3,handleBulkDelete
FNDA:0,onClick
FNDA:0,onClick
FNDA:1,onClick
FNDA:10,onClick
FNDA:1,onClick
FNDA:4,onClick
FNDA:5,onClick
FNDA:0,onClick
FNDA:0,onClick
FNDA:1,onChange
FNDA:0,onChange
FNDA:0,onChange
FNDA:0,onChange
FNDA:0,onClick
DA:1,1
DA:2,1
DA:3,1
DA:4,1
DA:5,1
DA:6,1
DA:7,1
DA:8,1
DA:9,1
DA:10,1
DA:11,1
DA:12,1
DA:13,1
DA:14,1
DA:15,1
DA:16,79
DA:17,79
DA:18,79
DA:19,79
DA:20,79
DA:21,79
DA:22,79
DA:23,79
DA:24,79
DA:25,79
DA:26,79
DA:27,79
DA:28,79
DA:29,79
DA:30,79
DA:31,79
DA:32,79
DA:33,79
DA:34,28
DA:35,79
DA:36,79
DA:37,79
DA:38,30
DA:39,30
DA:40,30
DA:41,28
DA:42,30
DA:43,1
DA:44,30
DA:45,29
DA:46,29
DA:47,30
DA:48,79
DA:49,79
DA:50,5
DA:51,5
DA:52,5
DA:53,5
DA:54,5
DA:55,3
DA:56,3
DA:57,3
DA:58,1
DA:59,1
DA:60,1
DA:61,1
DA:62,1
DA:63,1
DA:64,1
DA:65,5
DA:66,2
DA:67,2
DA:68,5
DA:69,79
DA:70,79
DA:71,2
DA:72,0
DA:73,0
DA:74,0
DA:75,2
DA:76,2
DA:77,2
DA:78,2
DA:79,2
DA:80,2
DA:81,2
DA:82,2
DA:83,2
DA:84,2
DA:85,2
DA:86,2
DA:87,2
DA:88,2
DA:89,4
DA:90,4
DA:91,3
DA:92,4
DA:93,1
DA:94,1
DA:95,4
DA:96,2
DA:97,2
DA:98,2
DA:99,2
DA:100,2
DA:101,2
DA:102,2
DA:103,2
DA:104,2
DA:105,0
DA:106,0
DA:107,2
DA:108,79
DA:109,79
DA:110,10
DA:111,10
DA:112,10
DA:113,0
DA:114,10
DA:115,10
DA:116,10
DA:117,10
DA:118,10
DA:119,10
DA:120,79
DA:121,79
DA:122,0
DA:123,0
DA:124,0
DA:125,0
DA:126,0
DA:127,0
DA:128,79
DA:129,79
DA:130,4
DA:131,0
DA:132,0
DA:133,0
DA:134,4
DA:135,4
DA:136,4
DA:137,4
DA:138,4
DA:139,4
DA:140,4
DA:141,4
DA:142,4
DA:143,79
DA:144,79
DA:145,1
DA:146,1
DA:147,79
DA:148,79
DA:149,2
DA:150,2
DA:151,0
DA:152,0
DA:153,0
DA:154,2
DA:155,2
DA:156,2
DA:157,2
DA:158,2
DA:159,2
DA:160,2
DA:161,2
DA:162,2
DA:163,2
DA:164,1
DA:165,1
DA:166,1
DA:167,1
DA:168,1
DA:169,1
DA:170,2
DA:171,2
DA:172,2
DA:173,2
DA:174,79
DA:175,79
DA:176,3
DA:177,0
DA:178,0
DA:179,0
DA:180,3
DA:181,3
DA:182,3
DA:183,3
DA:184,3
DA:185,3
DA:186,3
DA:187,2
DA:188,2
DA:189,2
DA:190,2
DA:191,1
DA:192,1
DA:193,1
DA:194,1
DA:195,1
DA:196,3
DA:197,1
DA:198,3
DA:199,0
DA:200,0
DA:201,3
DA:202,1
DA:203,1
DA:204,3
DA:205,79
DA:206,79
DA:207,28
DA:208,28
DA:209,28
DA:210,28
DA:211,28
DA:212,28
DA:213,50
DA:214,79
DA:215,3
DA:216,3
DA:217,3
DA:218,3
DA:219,0
DA:220,0
DA:221,0
DA:222,0
DA:223,0
DA:224,0
DA:225,0
DA:226,0
DA:227,0
DA:228,0
DA:229,3
DA:230,3
DA:231,3
DA:232,3
DA:233,3
DA:234,3
DA:235,3
DA:236,3
DA:237,3
DA:238,3
DA:239,47
DA:240,47
DA:241,47
DA:242,47
DA:243,47
DA:244,47
DA:245,79
DA:246,1
DA:247,1
DA:248,1
DA:249,1
DA:250,1
DA:251,1
DA:252,1
DA:253,79
DA:254,79
DA:255,79
DA:256,79
DA:257,2
DA:258,2
DA:259,2
DA:260,79
DA:261,79
DA:262,79
DA:263,79
DA:264,10
DA:265,10
DA:266,10
DA:267,10
DA:268,10
DA:269,10
DA:270,10
DA:271,10
DA:272,10
DA:273,10
DA:274,10
DA:275,10
DA:276,10
DA:277,10
DA:278,10
DA:279,10
DA:280,10
DA:281,79
DA:282,79
DA:283,79
DA:284,79
DA:285,47
DA:286,47
DA:287,47
DA:288,47
DA:289,47
DA:290,47
DA:291,2
DA:292,47
DA:293,45
DA:294,47
DA:295,47
DA:296,47
DA:297,47
DA:298,79
DA:299,79
DA:300,79
DA:301,79
DA:302,95
DA:303,95
DA:304,95
DA:305,95
DA:306,95
DA:307,95
DA:308,95
DA:309,95
DA:310,95
DA:311,1
DA:312,1
DA:313,1
DA:314,1
DA:315,1
DA:316,1
DA:317,95
DA:318,95
DA:319,95
DA:320,95
DA:321,95
DA:322,95
DA:323,10
DA:324,10
DA:325,95
DA:326,95
DA:327,95
DA:328,95
DA:329,95
DA:330,13
DA:331,95
DA:332,82
DA:333,95
DA:334,95
DA:335,95
DA:336,1
DA:337,1
DA:338,0
DA:339,0
DA:340,95
DA:341,95
DA:342,95
DA:343,95
DA:344,95
DA:345,95
DA:346,95
DA:347,95
DA:348,95
DA:349,91
DA:350,91
DA:351,4
DA:352,4
DA:353,91
DA:354,91
DA:355,91
DA:356,91
DA:357,91
DA:358,91
DA:359,95
DA:360,95
DA:361,95
DA:362,5
DA:363,5
DA:364,95
DA:365,95
DA:366,95
DA:367,95
DA:368,95
DA:369,95
DA:370,95
DA:371,95
DA:372,95
DA:373,95
DA:374,95
DA:375,95
DA:376,0
DA:377,0
DA:378,0
DA:379,0
DA:380,95
DA:381,95
DA:382,95
DA:383,95
DA:384,95
DA:385,95
DA:386,95
DA:387,94
DA:388,94
DA:389,94
DA:390,94
DA:391,95
DA:392,95
DA:393,95
DA:394,95
DA:395,79
DA:396,79
DA:397,79
DA:398,79
DA:399,79
DA:400,79
DA:401,8
DA:402,8
DA:403,8
DA:404,8
DA:405,8
DA:406,8
DA:407,8
DA:408,8
DA:409,8
DA:410,8
DA:411,0
DA:412,0
DA:413,8
DA:414,8
DA:415,8
DA:416,8
DA:417,8
DA:418,8
DA:419,8
DA:420,8
DA:421,8
DA:422,8
DA:423,8
DA:424,8
DA:425,8
DA:426,8
DA:427,8
DA:428,64
DA:429,8
DA:430,8
DA:431,8
DA:432,8
DA:433,8
DA:434,8
DA:435,8
DA:436,8
DA:437,8
DA:438,8
DA:439,8
DA:440,8
DA:441,8
DA:442,24
DA:443,24
DA:444,24
DA:445,8
DA:446,8
DA:447,8
DA:448,8
DA:449,8
DA:450,8
DA:451,8
DA:452,8
DA:453,8
DA:454,8
DA:455,8
DA:456,8
DA:457,8
DA:458,8
DA:459,8
DA:460,8
DA:461,8
DA:462,8
DA:463,8
DA:464,8
DA:465,8
DA:466,8
DA:467,8
DA:468,8
DA:469,8
DA:470,8
DA:471,8
DA:472,8
DA:473,8
DA:474,8
DA:475,0
DA:476,0
DA:477,8
DA:478,8
DA:479,8
DA:480,8
DA:481,8
DA:482,8
DA:483,8
DA:484,8
DA:485,8
DA:486,8
DA:487,8
DA:488,8
DA:489,8
DA:490,8
DA:491,8
DA:492,79
DA:493,79
DA:494,79
DA:495,79
LF:495
LH:452
BRDA:16,0,0,79
BRDA:206,1,0,28
BRDA:213,2,0,50
BRDA:214,3,0,3
BRDA:218,4,0,0
BRDA:239,5,0,47
BRDA:245,6,0,1
BRDA:256,7,0,2
BRDA:263,8,0,10
BRDA:284,9,0,47
BRDA:290,10,0,2
BRDA:292,11,0,45
BRDA:295,12,0,2
BRDA:295,13,0,45
BRDA:400,14,0,8
BRDA:487,15,0,2
BRDA:487,16,0,6
BRDA:33,17,0,28
BRDA:37,18,0,30
BRDA:41,19,0,28
BRDA:42,20,0,1
BRDA:44,21,0,29
BRDA:49,22,0,5
BRDA:54,23,0,2
BRDA:55,24,0,3
BRDA:58,25,0,1
BRDA:65,26,0,2
BRDA:58,27,0,2
BRDA:59,28,0,1
BRDA:70,29,0,2
BRDA:71,30,0,0
BRDA:81,31,0,0
BRDA:88,32,0,4
BRDA:91,33,0,3
BRDA:92,34,0,1
BRDA:104,35,0,0
BRDA:109,36,0,10
BRDA:110,37,0,10
BRDA:112,38,0,0
BRDA:129,39,0,4
BRDA:130,40,0,0
BRDA:144,41,0,1
BRDA:145,42,0,1
BRDA:148,43,0,2
BRDA:150,44,0,0
BRDA:164,45,0,1
BRDA:168,46,0,0
BRDA:168,47,0,0
BRDA:157,48,0,2
BRDA:175,49,0,3
BRDA:176,50,0,0
BRDA:186,51,0,1
BRDA:187,52,0,2
BRDA:191,53,0,1
BRDA:196,54,0,1
BRDA:198,55,0,0
BRDA:201,56,0,1
BRDA:193,57,0,2
BRDA:193,58,0,0
BRDA:301,59,0,95
BRDA:302,60,0,94
BRDA:308,61,0,13
BRDA:308,62,0,82
BRDA:309,63,0,22
BRDA:309,64,0,73
BRDA:327,65,0,13
BRDA:327,66,0,82
BRDA:329,67,0,13
BRDA:331,68,0,82
BRDA:348,69,0,91
BRDA:386,70,0,94
BRDA:310,71,0,1
BRDA:322,72,0,10
BRDA:335,73,0,1
BRDA:337,74,0,0
BRDA:350,75,0,4
BRDA:361,76,0,5
BRDA:424,77,0,1
BRDA:427,78,0,64
BRDA:441,79,0,24
BRF:80
BRH:67
end_of_record
TN:
SF:src/components/WorkflowTabs.tsx
FN:31,WorkflowTabs
FN:120,onRename
FN:171,onSave
FN:172,onExecute
FN:174,onExport
FN:195,onWorkflowSaved
FN:196,onWorkflowModified
FN:197,onWorkflowLoaded
FNF:8
FNH:5
FNDA:240,WorkflowTabs
FNDA:3,onRename
FNDA:1,onSave
FNDA:1,onExecute
FNDA:1,onExport
FNDA:0,onWorkflowSaved
FNDA:0,onWorkflowModified
FNDA:0,onWorkflowLoaded
DA:1,1
DA:2,1
DA:3,1
DA:4,1
DA:5,1
DA:6,1
DA:7,1
DA:8,1
DA:9,1
DA:10,1
DA:11,1
DA:12,1
DA:13,1
DA:14,1
DA:15,1
DA:16,1
DA:17,1
DA:18,1
DA:19,1
DA:20,1
DA:21,1
DA:22,1
DA:23,1
DA:24,1
DA:25,1
DA:26,1
DA:27,1
DA:28,1
DA:29,1
DA:30,1
DA:31,240
DA:32,240
DA:33,240
DA:34,240
DA:35,240
DA:36,240
DA:37,240
DA:38,240
DA:39,240
DA:40,240
DA:41,240
DA:42,240
DA:43,240
DA:44,240
DA:45,240
DA:46,199
DA:47,240
DA:48,240
DA:49,240
DA:50,240
DA:51,240
DA:52,240
DA:53,240
DA:54,240
DA:55,240
DA:56,240
DA:57,240
DA:58,240
DA:59,240
DA:60,240
DA:61,240
DA:62,240
DA:63,240
DA:64,240
DA:65,240
DA:66,240
DA:67,240
DA:68,240
DA:69,240
DA:70,240
DA:71,240
DA:72,240
DA:73,240
DA:74,240
DA:75,240
DA:76,240
DA:77,240
DA:78,240
DA:79,240
DA:80,240
DA:81,240
DA:82,240
DA:83,240
DA:84,240
DA:85,240
DA:86,240
DA:87,240
DA:88,240
DA:89,240
DA:90,240
DA:91,240
DA:92,240
DA:93,240
DA:94,240
DA:95,240
DA:96,240
DA:97,240
DA:98,240
DA:99,240
DA:100,240
DA:101,240
DA:102,240
DA:103,240
DA:104,240
DA:105,240
DA:106,240
DA:107,240
DA:108,240
DA:109,240
DA:110,240
DA:111,240
DA:112,240
DA:113,240
DA:114,240
DA:115,240
DA:116,240
DA:117,240
DA:118,240
DA:119,240
DA:120,240
DA:121,3
DA:122,3
DA:123,3
DA:124,3
DA:125,3
DA:126,1
DA:127,1
DA:128,0
DA:129,0
DA:130,0
DA:131,0
DA:132,0
DA:133,0
DA:134,1
DA:135,1
DA:136,0
DA:137,3
DA:138,1
DA:139,1
DA:140,1
DA:141,1
DA:142,1
DA:143,240
DA:144,240
DA:145,240
DA:146,240
DA:147,240
DA:148,240
DA:149,240
DA:150,240
DA:151,240
DA:152,240
DA:153,240
DA:154,240
DA:155,240
DA:156,240
DA:157,240
DA:158,240
DA:159,240
DA:160,240
DA:161,240
DA:162,240
DA:163,240
DA:164,240
DA:165,240
DA:166,240
DA:167,240
DA:168,240
DA:169,240
DA:170,240
DA:171,240
DA:172,240
DA:173,240
DA:174,240
DA:175,240
DA:176,240
DA:177,240
DA:178,240
DA:179,153
DA:180,153
DA:181,153
DA:182,153
DA:183,153
DA:184,153
DA:185,153
DA:186,153
DA:187,153
DA:188,153
DA:189,34
DA:190,34
DA:191,34
DA:192,34
DA:193,153
DA:194,153
DA:195,153
DA:196,153
DA:197,153
DA:198,153
DA:199,153
DA:200,153
DA:201,153
DA:202,153
DA:203,153
DA:204,153
DA:205,153
DA:206,240
DA:207,240
DA:208,240
DA:209,240
DA:210,86
DA:211,86
DA:212,86
DA:213,86
DA:214,86
DA:215,86
DA:216,86
DA:217,86
DA:218,86
DA:219,86
DA:220,86
DA:221,86
DA:222,240
DA:223,240
DA:224,240
DA:225,240
DA:226,240
DA:227,240
DA:228,240
DA:229,240
DA:230,240
DA:231,240
DA:232,240
DA:233,240
DA:234,240
LF:234
LH:227
BRDA:31,0,0,240
BRDA:102,1,0,153
BRDA:102,2,0,86
BRDA:178,3,0,153
BRDA:209,4,0,86
BRDA:45,5,0,199
BRDA:98,6,0,158
BRDA:120,7,0,3
BRDA:125,8,0,1
BRDA:128,9,0,0
BRDA:136,10,0,0
BRDA:137,11,0,1
BRDA:138,12,0,0
BRDA:138,13,0,0
BRDA:121,14,0,3
BRDA:121,15,0,3
BRDA:121,16,0,0
BRDA:124,17,0,3
BRDA:140,18,0,1
BRDA:140,19,0,1
BRDA:140,20,0,0
BRDA:171,21,0,1
BRDA:172,22,0,1
BRDA:174,23,0,1
BRDA:187,24,0,166
BRDA:188,25,0,34
BRF:26
BRH:20
end_of_record
TN:
SF:src/components/editors/AgentNodeEditor.tsx
FN:17,AgentNodeEditor
FN:59,onChange
FN:102,onChange
FN:133,onChange
FN:164,onChange
FNF:5
FNH:5
FNDA:147,AgentNodeEditor
FNDA:1,onChange
FNDA:11,onChange
FNDA:7,onChange
FNDA:9,onChange
DA:1,1
DA:2,1
DA:3,1
DA:4,1
DA:5,1
DA:6,1
DA:7,1
DA:8,1
DA:9,1
DA:10,1
DA:11,1
DA:12,1
DA:13,1
DA:14,1
DA:15,1
DA:16,1
DA:17,147
DA:18,147
DA:19,147
DA:20,147
DA:21,147
DA:22,147
DA:23,147
DA:24,147
DA:25,147
DA:26,147
DA:27,147
DA:28,147
DA:29,147
DA:30,147
DA:31,67
DA:32,67
DA:33,67
DA:34,64
DA:35,64
DA:36,67
DA:37,65
DA:38,65
DA:39,147
DA:40,147
DA:41,147
DA:42,147
DA:43,147
DA:44,147
DA:45,147
DA:46,147
DA:47,147
DA:48,147
DA:49,147
DA:50,147
DA:51,147
DA:52,147
DA:53,147
DA:54,147
DA:55,147
DA:56,147
DA:57,147
DA:58,147
DA:59,147
DA:60,1
DA:61,1
DA:62,1
DA:63,1
DA:64,147
DA:65,147
DA:66,147
DA:67,147
DA:68,147
DA:69,131
DA:70,264
DA:71,264
DA:72,264
DA:73,131
DA:74,147
DA:75,16
DA:76,16
DA:77,16
DA:78,16
DA:79,16
DA:80,16
DA:81,147
DA:82,147
DA:83,147
DA:84,147
DA:85,147
DA:86,147
DA:87,147
DA:88,147
DA:89,147
DA:90,147
DA:91,147
DA:92,147
DA:93,147
DA:94,147
DA:95,147
DA:96,147
DA:97,147
DA:98,147
DA:99,147
DA:100,147
DA:101,147
DA:102,147
DA:103,11
DA:104,11
DA:105,11
DA:106,147
DA:107,147
DA:108,147
DA:109,147
DA:110,147
DA:111,147
DA:112,147
DA:113,147
DA:114,147
DA:115,147
DA:116,147
DA:117,147
DA:118,147
DA:119,147
DA:120,147
DA:121,147
DA:122,147
DA:123,147
DA:124,147
DA:125,147
DA:126,147
DA:127,147
DA:128,147
DA:129,147
DA:130,147
DA:131,147
DA:132,147
DA:133,147
DA:134,7
DA:135,7
DA:136,7
DA:137,7
DA:138,147
DA:139,147
DA:140,147
DA:141,147
DA:142,147
DA:143,147
DA:144,147
DA:145,147
DA:146,147
DA:147,147
DA:148,147
DA:149,147
DA:150,147
DA:151,147
DA:152,147
DA:153,147
DA:154,147
DA:155,147
DA:156,147
DA:157,147
DA:158,147
DA:159,147
DA:160,147
DA:161,147
DA:162,147
DA:163,147
DA:164,147
DA:165,9
DA:166,9
DA:167,9
DA:168,147
DA:169,147
DA:170,147
DA:171,147
DA:172,147
DA:173,147
DA:174,147
DA:175,147
DA:176,147
DA:177,147
DA:178,147
DA:179,147
DA:180,147
DA:181,147
DA:182,147
DA:183,147
DA:184,147
DA:185,147
DA:186,147
DA:187,147
DA:188,147
DA:189,147
LF:189
LH:189
BRDA:17,0,0,147
BRDA:41,1,0,2
BRDA:42,2,0,20
BRDA:42,3,0,10
BRDA:42,4,0,10
BRDA:68,5,0,131
BRDA:74,6,0,16
BRDA:85,7,0,131
BRDA:86,8,0,16
BRDA:124,9,0,133
BRDA:124,10,0,14
BRDA:132,11,0,18
BRDA:143,12,0,18
BRDA:30,13,0,67
BRDA:31,14,0,2
BRDA:33,15,0,64
BRDA:34,16,0,6
BRDA:36,17,0,65
BRDA:37,18,0,12
BRDA:59,19,0,1
BRDA:69,20,0,264
BRDA:102,21,0,11
BRDA:133,22,0,7
BRDA:164,23,0,9
BRDA:165,24,0,5
BRDA:165,25,0,4
BRF:26
BRH:26
end_of_record
TN:
SF:src/components/editors/BigQueryNodeEditor.tsx
FN:14,BigQueryNodeEditor
FN:30,onChange
FN:46,onChange
FN:62,onChange
FN:79,onChange
FN:100,onChange
FN:116,onChange
FN:138,onChange
FN:154,onChange
FNF:9
FNH:9
FNDA:16,BigQueryNodeEditor
FNDA:1,onChange
FNDA:1,onChange
FNDA:1,onChange
FNDA:1,onChange
FNDA:1,onChange
FNDA:1,onChange
FNDA:1,onChange
FNDA:1,onChange
DA:1,1
DA:2,1
DA:3,1
DA:4,1
DA:5,1
DA:6,1
DA:7,1
DA:8,1
DA:9,1
DA:10,1
DA:11,1
DA:12,1
DA:13,1
DA:14,16
DA:15,16
DA:16,16
DA:17,16
DA:18,16
DA:19,16
DA:20,16
DA:21,16
DA:22,16
DA:23,16
DA:24,16
DA:25,16
DA:26,16
DA:27,16
DA:28,16
DA:29,16
DA:30,16
DA:31,1
DA:32,16
DA:33,16
DA:34,16
DA:35,16
DA:36,16
DA:37,16
DA:38,16
DA:39,16
DA:40,16
DA:41,16
DA:42,16
DA:43,16
DA:44,16
DA:45,16
DA:46,16
DA:47,1
DA:48,16
DA:49,16
DA:50,16
DA:51,16
DA:52,16
DA:53,16
DA:54,16
DA:55,16
DA:56,16
DA:57,16
DA:58,16
DA:59,16
DA:60,16
DA:61,16
DA:62,16
DA:63,1
DA:64,16
DA:65,16
DA:66,16
DA:67,16
DA:68,16
DA:69,16
DA:70,16
DA:71,16
DA:72,16
DA:73,16
DA:74,10
DA:75,10
DA:76,10
DA:77,10
DA:78,10
DA:79,10
DA:80,1
DA:81,10
DA:82,10
DA:83,10
DA:84,10
DA:85,10
DA:86,10
DA:87,10
DA:88,10
DA:89,10
DA:90,16
DA:91,16
DA:92,16
DA:93,5
DA:94,5
DA:95,5
DA:96,5
DA:97,5
DA:98,5
DA:99,5
DA:100,5
DA:101,1
DA:102,5
DA:103,5
DA:104,5
DA:105,5
DA:106,5
DA:107,5
DA:108,5
DA:109,5
DA:110,5
DA:111,5
DA:112,5
DA:113,5
DA:114,5
DA:115,5
DA:116,5
DA:117,1
DA:118,5
DA:119,5
DA:120,5
DA:121,5
DA:122,5
DA:123,5
DA:124,5
DA:125,5
DA:126,5
DA:127,5
DA:128,5
DA:129,5
DA:130,16
DA:131,16
DA:132,16
DA:133,16
DA:134,16
DA:135,16
DA:136,16
DA:137,16
DA:138,16
DA:139,1
DA:140,16
DA:141,16
DA:142,16
DA:143,16
DA:144,16
DA:145,16
DA:146,16
DA:147,16
DA:148,16
DA:149,16
DA:150,16
DA:151,16
DA:152,16
DA:153,16
DA:154,16
DA:155,1
DA:156,16
DA:157,16
DA:158,16
DA:159,16
DA:160,16
DA:161,16
DA:162,16
DA:163,16
DA:164,16
DA:165,16
DA:166,16
DA:167,16
DA:168,16
DA:169,16
DA:170,16
DA:171,16
DA:172,16
DA:173,16
DA:174,16
LF:174
LH:174
BRDA:14,0,0,16
BRDA:18,1,0,0
BRDA:29,2,0,1
BRDA:45,3,0,1
BRDA:61,4,0,1
BRDA:73,5,0,10
BRDA:78,6,0,0
BRDA:92,7,0,5
BRDA:115,8,0,0
BRDA:30,9,0,1
BRDA:46,10,0,1
BRDA:62,11,0,1
BRDA:79,12,0,1
BRDA:100,13,0,1
BRDA:116,14,0,1
BRDA:138,15,0,1
BRDA:154,16,0,1
BRF:17
BRH:14
end_of_record
TN:
SF:src/components/editors/ConditionNodeEditor.tsx
FN:15,ConditionNodeEditor
FN:54,onChange
FN:87,onChange
FN:112,onChange
FNF:4
FNH:4
FNDA:74,ConditionNodeEditor
FNDA:14,onChange
FNDA:9,onChange
FNDA:9,onChange
DA:1,1
DA:2,1
DA:3,1
DA:4,1
DA:5,1
DA:6,1
DA:7,1
DA:8,1
DA:9,1
DA:10,1
DA:11,1
DA:12,1
DA:13,1
DA:14,1
DA:15,74
DA:16,74
DA:17,74
DA:18,74
DA:19,74
DA:20,74
DA:21,74
DA:22,74
DA:23,74
DA:24,74
DA:25,74
DA:26,74
DA:27,30
DA:28,30
DA:29,30
DA:30,29
DA:31,29
DA:32,30
DA:33,29
DA:34,29
DA:35,74
DA:36,74
DA:37,74
DA:38,74
DA:39,74
DA:40,74
DA:41,74
DA:42,74
DA:43,74
DA:44,74
DA:45,74
DA:46,74
DA:47,74
DA:48,74
DA:49,74
DA:50,74
DA:51,74
DA:52,74
DA:53,74
DA:54,74
DA:55,14
DA:56,74
DA:57,74
DA:58,74
DA:59,74
DA:60,74
DA:61,74
DA:62,74
DA:63,74
DA:64,74
DA:65,74
DA:66,74
DA:67,74
DA:68,74
DA:69,74
DA:70,74
DA:71,74
DA:72,74
DA:73,74
DA:74,74
DA:75,74
DA:76,74
DA:77,74
DA:78,74
DA:79,74
DA:80,74
DA:81,74
DA:82,74
DA:83,74
DA:84,74
DA:85,74
DA:86,74
DA:87,74
DA:88,9
DA:89,9
DA:90,9
DA:91,74
DA:92,74
DA:93,74
DA:94,74
DA:95,74
DA:96,74
DA:97,74
DA:98,74
DA:99,74
DA:100,68
DA:101,68
DA:102,68
DA:103,68
DA:104,68
DA:105,68
DA:106,68
DA:107,68
DA:108,68
DA:109,68
DA:110,68
DA:111,68
DA:112,68
DA:113,9
DA:114,9
DA:115,9
DA:116,68
DA:117,68
DA:118,68
DA:119,68
DA:120,68
DA:121,68
DA:122,74
DA:123,74
DA:124,74
DA:125,74
LF:125
LH:125
BRDA:15,0,0,74
BRDA:37,1,0,1
BRDA:38,2,0,4
BRDA:39,3,0,70
BRDA:99,4,0,68
BRDA:26,5,0,30
BRDA:27,6,0,1
BRDA:29,7,0,29
BRDA:30,8,0,2
BRDA:32,9,0,29
BRDA:33,10,0,5
BRDA:54,11,0,14
BRDA:87,12,0,9
BRDA:112,13,0,9
BRF:14
BRH:14
end_of_record
TN:
SF:src/components/editors/DatabaseNodeEditor.tsx
FN:14,DatabaseNodeEditor
FN:29,onChange
FN:51,onChange
FN:69,onChange
FN:91,onChange
FN:105,onChange
FN:119,onChange
FN:133,onChange
FN:147,onChange
FN:163,onChange
FN:180,onChange
FNF:11
FNH:11
FNDA:16,DatabaseNodeEditor
FNDA:1,onChange
FNDA:1,onChange
FNDA:1,onChange
FNDA:1,onChange
FNDA:2,onChange
FNDA:1,onChange
FNDA:1,onChange
FNDA:1,onChange
FNDA:1,onChange
FNDA:1,onChange
DA:1,1
DA:2,1
DA:3,1
DA:4,1
DA:5,1
DA:6,1
DA:7,1
DA:8,1
DA:9,1
DA:10,1
DA:11,1
DA:12,1
DA:13,1
DA:14,16
DA:15,16
DA:16,16
DA:17,16
DA:18,16
DA:19,16
DA:20,16
DA:21,16
DA:22,16
DA:23,16
DA:24,16
DA:25,16
DA:26,16
DA:27,16
DA:28,16
DA:29,16
DA:30,1
DA:31,16
DA:32,16
DA:33,16
DA:34,16
DA:35,16
DA:36,16
DA:37,16
DA:38,16
DA:39,16
DA:40,16
DA:41,16
DA:42,16
DA:43,16
DA:44,16
DA:45,16
DA:46,16
DA:47,16
DA:48,16
DA:49,16
DA:50,16
DA:51,16
DA:52,1
DA:53,16
DA:54,16
DA:55,16
DA:56,16
DA:57,16
DA:58,16
DA:59,16
DA:60,16
DA:61,16
DA:62,16
DA:63,16
DA:64,16
DA:65,16
DA:66,16
DA:67,16
DA:68,16
DA:69,16
DA:70,1
DA:71,16
DA:72,16
DA:73,16
DA:74,16
DA:75,16
DA:76,16
DA:77,16
DA:78,16
DA:79,16
DA:80,16
DA:81,16
DA:82,16
DA:83,16
DA:84,16
DA:85,16
DA:86,16
DA:87,16
DA:88,16
DA:89,16
DA:90,16
DA:91,16
DA:92,1
DA:93,16
DA:94,16
DA:95,16
DA:96,16
DA:97,16
DA:98,16
DA:99,16
DA:100,16
DA:101,16
DA:102,16
DA:103,16
DA:104,16
DA:105,16
DA:106,2
DA:107,16
DA:108,16
DA:109,16
DA:110,16
DA:111,16
DA:112,16
DA:113,16
DA:114,16
DA:115,16
DA:116,16
DA:117,16
DA:118,16
DA:119,16
DA:120,1
DA:121,16
DA:122,16
DA:123,16
DA:124,16
DA:125,16
DA:126,16
DA:127,16
DA:128,16
DA:129,16
DA:130,16
DA:131,16
DA:132,16
DA:133,16
DA:134,1
DA:135,16
DA:136,16
DA:137,16
DA:138,16
DA:139,16
DA:140,16
DA:141,16
DA:142,16
DA:143,16
DA:144,16
DA:145,16
DA:146,16
DA:147,16
DA:148,1
DA:149,16
DA:150,16
DA:151,16
DA:152,16
DA:153,16
DA:154,16
DA:155,16
DA:156,16
DA:157,16
DA:158,16
DA:159,16
DA:160,16
DA:161,16
DA:162,16
DA:163,16
DA:164,1
DA:165,16
DA:166,16
DA:167,16
DA:168,16
DA:169,16
DA:170,16
DA:171,16
DA:172,16
DA:173,16
DA:174,16
DA:175,16
DA:176,16
DA:177,16
DA:178,16
DA:179,16
DA:180,16
DA:181,1
DA:182,16
DA:183,16
DA:184,16
DA:185,16
DA:186,16
DA:187,16
DA:188,16
DA:189,16
DA:190,16
DA:191,16
DA:192,16
DA:193,16
DA:194,16
DA:195,16
DA:196,16
DA:197,16
DA:198,16
DA:199,16
DA:200,16
DA:201,16
DA:202,16
DA:203,16
DA:204,16
DA:205,16
LF:205
LH:205
BRDA:14,0,0,16
BRDA:18,1,0,0
BRDA:28,2,0,1
BRDA:50,3,0,1
BRDA:90,4,0,1
BRDA:104,5,0,1
BRDA:118,6,0,1
BRDA:132,7,0,1
BRDA:162,8,0,1
BRDA:179,9,0,1
BRDA:29,10,0,1
BRDA:51,11,0,1
BRDA:69,12,0,1
BRDA:91,13,0,1
BRDA:105,14,0,2
BRDA:106,15,0,1
BRDA:106,16,0,1
BRDA:119,17,0,1
BRDA:133,18,0,1
BRDA:147,19,0,1
BRDA:163,20,0,1
BRDA:180,21,0,1
BRF:22
BRH:21
end_of_record
TN:
SF:src/components/editors/FirebaseNodeEditor.tsx
FN:14,FirebaseNodeEditor
FN:29,onChange
FN:50,onChange
FN:66,onChange
FN:85,onChange
FN:102,onChange
FN:125,onChange
FN:139,onChange
FN:154,onChange
FNF:9
FNH:9
FNDA:17,FirebaseNodeEditor
FNDA:1,onChange
FNDA:1,onChange
FNDA:1,onChange
FNDA:1,onChange
FNDA:1,onChange
FNDA:1,onChange
FNDA:1,onChange
FNDA:1,onChange
DA:1,1
DA:2,1
DA:3,1
DA:4,1
DA:5,1
DA:6,1
DA:7,1
DA:8,1
DA:9,1
DA:10,1
DA:11,1
DA:12,1
DA:13,1
DA:14,17
DA:15,17
DA:16,17
DA:17,17
DA:18,17
DA:19,17
DA:20,17
DA:21,17
DA:22,17
DA:23,17
DA:24,17
DA:25,17
DA:26,17
DA:27,17
DA:28,17
DA:29,17
DA:30,1
DA:31,17
DA:32,17
DA:33,17
DA:34,17
DA:35,17
DA:36,17
DA:37,17
DA:38,17
DA:39,17
DA:40,17
DA:41,17
DA:42,17
DA:43,17
DA:44,17
DA:45,17
DA:46,17
DA:47,17
DA:48,17
DA:49,17
DA:50,17
DA:51,1
DA:52,17
DA:53,17
DA:54,17
DA:55,17
DA:56,17
DA:57,17
DA:58,17
DA:59,17
DA:60,17
DA:61,17
DA:62,17
DA:63,17
DA:64,17
DA:65,17
DA:66,17
DA:67,1
DA:68,17
DA:69,17
DA:70,17
DA:71,17
DA:72,17
DA:73,17
DA:74,17
DA:75,17
DA:76,17
DA:77,17
DA:78,12
DA:79,12
DA:80,12
DA:81,12
DA:82,12
DA:83,12
DA:84,12
DA:85,12
DA:86,1
DA:87,12
DA:88,12
DA:89,12
DA:90,12
DA:91,12
DA:92,12
DA:93,12
DA:94,12
DA:95,12
DA:96,12
DA:97,11
DA:98,11
DA:99,11
DA:100,11
DA:101,11
DA:102,11
DA:103,1
DA:104,11
DA:105,11
DA:106,11
DA:107,11
DA:108,11
DA:109,11
DA:110,11
DA:111,11
DA:112,11
DA:113,12
DA:114,12
DA:115,17
DA:116,17
DA:117,17
DA:118,4
DA:119,4
DA:120,4
DA:121,4
DA:122,4
DA:123,4
DA:124,4
DA:125,4
DA:126,1
DA:127,4
DA:128,4
DA:129,4
DA:130,4
DA:131,4
DA:132,4
DA:133,4
DA:134,4
DA:135,4
DA:136,4
DA:137,4
DA:138,4
DA:139,4
DA:140,1
DA:141,4
DA:142,4
DA:143,4
DA:144,4
DA:145,4
DA:146,4
DA:147,17
DA:148,17
DA:149,17
DA:150,17
DA:151,17
DA:152,17
DA:153,17
DA:154,17
DA:155,1
DA:156,17
DA:157,17
DA:158,17
DA:159,17
DA:160,17
DA:161,17
DA:162,17
DA:163,17
DA:164,17
DA:165,17
DA:166,17
DA:167,17
DA:168,17
DA:169,17
DA:170,17
DA:171,17
DA:172,17
DA:173,17
DA:174,17
LF:174
LH:174
BRDA:14,0,0,17
BRDA:18,1,0,0
BRDA:28,2,0,1
BRDA:49,3,0,1
BRDA:65,4,0,1
BRDA:76,5,0,6
BRDA:77,6,0,12
BRDA:84,7,0,0
BRDA:96,8,0,11
BRDA:117,9,0,4
BRDA:29,10,0,1
BRDA:50,11,0,1
BRDA:66,12,0,1
BRDA:85,13,0,1
BRDA:102,14,0,1
BRDA:125,15,0,1
BRDA:139,16,0,1
BRDA:154,17,0,1
BRF:18
BRH:16
end_of_record
TN:
SF:src/components/editors/InputNodeEditor.tsx
FN:15,InputNodeEditor
FN:107,onChange
FN:129,onChange
FN:146,onChange
FN:162,onChange
FN:190,onChange
FN:212,onChange
FN:229,onChange
FN:246,onChange
FN:263,onChange
FN:280,onChange
FN:304,onChange
FN:326,onChange
FN:343,onChange
FN:360,onChange
FN:376,onChange
FN:401,onChange
FN:420,onChange
FN:438,onChange
FN:456,onChange
FNF:20
FNH:20
FNDA:482,InputNodeEditor
FNDA:8,onChange
FNDA:10,onChange
FNDA:2,onChange
FNDA:2,onChange
FNDA:2,onChange
FNDA:1,onChange
FNDA:1,onChange
FNDA:2,onChange
FNDA:1,onChange
FNDA:1,onChange
FNDA:2,onChange
FNDA:1,onChange
FNDA:2,onChange
FNDA:1,onChange
FNDA:1,onChange
FNDA:2,onChange
FNDA:2,onChange
FNDA:1,onChange
FNDA:6,onChange
DA:1,1
DA:2,1
DA:3,1
DA:4,1
DA:5,1
DA:6,1
DA:7,1
DA:8,1
DA:9,1
DA:10,1
DA:11,1
DA:12,1
DA:13,1
DA:14,1
DA:15,482
DA:16,482
DA:17,482
DA:18,482
DA:19,482
DA:20,482
DA:21,482
DA:22,482
DA:23,482
DA:24,482
DA:25,482
DA:26,482
DA:27,482
DA:28,482
DA:29,482
DA:30,482
DA:31,482
DA:32,482
DA:33,482
DA:34,482
DA:35,482
DA:36,482
DA:37,482
DA:38,482
DA:39,482
DA:40,482
DA:41,482
DA:42,482
DA:43,482
DA:44,482
DA:45,482
DA:46,482
DA:47,482
DA:48,482
DA:49,482
DA:50,482
DA:51,482
DA:52,482
DA:53,482
DA:54,482
DA:55,482
DA:56,482
DA:57,279
DA:58,272
DA:59,272
DA:60,279
DA:61,277
DA:62,277
DA:63,279
DA:64,276
DA:65,276
DA:66,279
DA:67,279
DA:68,279
DA:69,279
DA:70,277
DA:71,277
DA:72,279
DA:73,279
DA:74,279
DA:75,279
DA:76,279
DA:77,279
DA:78,279
DA:79,278
DA:80,278
DA:81,279
DA:82,278
DA:83,278
DA:84,279
DA:85,279
DA:86,279
DA:87,279
DA:88,278
DA:89,278
DA:90,279
DA:91,278
DA:92,278
DA:93,279
DA:94,279
DA:95,482
DA:96,482
DA:97,482
DA:98,482
DA:99,198
DA:100,198
DA:101,198
DA:102,198
DA:103,198
DA:104,198
DA:105,198
DA:106,198
DA:107,198
DA:108,8
DA:109,8
DA:110,8
DA:111,198
DA:112,198
DA:113,198
DA:114,198
DA:115,198
DA:116,198
DA:117,198
DA:118,198
DA:119,198
DA:120,198
DA:121,198
DA:122,198
DA:123,198
DA:124,198
DA:125,198
DA:126,198
DA:127,198
DA:128,198
DA:129,198
DA:130,10
DA:131,10
DA:132,10
DA:133,198
DA:134,198
DA:135,198
DA:136,198
DA:137,198
DA:138,198
DA:139,198
DA:140,198
DA:141,198
DA:142,198
DA:143,198
DA:144,198
DA:145,198
DA:146,198
DA:147,2
DA:148,2
DA:149,2
DA:150,198
DA:151,198
DA:152,198
DA:153,198
DA:154,198
DA:155,198
DA:156,198
DA:157,198
DA:158,198
DA:159,198
DA:160,198
DA:161,198
DA:162,198
DA:163,2
DA:164,2
DA:165,2
DA:166,198
DA:167,198
DA:168,198
DA:169,198
DA:170,198
DA:171,198
DA:172,198
DA:173,198
DA:174,198
DA:175,198
DA:176,198
DA:177,198
DA:178,198
DA:179,284
DA:180,284
DA:181,482
DA:182,66
DA:183,66
DA:184,66
DA:185,66
DA:186,66
DA:187,66
DA:188,66
DA:189,66
DA:190,66
DA:191,2
DA:192,2
DA:193,2
DA:194,66
DA:195,66
DA:196,66
DA:197,66
DA:198,66
DA:199,66
DA:200,66
DA:201,66
DA:202,66
DA:203,66
DA:204,66
DA:205,66
DA:206,66
DA:207,66
DA:208,66
DA:209,66
DA:210,66
DA:211,66
DA:212,66
DA:213,1
DA:214,1
DA:215,1
DA:216,66
DA:217,66
DA:218,66
DA:219,66
DA:220,66
DA:221,66
DA:222,66
DA:223,66
DA:224,66
DA:225,66
DA:226,66
DA:227,66
DA:228,66
DA:229,66
DA:230,1
DA:231,1
DA:232,1
DA:233,66
DA:234,66
DA:235,66
DA:236,66
DA:237,66
DA:238,66
DA:239,66
DA:240,66
DA:241,66
DA:242,66
DA:243,66
DA:244,66
DA:245,66
DA:246,66
DA:247,2
DA:248,2
DA:249,2
DA:250,66
DA:251,66
DA:252,66
DA:253,66
DA:254,66
DA:255,66
DA:256,66
DA:257,66
DA:258,66
DA:259,66
DA:260,66
DA:261,66
DA:262,66
DA:263,66
DA:264,1
DA:265,1
DA:266,1
DA:267,66
DA:268,66
DA:269,66
DA:270,66
DA:271,66
DA:272,66
DA:273,66
DA:274,66
DA:275,66
DA:276,66
DA:277,66
DA:278,66
DA:279,66
DA:280,66
DA:281,1
DA:282,1
DA:283,1
DA:284,66
DA:285,66
DA:286,66
DA:287,66
DA:288,66
DA:289,66
DA:290,66
DA:291,66
DA:292,66
DA:293,218
DA:294,218
DA:295,482
DA:296,37
DA:297,37
DA:298,37
DA:299,37
DA:300,37
DA:301,37
DA:302,37
DA:303,37
DA:304,37
DA:305,2
DA:306,2
DA:307,2
DA:308,37
DA:309,37
DA:310,37
DA:311,37
DA:312,37
DA:313,37
DA:314,37
DA:315,37
DA:316,37
DA:317,37
DA:318,37
DA:319,37
DA:320,37
DA:321,37
DA:322,37
DA:323,37
DA:324,37
DA:325,37
DA:326,37
DA:327,1
DA:328,1
DA:329,1
DA:330,37
DA:331,37
DA:332,37
DA:333,37
DA:334,37
DA:335,37
DA:336,37
DA:337,37
DA:338,37
DA:339,37
DA:340,37
DA:341,37
DA:342,37
DA:343,37
DA:344,2
DA:345,2
DA:346,2
DA:347,37
DA:348,37
DA:349,37
DA:350,37
DA:351,37
DA:352,37
DA:353,37
DA:354,37
DA:355,37
DA:356,37
DA:357,37
DA:358,37
DA:359,37
DA:360,37
DA:361,1
DA:362,1
DA:363,1
DA:364,37
DA:365,37
DA:366,37
DA:367,37
DA:368,37
DA:369,37
DA:370,37
DA:371,37
DA:372,37
DA:373,37
DA:374,37
DA:375,37
DA:376,37
DA:377,1
DA:378,1
DA:379,1
DA:380,37
DA:381,37
DA:382,37
DA:383,37
DA:384,37
DA:385,37
DA:386,37
DA:387,37
DA:388,37
DA:389,37
DA:390,181
DA:391,181
DA:392,482
DA:393,138
DA:394,138
DA:395,138
DA:396,138
DA:397,138
DA:398,138
DA:399,138
DA:400,138
DA:401,138
DA:402,2
DA:403,2
DA:404,2
DA:405,138
DA:406,138
DA:407,138
DA:408,138
DA:409,138
DA:410,138
DA:411,138
DA:412,138
DA:413,138
DA:414,138
DA:415,138
DA:416,138
DA:417,138
DA:418,138
DA:419,138
DA:420,138
DA:421,2
DA:422,2
DA:423,2
DA:424,138
DA:425,138
DA:426,138
DA:427,138
DA:428,138
DA:429,138
DA:430,138
DA:431,89
DA:432,89
DA:433,89
DA:434,89
DA:435,89
DA:436,89
DA:437,89
DA:438,89
DA:439,1
DA:440,1
DA:441,1
DA:442,89
DA:443,89
DA:444,89
DA:445,89
DA:446,89
DA:447,89
DA:448,138
DA:449,138
DA:450,48
DA:451,48
DA:452,48
DA:453,48
DA:454,48
DA:455,48
DA:456,48
DA:457,6
DA:458,6
DA:459,6
DA:460,48
DA:461,48
DA:462,48
DA:463,48
DA:464,48
DA:465,48
DA:466,48
DA:467,138
DA:468,138
DA:469,138
DA:470,138
DA:471,43
DA:472,43
DA:473,43
DA:474,43
DA:475,43
DA:476,43
DA:477,482
DA:478,482
DA:479,482
DA:480,482
DA:481,482
DA:482,482
DA:483,482
DA:484,482
DA:485,482
DA:486,482
DA:487,482
LF:487
LH:487
BRDA:15,0,0,482
BRDA:19,1,0,20
BRDA:98,2,0,198
BRDA:179,3,0,284
BRDA:181,4,0,66
BRDA:293,5,0,218
BRDA:295,6,0,37
BRDA:390,7,0,181
BRDA:392,8,0,138
BRDA:430,9,0,89
BRDA:449,10,0,48
BRDA:471,11,0,43
BRDA:477,12,0,15
BRDA:478,13,0,14
BRDA:479,14,0,14
BRDA:56,15,0,279
BRDA:57,16,0,272
BRDA:58,17,0,203
BRDA:60,18,0,277
BRDA:61,19,0,253
BRDA:63,20,0,276
BRDA:64,21,0,249
BRDA:67,22,0,269
BRDA:69,23,0,277
BRDA:70,24,0,269
BRDA:73,25,0,269
BRDA:76,26,0,268
BRDA:78,27,0,278
BRDA:79,28,0,269
BRDA:81,29,0,278
BRDA:82,30,0,269
BRDA:85,31,0,269
BRDA:87,32,0,278
BRDA:88,33,0,238
BRDA:90,34,0,278
BRDA:91,35,0,268
BRDA:93,36,0,188
BRDA:94,37,0,264
BRDA:107,38,0,8
BRDA:129,39,0,10
BRDA:146,40,0,2
BRDA:162,41,0,2
BRDA:190,42,0,2
BRDA:212,43,0,1
BRDA:229,44,0,1
BRDA:246,45,0,2
BRDA:263,46,0,1
BRDA:280,47,0,1
BRDA:304,48,0,2
BRDA:326,49,0,1
BRDA:343,50,0,2
BRDA:360,51,0,1
BRDA:376,52,0,1
BRDA:401,53,0,2
BRDA:420,54,0,2
BRDA:438,55,0,1
BRDA:456,56,0,6
BRF:57
BRH:57
end_of_record
TN:
SF:src/components/editors/LoopNodeEditor.tsx
FN:16,LoopNodeEditor
FN:49,onChange
FN:81,onChange
FNF:3
FNH:3
FNDA:49,LoopNodeEditor
FNDA:2,onChange
FNDA:9,onChange
DA:1,1
DA:2,1
DA:3,1
DA:4,1
DA:5,1
DA:6,1
DA:7,1
DA:8,1
DA:9,1
DA:10,1
DA:11,1
DA:12,1
DA:13,1
DA:14,1
DA:15,1
DA:16,49
DA:17,49
DA:18,49
DA:19,49
DA:20,49
DA:21,49
DA:22,49
DA:23,49
DA:24,49
DA:25,49
DA:26,27
DA:27,27
DA:28,27
DA:29,25
DA:30,25
DA:31,49
DA:32,49
DA:33,49
DA:34,49
DA:35,49
DA:36,49
DA:37,49
DA:38,49
DA:39,49
DA:40,49
DA:41,49
DA:42,49
DA:43,49
DA:44,49
DA:45,49
DA:46,49
DA:47,49
DA:48,49
DA:49,49
DA:50,2
DA:51,2
DA:52,2
DA:53,2
DA:54,2
DA:55,2
DA:56,2
DA:57,49
DA:58,49
DA:59,49
DA:60,49
DA:61,49
DA:62,49
DA:63,49
DA:64,49
DA:65,49
DA:66,49
DA:67,49
DA:68,49
DA:69,49
DA:70,49
DA:71,49
DA:72,49
DA:73,49
DA:74,49
DA:75,49
DA:76,49
DA:77,49
DA:78,49
DA:79,49
DA:80,49
DA:81,49
DA:82,9
DA:83,9
DA:84,9
DA:85,49
DA:86,49
DA:87,49
DA:88,49
DA:89,49
DA:90,49
DA:91,49
DA:92,49
DA:93,49
DA:94,49
DA:95,49
DA:96,49
LF:96
LH:96
BRDA:16,0,0,49
BRDA:33,1,0,4
BRDA:34,2,0,5
BRDA:25,3,0,27
BRDA:26,4,0,2
BRDA:28,5,0,25
BRDA:29,6,0,5
BRDA:49,7,0,2
BRDA:53,8,0,0
BRDA:81,9,0,9
BRDA:82,10,0,6
BRF:11
BRH:10
end_of_record
TN:
SF:src/components/forms/FormField.tsx
FN:31,FormField
FN:69,renderInput
FN:74,onChange
FNF:3
FNH:3
FNDA:43,FormField
FNDA:43,renderInput
FNDA:8,onChange
DA:1,1
DA:2,1
DA:3,1
DA:4,1
DA:5,1
DA:6,1
DA:7,1
DA:8,1
DA:9,1
DA:10,1
DA:11,1
DA:12,1
DA:13,1
DA:14,1
DA:15,1
DA:16,1
DA:17,1
DA:18,1
DA:19,1
DA:20,1
DA:21,1
DA:22,1
DA:23,1
DA:24,1
DA:25,1
DA:26,1
DA:27,1
DA:28,1
DA:29,1
DA:30,1
DA:31,43
DA:32,43
DA:33,43
DA:34,43
DA:35,43
DA:36,43
DA:37,43
DA:38,43
DA:39,43
DA:40,43
DA:41,43
DA:42,43
DA:43,43
DA:44,43
DA:45,43
DA:46,43
DA:47,43
DA:48,43
DA:49,43
DA:50,43
DA:51,43
DA:52,43
DA:53,43
DA:54,43
DA:55,2
DA:56,2
DA:57,2
DA:58,2
DA:59,2
DA:60,2
DA:61,43
DA:62,43
DA:63,43
DA:64,43
DA:65,43
DA:66,43
DA:67,43
DA:68,43
DA:69,43
DA:70,43
DA:71,43
DA:72,43
DA:73,43
DA:74,43
DA:75,8
DA:76,3
DA:77,8
DA:78,2
DA:79,5
DA:80,3
DA:81,3
DA:82,43
DA:83,43
DA:84,43
DA:85,43
DA:86,43
DA:87,43
DA:88,43
DA:89,43
DA:90,43
DA:91,5
DA:92,5
DA:93,5
DA:94,5
DA:95,5
DA:96,5
DA:97,5
DA:98,43
DA:99,43
DA:100,5
DA:101,5
DA:102,5
DA:103,6
DA:104,6
DA:105,6
DA:106,5
DA:107,5
DA:108,5
DA:109,43
DA:110,43
DA:111,8
DA:112,8
DA:113,8
DA:114,8
DA:115,8
DA:116,8
DA:117,8
DA:118,8
DA:119,8
DA:120,3
DA:121,8
DA:122,8
DA:123,8
[...]
DA:34,1
DA:35,1
DA:36,1
DA:37,1
DA:38,1
DA:39,1
DA:40,1
DA:41,1
DA:42,1
DA:43,1
DA:44,1
DA:45,1
DA:46,1
DA:47,1
DA:48,1
DA:49,1
DA:50,1
DA:51,1
DA:52,1
DA:53,1
DA:54,1
DA:55,1
DA:56,1
DA:57,1
DA:58,1
DA:59,1
DA:60,1
DA:61,1
DA:62,1
DA:63,1
DA:64,1
DA:65,1
DA:66,1
DA:67,1
DA:68,1
DA:69,1
DA:70,1
DA:71,1
DA:72,1
DA:73,1
DA:74,1
DA:75,1
DA:76,1
DA:77,1
DA:78,1
DA:79,1
DA:80,1
DA:81,1
DA:82,1
DA:83,1
DA:84,1
DA:85,1
DA:86,1
DA:87,1
DA:88,1
DA:89,1
DA:90,1
DA:91,1
DA:92,1
DA:93,1
DA:94,1
DA:95,1
DA:96,1357
DA:97,3
DA:98,3
DA:99,1354
DA:100,1354
DA:101,1354
DA:102,1354
DA:103,1354
DA:104,1354
DA:105,1354
DA:106,1354
DA:107,1354
DA:108,1
DA:109,1
DA:110,1
DA:111,1
DA:112,1
DA:113,1
DA:114,1186
DA:115,0
DA:116,0
DA:117,1186
DA:118,1
DA:119,1
DA:120,1
DA:121,1
DA:122,1
DA:123,1
DA:124,168
DA:125,0
DA:126,0
DA:127,168
DA:128,1
DA:129,1
DA:130,1
DA:131,1
DA:132,1
DA:133,1
DA:134,692
DA:135,692
DA:136,692
DA:137,692
DA:138,10
DA:139,10
DA:140,10
DA:141,10
DA:142,692
DA:143,692
DA:144,1
DA:145,1
DA:146,1
DA:147,1
DA:148,692
DA:149,692
DA:150,692
DA:151,692
DA:152,1
DA:153,1
DA:154,1
DA:155,1
DA:156,1
DA:157,1
DA:158,165
DA:159,0
DA:160,0
DA:161,165
DA:162,165
DA:163,165
DA:164,165
DA:165,165
DA:166,165
DA:167,165
DA:168,1
DA:169,1
DA:170,1
DA:171,1
DA:172,1
DA:173,1
DA:174,148
DA:175,148
DA:176,88
DA:177,148
DA:178,148
DA:179,148
DA:180,1
DA:181,148
DA:182,148
DA:183,148
DA:184,1
DA:185,1
DA:186,1
DA:187,1
DA:188,1
DA:189,1
DA:190,3352
DA:191,3352
DA:192,3352
DA:193,1
DA:194,1
DA:195,1
DA:196,1
DA:197,1
DA:198,1
DA:199,3346
DA:200,0
DA:201,0
DA:202,3346
DA:203,3346
DA:204,3346
DA:205,3346
DA:206,3346
DA:207,3346
DA:208,3346
DA:209,3346
DA:210,3346
DA:211,3346
DA:212,3346
DA:213,3346
DA:214,0
DA:215,0
DA:216,0
DA:217,0
DA:218,0
DA:219,0
DA:220,0
DA:221,0
DA:222,0
DA:223,0
DA:224,0
DA:225,1
DA:226,1
DA:227,1
DA:228,1
DA:229,1
DA:230,1
DA:231,3
DA:232,1
DA:233,1
DA:234,1
DA:235,1
DA:236,1
DA:237,1
DA:238,1
DA:239,1
DA:240,2
DA:241,2
DA:242,2
DA:243,2
DA:244,2
DA:245,2
DA:246,2
DA:247,1
DA:248,1
DA:249,1
DA:250,1
DA:251,2
DA:252,2
DA:253,1
DA:254,1
DA:255,1
DA:256,1
DA:257,1
DA:258,1
DA:259,6
DA:260,6
DA:261,2
DA:262,6
DA:263,6
DA:264,6
DA:265,6
DA:266,1
DA:267,1
LF:267
LH:248
BRDA:95,0,0,1357
BRDA:96,1,0,3
BRDA:99,2,0,1354
BRDA:100,3,0,818
BRDA:101,4,0,166
BRDA:102,5,0,17
BRDA:103,6,0,130
BRDA:105,7,0,129
BRDA:113,8,0,1186
BRDA:114,9,0,0
BRDA:123,10,0,168
BRDA:124,11,0,0
BRDA:133,12,0,692
BRDA:135,13,0,1
BRDA:137,14,0,10
BRDA:143,15,0,1
BRDA:149,16,0,1
BRDA:157,17,0,165
BRDA:158,18,0,0
BRDA:162,19,0,651
BRDA:163,20,0,137
BRDA:173,21,0,148
BRDA:175,22,0,88
BRDA:178,23,0,1
BRDA:179,24,0,1
BRDA:182,25,0,1
BRDA:189,26,0,3352
BRDA:191,27,0,2330
BRDA:198,28,0,3346
BRDA:199,29,0,0
BRDA:205,30,0,0
BRDA:206,31,0,0
BRDA:207,32,0,0
BRDA:209,33,0,0
BRDA:213,34,0,0
BRDA:230,35,0,3
BRDA:231,36,0,1
BRDA:240,37,0,2
BRDA:233,38,0,1
BRDA:241,39,0,1
BRDA:242,40,0,1
BRDA:243,41,0,1
BRDA:244,42,0,1
BRDA:245,43,0,2
BRDA:246,44,0,1
BRDA:258,45,0,6
BRDA:260,46,0,2
BRDA:261,47,0,1
BRDA:263,48,0,2
BRDA:264,49,0,1
BRF:50
BRH:41
end_of_record
TN:
SF:src/types/nodeData.ts
FN:97,isAgentNode
FN:101,isConditionNode
FN:105,isLoopNode
FN:109,isInputNode
FN:123,isStartNode
FN:127,isEndNode
FNF:6
FNH:6
FNDA:277,isAgentNode
FNDA:277,isConditionNode
FNDA:277,isLoopNode
FNDA:283,isInputNode
FNDA:3,isStartNode
FNDA:3,isEndNode
DA:1,1
DA:2,1
DA:3,1
DA:4,1
DA:5,1
DA:6,1
DA:7,1
DA:8,1
DA:9,1
DA:10,1
DA:11,1
DA:12,1
DA:13,1
DA:14,1
DA:15,1
DA:16,1
DA:17,1
DA:18,1
DA:19,1
DA:20,1
DA:21,1
DA:22,1
DA:23,1
DA:24,1
DA:25,1
DA:26,1
DA:27,1
DA:28,1
DA:29,1
DA:30,1
DA:31,1
DA:32,1
DA:33,1
DA:34,1
DA:35,1
DA:36,1
DA:37,1
DA:38,1
DA:39,1
DA:40,1
DA:41,1
DA:42,1
DA:43,1
DA:44,1
DA:45,1
DA:46,1
DA:47,1
DA:48,1
DA:49,1
DA:50,1
DA:51,1
DA:52,1
DA:53,1
DA:54,1
DA:55,1
DA:56,1
DA:57,1
DA:58,1
DA:59,1
DA:60,1
DA:61,1
DA:62,1
DA:63,1
DA:64,1
DA:65,1
DA:66,1
DA:67,1
DA:68,1
DA:69,1
DA:70,1
DA:71,1
DA:72,1
DA:73,1
DA:74,1
DA:75,1
DA:76,1
DA:77,1
DA:78,1
DA:79,1
DA:80,1
DA:81,1
DA:82,1
DA:83,1
DA:84,1
DA:85,1
DA:86,1
DA:87,1
DA:88,1
DA:89,1
DA:90,1
DA:91,1
DA:92,1
DA:93,1
DA:94,1
DA:95,1
DA:96,1
DA:97,277
DA:98,277
DA:99,277
DA:100,1
DA:101,277
DA:102,277
DA:103,277
DA:104,1
DA:105,277
DA:106,277
DA:107,277
DA:108,1
DA:109,283
DA:110,283
DA:111,283
DA:112,283
DA:113,282
DA:114,282
DA:115,282
DA:116,282
DA:117,282
DA:118,282
DA:119,282
DA:120,282
DA:121,283
DA:122,1
DA:123,3
DA:124,3
DA:125,3
DA:126,1
DA:127,3
DA:128,3
DA:129,3
LF:129
LH:129
BRDA:97,0,0,277
BRDA:98,1,0,276
BRDA:101,2,0,277
BRDA:102,3,0,276
BRDA:105,4,0,277
BRDA:106,5,0,276
BRDA:109,6,0,283
BRDA:112,7,0,282
BRDA:120,8,0,0
BRDA:123,9,0,3
BRDA:124,10,0,2
BRDA:127,11,0,3
BRDA:128,12,0,2
BRF:13
BRH:12
end_of_record
TN:
SF:src/types/workflow.ts
FN:1,(empty-report)
FNF:1
FNH:0
FNDA:0,(empty-report)
DA:1,0
DA:2,0
DA:3,0
DA:4,0
DA:5,0
DA:6,0
DA:7,0
DA:8,0
DA:9,0
DA:10,0
DA:11,0
DA:12,0
DA:13,0
DA:14,0
DA:15,0
DA:16,0
DA:17,0
DA:18,0
DA:19,0
DA:20,0
DA:21,0
DA:22,0
DA:23,0
DA:24,0
DA:25,0
DA:26,0
DA:27,0
DA:28,0
DA:29,0
DA:30,0
DA:31,0
DA:32,0
DA:33,0
DA:34,0
DA:35,0
DA:36,0
DA:37,0
DA:38,0
DA:39,0
DA:40,0
DA:41,0
DA:42,0
DA:43,0
DA:44,0
DA:45,0
DA:46,0
DA:47,0
DA:48,0
DA:49,0
DA:50,0
DA:51,0
DA:52,0
DA:53,0
DA:54,0
DA:55,0
DA:56,0
DA:57,0
DA:58,0
DA:59,0
DA:60,0
DA:61,0
DA:62,0
DA:63,0
DA:64,0
DA:65,0
DA:66,0
DA:67,0
DA:68,0
DA:69,0
DA:70,0
DA:71,0
DA:72,0
DA:73,0
DA:74,0
DA:75,0
DA:76,0
DA:77,0
DA:78,0
DA:79,0
DA:80,0
DA:81,0
DA:82,0
DA:83,0
DA:84,0
DA:85,0
DA:86,0
DA:87,0
DA:88,0
DA:89,0
DA:90,0
DA:91,0
DA:92,0
DA:93,0
DA:94,0
DA:95,0
DA:96,0
DA:97,0
DA:98,0
DA:99,0
LF:99
LH:0
BRDA:1,0,0,0
BRF:1
BRH:0
end_of_record
TN:
SF:src/types/workflowBuilder.ts
FN:1,(empty-report)
FNF:1
FNH:0
FNDA:0,(empty-report)
DA:1,0
DA:2,0
DA:3,0
DA:4,0
DA:5,0
DA:6,0
DA:7,0
DA:8,0
DA:9,0
DA:10,0
DA:11,0
DA:12,0
DA:13,0
DA:14,0
DA:15,0
DA:16,0
DA:17,0
DA:18,0
DA:19,0
DA:20,0
DA:21,0
DA:22,0
DA:23,0
DA:24,0
DA:25,0
DA:26,0
DA:27,0
DA:28,0
DA:29,0
DA:30,0
DA:31,0
DA:32,0
DA:33,0
DA:34,0
DA:35,0
DA:36,0
DA:37,0
DA:38,0
DA:39,0
DA:40,0
DA:41,0
DA:42,0
DA:43,0
DA:44,0
DA:45,0
DA:46,0
DA:47,0
DA:48,0
DA:49,0
DA:50,0
DA:51,0
DA:52,0
DA:53,0
DA:54,0
DA:55,0
DA:56,0
DA:57,0
DA:58,0
DA:59,0
DA:60,0
DA:61,0
LF:61
LH:0
BRDA:1,0,0,0
BRF:1
BRH:0
end_of_record
TN:
SF:src/utils/confirm.tsx
FN:8,showConfirm
FN:133,cancelBtn.onmouseover
FN:136,cancelBtn.onmouseout
FN:139,cancelBtn.onclick
FN:165,confirmBtn.onmouseover
FN:168,confirmBtn.onmouseout
FN:171,confirmBtn.onclick
FN:178,overlay.onclick
FNF:8
FNH:8
FNDA:72,showConfirm
FNDA:2,cancelBtn.onmouseover
FNDA:2,cancelBtn.onmouseout
FNDA:27,cancelBtn.onclick
FNDA:11,confirmBtn.onmouseover
FNDA:5,confirmBtn.onmouseout
FNDA:40,confirmBtn.onclick
FNDA:71,overlay.onclick
DA:1,1
DA:2,1
DA:3,1
DA:4,1
DA:5,1
DA:6,1
DA:7,1
DA:8,72
DA:9,72
DA:10,72
DA:11,72
DA:12,72
DA:13,72
DA:14,72
DA:15,72
DA:16,72
DA:17,72
DA:18,72
DA:19,72
DA:20,72
DA:21,72
DA:22,72
DA:23,72
DA:24,72
DA:25,72
DA:26,72
DA:27,72
DA:28,72
DA:29,72
DA:30,72
DA:31,1
DA:32,1
DA:33,71
DA:34,71
DA:35,71
DA:36,71
DA:37,71
DA:38,71
DA:39,71
DA:40,71
DA:41,71
DA:42,71
DA:43,71
DA:44,71
DA:45,71
DA:46,71
DA:47,71
DA:48,71
DA:49,71
DA:50,71
DA:51,71
DA:52,71
DA:53,71
DA:54,71
DA:55,71
DA:56,71
DA:57,71
DA:58,71
DA:59,71
DA:60,71
DA:61,71
DA:62,71
DA:63,71
DA:64,71
DA:65,71
DA:66,71
DA:67,64
DA:68,64
DA:69,64
DA:70,64
DA:71,64
DA:72,64
DA:73,64
DA:74,64
DA:75,64
DA:76,64
DA:77,64
DA:78,64
DA:79,64
DA:80,64
DA:81,64
DA:82,64
DA:83,64
DA:84,64
DA:85,64
DA:86,64
DA:87,69
DA:88,69
DA:89,69
DA:90,69
DA:91,69
DA:92,69
DA:93,69
DA:94,69
DA:95,69
DA:96,69
DA:97,69
DA:98,69
DA:99,69
DA:100,69
DA:101,69
DA:102,69
DA:103,69
DA:104,69
DA:105,69
DA:106,69
DA:107,69
DA:108,69
DA:109,69
DA:110,69
DA:111,69
DA:112,69
DA:113,69
DA:114,69
DA:115,69
DA:116,69
DA:117,69
DA:118,69
DA:119,69
DA:120,69
DA:121,69
DA:122,69
DA:123,69
DA:124,69
DA:125,69
DA:126,69
DA:127,69
DA:128,69
DA:129,69
DA:130,69
DA:131,69
DA:132,69
DA:133,69
DA:134,2
DA:135,2
DA:136,69
DA:137,2
DA:138,2
DA:139,69
DA:140,27
DA:141,27
DA:142,27
DA:143,69
DA:144,69
DA:145,69
DA:146,69
DA:147,69
DA:148,69
DA:149,69
DA:150,69
DA:151,69
DA:152,69
DA:153,69
DA:154,69
DA:155,69
DA:156,69
DA:157,69
DA:158,69
DA:159,69
DA:160,69
DA:161,69
DA:162,69
DA:163,69
DA:164,69
DA:165,69
DA:166,11
DA:167,11
DA:168,69
DA:169,5
DA:170,5
DA:171,69
DA:172,40
DA:173,40
DA:174,40
DA:175,69
DA:176,69
DA:177,69
DA:178,69
DA:179,71
DA:180,2
DA:181,2
DA:182,2
DA:183,71
DA:184,69
DA:185,69
DA:186,69
DA:187,69
DA:188,69
DA:189,69
DA:190,69
DA:191,69
DA:192,71
DA:193,2
DA:194,2
DA:195,2
DA:196,71
DA:197,71
LF:197
LH:197
BRDA:8,0,0,72
BRDA:30,1,0,1
BRDA:33,2,0,71
BRDA:34,3,0,71
BRDA:66,4,0,64
BRDA:87,5,0,69
BRDA:192,6,0,2
BRDA:133,7,0,2
BRDA:136,8,0,2
BRDA:139,9,0,27
BRDA:165,10,0,11
BRDA:168,11,0,5
BRDA:171,12,0,40
BRDA:178,13,0,71
BRDA:179,14,0,2
BRF:15
BRH:15
end_of_record
TN:
SF:src/utils/errorHandler.ts
FN:15,handleApiError
FN:59,handleStorageError
FN:84,handleError
FNF:3
FNH:3
FNDA:15,handleApiError
FNDA:9,handleStorageError
FNDA:9,handleError
DA:1,1
DA:2,1
DA:3,1
DA:4,1
DA:5,1
DA:6,1
DA:7,1
DA:8,1
DA:9,1
DA:10,1
DA:11,1
DA:12,1
DA:13,1
DA:14,1
DA:15,15
DA:16,15
DA:17,15
DA:18,15
DA:19,15
DA:20,15
DA:21,15
DA:22,15
DA:23,15
DA:24,15
DA:25,15
DA:26,15
DA:27,15
DA:28,15
DA:29,15
DA:30,3
DA:31,15
DA:32,15
DA:33,15
DA:34,14
DA:35,14
DA:36,14
DA:37,14
DA:38,14
DA:39,8
DA:40,8
DA:41,8
DA:42,8
DA:43,8
DA:44,8
DA:45,8
DA:46,14
DA:47,15
DA:48,15
DA:49,15
DA:50,14
DA:51,14
DA:52,15
DA:53,15
DA:54,15
DA:55,1
DA:56,1
DA:57,1
DA:58,1
DA:59,9
DA:60,9
DA:61,9
DA:62,9
DA:63,9
DA:64,9
DA:65,9
DA:66,9
DA:67,9
DA:68,9
DA:69,9
DA:70,9
DA:71,9
DA:72,8
DA:73,8
DA:74,8
DA:75,9
DA:76,9
DA:77,4
DA:78,4
DA:79,9
DA:80,1
DA:81,1
DA:82,1
DA:83,1
DA:84,9
DA:85,9
DA:86,9
DA:87,9
DA:88,9
DA:89,9
DA:90,9
DA:91,9
DA:92,9
DA:93,9
DA:94,9
DA:95,9
DA:96,9
DA:97,9
DA:98,9
DA:99,9
DA:100,8
DA:101,8
DA:102,8
DA:103,9
DA:104,9
DA:105,8
DA:106,8
DA:107,9
DA:108,9
DA:109,9
LF:109
LH:109
BRDA:15,0,0,15
BRDA:27,1,0,8
BRDA:27,2,0,7
BRDA:27,3,0,11
BRDA:28,4,0,4
BRDA:28,5,0,3
BRDA:28,6,0,10
BRDA:29,7,0,3
BRDA:33,8,0,14
BRDA:34,9,0,3
BRDA:34,10,0,11
BRDA:38,11,0,8
BRDA:43,12,0,2
BRDA:49,13,0,14
BRDA:59,14,0,9
BRDA:71,15,0,8
BRDA:72,16,0,1
BRDA:72,17,0,7
BRDA:76,18,0,4
BRDA:77,19,0,2
BRDA:84,20,0,9
BRDA:96,21,0,4
BRDA:97,22,0,5
BRDA:97,23,0,1
BRDA:97,24,0,4
BRDA:99,25,0,8
BRDA:100,26,0,1
BRDA:100,27,0,7
BRDA:104,28,0,8
BRF:29
BRH:29
end_of_record
TN:
SF:src/utils/executionStatus.ts
FN:6,getExecutionStatusColor
FN:20,getExecutionStatusColorLight
FN:34,isValidExecutionStatus
FNF:3
FNH:3
FNDA:45,getExecutionStatusColor
FNDA:98,getExecutionStatusColorLight
FNDA:62,isValidExecutionStatus
DA:1,1
DA:2,1
DA:3,1
DA:4,1
DA:5,1
DA:6,1
DA:7,45
DA:8,45
DA:9,45
DA:10,45
DA:11,45
DA:12,45
DA:13,45
DA:14,45
DA:15,45
DA:16,1
DA:17,1
DA:18,1
DA:19,1
DA:20,1
DA:21,98
DA:22,98
DA:23,98
DA:24,98
DA:25,98
DA:26,98
DA:27,98
DA:28,98
DA:29,98
DA:30,1
DA:31,1
DA:32,1
DA:33,1
DA:34,1
DA:35,62
DA:36,62
LF:36
LH:36
BRDA:6,0,0,45
BRDA:14,1,0,3
BRDA:20,2,0,98
BRDA:28,3,0,4
BRDA:34,4,0,62
BRF:5
BRH:5
end_of_record
TN:
SF:src/utils/logLevel.ts
FN:6,getLogLevelColor
FN:19,getLogLevelTextColor
FN:32,isValidLogLevel
FNF:3
FNH:3
FNDA:44,getLogLevelColor
FNDA:45,getLogLevelTextColor
FNDA:55,isValidLogLevel
DA:1,1
DA:2,1
DA:3,1
DA:4,1
DA:5,1
DA:6,1
DA:7,44
DA:8,44
DA:9,44
DA:10,44
DA:11,44
DA:12,44
DA:13,44
DA:14,44
DA:15,1
DA:16,1
DA:17,1
DA:18,1
DA:19,1
DA:20,45
DA:21,45
DA:22,45
DA:23,45
DA:24,45
DA:25,45
DA:26,45
DA:27,45
DA:28,1
DA:29,1
DA:30,1
DA:31,1
DA:32,1
DA:33,55
DA:34,55
LF:34
LH:34
BRDA:6,0,0,44
BRDA:13,1,0,3
BRDA:19,2,0,45
BRDA:26,3,0,2
BRDA:32,4,0,55
BRF:5
BRH:5
end_of_record
TN:
SF:src/utils/logger.ts
FN:6,debug
FN:12,info
FN:18,warn
FN:22,error
FN:26,log
FNF:5
FNH:5
FNDA:16,debug
FNDA:10,info
FNDA:7,warn
FNDA:6,error
FNDA:11,log
DA:1,1
DA:2,1
DA:3,1
DA:4,1
DA:5,1
DA:6,1
DA:7,16
DA:8,15
DA:9,15
DA:10,1
DA:11,1
DA:12,1
DA:13,10
DA:14,10
DA:15,10
DA:16,1
DA:17,1
DA:18,1
DA:19,7
DA:20,1
DA:21,1
DA:22,1
DA:23,6
DA:24,1
DA:25,1
DA:26,1
DA:27,11
DA:28,11
DA:29,11
DA:30,1
DA:31,1
LF:31
LH:31
BRDA:6,0,0,16
BRDA:7,1,0,15
BRDA:12,2,0,10
BRDA:18,3,0,7
BRDA:22,4,0,6
BRDA:26,5,0,11
BRF:6
BRH:6
end_of_record
TN:
SF:src/utils/nodeConversion.ts
FN:12,convertNodesForExecutionInput
FNF:1
FNH:1
FNDA:7,convertNodesForExecutionInput
DA:1,1
DA:2,1
DA:3,1
DA:4,1
DA:5,1
DA:6,1
DA:7,1
DA:8,1
DA:9,1
DA:10,1
DA:11,1
DA:12,7
DA:13,7
DA:14,7
DA:15,7
DA:16,7
DA:17,7
DA:18,7
DA:19,7
DA:20,7
DA:21,7
DA:22,7
DA:23,7
DA:24,7
DA:25,7
LF:25
LH:25
BRDA:12,0,0,7
BRDA:13,1,0,7
BRDA:16,2,0,5
BRDA:16,3,0,2
BRDA:16,4,0,3
BRDA:22,5,0,6
BRF:6
BRH:6
end_of_record
TN:
SF:src/utils/nodeUtils.ts
FN:16,findNodeById
FN:37,nodeExists
FN:53,findNodesByIds
FN:73,getSelectedNodes
FNF:4
FNH:4
FNDA:133,findNodeById
FNDA:3,nodeExists
FNDA:4,findNodesByIds
FNDA:3,getSelectedNodes
DA:1,1
DA:2,1
DA:3,1
DA:4,1
DA:5,1
DA:6,1
DA:7,1
DA:8,1
DA:9,1
DA:10,1
DA:11,1
DA:12,1
DA:13,1
DA:14,1
DA:15,1
DA:16,133
DA:17,133
DA:18,133
DA:19,133
DA:20,133
DA:21,133
DA:22,133
DA:23,133
DA:24,133
DA:25,7
DA:26,7
DA:27,133
DA:28,1
DA:29,1
DA:30,1
DA:31,1
DA:32,1
DA:33,1
DA:34,1
DA:35,1
DA:36,1
DA:37,3
DA:38,3
DA:39,3
DA:40,3
DA:41,3
DA:42,3
DA:43,3
DA:44,1
DA:45,1
DA:46,1
DA:47,1
DA:48,1
DA:49,1
DA:50,1
DA:51,1
DA:52,1
DA:53,4
DA:54,4
DA:55,4
DA:56,4
DA:57,4
DA:58,4
DA:59,4
DA:60,4
DA:61,4
DA:62,2
DA:63,2
DA:64,4
DA:65,1
DA:66,1
DA:67,1
DA:68,1
DA:69,1
DA:70,1
DA:71,1
DA:72,1
DA:73,3
DA:74,3
DA:75,3
DA:76,3
DA:77,3
DA:78,3
DA:79,3
DA:80,3
DA:81,1
DA:82,1
DA:83,3
LF:83
LH:83
BRDA:16,0,0,133
BRDA:23,1,0,7
BRDA:24,2,0,7
BRDA:25,3,0,6
BRDA:25,4,0,2
BRDA:23,5,0,127
BRDA:25,6,0,10
BRDA:37,7,0,3
BRDA:53,8,0,4
BRDA:61,9,0,2
BRDA:62,10,0,1
BRDA:60,11,0,6
BRDA:62,12,0,3
BRDA:73,13,0,3
BRDA:80,14,0,1
BRDA:81,15,0,0
BRDA:79,16,0,6
BRDA:81,17,0,3
BRF:18
BRH:17
end_of_record
TN:
SF:src/utils/notifications.ts
FN:17,showNotification
FN:97,showSuccess
FN:104,showError
FN:111,showInfo
FN:118,showWarning
FNF:5
FNH:5
FNDA:76,showNotification
FNDA:7,showSuccess
FNDA:7,showError
FNDA:7,showInfo
FNDA:7,showWarning
DA:1,1
DA:2,1
DA:3,1
DA:4,1
DA:5,1
DA:6,1
DA:7,1
DA:8,1
DA:9,1
DA:10,1
DA:11,1
DA:12,1
DA:13,1
DA:14,1
DA:15,1
DA:16,1
DA:17,76
DA:18,76
DA:19,76
DA:20,76
DA:21,76
DA:22,76
DA:23,76
DA:24,76
DA:25,76
DA:26,76
DA:27,1
DA:28,1
DA:29,75
DA:30,75
DA:31,75
DA:32,75
DA:33,75
DA:34,75
DA:35,75
DA:36,75
DA:37,75
DA:38,75
DA:39,75
DA:40,75
DA:41,75
DA:42,75
DA:43,75
DA:44,75
DA:45,75
DA:46,75
DA:47,75
DA:48,75
DA:49,75
DA:50,75
DA:51,75
DA:52,75
DA:53,75
DA:54,75
DA:55,75
DA:56,75
DA:57,75
DA:58,76
DA:59,59
DA:60,59
DA:61,59
DA:62,59
DA:63,59
DA:64,59
DA:65,59
DA:66,59
DA:67,59
DA:68,59
DA:69,59
DA:70,59
DA:71,59
DA:72,59
DA:73,59
DA:74,59
DA:75,74
DA:76,74
DA:77,74
DA:78,74
DA:79,74
DA:80,74
DA:81,14
DA:82,14
DA:83,14
DA:84,14
DA:85,74
DA:86,74
DA:87,74
DA:88,76
DA:89,1
DA:90,1
DA:91,1
DA:92,76
DA:93,1
DA:94,1
DA:95,1
DA:96,1
DA:97,7
DA:98,7
DA:99,7
DA:100,1
DA:101,1
DA:102,1
DA:103,1
DA:104,7
DA:105,7
DA:106,7
DA:107,1
DA:108,1
DA:109,1
DA:110,1
DA:111,7
DA:112,7
DA:113,7
DA:114,1
DA:115,1
DA:116,1
DA:117,1
DA:118,7
DA:119,7
DA:120,7
LF:120
LH:120
BRDA:17,0,0,76
BRDA:26,1,0,1
BRDA:29,2,0,75
BRDA:58,3,0,59
BRDA:75,4,0,74
BRDA:88,5,0,1
BRDA:80,6,0,14
BRDA:84,7,0,6
BRDA:97,8,0,7
BRDA:104,9,0,7
BRDA:111,10,0,7
BRDA:118,11,0,7
BRF:12
BRH:12
end_of_record
TN:
SF:src/utils/storageHelpers.ts
FN:8,safeStorageGet
FN:37,safeStorageSet
FN:65,safeStorageRemove
FN:90,safeStorageHas
FN:115,safeStorageClear
FNF:5
FNH:5
FNDA:12,safeStorageGet
FNDA:11,safeStorageSet
FNDA:4,safeStorageRemove
FNDA:7,safeStorageHas
FNDA:7,safeStorageClear
DA:1,1
DA:2,1
DA:3,1
DA:4,1
DA:5,1
DA:6,1
DA:7,1
DA:8,12
DA:9,12
DA:10,12
DA:11,12
DA:12,12
DA:13,12
DA:14,12
DA:15,1
DA:16,1
DA:17,11
DA:18,11
DA:19,11
DA:20,12
DA:21,2
DA:22,2
DA:23,9
DA:24,12
DA:25,3
DA:26,3
DA:27,3
DA:28,3
DA:29,3
DA:30,3
DA:31,3
DA:32,12
DA:33,1
DA:34,1
DA:35,1
DA:36,1
DA:37,11
DA:38,11
DA:39,11
DA:40,11
DA:41,11
DA:42,11
DA:43,11
DA:44,1
DA:45,1
DA:46,10
DA:47,10
DA:48,10
DA:49,11
DA:50,11
DA:51,11
DA:52,11
DA:53,2
DA:54,2
DA:55,2
DA:56,2
DA:57,2
DA:58,2
DA:59,2
DA:60,11
DA:61,1
DA:62,1
DA:63,1
DA:64,1
DA:65,4
DA:66,4
DA:67,4
DA:68,4
DA:69,4
DA:70,4
DA:71,1
DA:72,1
DA:73,3
DA:74,3
DA:75,3
DA:76,3
DA:77,4
DA:78,2
DA:79,2
DA:80,2
DA:81,2
DA:82,2
DA:83,2
DA:84,2
DA:85,4
DA:86,1
DA:87,1
DA:88,1
DA:89,1
DA:90,7
DA:91,7
DA:92,7
DA:93,7
DA:94,7
DA:95,7
DA:96,1
DA:97,1
DA:98,6
DA:99,6
DA:100,6
DA:101,7
DA:102,7
DA:103,2
DA:104,2
DA:105,2
DA:106,2
DA:107,2
DA:108,2
DA:109,2
DA:110,7
DA:111,1
DA:112,1
DA:113,1
DA:114,1
DA:115,7
DA:116,7
DA:117,7
DA:118,7
DA:119,7
DA:120,4
DA:121,4
DA:122,3
DA:123,3
DA:124,3
DA:125,3
DA:126,7
DA:127,2
DA:128,2
DA:129,2
DA:130,2
DA:131,2
DA:132,2
DA:133,2
DA:134,7
LF:134
LH:134
BRDA:8,0,0,12
BRDA:14,1,0,1
BRDA:17,2,0,11
BRDA:20,3,0,10
BRDA:20,4,0,2
BRDA:23,5,0,9
BRDA:24,6,0,3
BRDA:37,7,0,11
BRDA:43,8,0,1
BRDA:46,9,0,10
BRDA:49,10,0,1
BRDA:49,11,0,9
BRDA:52,12,0,2
BRDA:65,13,0,4
BRDA:70,14,0,1
BRDA:73,15,0,3
BRDA:77,16,0,2
BRDA:90,17,0,7
BRDA:95,18,0,1
BRDA:98,19,0,6
BRDA:101,20,0,3
BRDA:102,21,0,2
BRDA:115,22,0,7
BRDA:119,23,0,6
BRDA:119,24,0,4
BRDA:122,25,0,3
BRDA:126,26,0,2
BRF:27
BRH:27
end_of_record
TN:
SF:src/utils/workflowFormat.ts
FN:12,convertEdgesToWorkflowFormat
FN:24,convertNodesToWorkflowFormat
FN:48,createWorkflowDefinition
FN:67,initializeReactFlowNodes
FN:87,formatEdgesForReactFlow
FN:133,normalizeNodeForStorage
FN:149,workflowNodeToReactFlowNode
FNF:7
FNH:7
FNDA:5,convertEdgesToWorkflowFormat
FNDA:7,convertNodesToWorkflowFormat
FNDA:2,createWorkflowDefinition
FNDA:3,initializeReactFlowNodes
FNDA:5,formatEdgesForReactFlow
FNDA:3,normalizeNodeForStorage
FNDA:5,workflowNodeToReactFlowNode
DA:1,1
DA:2,1
DA:3,1
DA:4,1
DA:5,1
DA:6,1
DA:7,1
DA:8,1
DA:9,1
DA:10,1
DA:11,1
DA:12,5
DA:13,5
DA:14,4
DA:15,4
DA:16,4
DA:17,4
DA:18,5
DA:19,5
DA:20,1
DA:21,1
DA:22,1
DA:23,1
DA:24,7
DA:25,7
DA:26,6
DA:27,6
DA:28,6
DA:29,1
DA:30,6
DA:31,6
DA:32,6
DA:33,6
DA:34,6
DA:35,6
DA:36,6
DA:37,6
DA:38,6
DA:39,6
DA:40,6
DA:41,6
DA:42,7
DA:43,7
DA:44,1
DA:45,1
DA:46,1
DA:47,1
DA:48,2
DA:49,2
DA:50,2
DA:51,2
DA:52,2
DA:53,2
DA:54,2
DA:55,2
DA:56,2
DA:57,2
DA:58,2
DA:59,2
DA:60,2
DA:61,2
DA:62,2
DA:63,1
DA:64,1
DA:65,1
DA:66,1
DA:67,3
DA:68,3
DA:69,3
DA:70,3
DA:71,3
DA:72,3
DA:73,3
DA:74,3
DA:75,3
DA:76,3
DA:77,3
DA:78,3
DA:79,3
DA:80,3
DA:81,3
DA:82,3
DA:83,1
DA:84,1
DA:85,1
DA:86,1
DA:87,5
DA:88,5
DA:89,5
DA:90,5
DA:91,5
DA:92,5
DA:93,5
DA:94,5
DA:95,5
DA:96,5
DA:97,5
DA:98,5
DA:99,5
DA:100,5
DA:101,1
DA:102,1
DA:103,5
DA:104,5
DA:105,5
DA:106,5
DA:107,5
DA:108,5
DA:109,5
DA:110,5
DA:111,5
DA:112,5
DA:113,4
DA:114,4
DA:115,5
DA:116,1
DA:117,1
DA:118,5
DA:119,5
DA:120,5
DA:121,22
DA:122,16
DA:123,16
DA:124,5
DA:125,5
DA:126,5
DA:127,5
DA:128,5
DA:129,1
DA:130,1
DA:131,1
DA:132,1
DA:133,3
DA:134,3
DA:135,3
DA:136,3
DA:137,3
DA:138,3
DA:139,3
DA:140,3
DA:141,3
DA:142,3
DA:143,3
DA:144,3
DA:145,1
DA:146,1
DA:147,1
DA:148,1
DA:149,5
DA:150,5
DA:151,5
DA:152,5
DA:153,5
DA:154,5
DA:155,5
DA:156,5
DA:157,5
DA:158,5
DA:159,5
DA:160,5
DA:161,5
DA:162,5
DA:163,5
DA:164,5
DA:165,5
DA:166,5
DA:167,5
DA:168,5
DA:169,5
DA:170,5
DA:171,5
DA:172,5
DA:173,5
DA:174,5
DA:175,5
LF:175
LH:175
BRDA:12,0,0,5
BRDA:13,1,0,4
BRDA:17,2,0,1
BRDA:17,3,0,3
BRDA:24,4,0,7
BRDA:25,5,0,6
BRDA:27,6,0,4
BRDA:27,7,0,2
BRDA:27,8,0,2
BRDA:28,9,0,1
BRDA:28,10,0,1
BRDA:28,11,0,1
BRDA:34,12,0,2
BRDA:34,13,0,4
BRDA:39,14,0,2
BRDA:39,15,0,4
BRDA:48,16,0,2
BRDA:67,17,0,3
BRDA:68,18,0,3
BRDA:75,19,0,2
BRDA:79,20,0,2
BRDA:87,21,0,5
BRDA:88,22,0,5
BRDA:90,23,0,2
BRDA:90,24,0,1
BRDA:91,25,0,4
BRDA:91,26,0,4
BRDA:94,27,0,1
BRDA:95,28,0,0
BRDA:96,29,0,0
BRDA:97,30,0,0
BRDA:100,31,0,1
BRDA:102,32,0,0
BRDA:112,33,0,4
BRDA:115,34,0,1
BRDA:120,35,0,22
BRDA:121,36,0,19
BRDA:121,37,0,18
BRDA:121,38,0,16
BRDA:121,39,0,16
BRDA:133,40,0,3
BRDA:138,41,0,2
BRDA:138,42,0,1
BRDA:149,43,0,5
BRDA:150,44,0,4
BRDA:151,45,0,1
BRDA:157,46,0,1
BRDA:161,47,0,4
BRDA:161,48,0,4
BRDA:161,49,0,1
BRDA:162,50,0,4
BRDA:162,51,0,1
BRDA:163,52,0,4
BRDA:165,53,0,4
BRDA:165,54,0,3
BRDA:169,55,0,4
BRDA:171,56,0,1
BRDA:172,57,0,1
BRF:58
BRH:54
end_of_record
