{"/Users/rshoemake/Documents/cursor/cursor-test/frontend/src/components/ExecutionStatusBadge.tsx": {"path":"/Users/rshoemake/Documents/cursor/cursor-test/frontend/src/components/ExecutionStatusBadge.tsx","statementMap":{"0":{"start":{"line":14,"column":8},"end":{"line":14,"column":null}},"1":{"start":{"line":15,"column":23},"end":{"line":17,"column":null}},"2":{"start":{"line":19,"column":2},"end":{"line":22,"column":null}}},"fnMap":{"0":{"name":"ExecutionStatusBadge","decl":{"start":{"line":9,"column":24},"end":{"line":9,"column":45}},"loc":{"start":{"line":13,"column":30},"end":{"line":24,"column":null}},"line":13}},"branchMap":{"0":{"loc":{"start":{"line":11,"column":2},"end":{"line":11,"column":null}},"type":"default-arg","locations":[{"start":{"line":11,"column":12},"end":{"line":11,"column":null}}],"line":11},"1":{"loc":{"start":{"line":12,"column":2},"end":{"line":12,"column":null}},"type":"default-arg","locations":[{"start":{"line":12,"column":14},"end":{"line":12,"column":null}}],"line":12},"2":{"loc":{"start":{"line":14,"column":8},"end":{"line":14,"column":null}},"type":"cond-expr","locations":[{"start":{"line":14,"column":60},"end":{"line":14,"column":69}},{"start":{"line":14,"column":69},"end":{"line":14,"column":null}}],"line":14},"3":{"loc":{"start":{"line":15,"column":23},"end":{"line":17,"column":null}},"type":"cond-expr","locations":[{"start":{"line":15,"column":35},"end":{"line":16,"column":null}},{"start":{"line":16,"column":51},"end":{"line":17,"column":null}}],"line":15}},"s":{"0":8,"1":8,"2":8},"f":{"0":8},"b":{"0":[8],"1":[8],"2":[7,1],"3":[1,7]},"meta":{"lastBranch":4,"lastFunction":1,"lastStatement":3,"seen":{"f:9:24:9:45":0,"b:11:12:11:Infinity":0,"b:12:14:12:Infinity":1,"s:14:8:14:Infinity":0,"b:14:60:14:69:14:69:14:Infinity":2,"s:15:23:17:Infinity":1,"b:15:35:16:Infinity:16:51:17:Infinity":3,"s:19:2:22:Infinity":2}}}
,"/Users/rshoemake/Documents/cursor/cursor-test/frontend/src/components/LogLevelBadge.tsx": {"path":"/Users/rshoemake/Documents/cursor/cursor-test/frontend/src/components/LogLevelBadge.tsx","statementMap":{"0":{"start":{"line":14,"column":8},"end":{"line":14,"column":null}},"1":{"start":{"line":15,"column":23},"end":{"line":17,"column":null}},"2":{"start":{"line":18,"column":8},"end":{"line":18,"column":null}},"3":{"start":{"line":20,"column":2},"end":{"line":23,"column":null}}},"fnMap":{"0":{"name":"LogLevelBadge","decl":{"start":{"line":9,"column":24},"end":{"line":9,"column":38}},"loc":{"start":{"line":13,"column":23},"end":{"line":25,"column":null}},"line":13}},"branchMap":{"0":{"loc":{"start":{"line":11,"column":2},"end":{"line":11,"column":null}},"type":"default-arg","locations":[{"start":{"line":11,"column":19},"end":{"line":11,"column":null}}],"line":11},"1":{"loc":{"start":{"line":12,"column":2},"end":{"line":12,"column":null}},"type":"default-arg","locations":[{"start":{"line":12,"column":14},"end":{"line":12,"column":null}}],"line":12},"2":{"loc":{"start":{"line":14,"column":8},"end":{"line":14,"column":null}},"type":"cond-expr","locations":[{"start":{"line":14,"column":51},"end":{"line":14,"column":59}},{"start":{"line":14,"column":59},"end":{"line":14,"column":null}}],"line":14},"3":{"loc":{"start":{"line":15,"column":23},"end":{"line":17,"column":null}},"type":"cond-expr","locations":[{"start":{"line":15,"column":23},"end":{"line":16,"column":null}},{"start":{"line":17,"column":6},"end":{"line":17,"column":null}}],"line":15},"4":{"loc":{"start":{"line":21,"column":38},"end":{"line":21,"column":79}},"type":"cond-expr","locations":[{"start":{"line":21,"column":55},"end":{"line":21,"column":70}},{"start":{"line":21,"column":70},"end":{"line":21,"column":79}}],"line":21}},"s":{"0":8,"1":8,"2":8,"3":8},"f":{"0":8},"b":{"0":[8],"1":[8],"2":[7,1],"3":[7,1],"4":[7,1]},"meta":{"lastBranch":5,"lastFunction":1,"lastStatement":4,"seen":{"f:9:24:9:38":0,"b:11:19:11:Infinity":0,"b:12:14:12:Infinity":1,"s:14:8:14:Infinity":0,"b:14:51:14:59:14:59:14:Infinity":2,"s:15:23:17:Infinity":1,"b:15:23:16:Infinity:17:6:17:Infinity":3,"s:18:8:18:Infinity":2,"s:20:2:23:Infinity":3,"b:21:55:21:70:21:70:21:79":4}}}
,"/Users/rshoemake/Documents/cursor/cursor-test/frontend/src/components/editors/AgentNodeEditor.tsx": {"path":"/Users/rshoemake/Documents/cursor/cursor-test/frontend/src/components/editors/AgentNodeEditor.tsx","statementMap":{"0":{"start":{"line":23,"column":8},"end":{"line":23,"column":null}},"1":{"start":{"line":24,"column":8},"end":{"line":24,"column":null}},"2":{"start":{"line":26,"column":48},"end":{"line":26,"column":null}},"3":{"start":{"line":27,"column":42},"end":{"line":27,"column":null}},"4":{"start":{"line":30,"column":2},"end":{"line":39,"column":null}},"5":{"start":{"line":31,"column":24},"end":{"line":31,"column":null}},"6":{"start":{"line":33,"column":4},"end":{"line":35,"column":null}},"7":{"start":{"line":34,"column":6},"end":{"line":34,"column":null}},"8":{"start":{"line":36,"column":4},"end":{"line":38,"column":null}},"9":{"start":{"line":37,"column":6},"end":{"line":37,"column":null}},"10":{"start":{"line":41,"column":22},"end":{"line":41,"column":null}},"11":{"start":{"line":42,"column":23},"end":{"line":42,"column":null}},"12":{"start":{"line":44,"column":2},"end":{"line":187,"column":null}},"13":{"start":{"line":60,"column":12},"end":{"line":63,"column":null}},"14":{"start":{"line":70,"column":14},"end":{"line":72,"column":null}},"15":{"start":{"line":103,"column":29},"end":{"line":103,"column":null}},"16":{"start":{"line":104,"column":12},"end":{"line":104,"column":null}},"17":{"start":{"line":105,"column":12},"end":{"line":105,"column":null}},"18":{"start":{"line":134,"column":12},"end":{"line":137,"column":null}},"19":{"start":{"line":165,"column":29},"end":{"line":165,"column":null}},"20":{"start":{"line":166,"column":12},"end":{"line":166,"column":null}},"21":{"start":{"line":167,"column":12},"end":{"line":167,"column":null}}},"fnMap":{"0":{"name":"AgentNodeEditor","decl":{"start":{"line":17,"column":24},"end":{"line":17,"column":40}},"loc":{"start":{"line":22,"column":25},"end":{"line":189,"column":null}},"line":22},"1":{"name":"(anonymous_1)","decl":{"start":{"line":30,"column":12},"end":{"line":30,"column":18}},"loc":{"start":{"line":30,"column":18},"end":{"line":39,"column":5}},"line":30},"2":{"name":"(anonymous_2)","decl":{"start":{"line":59,"column":20},"end":{"line":59,"column":21}},"loc":{"start":{"line":60,"column":12},"end":{"line":63,"column":null}},"line":60},"3":{"name":"(anonymous_3)","decl":{"start":{"line":69,"column":32},"end":{"line":69,"column":33}},"loc":{"start":{"line":70,"column":14},"end":{"line":72,"column":null}},"line":70},"4":{"name":"(anonymous_4)","decl":{"start":{"line":102,"column":20},"end":{"line":102,"column":21}},"loc":{"start":{"line":102,"column":27},"end":{"line":106,"column":null}},"line":102},"5":{"name":"(anonymous_5)","decl":{"start":{"line":133,"column":20},"end":{"line":133,"column":21}},"loc":{"start":{"line":134,"column":12},"end":{"line":137,"column":null}},"line":134},"6":{"name":"(anonymous_6)","decl":{"start":{"line":164,"column":20},"end":{"line":164,"column":21}},"loc":{"start":{"line":164,"column":27},"end":{"line":168,"column":null}},"line":164}},"branchMap":{"0":{"loc":{"start":{"line":31,"column":24},"end":{"line":31,"column":null}},"type":"binary-expr","locations":[{"start":{"line":31,"column":24},"end":{"line":31,"column":50}},{"start":{"line":31,"column":50},"end":{"line":31,"column":null}}],"line":31},"1":{"loc":{"start":{"line":33,"column":4},"end":{"line":35,"column":null}},"type":"if","locations":[{"start":{"line":33,"column":4},"end":{"line":35,"column":null}},{"start":{},"end":{}}],"line":33},"2":{"loc":{"start":{"line":34,"column":27},"end":{"line":34,"column":58}},"type":"binary-expr","locations":[{"start":{"line":34,"column":27},"end":{"line":34,"column":56}},{"start":{"line":34,"column":56},"end":{"line":34,"column":58}}],"line":34},"3":{"loc":{"start":{"line":36,"column":4},"end":{"line":38,"column":null}},"type":"if","locations":[{"start":{"line":36,"column":4},"end":{"line":38,"column":null}},{"start":{},"end":{}}],"line":36},"4":{"loc":{"start":{"line":37,"column":24},"end":{"line":37,"column":52}},"type":"binary-expr","locations":[{"start":{"line":37,"column":24},"end":{"line":37,"column":50}},{"start":{"line":37,"column":50},"end":{"line":37,"column":52}}],"line":37},"5":{"loc":{"start":{"line":41,"column":22},"end":{"line":41,"column":null}},"type":"binary-expr","locations":[{"start":{"line":41,"column":22},"end":{"line":41,"column":48}},{"start":{"line":41,"column":48},"end":{"line":41,"column":null}}],"line":41},"6":{"loc":{"start":{"line":42,"column":23},"end":{"line":42,"column":null}},"type":"binary-expr","locations":[{"start":{"line":42,"column":23},"end":{"line":42,"column":45}},{"start":{"line":42,"column":45},"end":{"line":42,"column":null}}],"line":42},"7":{"loc":{"start":{"line":42,"column":45},"end":{"line":42,"column":null}},"type":"cond-expr","locations":[{"start":{"line":42,"column":74},"end":{"line":42,"column":101}},{"start":{"line":42,"column":101},"end":{"line":42,"column":null}}],"line":42},"8":{"loc":{"start":{"line":68,"column":11},"end":{"line":80,"column":null}},"type":"cond-expr","locations":[{"start":{"line":69,"column":12},"end":{"line":73,"column":null}},{"start":{"line":75,"column":12},"end":{"line":80,"column":null}}],"line":68},"9":{"loc":{"start":{"line":84,"column":11},"end":{"line":86,"column":null}},"type":"cond-expr","locations":[{"start":{"line":85,"column":14},"end":{"line":85,"column":null}},{"start":{"line":86,"column":14},"end":{"line":86,"column":null}}],"line":84},"10":{"loc":{"start":{"line":124,"column":24},"end":{"line":124,"column":null}},"type":"binary-expr","locations":[{"start":{"line":124,"column":24},"end":{"line":124,"column":63}},{"start":{"line":124,"column":63},"end":{"line":124,"column":null}}],"line":124},"11":{"loc":{"start":{"line":132,"column":17},"end":{"line":132,"column":null}},"type":"binary-expr","locations":[{"start":{"line":132,"column":17},"end":{"line":132,"column":44}},{"start":{"line":132,"column":44},"end":{"line":132,"column":null}}],"line":132},"12":{"loc":{"start":{"line":143,"column":25},"end":{"line":143,"column":null}},"type":"binary-expr","locations":[{"start":{"line":143,"column":25},"end":{"line":143,"column":52}},{"start":{"line":143,"column":52},"end":{"line":143,"column":null}}],"line":143},"13":{"loc":{"start":{"line":165,"column":29},"end":{"line":165,"column":null}},"type":"cond-expr","locations":[{"start":{"line":165,"column":46},"end":{"line":165,"column":73}},{"start":{"line":165,"column":73},"end":{"line":165,"column":null}}],"line":165}},"s":{"0":32,"1":32,"2":32,"3":32,"4":32,"5":8,"6":8,"7":8,"8":8,"9":8,"10":32,"11":32,"12":32,"13":1,"14":60,"15":11,"16":11,"17":11,"18":1,"19":5,"20":5,"21":5},"f":{"0":32,"1":8,"2":1,"3":60,"4":11,"5":1,"6":5},"b":{"0":[8,0],"1":[8,0],"2":[8,0],"3":[8,0],"4":[8,0],"5":[32,0],"6":[32,0],"7":[0,0],"8":[30,2],"9":[30,2],"10":[32,0],"11":[32,0],"12":[32,0],"13":[4,1]},"meta":{"lastBranch":14,"lastFunction":7,"lastStatement":22,"seen":{"f:17:24:17:40":0,"s:23:8:23:Infinity":0,"s:24:8:24:Infinity":1,"s:26:48:26:Infinity":2,"s:27:42:27:Infinity":3,"s:30:2:39:Infinity":4,"f:30:12:30:18":1,"s:31:24:31:Infinity":5,"b:31:24:31:50:31:50:31:Infinity":0,"b:33:4:35:Infinity:undefined:undefined:undefined:undefined":1,"s:33:4:35:Infinity":6,"s:34:6:34:Infinity":7,"b:34:27:34:56:34:56:34:58":2,"b:36:4:38:Infinity:undefined:undefined:undefined:undefined":3,"s:36:4:38:Infinity":8,"s:37:6:37:Infinity":9,"b:37:24:37:50:37:50:37:52":4,"s:41:22:41:Infinity":10,"b:41:22:41:48:41:48:41:Infinity":5,"s:42:23:42:Infinity":11,"b:42:23:42:45:42:45:42:Infinity":6,"b:42:74:42:101:42:101:42:Infinity":7,"s:44:2:187:Infinity":12,"f:59:20:59:21":2,"s:60:12:63:Infinity":13,"b:69:12:73:Infinity:75:12:80:Infinity":8,"f:69:32:69:33":3,"s:70:14:72:Infinity":14,"b:85:14:85:Infinity:86:14:86:Infinity":9,"f:102:20:102:21":4,"s:103:29:103:Infinity":15,"s:104:12:104:Infinity":16,"s:105:12:105:Infinity":17,"b:124:24:124:63:124:63:124:Infinity":10,"b:132:17:132:44:132:44:132:Infinity":11,"f:133:20:133:21":5,"s:134:12:137:Infinity":18,"b:143:25:143:52:143:52:143:Infinity":12,"f:164:20:164:21":6,"s:165:29:165:Infinity":19,"b:165:46:165:73:165:73:165:Infinity":13,"s:166:12:166:Infinity":20,"s:167:12:167:Infinity":21}}}
,"/Users/rshoemake/Documents/cursor/cursor-test/frontend/src/components/editors/ConditionNodeEditor.tsx": {"path":"/Users/rshoemake/Documents/cursor/cursor-test/frontend/src/components/editors/ConditionNodeEditor.tsx","statementMap":{"0":{"start":{"line":19,"column":8},"end":{"line":19,"column":null}},"1":{"start":{"line":20,"column":8},"end":{"line":20,"column":null}},"2":{"start":{"line":22,"column":52},"end":{"line":22,"column":null}},"3":{"start":{"line":23,"column":52},"end":{"line":23,"column":null}},"4":{"start":{"line":26,"column":2},"end":{"line":35,"column":null}},"5":{"start":{"line":27,"column":28},"end":{"line":27,"column":null}},"6":{"start":{"line":29,"column":4},"end":{"line":31,"column":null}},"7":{"start":{"line":30,"column":6},"end":{"line":30,"column":null}},"8":{"start":{"line":32,"column":4},"end":{"line":34,"column":null}},"9":{"start":{"line":33,"column":6},"end":{"line":33,"column":null}},"10":{"start":{"line":37,"column":26},"end":{"line":37,"column":null}},"11":{"start":{"line":38,"column":24},"end":{"line":38,"column":null}},"12":{"start":{"line":39,"column":25},"end":{"line":39,"column":null}},"13":{"start":{"line":41,"column":2},"end":{"line":123,"column":null}},"14":{"start":{"line":55,"column":12},"end":{"line":55,"column":null}},"15":{"start":{"line":88,"column":29},"end":{"line":88,"column":null}},"16":{"start":{"line":89,"column":12},"end":{"line":89,"column":null}},"17":{"start":{"line":90,"column":12},"end":{"line":90,"column":null}},"18":{"start":{"line":113,"column":31},"end":{"line":113,"column":null}},"19":{"start":{"line":114,"column":14},"end":{"line":114,"column":null}},"20":{"start":{"line":115,"column":14},"end":{"line":115,"column":null}}},"fnMap":{"0":{"name":"ConditionNodeEditor","decl":{"start":{"line":15,"column":24},"end":{"line":15,"column":44}},"loc":{"start":{"line":18,"column":29},"end":{"line":125,"column":null}},"line":18},"1":{"name":"(anonymous_1)","decl":{"start":{"line":26,"column":12},"end":{"line":26,"column":18}},"loc":{"start":{"line":26,"column":18},"end":{"line":35,"column":5}},"line":26},"2":{"name":"(anonymous_2)","decl":{"start":{"line":54,"column":20},"end":{"line":54,"column":21}},"loc":{"start":{"line":55,"column":12},"end":{"line":55,"column":null}},"line":55},"3":{"name":"(anonymous_3)","decl":{"start":{"line":87,"column":20},"end":{"line":87,"column":21}},"loc":{"start":{"line":87,"column":27},"end":{"line":91,"column":null}},"line":87},"4":{"name":"(anonymous_4)","decl":{"start":{"line":112,"column":22},"end":{"line":112,"column":23}},"loc":{"start":{"line":112,"column":29},"end":{"line":116,"column":null}},"line":112}},"branchMap":{"0":{"loc":{"start":{"line":27,"column":28},"end":{"line":27,"column":null}},"type":"binary-expr","locations":[{"start":{"line":27,"column":28},"end":{"line":27,"column":58}},{"start":{"line":27,"column":58},"end":{"line":27,"column":null}}],"line":27},"1":{"loc":{"start":{"line":29,"column":4},"end":{"line":31,"column":null}},"type":"if","locations":[{"start":{"line":29,"column":4},"end":{"line":31,"column":null}},{"start":{},"end":{}}],"line":29},"2":{"loc":{"start":{"line":30,"column":29},"end":{"line":30,"column":56}},"type":"binary-expr","locations":[{"start":{"line":30,"column":29},"end":{"line":30,"column":54}},{"start":{"line":30,"column":54},"end":{"line":30,"column":56}}],"line":30},"3":{"loc":{"start":{"line":32,"column":4},"end":{"line":34,"column":null}},"type":"if","locations":[{"start":{"line":32,"column":4},"end":{"line":34,"column":null}},{"start":{},"end":{}}],"line":32},"4":{"loc":{"start":{"line":33,"column":29},"end":{"line":33,"column":56}},"type":"binary-expr","locations":[{"start":{"line":33,"column":29},"end":{"line":33,"column":54}},{"start":{"line":33,"column":54},"end":{"line":33,"column":56}}],"line":33},"5":{"loc":{"start":{"line":37,"column":26},"end":{"line":37,"column":null}},"type":"binary-expr","locations":[{"start":{"line":37,"column":26},"end":{"line":37,"column":56}},{"start":{"line":37,"column":56},"end":{"line":37,"column":null}}],"line":37},"6":{"loc":{"start":{"line":38,"column":24},"end":{"line":38,"column":null}},"type":"binary-expr","locations":[{"start":{"line":38,"column":24},"end":{"line":38,"column":58}},{"start":{"line":38,"column":58},"end":{"line":38,"column":null}}],"line":38},"7":{"loc":{"start":{"line":39,"column":25},"end":{"line":39,"column":null}},"type":"binary-expr","locations":[{"start":{"line":39,"column":25},"end":{"line":39,"column":54}},{"start":{"line":39,"column":54},"end":{"line":39,"column":null}}],"line":39},"8":{"loc":{"start":{"line":99,"column":7},"end":{"line":121,"column":null}},"type":"binary-expr","locations":[{"start":{"line":99,"column":7},"end":{"line":99,"column":null}},{"start":{"line":100,"column":8},"end":{"line":121,"column":null}}],"line":99}},"s":{"0":32,"1":32,"2":32,"3":32,"4":32,"5":7,"6":7,"7":7,"8":7,"9":7,"10":32,"11":32,"12":32,"13":32,"14":1,"15":9,"16":9,"17":9,"18":9,"19":9,"20":9},"f":{"0":32,"1":7,"2":1,"3":9,"4":9},"b":{"0":[7,0],"1":[7,0],"2":[7,0],"3":[7,0],"4":[7,1],"5":[32,0],"6":[32,0],"7":[32,30],"8":[32,30]},"meta":{"lastBranch":9,"lastFunction":5,"lastStatement":21,"seen":{"f:15:24:15:44":0,"s:19:8:19:Infinity":0,"s:20:8:20:Infinity":1,"s:22:52:22:Infinity":2,"s:23:52:23:Infinity":3,"s:26:2:35:Infinity":4,"f:26:12:26:18":1,"s:27:28:27:Infinity":5,"b:27:28:27:58:27:58:27:Infinity":0,"b:29:4:31:Infinity:undefined:undefined:undefined:undefined":1,"s:29:4:31:Infinity":6,"s:30:6:30:Infinity":7,"b:30:29:30:54:30:54:30:56":2,"b:32:4:34:Infinity:undefined:undefined:undefined:undefined":3,"s:32:4:34:Infinity":8,"s:33:6:33:Infinity":9,"b:33:29:33:54:33:54:33:56":4,"s:37:26:37:Infinity":10,"b:37:26:37:56:37:56:37:Infinity":5,"s:38:24:38:Infinity":11,"b:38:24:38:58:38:58:38:Infinity":6,"s:39:25:39:Infinity":12,"b:39:25:39:54:39:54:39:Infinity":7,"s:41:2:123:Infinity":13,"f:54:20:54:21":2,"s:55:12:55:Infinity":14,"f:87:20:87:21":3,"s:88:29:88:Infinity":15,"s:89:12:89:Infinity":16,"s:90:12:90:Infinity":17,"b:99:7:99:Infinity:100:8:121:Infinity":8,"f:112:22:112:23":4,"s:113:31:113:Infinity":18,"s:114:14:114:Infinity":19,"s:115:14:115:Infinity":20}}}
,"/Users/rshoemake/Documents/cursor/cursor-test/frontend/src/components/editors/LoopNodeEditor.tsx": {"path":"/Users/rshoemake/Documents/cursor/cursor-test/frontend/src/components/editors/LoopNodeEditor.tsx","statementMap":{"0":{"start":{"line":21,"column":8},"end":{"line":21,"column":null}},"1":{"start":{"line":22,"column":58},"end":{"line":22,"column":null}},"2":{"start":{"line":25,"column":2},"end":{"line":31,"column":null}},"3":{"start":{"line":26,"column":23},"end":{"line":26,"column":null}},"4":{"start":{"line":28,"column":4},"end":{"line":30,"column":null}},"5":{"start":{"line":29,"column":6},"end":{"line":29,"column":null}},"6":{"start":{"line":33,"column":21},"end":{"line":33,"column":null}},"7":{"start":{"line":34,"column":19},"end":{"line":34,"column":null}},"8":{"start":{"line":36,"column":2},"end":{"line":94,"column":null}},"9":{"start":{"line":50,"column":38},"end":{"line":50,"column":null}},"10":{"start":{"line":51,"column":12},"end":{"line":56,"column":null}},"11":{"start":{"line":82,"column":29},"end":{"line":82,"column":null}},"12":{"start":{"line":83,"column":12},"end":{"line":83,"column":null}},"13":{"start":{"line":84,"column":12},"end":{"line":84,"column":null}}},"fnMap":{"0":{"name":"LoopNodeEditor","decl":{"start":{"line":16,"column":24},"end":{"line":16,"column":39}},"loc":{"start":{"line":20,"column":24},"end":{"line":96,"column":null}},"line":20},"1":{"name":"(anonymous_1)","decl":{"start":{"line":25,"column":12},"end":{"line":25,"column":18}},"loc":{"start":{"line":25,"column":18},"end":{"line":31,"column":5}},"line":25},"2":{"name":"(anonymous_2)","decl":{"start":{"line":49,"column":20},"end":{"line":49,"column":21}},"loc":{"start":{"line":49,"column":27},"end":{"line":57,"column":null}},"line":49},"3":{"name":"(anonymous_3)","decl":{"start":{"line":81,"column":20},"end":{"line":81,"column":21}},"loc":{"start":{"line":81,"column":27},"end":{"line":85,"column":null}},"line":81}},"branchMap":{"0":{"loc":{"start":{"line":26,"column":23},"end":{"line":26,"column":null}},"type":"binary-expr","locations":[{"start":{"line":26,"column":23},"end":{"line":26,"column":48}},{"start":{"line":26,"column":48},"end":{"line":26,"column":null}}],"line":26},"1":{"loc":{"start":{"line":28,"column":4},"end":{"line":30,"column":null}},"type":"if","locations":[{"start":{"line":28,"column":4},"end":{"line":30,"column":null}},{"start":{},"end":{}}],"line":28},"2":{"loc":{"start":{"line":29,"column":32},"end":{"line":29,"column":62}},"type":"binary-expr","locations":[{"start":{"line":29,"column":32},"end":{"line":29,"column":61}},{"start":{"line":29,"column":61},"end":{"line":29,"column":62}}],"line":29},"3":{"loc":{"start":{"line":33,"column":21},"end":{"line":33,"column":null}},"type":"binary-expr","locations":[{"start":{"line":33,"column":21},"end":{"line":33,"column":46}},{"start":{"line":33,"column":46},"end":{"line":33,"column":null}}],"line":33},"4":{"loc":{"start":{"line":34,"column":19},"end":{"line":34,"column":null}},"type":"binary-expr","locations":[{"start":{"line":34,"column":19},"end":{"line":34,"column":43}},{"start":{"line":34,"column":43},"end":{"line":34,"column":null}}],"line":34},"5":{"loc":{"start":{"line":53,"column":30},"end":{"line":53,"column":null}},"type":"binary-expr","locations":[{"start":{"line":53,"column":30},"end":{"line":53,"column":66}},{"start":{"line":53,"column":66},"end":{"line":53,"column":null}}],"line":53},"6":{"loc":{"start":{"line":82,"column":29},"end":{"line":82,"column":null}},"type":"binary-expr","locations":[{"start":{"line":82,"column":29},"end":{"line":82,"column":57}},{"start":{"line":82,"column":57},"end":{"line":82,"column":null}}],"line":82}},"s":{"0":13,"1":13,"2":13,"3":7,"4":7,"5":7,"6":13,"7":13,"8":13,"9":1,"10":1,"11":4,"12":4,"13":4},"f":{"0":13,"1":7,"2":1,"3":4},"b":{"0":[7,0],"1":[7,0],"2":[7,0],"3":[13,0],"4":[13,0],"5":[1,0],"6":[4,2]},"meta":{"lastBranch":7,"lastFunction":4,"lastStatement":14,"seen":{"f:16:24:16:39":0,"s:21:8:21:Infinity":0,"s:22:58:22:Infinity":1,"s:25:2:31:Infinity":2,"f:25:12:25:18":1,"s:26:23:26:Infinity":3,"b:26:23:26:48:26:48:26:Infinity":0,"b:28:4:30:Infinity:undefined:undefined:undefined:undefined":1,"s:28:4:30:Infinity":4,"s:29:6:29:Infinity":5,"b:29:32:29:61:29:61:29:62":2,"s:33:21:33:Infinity":6,"b:33:21:33:46:33:46:33:Infinity":3,"s:34:19:34:Infinity":7,"b:34:19:34:43:34:43:34:Infinity":4,"s:36:2:94:Infinity":8,"f:49:20:49:21":2,"s:50:38:50:Infinity":9,"s:51:12:56:Infinity":10,"b:53:30:53:66:53:66:53:Infinity":5,"f:81:20:81:21":3,"s:82:29:82:Infinity":11,"b:82:29:82:57:82:57:82:Infinity":6,"s:83:12:83:Infinity":12,"s:84:12:84:Infinity":13}}}
,"/Users/rshoemake/Documents/cursor/cursor-test/frontend/src/hooks/useLocalStorage.ts": {"path":"/Users/rshoemake/Documents/cursor/cursor-test/frontend/src/hooks/useLocalStorage.ts","statementMap":{"0":{"start":{"line":13,"column":36},"end":{"line":25,"column":null}},"1":{"start":{"line":14,"column":4},"end":{"line":16,"column":null}},"2":{"start":{"line":15,"column":6},"end":{"line":15,"column":null}},"3":{"start":{"line":18,"column":4},"end":{"line":24,"column":null}},"4":{"start":{"line":19,"column":19},"end":{"line":19,"column":null}},"5":{"start":{"line":20,"column":6},"end":{"line":20,"column":null}},"6":{"start":{"line":22,"column":6},"end":{"line":22,"column":null}},"7":{"start":{"line":23,"column":6},"end":{"line":23,"column":null}},"8":{"start":{"line":29,"column":8},"end":{"line":47,"column":null}},"9":{"start":{"line":31,"column":6},"end":{"line":44,"column":null}},"10":{"start":{"line":33,"column":29},"end":{"line":33,"column":null}},"11":{"start":{"line":36,"column":8},"end":{"line":36,"column":null}},"12":{"start":{"line":39,"column":8},"end":{"line":41,"column":null}},"13":{"start":{"line":40,"column":10},"end":{"line":40,"column":null}},"14":{"start":{"line":43,"column":8},"end":{"line":43,"column":null}},"15":{"start":{"line":50,"column":8},"end":{"line":59,"column":null}},"16":{"start":{"line":51,"column":4},"end":{"line":58,"column":null}},"17":{"start":{"line":52,"column":6},"end":{"line":52,"column":null}},"18":{"start":{"line":53,"column":6},"end":{"line":55,"column":null}},"19":{"start":{"line":54,"column":8},"end":{"line":54,"column":null}},"20":{"start":{"line":57,"column":6},"end":{"line":57,"column":null}},"21":{"start":{"line":62,"column":2},"end":{"line":79,"column":null}},"22":{"start":{"line":63,"column":4},"end":{"line":65,"column":null}},"23":{"start":{"line":64,"column":6},"end":{"line":64,"column":null}},"24":{"start":{"line":67,"column":32},"end":{"line":75,"column":null}},"25":{"start":{"line":68,"column":6},"end":{"line":74,"column":null}},"26":{"start":{"line":69,"column":8},"end":{"line":73,"column":null}},"27":{"start":{"line":70,"column":10},"end":{"line":70,"column":null}},"28":{"start":{"line":72,"column":10},"end":{"line":72,"column":null}},"29":{"start":{"line":77,"column":4},"end":{"line":77,"column":null}},"30":{"start":{"line":78,"column":4},"end":{"line":78,"column":null}},"31":{"start":{"line":78,"column":17},"end":{"line":78,"column":null}},"32":{"start":{"line":81,"column":2},"end":{"line":81,"column":null}},"33":{"start":{"line":88,"column":2},"end":{"line":90,"column":null}},"34":{"start":{"line":89,"column":4},"end":{"line":89,"column":null}},"35":{"start":{"line":92,"column":2},"end":{"line":98,"column":null}},"36":{"start":{"line":93,"column":17},"end":{"line":93,"column":null}},"37":{"start":{"line":94,"column":4},"end":{"line":94,"column":null}},"38":{"start":{"line":96,"column":4},"end":{"line":96,"column":null}},"39":{"start":{"line":97,"column":4},"end":{"line":97,"column":null}},"40":{"start":{"line":105,"column":2},"end":{"line":107,"column":null}},"41":{"start":{"line":106,"column":4},"end":{"line":106,"column":null}},"42":{"start":{"line":109,"column":2},"end":{"line":115,"column":null}},"43":{"start":{"line":110,"column":4},"end":{"line":110,"column":null}},"44":{"start":{"line":111,"column":4},"end":{"line":111,"column":null}},"45":{"start":{"line":113,"column":4},"end":{"line":113,"column":null}},"46":{"start":{"line":114,"column":4},"end":{"line":114,"column":null}},"47":{"start":{"line":122,"column":2},"end":{"line":124,"column":null}},"48":{"start":{"line":123,"column":4},"end":{"line":123,"column":null}},"49":{"start":{"line":126,"column":2},"end":{"line":132,"column":null}},"50":{"start":{"line":127,"column":4},"end":{"line":127,"column":null}},"51":{"start":{"line":128,"column":4},"end":{"line":128,"column":null}},"52":{"start":{"line":130,"column":4},"end":{"line":130,"column":null}},"53":{"start":{"line":131,"column":4},"end":{"line":131,"column":null}}},"fnMap":{"0":{"name":"useLocalStorage","decl":{"start":{"line":8,"column":16},"end":{"line":8,"column":null}},"loc":{"start":{"line":11,"column":57},"end":{"line":82,"column":null}},"line":11},"1":{"name":"(anonymous_1)","decl":{"start":{"line":13,"column":52},"end":{"line":13,"column":58}},"loc":{"start":{"line":13,"column":58},"end":{"line":25,"column":3}},"line":13},"2":{"name":"(anonymous_2)","decl":{"start":{"line":30,"column":4},"end":{"line":30,"column":5}},"loc":{"start":{"line":30,"column":36},"end":{"line":45,"column":null}},"line":30},"3":{"name":"(anonymous_3)","decl":{"start":{"line":50,"column":34},"end":{"line":50,"column":40}},"loc":{"start":{"line":50,"column":40},"end":{"line":59,"column":5}},"line":50},"4":{"name":"(anonymous_4)","decl":{"start":{"line":62,"column":12},"end":{"line":62,"column":18}},"loc":{"start":{"line":62,"column":18},"end":{"line":79,"column":5}},"line":62},"5":{"name":"(anonymous_5)","decl":{"start":{"line":67,"column":32},"end":{"line":67,"column":33}},"loc":{"start":{"line":67,"column":53},"end":{"line":75,"column":null}},"line":67},"6":{"name":"(anonymous_6)","decl":{"start":{"line":78,"column":11},"end":{"line":78,"column":17}},"loc":{"start":{"line":78,"column":17},"end":{"line":78,"column":null}},"line":78},"7":{"name":"getLocalStorageItem","decl":{"start":{"line":87,"column":16},"end":{"line":87,"column":39}},"loc":{"start":{"line":87,"column":72},"end":{"line":99,"column":null}},"line":87},"8":{"name":"setLocalStorageItem","decl":{"start":{"line":104,"column":16},"end":{"line":104,"column":39}},"loc":{"start":{"line":104,"column":71},"end":{"line":116,"column":null}},"line":104},"9":{"name":"removeLocalStorageItem","decl":{"start":{"line":121,"column":16},"end":{"line":121,"column":39}},"loc":{"start":{"line":121,"column":61},"end":{"line":133,"column":null}},"line":121}},"branchMap":{"0":{"loc":{"start":{"line":14,"column":4},"end":{"line":16,"column":null}},"type":"if","locations":[{"start":{"line":14,"column":4},"end":{"line":16,"column":null}},{"start":{},"end":{}}],"line":14},"1":{"loc":{"start":{"line":20,"column":13},"end":{"line":20,"column":null}},"type":"cond-expr","locations":[{"start":{"line":20,"column":20},"end":{"line":20,"column":39}},{"start":{"line":20,"column":39},"end":{"line":20,"column":null}}],"line":20},"2":{"loc":{"start":{"line":33,"column":29},"end":{"line":33,"column":null}},"type":"cond-expr","locations":[{"start":{"line":33,"column":57},"end":{"line":33,"column":78}},{"start":{"line":33,"column":78},"end":{"line":33,"column":null}}],"line":33},"3":{"loc":{"start":{"line":39,"column":8},"end":{"line":41,"column":null}},"type":"if","locations":[{"start":{"line":39,"column":8},"end":{"line":41,"column":null}},{"start":{},"end":{}}],"line":39},"4":{"loc":{"start":{"line":53,"column":6},"end":{"line":55,"column":null}},"type":"if","locations":[{"start":{"line":53,"column":6},"end":{"line":55,"column":null}},{"start":{},"end":{}}],"line":53},"5":{"loc":{"start":{"line":63,"column":4},"end":{"line":65,"column":null}},"type":"if","locations":[{"start":{"line":63,"column":4},"end":{"line":65,"column":null}},{"start":{},"end":{}}],"line":63},"6":{"loc":{"start":{"line":68,"column":6},"end":{"line":74,"column":null}},"type":"if","locations":[{"start":{"line":68,"column":6},"end":{"line":74,"column":null}},{"start":{},"end":{}}],"line":68},"7":{"loc":{"start":{"line":68,"column":10},"end":{"line":68,"column":39}},"type":"binary-expr","locations":[{"start":{"line":68,"column":10},"end":{"line":68,"column":27}},{"start":{"line":68,"column":27},"end":{"line":68,"column":39}}],"line":68},"8":{"loc":{"start":{"line":88,"column":2},"end":{"line":90,"column":null}},"type":"if","locations":[{"start":{"line":88,"column":2},"end":{"line":90,"column":null}},{"start":{},"end":{}}],"line":88},"9":{"loc":{"start":{"line":94,"column":11},"end":{"line":94,"column":null}},"type":"cond-expr","locations":[{"start":{"line":94,"column":18},"end":{"line":94,"column":37}},{"start":{"line":94,"column":37},"end":{"line":94,"column":null}}],"line":94},"10":{"loc":{"start":{"line":105,"column":2},"end":{"line":107,"column":null}},"type":"if","locations":[{"start":{"line":105,"column":2},"end":{"line":107,"column":null}},{"start":{},"end":{}}],"line":105},"11":{"loc":{"start":{"line":122,"column":2},"end":{"line":124,"column":null}},"type":"if","locations":[{"start":{"line":122,"column":2},"end":{"line":124,"column":null}},{"start":{},"end":{}}],"line":122}},"s":{"0":13,"1":8,"2":0,"3":8,"4":8,"5":8,"6":0,"7":0,"8":13,"9":3,"10":3,"11":3,"12":3,"13":3,"14":0,"15":13,"16":1,"17":1,"18":1,"19":1,"20":0,"21":13,"22":8,"23":0,"24":8,"25":2,"26":1,"27":1,"28":0,"29":8,"30":8,"31":8,"32":13,"33":3,"34":0,"35":3,"36":3,"37":3,"38":1,"39":1,"40":3,"41":0,"42":3,"43":3,"44":3,"45":1,"46":1,"47":3,"48":0,"49":3,"50":3,"51":3,"52":1,"53":1},"f":{"0":13,"1":8,"2":3,"3":1,"4":8,"5":2,"6":8,"7":3,"8":3,"9":3},"b":{"0":[0,8],"1":[2,6],"2":[1,2],"3":[3,0],"4":[1,0],"5":[0,8],"6":[1,1],"7":[2,1],"8":[0,3],"9":[2,1],"10":[0,3],"11":[0,3]},"meta":{"lastBranch":12,"lastFunction":10,"lastStatement":54,"seen":{"f:8:16:8:Infinity":0,"s:13:36:25:Infinity":0,"f:13:52:13:58":1,"b:14:4:16:Infinity:undefined:undefined:undefined:undefined":0,"s:14:4:16:Infinity":1,"s:15:6:15:Infinity":2,"s:18:4:24:Infinity":3,"s:19:19:19:Infinity":4,"s:20:6:20:Infinity":5,"b:20:20:20:39:20:39:20:Infinity":1,"s:22:6:22:Infinity":6,"s:23:6:23:Infinity":7,"s:29:8:47:Infinity":8,"f:30:4:30:5":2,"s:31:6:44:Infinity":9,"s:33:29:33:Infinity":10,"b:33:57:33:78:33:78:33:Infinity":2,"s:36:8:36:Infinity":11,"b:39:8:41:Infinity:undefined:undefined:undefined:undefined":3,"s:39:8:41:Infinity":12,"s:40:10:40:Infinity":13,"s:43:8:43:Infinity":14,"s:50:8:59:Infinity":15,"f:50:34:50:40":3,"s:51:4:58:Infinity":16,"s:52:6:52:Infinity":17,"b:53:6:55:Infinity:undefined:undefined:undefined:undefined":4,"s:53:6:55:Infinity":18,"s:54:8:54:Infinity":19,"s:57:6:57:Infinity":20,"s:62:2:79:Infinity":21,"f:62:12:62:18":4,"b:63:4:65:Infinity:undefined:undefined:undefined:undefined":5,"s:63:4:65:Infinity":22,"s:64:6:64:Infinity":23,"s:67:32:75:Infinity":24,"f:67:32:67:33":5,"b:68:6:74:Infinity:undefined:undefined:undefined:undefined":6,"s:68:6:74:Infinity":25,"b:68:10:68:27:68:27:68:39":7,"s:69:8:73:Infinity":26,"s:70:10:70:Infinity":27,"s:72:10:72:Infinity":28,"s:77:4:77:Infinity":29,"s:78:4:78:Infinity":30,"f:78:11:78:17":6,"s:78:17:78:Infinity":31,"s:81:2:81:Infinity":32,"f:87:16:87:39":7,"b:88:2:90:Infinity:undefined:undefined:undefined:undefined":8,"s:88:2:90:Infinity":33,"s:89:4:89:Infinity":34,"s:92:2:98:Infinity":35,"s:93:17:93:Infinity":36,"s:94:4:94:Infinity":37,"b:94:18:94:37:94:37:94:Infinity":9,"s:96:4:96:Infinity":38,"s:97:4:97:Infinity":39,"f:104:16:104:39":8,"b:105:2:107:Infinity:undefined:undefined:undefined:undefined":10,"s:105:2:107:Infinity":40,"s:106:4:106:Infinity":41,"s:109:2:115:Infinity":42,"s:110:4:110:Infinity":43,"s:111:4:111:Infinity":44,"s:113:4:113:Infinity":45,"s:114:4:114:Infinity":46,"f:121:16:121:39":9,"b:122:2:124:Infinity:undefined:undefined:undefined:undefined":11,"s:122:2:124:Infinity":47,"s:123:4:123:Infinity":48,"s:126:2:132:Infinity":49,"s:127:4:127:Infinity":50,"s:128:4:128:Infinity":51,"s:130:4:130:Infinity":52,"s:131:4:131:Infinity":53}}}
,"/Users/rshoemake/Documents/cursor/cursor-test/frontend/src/types/nodeData.ts": {"path":"/Users/rshoemake/Documents/cursor/cursor-test/frontend/src/types/nodeData.ts","statementMap":{"0":{"start":{"line":77,"column":2},"end":{"line":77,"column":null}},"1":{"start":{"line":81,"column":2},"end":{"line":81,"column":null}},"2":{"start":{"line":85,"column":2},"end":{"line":85,"column":null}},"3":{"start":{"line":91,"column":2},"end":{"line":99,"column":null}},"4":{"start":{"line":103,"column":2},"end":{"line":103,"column":null}},"5":{"start":{"line":107,"column":2},"end":{"line":107,"column":null}}},"fnMap":{"0":{"name":"isAgentNode","decl":{"start":{"line":76,"column":16},"end":{"line":76,"column":28}},"loc":{"start":{"line":76,"column":97},"end":{"line":78,"column":null}},"line":76},"1":{"name":"isConditionNode","decl":{"start":{"line":80,"column":16},"end":{"line":80,"column":32}},"loc":{"start":{"line":80,"column":105},"end":{"line":82,"column":null}},"line":80},"2":{"name":"isLoopNode","decl":{"start":{"line":84,"column":16},"end":{"line":84,"column":27}},"loc":{"start":{"line":84,"column":95},"end":{"line":86,"column":null}},"line":84},"3":{"name":"isInputNode","decl":{"start":{"line":88,"column":16},"end":{"line":88,"column":28}},"loc":{"start":{"line":90,"column":2},"end":{"line":100,"column":null}},"line":90},"4":{"name":"isStartNode","decl":{"start":{"line":102,"column":16},"end":{"line":102,"column":28}},"loc":{"start":{"line":102,"column":97},"end":{"line":104,"column":null}},"line":102},"5":{"name":"isEndNode","decl":{"start":{"line":106,"column":16},"end":{"line":106,"column":26}},"loc":{"start":{"line":106,"column":93},"end":{"line":108,"column":null}},"line":106}},"branchMap":{"0":{"loc":{"start":{"line":91,"column":9},"end":{"line":99,"column":null}},"type":"binary-expr","locations":[{"start":{"line":91,"column":9},"end":{"line":91,"column":26}},{"start":{"line":91,"column":26},"end":{"line":99,"column":null}}],"line":91},"1":{"loc":{"start":{"line":99,"column":13},"end":{"line":99,"column":28}},"type":"binary-expr","locations":[{"start":{"line":99,"column":13},"end":{"line":99,"column":26}},{"start":{"line":99,"column":26},"end":{"line":99,"column":28}}],"line":99}},"s":{"0":3,"1":3,"2":3,"3":9,"4":3,"5":3},"f":{"0":3,"1":3,"2":3,"3":9,"4":3,"5":3},"b":{"0":[9,8],"1":[8,0]},"meta":{"lastBranch":2,"lastFunction":6,"lastStatement":6,"seen":{"f:76:16:76:28":0,"s:77:2:77:Infinity":0,"f:80:16:80:32":1,"s:81:2:81:Infinity":1,"f:84:16:84:27":2,"s:85:2:85:Infinity":2,"f:88:16:88:28":3,"s:91:2:99:Infinity":3,"b:91:9:91:26:91:26:99:Infinity":0,"b:99:13:99:26:99:26:99:28":1,"f:102:16:102:28":4,"s:103:2:103:Infinity":4,"f:106:16:106:26":5,"s:107:2:107:Infinity":5}}}
,"/Users/rshoemake/Documents/cursor/cursor-test/frontend/src/utils/executionStatus.ts": {"path":"/Users/rshoemake/Documents/cursor/cursor-test/frontend/src/utils/executionStatus.ts","statementMap":{"0":{"start":{"line":6,"column":39},"end":{"line":15,"column":null}},"1":{"start":{"line":7,"column":44},"end":{"line":13,"column":null}},"2":{"start":{"line":14,"column":2},"end":{"line":14,"column":null}},"3":{"start":{"line":20,"column":44},"end":{"line":29,"column":null}},"4":{"start":{"line":21,"column":44},"end":{"line":27,"column":null}},"5":{"start":{"line":28,"column":2},"end":{"line":28,"column":null}},"6":{"start":{"line":34,"column":38},"end":{"line":36,"column":null}},"7":{"start":{"line":35,"column":2},"end":{"line":35,"column":null}}},"fnMap":{"0":{"name":"(anonymous_0)","decl":{"start":{"line":6,"column":39},"end":{"line":6,"column":40}},"loc":{"start":{"line":6,"column":67},"end":{"line":15,"column":null}},"line":6},"1":{"name":"(anonymous_1)","decl":{"start":{"line":20,"column":44},"end":{"line":20,"column":45}},"loc":{"start":{"line":20,"column":72},"end":{"line":29,"column":null}},"line":20},"2":{"name":"(anonymous_2)","decl":{"start":{"line":34,"column":38},"end":{"line":34,"column":39}},"loc":{"start":{"line":34,"column":85},"end":{"line":36,"column":null}},"line":34}},"branchMap":{"0":{"loc":{"start":{"line":14,"column":9},"end":{"line":14,"column":null}},"type":"binary-expr","locations":[{"start":{"line":14,"column":9},"end":{"line":14,"column":30}},{"start":{"line":14,"column":30},"end":{"line":14,"column":null}}],"line":14},"1":{"loc":{"start":{"line":28,"column":9},"end":{"line":28,"column":null}},"type":"binary-expr","locations":[{"start":{"line":28,"column":9},"end":{"line":28,"column":30}},{"start":{"line":28,"column":30},"end":{"line":28,"column":null}}],"line":28}},"s":{"0":2,"1":13,"2":13,"3":2,"4":7,"5":7,"6":2,"7":20},"f":{"0":13,"1":7,"2":20},"b":{"0":[13,1],"1":[7,1]},"meta":{"lastBranch":2,"lastFunction":3,"lastStatement":8,"seen":{"s:6:39:15:Infinity":0,"f:6:39:6:40":0,"s:7:44:13:Infinity":1,"s:14:2:14:Infinity":2,"b:14:9:14:30:14:30:14:Infinity":0,"s:20:44:29:Infinity":3,"f:20:44:20:45":1,"s:21:44:27:Infinity":4,"s:28:2:28:Infinity":5,"b:28:9:28:30:28:30:28:Infinity":1,"s:34:38:36:Infinity":6,"f:34:38:34:39":2,"s:35:2:35:Infinity":7}}}
,"/Users/rshoemake/Documents/cursor/cursor-test/frontend/src/utils/logLevel.ts": {"path":"/Users/rshoemake/Documents/cursor/cursor-test/frontend/src/utils/logLevel.ts","statementMap":{"0":{"start":{"line":6,"column":32},"end":{"line":14,"column":null}},"1":{"start":{"line":7,"column":43},"end":{"line":12,"column":null}},"2":{"start":{"line":13,"column":2},"end":{"line":13,"column":null}},"3":{"start":{"line":19,"column":36},"end":{"line":27,"column":null}},"4":{"start":{"line":20,"column":43},"end":{"line":25,"column":null}},"5":{"start":{"line":26,"column":2},"end":{"line":26,"column":null}},"6":{"start":{"line":32,"column":31},"end":{"line":34,"column":null}},"7":{"start":{"line":33,"column":2},"end":{"line":33,"column":null}}},"fnMap":{"0":{"name":"(anonymous_0)","decl":{"start":{"line":6,"column":32},"end":{"line":6,"column":33}},"loc":{"start":{"line":6,"column":59},"end":{"line":14,"column":null}},"line":6},"1":{"name":"(anonymous_1)","decl":{"start":{"line":19,"column":36},"end":{"line":19,"column":37}},"loc":{"start":{"line":19,"column":63},"end":{"line":27,"column":null}},"line":19},"2":{"name":"(anonymous_2)","decl":{"start":{"line":32,"column":31},"end":{"line":32,"column":32}},"loc":{"start":{"line":32,"column":69},"end":{"line":34,"column":null}},"line":32}},"branchMap":{"0":{"loc":{"start":{"line":13,"column":9},"end":{"line":13,"column":null}},"type":"binary-expr","locations":[{"start":{"line":13,"column":9},"end":{"line":13,"column":28}},{"start":{"line":13,"column":28},"end":{"line":13,"column":null}}],"line":13},"1":{"loc":{"start":{"line":26,"column":9},"end":{"line":26,"column":null}},"type":"binary-expr","locations":[{"start":{"line":26,"column":9},"end":{"line":26,"column":28}},{"start":{"line":26,"column":28},"end":{"line":26,"column":null}}],"line":26}},"s":{"0":2,"1":12,"2":12,"3":2,"4":13,"5":13,"6":2,"7":19},"f":{"0":12,"1":13,"2":19},"b":{"0":[12,1],"1":[13,1]},"meta":{"lastBranch":2,"lastFunction":3,"lastStatement":8,"seen":{"s:6:32:14:Infinity":0,"f:6:32:6:33":0,"s:7:43:12:Infinity":1,"s:13:2:13:Infinity":2,"b:13:9:13:28:13:28:13:Infinity":0,"s:19:36:27:Infinity":3,"f:19:36:19:37":1,"s:20:43:25:Infinity":4,"s:26:2:26:Infinity":5,"b:26:9:26:28:26:28:26:Infinity":1,"s:32:31:34:Infinity":6,"f:32:31:32:32":2,"s:33:2:33:Infinity":7}}}
,"/Users/rshoemake/Documents/cursor/cursor-test/frontend/src/utils/logger.ts": {"path":"/Users/rshoemake/Documents/cursor/cursor-test/frontend/src/utils/logger.ts","statementMap":{"0":{"start":{"line":1,"column":14},"end":{"line":1,"column":null}},"1":{"start":{"line":3,"column":22},"end":{"line":29,"column":null}},"2":{"start":{"line":5,"column":4},"end":{"line":7,"column":null}},"3":{"start":{"line":6,"column":6},"end":{"line":6,"column":null}},"4":{"start":{"line":11,"column":4},"end":{"line":13,"column":null}},"5":{"start":{"line":12,"column":6},"end":{"line":12,"column":null}},"6":{"start":{"line":17,"column":4},"end":{"line":17,"column":null}},"7":{"start":{"line":21,"column":4},"end":{"line":21,"column":null}},"8":{"start":{"line":25,"column":4},"end":{"line":27,"column":null}},"9":{"start":{"line":26,"column":6},"end":{"line":26,"column":null}}},"fnMap":{"0":{"name":"(anonymous_0)","decl":{"start":{"line":4,"column":9},"end":{"line":4,"column":13}},"loc":{"start":{"line":4,"column":29},"end":{"line":8,"column":null}},"line":4},"1":{"name":"(anonymous_1)","decl":{"start":{"line":10,"column":8},"end":{"line":10,"column":12}},"loc":{"start":{"line":10,"column":28},"end":{"line":14,"column":null}},"line":10},"2":{"name":"(anonymous_2)","decl":{"start":{"line":16,"column":8},"end":{"line":16,"column":12}},"loc":{"start":{"line":16,"column":28},"end":{"line":18,"column":null}},"line":16},"3":{"name":"(anonymous_3)","decl":{"start":{"line":20,"column":9},"end":{"line":20,"column":13}},"loc":{"start":{"line":20,"column":29},"end":{"line":22,"column":null}},"line":20},"4":{"name":"(anonymous_4)","decl":{"start":{"line":24,"column":7},"end":{"line":24,"column":11}},"loc":{"start":{"line":24,"column":27},"end":{"line":28,"column":null}},"line":24}},"branchMap":{"0":{"loc":{"start":{"line":1,"column":14},"end":{"line":1,"column":null}},"type":"binary-expr","locations":[{"start":{"line":1,"column":14},"end":{"line":1,"column":37}},{"start":{"line":1,"column":37},"end":{"line":1,"column":null}}],"line":1},"1":{"loc":{"start":{"line":5,"column":4},"end":{"line":7,"column":null}},"type":"if","locations":[{"start":{"line":5,"column":4},"end":{"line":7,"column":null}},{"start":{},"end":{}}],"line":5},"2":{"loc":{"start":{"line":11,"column":4},"end":{"line":13,"column":null}},"type":"if","locations":[{"start":{"line":11,"column":4},"end":{"line":13,"column":null}},{"start":{},"end":{}}],"line":11},"3":{"loc":{"start":{"line":25,"column":4},"end":{"line":27,"column":null}},"type":"if","locations":[{"start":{"line":25,"column":4},"end":{"line":27,"column":null}},{"start":{},"end":{}}],"line":25}},"s":{"0":2,"1":2,"2":3,"3":3,"4":2,"5":2,"6":3,"7":5,"8":2,"9":2},"f":{"0":3,"1":2,"2":3,"3":5,"4":2},"b":{"0":[2,0],"1":[3,0],"2":[2,0],"3":[2,0]},"meta":{"lastBranch":4,"lastFunction":5,"lastStatement":10,"seen":{"s:1:14:1:Infinity":0,"b:1:14:1:37:1:37:1:Infinity":0,"s:3:22:29:Infinity":1,"f:4:9:4:13":0,"b:5:4:7:Infinity:undefined:undefined:undefined:undefined":1,"s:5:4:7:Infinity":2,"s:6:6:6:Infinity":3,"f:10:8:10:12":1,"b:11:4:13:Infinity:undefined:undefined:undefined:undefined":2,"s:11:4:13:Infinity":4,"s:12:6:12:Infinity":5,"f:16:8:16:12":2,"s:17:4:17:Infinity":6,"f:20:9:20:13":3,"s:21:4:21:Infinity":7,"f:24:7:24:11":4,"b:25:4:27:Infinity:undefined:undefined:undefined:undefined":3,"s:25:4:27:Infinity":8,"s:26:6:26:Infinity":9}}}
}
